Log file open, 03/19/20 19:32:47
LogWindows: Failed to load 'aqProf.dll' (GetLastError=126)
LogWindows: File 'aqProf.dll' does not exist
LogWindows: Failed to load 'VtuneApi.dll' (GetLastError=126)
LogWindows: File 'VtuneApi.dll' does not exist
LogWindows: Failed to load 'VtuneApi32e.dll' (GetLastError=126)
LogWindows: File 'VtuneApi32e.dll' does not exist
LogInit: Display: Running engine for game: ArenaBattle
LogPlatformFile: Not using cached read wrapper
LogInit: Display: RandInit(879405188) SRandInit(879405188).
LogInit: Read version file with build ID '3944462'
LogInit: Overriding engine version to CL 4033788, compatible CL 3944462
LogInit: Registered custom module enumerator with build ID '3944462'
LogTaskGraph: Started task graph with 5 named threads and 23 total threads with 3 sets of task threads.
LogStats: Stats thread started at 0.697848
LogD3D11RHI: Aftermath initialized
LogICUInternationalization: Display: ICU TimeZone Detection - Raw Offset: +9:00, Platform Override: ''
LogPluginManager: Mounting plugin Paper2D
LogPluginManager: Mounting plugin LiveLink
LogPluginManager: Mounting plugin LightPropagationVolume
LogPluginManager: Mounting plugin CLionSourceCodeAccess
LogPluginManager: Mounting plugin CodeLiteSourceCodeAccess
LogPluginManager: Mounting plugin GitSourceControl
LogPluginManager: Mounting plugin KDevelopSourceCodeAccess
LogPluginManager: Mounting plugin NullSourceCodeAccess
LogPluginManager: Mounting plugin PerforceSourceControl
LogPluginManager: Mounting plugin SubversionSourceControl
LogPluginManager: Mounting plugin UObjectPlugin
LogPluginManager: Mounting plugin VisualStudioCodeSourceCodeAccess
LogPluginManager: Mounting plugin VisualStudioSourceCodeAccess
LogPluginManager: Mounting plugin XCodeSourceCodeAccess
LogPluginManager: Mounting plugin AssetManagerEditor
LogPluginManager: Mounting plugin CryptoKeys
LogPluginManager: Mounting plugin DataValidation
LogPluginManager: Mounting plugin FacialAnimation
LogPluginManager: Mounting plugin GameplayTagsEditor
LogPluginManager: Mounting plugin MobileLauncherProfileWizard
LogPluginManager: Mounting plugin PluginBrowser
LogPluginManager: Mounting plugin SpeedTreeImporter
LogPluginManager: Mounting plugin DatasmithContent
LogPluginManager: Mounting plugin AlembicImporter
LogPluginManager: Mounting plugin CharacterAI
LogPluginManager: Mounting plugin HTML5Networking
LogPluginManager: Mounting plugin AndroidMedia
LogPluginManager: Mounting plugin AvfMedia
LogPluginManager: Mounting plugin ImgMedia
LogPluginManager: Mounting plugin LinearTimecode
LogPluginManager: Mounting plugin MediaCompositing
LogPluginManager: Mounting plugin MediaPlayerEditor
LogPluginManager: Mounting plugin WmfMedia
LogPluginManager: Mounting plugin TcpMessaging
LogPluginManager: Mounting plugin UdpMessaging
LogPluginManager: Mounting plugin ActorSequence
LogPluginManager: Mounting plugin LevelSequenceEditor
LogPluginManager: Mounting plugin MatineeToLevelSequence
LogPluginManager: Mounting plugin NetcodeUnitTest
LogPluginManager: Mounting plugin NUTUnrealEngine4
LogPluginManager: Mounting plugin OnlineSubsystemGooglePlay
LogPluginManager: Mounting plugin OnlineSubsystemIOS
LogPluginManager: Mounting plugin OnlineSubsystem
LogPluginManager: Mounting plugin OnlineSubsystemNull
LogPluginManager: Mounting plugin OnlineSubsystemUtils
LogPluginManager: Mounting plugin AndroidDeviceProfileSelector
LogPluginManager: Mounting plugin AndroidMoviePlayer
LogPluginManager: Mounting plugin AndroidPermission
LogPluginManager: Mounting plugin AppleARKit
LogPluginManager: Mounting plugin AppleMoviePlayer
LogPluginManager: Mounting plugin ArchVisCharacter
LogPluginManager: Mounting plugin AudioCapture
LogPluginManager: Mounting plugin CableComponent
LogPluginManager: Mounting plugin CustomMeshComponent
LogPluginManager: Mounting plugin ExampleDeviceProfileSelector
LogPluginManager: Mounting plugin GoogleCloudMessaging
LogPluginManager: Mounting plugin ImmediatePhysics
LogPluginManager: Mounting plugin IOSDeviceProfileSelector
LogPluginManager: Mounting plugin LinuxDeviceProfileSelector
LogPluginManager: Mounting plugin LocationServicesBPLibrary
LogPluginManager: Mounting plugin MobilePatchingUtils
LogPluginManager: Mounting plugin OculusVR
LogPluginManager: Plugin shader directory ../../../Engine/Plugins/Runtime/Oculus/OculusVR/Shaders found
LogPluginManager: Mapping shader source directory ../../../Engine/Plugins/Runtime/Oculus/OculusVR/Shaders to virtual directory /Plugin/OculusVR
LogPluginManager: Mounting plugin PhysXVehicles
LogPluginManager: Mounting plugin ProceduralMeshComponent
LogPluginManager: Mounting plugin RuntimePhysXCooking
LogPluginManager: Mounting plugin SteamVR
LogPluginManager: Mounting plugin WindowsMoviePlayer
LogStreaming: Display: Took  0.226s to configure plugins.
LogModuleManager: Display: Found up-to-date module file ../../../../../../Users/HY_Raptop/OneDrive/Desktop/GitHub/UnrealTutorial/ArenaBattle/Binaries/Win64/UE4Editor-ArenaBattle-2744.dll (API version 3944462).
LogModuleManager: Display: Found up-to-date module file ../../../Engine/Plugins/2D/Paper2D/Binaries/Win64/UE4Editor-Paper2D.dll (API version 3944462).
LogModuleManager: Display: Found up-to-date module file ../../../Engine/Plugins/2D/Paper2D/Binaries/Win64/UE4Editor-Paper2DEditor.dll (API version 3944462).
LogModuleManager: Display: Found up-to-date module file ../../../Engine/Plugins/2D/Paper2D/Binaries/Win64/UE4Editor-PaperSpriteSheetImporter.dll (API version 3944462).
LogModuleManager: Display: Found up-to-date module file ../../../Engine/Plugins/2D/Paper2D/Binaries/Win64/UE4Editor-PaperTiledImporter.dll (API version 3944462).
LogModuleManager: Display: Found up-to-date module file ../../../Engine/Plugins/2D/Paper2D/Binaries/Win64/UE4Editor-SmartSnapping.dll (API version 3944462).
LogModuleManager: Display: Found up-to-date module file ../../../Engine/Plugins/Animation/LiveLink/Binaries/Win64/UE4Editor-LiveLink.dll (API version 3944462).
LogModuleManager: Display: Found up-to-date module file ../../../Engine/Plugins/Animation/LiveLink/Binaries/Win64/UE4Editor-LiveLinkEditor.dll (API version 3944462).
LogModuleManager: Display: Found up-to-date module file ../../../Engine/Plugins/Blendables/LightPropagationVolume/Binaries/Win64/UE4Editor-LightPropagationVolumeRuntime.dll (API version 3944462).
LogModuleManager: Display: Found up-to-date module file ../../../Engine/Plugins/Blendables/LightPropagationVolume/Binaries/Win64/UE4Editor-LightPropagationVolumeEditor.dll (API version 3944462).
LogModuleManager: Display: Found up-to-date module file ../../../Engine/Plugins/Developer/CLionSourceCodeAccess/Binaries/Win64/UE4Editor-CLionSourceCodeAccess.dll (API version 3944462).
LogModuleManager: Display: Found up-to-date module file ../../../Engine/Plugins/Developer/GitSourceControl/Binaries/Win64/UE4Editor-GitSourceControl.dll (API version 3944462).
LogModuleManager: Display: Found up-to-date module file ../../../Engine/Plugins/Developer/PerforceSourceControl/Binaries/Win64/UE4Editor-PerforceSourceControl.dll (API version 3944462).
LogModuleManager: Display: Found up-to-date module file ../../../Engine/Plugins/Developer/SubversionSourceControl/Binaries/Win64/UE4Editor-SubversionSourceControl.dll (API version 3944462).
LogModuleManager: Display: Found up-to-date module file ../../../Engine/Plugins/Developer/UObjectPlugin/Binaries/Win64/UE4Editor-UObjectPlugin.dll (API version 3944462).
LogModuleManager: Display: Found up-to-date module file ../../../Engine/Plugins/Developer/VisualStudioCodeSourceCodeAccess/Binaries/Win64/UE4Editor-VisualStudioCodeSourceCodeAccess.dll (API version 3944462).
LogModuleManager: Display: Found up-to-date module file ../../../Engine/Plugins/Developer/VisualStudioSourceCodeAccess/Binaries/Win64/UE4Editor-VisualStudioSourceCodeAccess.dll (API version 3944462).
LogModuleManager: Display: Found up-to-date module file ../../../Engine/Plugins/Editor/AssetManagerEditor/Binaries/Win64/UE4Editor-AssetManagerEditor.dll (API version 3944462).
LogModuleManager: Display: Found up-to-date module file ../../../Engine/Plugins/Editor/CryptoKeys/Binaries/Win64/UE4Editor-CryptoKeys.dll (API version 3944462).
LogModuleManager: Display: Found up-to-date module file ../../../Engine/Plugins/Editor/CryptoKeys/Binaries/Win64/UE4Editor-CryptoKeysOpenSSL.dll (API version 3944462).
LogModuleManager: Display: Found up-to-date module file ../../../Engine/Plugins/Editor/DataValidation/Binaries/Win64/UE4Editor-DataValidation.dll (API version 3944462).
LogModuleManager: Display: Found up-to-date module file ../../../Engine/Plugins/Editor/FacialAnimation/Binaries/Win64/UE4Editor-FacialAnimation.dll (API version 3944462).
LogModuleManager: Display: Found up-to-date module file ../../../Engine/Plugins/Editor/FacialAnimation/Binaries/Win64/UE4Editor-FacialAnimationEditor.dll (API version 3944462).
LogModuleManager: Display: Found up-to-date module file ../../../Engine/Plugins/Editor/GameplayTagsEditor/Binaries/Win64/UE4Editor-GameplayTagsEditor.dll (API version 3944462).
LogModuleManager: Display: Found up-to-date module file ../../../Engine/Plugins/Editor/MobileLauncherProfileWizard/Binaries/Win64/UE4Editor-MobileLauncherProfileWizard.dll (API version 3944462).
LogModuleManager: Display: Found up-to-date module file ../../../Engine/Plugins/Editor/PluginBrowser/Binaries/Win64/UE4Editor-PluginBrowser.dll (API version 3944462).
LogModuleManager: Display: Found up-to-date module file ../../../Engine/Plugins/Editor/SpeedTreeImporter/Binaries/Win64/UE4Editor-SpeedTreeImporter.dll (API version 3944462).
LogModuleManager: Display: Found up-to-date module file ../../../Engine/Plugins/Enterprise/DatasmithContent/Binaries/Win64/UE4Editor-DatasmithContent.dll (API version 3944462).
LogModuleManager: Display: Found up-to-date module file ../../../Engine/Plugins/Experimental/AlembicImporter/Binaries/Win64/UE4Editor-AlembicImporter.dll (API version 3944462).
LogModuleManager: Display: Found up-to-date module file ../../../Engine/Plugins/Experimental/AlembicImporter/Binaries/Win64/UE4Editor-AlembicLibrary.dll (API version 3944462).
LogModuleManager: Display: Found up-to-date module file ../../../Engine/Plugins/Experimental/CharacterAI/Binaries/Win64/UE4Editor-CharacterAI.dll (API version 3944462).
LogModuleManager: Display: Found up-to-date module file ../../../Engine/Plugins/Experimental/HTML5Networking/Binaries/Win64/UE4Editor-HTML5Networking.dll (API version 3944462).
LogModuleManager: Display: Found up-to-date module file ../../../Engine/Plugins/Media/AndroidMedia/Binaries/Win64/UE4Editor-AndroidMediaEditor.dll (API version 3944462).
LogModuleManager: Display: Found up-to-date module file ../../../Engine/Plugins/Media/AndroidMedia/Binaries/Win64/UE4Editor-AndroidMediaFactory.dll (API version 3944462).
LogModuleManager: Display: Found up-to-date module file ../../../Engine/Plugins/Media/AvfMedia/Binaries/Win64/UE4Editor-AvfMediaEditor.dll (API version 3944462).
LogModuleManager: Display: Found up-to-date module file ../../../Engine/Plugins/Media/AvfMedia/Binaries/Win64/UE4Editor-AvfMediaFactory.dll (API version 3944462).
LogModuleManager: Display: Found up-to-date module file ../../../Engine/Plugins/Media/AvfMedia/Binaries/Win64/UE4Editor-AvfMediaFactory.dll (API version 3944462).
LogModuleManager: Display: Found up-to-date module file ../../../Engine/Plugins/Media/ImgMedia/Binaries/Win64/UE4Editor-ImgMedia.dll (API version 3944462).
LogModuleManager: Display: Found up-to-date module file ../../../Engine/Plugins/Media/ImgMedia/Binaries/Win64/UE4Editor-ImgMediaEditor.dll (API version 3944462).
LogModuleManager: Display: Found up-to-date module file ../../../Engine/Plugins/Media/ImgMedia/Binaries/Win64/UE4Editor-ImgMediaFactory.dll (API version 3944462).
LogModuleManager: Display: Found up-to-date module file ../../../Engine/Plugins/Media/ImgMedia/Binaries/Win64/UE4Editor-ImgMediaFactory.dll (API version 3944462).
LogModuleManager: Display: Found up-to-date module file ../../../Engine/Plugins/Media/ImgMedia/Binaries/Win64/UE4Editor-OpenExrWrapper.dll (API version 3944462).
LogModuleManager: Display: Found up-to-date module file ../../../Engine/Plugins/Media/LinearTimecode/Binaries/Win64/UE4Editor-LinearTimecode.dll (API version 3944462).
LogModuleManager: Display: Found up-to-date module file ../../../Engine/Plugins/Media/MediaCompositing/Binaries/Win64/UE4Editor-MediaCompositing.dll (API version 3944462).
LogModuleManager: Display: Found up-to-date module file ../../../Engine/Plugins/Media/MediaCompositing/Binaries/Win64/UE4Editor-MediaCompositingEditor.dll (API version 3944462).
LogModuleManager: Display: Found up-to-date module file ../../../Engine/Plugins/Media/MediaPlayerEditor/Binaries/Win64/UE4Editor-MediaPlayerEditor.dll (API version 3944462).
LogModuleManager: Display: Found up-to-date module file ../../../Engine/Plugins/Media/WmfMedia/Binaries/Win64/UE4Editor-WmfMedia.dll (API version 3944462).
LogModuleManager: Display: Found up-to-date module file ../../../Engine/Plugins/Media/WmfMedia/Binaries/Win64/UE4Editor-WmfMediaEditor.dll (API version 3944462).
LogModuleManager: Display: Found up-to-date module file ../../../Engine/Plugins/Media/WmfMedia/Binaries/Win64/UE4Editor-WmfMediaFactory.dll (API version 3944462).
LogModuleManager: Display: Found up-to-date module file ../../../Engine/Plugins/Media/WmfMedia/Binaries/Win64/UE4Editor-WmfMediaFactory.dll (API version 3944462).
LogModuleManager: Display: Found up-to-date module file ../../../Engine/Plugins/Messaging/TcpMessaging/Binaries/Win64/UE4Editor-TcpMessaging.dll (API version 3944462).
LogModuleManager: Display: Found up-to-date module file ../../../Engine/Plugins/Messaging/UdpMessaging/Binaries/Win64/UE4Editor-UdpMessaging.dll (API version 3944462).
LogModuleManager: Display: Found up-to-date module file ../../../Engine/Plugins/MovieScene/ActorSequence/Binaries/Win64/UE4Editor-ActorSequence.dll (API version 3944462).
LogModuleManager: Display: Found up-to-date module file ../../../Engine/Plugins/MovieScene/LevelSequenceEditor/Binaries/Win64/UE4Editor-LevelSequenceEditor.dll (API version 3944462).
LogModuleManager: Display: Found up-to-date module file ../../../Engine/Plugins/MovieScene/MatineeToLevelSequence/Binaries/Win64/UE4Editor-MatineeToLevelSequence.dll (API version 3944462).
LogModuleManager: Display: Found up-to-date module file ../../../Engine/Plugins/NetcodeUnitTest/NetcodeUnitTest/Binaries/Win64/UE4Editor-NetcodeUnitTest.dll (API version 3944462).
LogModuleManager: Display: Found up-to-date module file ../../../Engine/Plugins/NetcodeUnitTest/NUTUnrealEngine4/Binaries/Win64/UE4Editor-NUTUnrealEngine4.dll (API version 3944462).
LogModuleManager: Display: Found up-to-date module file ../../../Engine/Plugins/Online/OnlineSubsystem/Binaries/Win64/UE4Editor-OnlineSubsystem.dll (API version 3944462).
LogModuleManager: Display: Found up-to-date module file ../../../Engine/Plugins/Online/OnlineSubsystemNull/Binaries/Win64/UE4Editor-OnlineSubsystemNull.dll (API version 3944462).
LogModuleManager: Display: Found up-to-date module file ../../../Engine/Plugins/Online/OnlineSubsystemUtils/Binaries/Win64/UE4Editor-OnlineSubsystemUtils.dll (API version 3944462).
LogModuleManager: Display: Found up-to-date module file ../../../Engine/Plugins/Online/OnlineSubsystemUtils/Binaries/Win64/UE4Editor-OnlineBlueprintSupport.dll (API version 3944462).
LogModuleManager: Display: Found up-to-date module file ../../../Engine/Plugins/Runtime/AndroidDeviceProfileSelector/Binaries/Win64/UE4Editor-AndroidDeviceProfileSelector.dll (API version 3944462).
LogModuleManager: Display: Found up-to-date module file ../../../Engine/Plugins/Runtime/AndroidPermission/Binaries/Win64/UE4Editor-AndroidPermission.dll (API version 3944462).
LogModuleManager: Display: Found up-to-date module file ../../../Engine/Plugins/Runtime/AppleARKit/Binaries/Win64/UE4Editor-AppleARKit.dll (API version 3944462).
LogModuleManager: Display: Found up-to-date module file ../../../Engine/Plugins/Runtime/ArchVisCharacter/Binaries/Win64/UE4Editor-ArchVisCharacter.dll (API version 3944462).
LogModuleManager: Display: Found up-to-date module file ../../../Engine/Plugins/Runtime/AudioCapture/Binaries/Win64/UE4Editor-AudioCapture.dll (API version 3944462).
LogModuleManager: Display: Found up-to-date module file ../../../Engine/Plugins/Runtime/AudioCapture/Binaries/Win64/UE4Editor-AudioCaptureEditor.dll (API version 3944462).
LogModuleManager: Display: Found up-to-date module file ../../../Engine/Plugins/Runtime/CableComponent/Binaries/Win64/UE4Editor-CableComponent.dll (API version 3944462).
LogModuleManager: Display: Found up-to-date module file ../../../Engine/Plugins/Runtime/CustomMeshComponent/Binaries/Win64/UE4Editor-CustomMeshComponent.dll (API version 3944462).
LogModuleManager: Display: Found up-to-date module file ../../../Engine/Plugins/Runtime/ExampleDeviceProfileSelector/Binaries/Win64/UE4Editor-ExampleDeviceProfileSelector.dll (API version 3944462).
LogModuleManager: Display: Found up-to-date module file ../../../Engine/Plugins/Runtime/ImmediatePhysics/Binaries/Win64/UE4Editor-ImmediatePhysics.dll (API version 3944462).
LogModuleManager: Display: Found up-to-date module file ../../../Engine/Plugins/Runtime/ImmediatePhysics/Binaries/Win64/UE4Editor-ImmediatePhysicsEditor.dll (API version 3944462).
LogModuleManager: Display: Found up-to-date module file ../../../Engine/Plugins/Runtime/LocationServicesBPLibrary/Binaries/Win64/UE4Editor-LocationServicesBPLibrary.dll (API version 3944462).
LogModuleManager: Display: Found up-to-date module file ../../../Engine/Plugins/Runtime/MobilePatchingUtils/Binaries/Win64/UE4Editor-MobilePatchingUtils.dll (API version 3944462).
LogModuleManager: Display: Found up-to-date module file ../../../Engine/Plugins/Runtime/Oculus/OculusVR/Binaries/Win64/UE4Editor-OculusHMD.dll (API version 3944462).
LogModuleManager: Display: Found up-to-date module file ../../../Engine/Plugins/Runtime/Oculus/OculusVR/Binaries/Win64/UE4Editor-OculusInput.dll (API version 3944462).
LogModuleManager: Display: Found up-to-date module file ../../../Engine/Plugins/Runtime/Oculus/OculusVR/Binaries/Win64/UE4Editor-OculusEditor.dll (API version 3944462).
LogModuleManager: Display: Found up-to-date module file ../../../Engine/Plugins/Runtime/PhysXVehicles/Binaries/Win64/UE4Editor-PhysXVehicles.dll (API version 3944462).
LogModuleManager: Display: Found up-to-date module file ../../../Engine/Plugins/Runtime/PhysXVehicles/Binaries/Win64/UE4Editor-PhysXVehiclesEditor.dll (API version 3944462).
LogModuleManager: Display: Found up-to-date module file ../../../Engine/Plugins/Runtime/ProceduralMeshComponent/Binaries/Win64/UE4Editor-ProceduralMeshComponent.dll (API version 3944462).
LogModuleManager: Display: Found up-to-date module file ../../../Engine/Plugins/Runtime/ProceduralMeshComponent/Binaries/Win64/UE4Editor-ProceduralMeshComponentEditor.dll (API version 3944462).
LogModuleManager: Display: Found up-to-date module file ../../../Engine/Plugins/Runtime/RuntimePhysXCooking/Binaries/Win64/UE4Editor-RuntimePhysXCooking.dll (API version 3944462).
LogModuleManager: Display: Found up-to-date module file ../../../Engine/Plugins/Runtime/Steam/SteamVR/Binaries/Win64/UE4Editor-SteamVR.dll (API version 3944462).
LogModuleManager: Display: Found up-to-date module file ../../../Engine/Plugins/Runtime/Steam/SteamVR/Binaries/Win64/UE4Editor-SteamVRController.dll (API version 3944462).
LogModuleManager: Display: Found up-to-date module file ../../../Engine/Plugins/Runtime/WindowsMoviePlayer/Binaries/Win64/UE4Editor-WindowsMoviePlayer.dll (API version 3944462).
LogInit: Using libcurl 7.47.1
LogInit:  - built for x86_64-pc-win32
LogInit:  - supports SSL with OpenSSL/1.0.2g
LogInit:  - supports HTTP deflate (compression) using libz 1.2.8
LogInit:  - other features:
LogInit:      CURL_VERSION_SSL
LogInit:      CURL_VERSION_LIBZ
LogInit:      CURL_VERSION_IPV6
LogInit:      CURL_VERSION_ASYNCHDNS
LogInit:      CURL_VERSION_LARGEFILE
LogInit:      CURL_VERSION_IDN
LogInit:  CurlRequestOptions (configurable via config and command line):
LogInit:  - bVerifyPeer = false  - Libcurl will NOT verify peer certificate
LogInit:  - bUseHttpProxy = false  - Libcurl will NOT use HTTP proxy
LogInit:  - bDontReuseConnections = false  - Libcurl will reuse connections
LogInit:  - CertBundlePath = nullptr  - Libcurl will use whatever was configured at build time.
LogInit:  - MaxHostConnections = 16  - Libcurl will limit the number of connections to a host
LogInit:  - LocalHostAddr = Default
LogInit: WinSock: version 1.1 (2.2), MaxSocks=32767, MaxUdp=65467
LogInit: WinSock: I am HY_LAPTOP (172.30.1.40:0)
LogInit: Build: ++UE4+Release-4.19-CL-4033788
LogInit: Engine Version: 4.19.2-4033788+++UE4+Release-4.19
LogInit: Compatible Engine Version: 4.19.0-3944462+++UE4+Release-4.19
LogInit: Net CL: 3944462
LogDevObjectVersion: Number of dev versions registered: 18
LogDevObjectVersion:   Dev-Blueprints (B0D832E4-1F89-4F0D-ACCF-7EB736FD4AA2): 10
LogDevObjectVersion:   Dev-Build (E1C64328-A22C-4D53-A36C-8E866417BD8C): 0
LogDevObjectVersion:   Dev-Core (375EC13C-06E4-48FB-B500-84F0262A717E): 2
LogDevObjectVersion:   Dev-Editor (E4B068ED-F494-42E9-A231-DA0B2E46BB41): 23
LogDevObjectVersion:   Dev-Framework (CFFC743F-43B0-4480-9391-14DF171D2073): 33
LogDevObjectVersion:   Dev-Mobile (B02B49B5-BB20-44E9-A304-32B752E40360): 2
LogDevObjectVersion:   Dev-Networking (A4E4105C-59A1-49B5-A7C5-40C4547EDFEE): 0
LogDevObjectVersion:   Dev-Online (39C831C9-5AE6-47DC-9A44-9C173E1C8E7C): 0
LogDevObjectVersion:   Dev-Physics (78F01B33-EBEA-4F98-B9B4-84EACCB95AA2): 0
LogDevObjectVersion:   Dev-Platform (6631380F-2D4D-43E0-8009-CF276956A95A): 0
LogDevObjectVersion:   Dev-Rendering (12F88B9F-8875-4AFC-A67C-D90C383ABD29): 25
LogDevObjectVersion:   Dev-Sequencer (7B5AE74C-D270-4C10-A958-57980B212A5A): 6
LogDevObjectVersion:   Dev-VR (D7296918-1DD6-4BDD-9DE2-64A83CC13884): 1
LogDevObjectVersion:   Dev-LoadTimes (C2A15278-BFE7-4AFE-6C17-90FF531DF755): 1
LogDevObjectVersion:   Private-Geometry (6EACA3D4-40EC-4CC1-B786-8BED09428FC5): 2
LogDevObjectVersion:   Dev-AnimPhys (29E575DD-E0A3-4627-9D10-D276232CDCEA): 16
LogDevObjectVersion:   Dev-ReflectionCapture (6B266CEC-1EC7-4B8F-A30B-E4D90942FC07): 1
LogDevObjectVersion:   Dev-Automation (0DF73D61-A23F-47EA-B727-89E90C41499A): 1
LogInit: Compiled (64-bit): Apr 27 2018 02:06:57
LogInit: Compiled with Visual C++: 19.00.24215.01
LogInit: Build Configuration: Development
LogInit: Branch Name: ++UE4+Release-4.19
LogInit: Command Line:  
LogInit: Base Directory: C:/Program Files/Epic Games/UE_4.19/Engine/Binaries/Win64/
LogInit: Installed Engine Build: 1
LogStreaming: Display: Took  0.006s to delete old logs.
LogInit: Presizing for max 8388607 objects, including 0 objects not considered by GC, pre-allocating 0 bytes for permanent pool.
LogInit: Object subsystem initialized
[2020.03.19-10.32.54:089][  0]LogInit: Selected Device Profile: [Windows]
[2020.03.19-10.32.54:089][  0]LogInit: Applying CVar settings loaded from the selected device profile: [Windows]
[2020.03.19-10.32.54:110][  0]LogInit: Computer: HY_LAPTOP
[2020.03.19-10.32.54:110][  0]LogInit: User: HYRaptop
[2020.03.19-10.32.54:110][  0]LogInit: CPU Page size=4096, Cores=4
[2020.03.19-10.32.54:110][  0]LogInit: High frequency timer resolution =10.000000 MHz
[2020.03.19-10.32.54:111][  0]LogMemory: Memory total: Physical=15.9GB (16GB approx)
[2020.03.19-10.32.54:111][  0]LogMemory: Platform Memory Stats for Windows
[2020.03.19-10.32.54:111][  0]LogMemory: Process Physical Memory: 276.30 MB used, 276.30 MB peak
[2020.03.19-10.32.54:111][  0]LogMemory: Process Virtual Memory: 264.69 MB used, 264.69 MB peak
[2020.03.19-10.32.54:111][  0]LogMemory: Physical Memory: 9615.27 MB used,  6626.91 MB free, 16242.18 MB total
[2020.03.19-10.32.54:111][  0]LogMemory: Virtual Memory: 4778.88 MB used,  6626.91 MB free, 134217728.00 MB total
[2020.03.19-10.32.54:254][  0]LogInit: Using OS detected language (ko-KR).
[2020.03.19-10.32.54:254][  0]LogInit: Using OS detected locale (ko-KR).
[2020.03.19-10.32.54:277][  0]LogTextLocalizationManager: No specific localization for 'ko-KR' exists, so the 'ko' localization will be used.
[2020.03.19-10.32.54:866][  0]LogStreaming: Display: Took  0.613s to EndInitTextLocalization.
[2020.03.19-10.32.54:867][  0]LogInit: Setting process to per monitor DPI aware
[2020.03.19-10.32.54:976][  0]LogSlate: New Slate User Created.  User Index 0, Is Virtual User: 0
[2020.03.19-10.32.54:976][  0]LogSlate: Slate User Registered.  User Index 0, Is Virtual User: 0
[2020.03.19-10.32.56:136][  0]LogD3D11RHI: D3D11 adapters:
[2020.03.19-10.32.56:351][  0]LogD3D11RHI:    0. 'NVIDIA GeForce MX250' (Feature Level 11_0)
[2020.03.19-10.32.56:351][  0]LogD3D11RHI:       1983/0/8121 MB DedicatedVideo/DedicatedSystem/SharedSystem, Outputs:2, VendorId:0x10de
[2020.03.19-10.32.56:420][  0]LogD3D11RHI:    1. 'Intel(R) UHD Graphics 620' (Feature Level 11_0)
[2020.03.19-10.32.56:421][  0]LogD3D11RHI:       128/0/8121 MB DedicatedVideo/DedicatedSystem/SharedSystem, Outputs:0, VendorId:0x8086
[2020.03.19-10.32.56:429][  0]LogD3D11RHI:    2. 'Microsoft Basic Render Driver' (Feature Level 11_0)
[2020.03.19-10.32.56:429][  0]LogD3D11RHI:       0/0/8121 MB DedicatedVideo/DedicatedSystem/SharedSystem, Outputs:0, VendorId:0x1414
[2020.03.19-10.32.56:429][  0]LogD3D11RHI: Chosen D3D11 Adapter: 0
[2020.03.19-10.32.56:451][  0]LogD3D11RHI: Creating new Direct3DDevice
[2020.03.19-10.32.56:451][  0]LogD3D11RHI:     GPU DeviceId: 0x1d13 (for the marketing name, search the web for "GPU Device Id")
[2020.03.19-10.32.56:451][  0]LogWindows: EnumDisplayDevices:
[2020.03.19-10.32.56:451][  0]LogWindows:    0. 'Intel(R) UHD Graphics 620' (P:1 D:1)
[2020.03.19-10.32.56:451][  0]LogWindows:    1. 'Intel(R) UHD Graphics 620' (P:0 D:1)
[2020.03.19-10.32.56:452][  0]LogWindows:    2. 'Intel(R) UHD Graphics 620' (P:0 D:0)
[2020.03.19-10.32.56:452][  0]LogWindows: DebugString: GetVideoDriverDetailsInvalid PrimaryIsNotTheChoosenAdapter GetVideoDriverDetailsInvalid PrimaryIsNotTheChoosenAdapter GetVideoDriverDetailsInvalid PrimaryIsNotTheChoosenAdapter FoundDriverCount:0 
[2020.03.19-10.32.56:452][  0]LogD3D11RHI:     Adapter Name: NVIDIA GeForce MX250
[2020.03.19-10.32.56:452][  0]LogD3D11RHI:   Driver Version: Unknown (internal:Unknown, unified:Unknown)
[2020.03.19-10.32.56:452][  0]LogD3D11RHI:      Driver Date: Unknown
[2020.03.19-10.32.56:453][  0]LogRHI: Texture pool is 1388 MB (70% of 1983 MB)
[2020.03.19-10.32.56:587][  0]LogD3D11RHI: [Aftermath] Aftermath enabled and primed
[2020.03.19-10.32.56:587][  0]LogD3D11RHI: [Aftermath] Aftermath enabled and primed
[2020.03.19-10.32.56:587][  0]LogD3D11RHI: Async texture creation enabled
[2020.03.19-10.32.56:608][  0]LogD3D11RHI: GPU Timing Frequency: 1000.000000 (Debug: 2 1)
[2020.03.19-10.32.56:613][  0]LogShaderCompilers: Guid format shader working directory is -35 characters bigger than the processId version (../../../../../../Users/HY_Raptop/OneDrive/Desktop/GitHub/UnrealTutorial/ArenaBattle/Intermediate/Shaders/WorkingDirectory/10896/).
[2020.03.19-10.32.56:614][  0]LogShaderCompilers: Cleaned the shader compiler working directory 'C:/Users/HY_Raptop/AppData/Local/Temp/UnrealShaderWorkingDir/0F75BBC243722B8DCE4B65B0CE85A425/'.
[2020.03.19-10.32.57:125][  0]LogTemp: Display: Loaded TP AllDesktopTargetPlatform
[2020.03.19-10.32.57:145][  0]LogTemp: Display: Loaded TP MacClientTargetPlatform
[2020.03.19-10.32.57:166][  0]LogTemp: Display: Loaded TP MacNoEditorTargetPlatform
[2020.03.19-10.32.57:186][  0]LogTemp: Display: Loaded TP MacServerTargetPlatform
[2020.03.19-10.32.57:207][  0]LogTemp: Display: Loaded TP MacTargetPlatform
[2020.03.19-10.32.57:227][  0]LogTemp: Display: Loaded TP WindowsClientTargetPlatform
[2020.03.19-10.32.57:247][  0]LogTemp: Display: Loaded TP WindowsNoEditorTargetPlatform
[2020.03.19-10.32.57:266][  0]LogTemp: Display: Loaded TP WindowsServerTargetPlatform
[2020.03.19-10.32.57:277][  0]LogTemp: Display: Loaded TP WindowsTargetPlatform
[2020.03.19-10.32.57:294][  0]LogTemp: Display: Loaded TP Android_ASTCTargetPlatform
[2020.03.19-10.32.57:310][  0]LogTemp: Display: Loaded TP Android_ATCTargetPlatform
[2020.03.19-10.32.57:328][  0]LogTemp: Display: Loaded TP Android_DXTTargetPlatform
[2020.03.19-10.32.57:345][  0]LogTemp: Display: Loaded TP Android_ETC1aTargetPlatform
[2020.03.19-10.32.57:362][  0]LogTemp: Display: Loaded TP Android_ETC1TargetPlatform
[2020.03.19-10.32.57:382][  0]LogTemp: Display: Loaded TP Android_ETC2TargetPlatform
[2020.03.19-10.32.57:418][  0]LogTemp: Display: Loaded TP Android_MultiTargetPlatform
[2020.03.19-10.32.57:418][  0]LogTemp: Display: Loaded TP Android_PVRTCTargetPlatform
[2020.03.19-10.32.57:436][  0]LogTemp: Display: Loaded TP AndroidTargetPlatform
[2020.03.19-10.32.57:438][  0]LogTemp: Display: Loaded TP HTML5TargetPlatform
[2020.03.19-10.32.57:488][  0]LogTemp: Display: Loaded TP IOSTargetPlatform
[2020.03.19-10.32.57:503][  0]LogTemp: Display: Loaded TP TVOSTargetPlatform
[2020.03.19-10.32.57:519][  0]LogTemp: Display: Loaded TP LinuxClientTargetPlatform
[2020.03.19-10.32.57:536][  0]LogTemp: Display: Loaded TP LinuxNoEditorTargetPlatform
[2020.03.19-10.32.57:552][  0]LogTemp: Display: Loaded TP LinuxServerTargetPlatform
[2020.03.19-10.32.57:569][  0]LogTemp: Display: Loaded TP LinuxTargetPlatform
[2020.03.19-10.32.57:570][  0]LogTargetPlatformManager: Display: Building Assets For Windows
[2020.03.19-10.32.57:847][  0]LogXGEController: Cannot use XGE Controller as Incredibuild is not installed on this machine.
[2020.03.19-10.32.57:847][  0]LogShaderCompilers: Cannot use XGE Shader Compiler as Incredibuild is not installed on this machine.
[2020.03.19-10.32.57:847][  0]LogShaderCompilers: Display: Using Local Shader Compiler.
[2020.03.19-10.32.59:089][  0]LogDerivedDataCache: Display: Max Cache Size: 512 MB
[2020.03.19-10.32.59:355][  0]LogDerivedDataCache: Loaded boot cache 0.26s 75MB C:/Users/HY_Raptop/AppData/Local/UnrealEngine/4.19/DerivedDataCache/Boot.ddc.
[2020.03.19-10.32.59:355][  0]LogDerivedDataCache: Display: Loaded Boot cache: C:/Users/HY_Raptop/AppData/Local/UnrealEngine/4.19/DerivedDataCache/Boot.ddc
[2020.03.19-10.32.59:356][  0]LogDerivedDataCache: FDerivedDataBackendGraph:  Pak pak cache file ../../../../../../Users/HY_Raptop/OneDrive/Desktop/GitHub/UnrealTutorial/ArenaBattle/DerivedDataCache/DDC.ddp not found, will not use a pak cache.
[2020.03.19-10.32.59:356][  0]LogDerivedDataCache: Unable to find inner node Pak for hierarchical cache Hierarchy.
[2020.03.19-10.32.59:356][  0]LogDerivedDataCache: FDerivedDataBackendGraph:  CompressedPak pak cache file ../../../../../../Users/HY_Raptop/OneDrive/Desktop/GitHub/UnrealTutorial/ArenaBattle/DerivedDataCache/Compressed.ddp not found, will not use a pak cache.
[2020.03.19-10.32.59:356][  0]LogDerivedDataCache: Unable to find inner node CompressedPak for hierarchical cache Hierarchy.
[2020.03.19-10.32.59:378][  0]LogDerivedDataCache: Display: Pak cache opened for reading ../../../Engine/DerivedDataCache/Compressed.ddp.
[2020.03.19-10.32.59:391][  0]LogDerivedDataCache: Using Local data cache path C:/Users/HY_Raptop/AppData/Local/UnrealEngine/Common/DerivedDataCache: Writable
[2020.03.19-10.32.59:391][  0]LogDerivedDataCache: Shared data cache path not found in *engine.ini, will not use an Shared cache.
[2020.03.19-10.32.59:391][  0]LogDerivedDataCache: Unable to find inner node Shared for hierarchical cache Hierarchy.
[2020.03.19-10.32.59:403][  0]LogMaterial: Verifying Global Shaders for PCD3D_SM5
[2020.03.19-10.32.59:404][  0]LogSlate: Using Freetype 2.6.0
[2020.03.19-10.32.59:411][  0]LogSlate: SlateFontCache - WITH_FREETYPE: 1, WITH_HARFBUZZ: 1
[2020.03.19-10.32.59:411][  0]LogSlate: SlateFontCache - WITH_FREETYPE: 1, WITH_HARFBUZZ: 1
[2020.03.19-10.33.00:210][  0]LogAssetRegistry: FAssetRegistry took 0.0581 seconds to start up
[2020.03.19-10.33.00:932][  0]LogInit: Selected Device Profile: [Windows]
[2020.03.19-10.33.01:165][  0]LogSimplygon: Simplygon DLL not present - disabling.
[2020.03.19-10.33.01:172][  0]LogMeshReduction: Using SimplygonSwarm for distributed automatic mesh merging
[2020.03.19-10.33.01:172][  0]LogMeshReduction: Using QuadricMeshReduction for automatic static mesh reduction
[2020.03.19-10.33.01:172][  0]LogMeshReduction: No automatic skeletal mesh reduction module available
[2020.03.19-10.33.01:172][  0]LogMeshReduction: No automatic mesh merging module available
[2020.03.19-10.33.01:172][  0]LogMeshMerging: No automatic mesh merging module available
[2020.03.19-10.33.01:225][  0]LogNetVersion: ArenaBattle , NetCL: 3944462, EngineNetVer: 2, GameNetVer: 0 (Checksum: 3555152549)
[2020.03.19-10.33.01:928][  0]LogPackageLocalizationCache: Processed 9 localized package path(s) for 2 prioritized culture(s) in 0.148085 seconds
[2020.03.19-10.33.01:935][  0]LogUObjectArray: 36728 objects as part of root set at end of initial load.
[2020.03.19-10.33.01:935][  0]LogUObjectAllocator: 7314304 out of 0 bytes used by permanent object pool.
[2020.03.19-10.33.01:935][  0]LogUObjectArray: CloseDisregardForGC: 0/0 objects in disregard for GC pool
[2020.03.19-10.33.06:463][  0]LogTcpMessaging: Initializing TcpMessaging bridge
[2020.03.19-10.33.06:504][  0]LogUdpMessaging: Initializing bridge on interface 0.0.0.0:0 to multicast group 230.0.0.1:6666.
[2020.03.19-10.33.06:945][  0]LogSkeletalMesh: Skeletal Mesh found in DDC [0.406500ms] /Game/InfinityBladeWarriors/Character/CompleteCharacters/SK_CharM_Cardboard.SK_CharM_Cardboard
[2020.03.19-10.33.06:963][  0]LogUObjectGlobals: Created PersistentFrame Addr=0x000001f6c4be4e50, Size=20, Default__WarriorAnimBlueprint_C Function /Game/Book/Animations/WarriorAnimBlueprint.WarriorAnimBlueprint_C:ExecuteUbergraph_WarriorAnimBlueprint
[2020.03.19-10.33.06:972][  0]LogUObjectGlobals: Destroyed PersistentFrame Addr=0x000001f6c4be4e50, Size=20
[2020.03.19-10.33.06:972][  0]LogUObjectGlobals: Created PersistentFrame Addr=0x000001f6c4c991c8, Size=20, Default__WarriorAnimBlueprint_C Function /Engine/Transient.REINST_WarriorAnimBlueprint_C_0:ExecuteUbergraph_WarriorAnimBlueprint
[2020.03.19-10.33.06:981][  0]LogUObjectGlobals: Created PersistentFrame Addr=0x000001f6c450fb20, Size=20, Default__WarriorAnimBlueprint_C Function /Game/Book/Animations/WarriorAnimBlueprint.WarriorAnimBlueprint_C:ExecuteUbergraph_WarriorAnimBlueprint
[2020.03.19-10.33.07:042][  0]LogUObjectGlobals: Warning: 'SkeletalMesh /Game/InfinityBladeWeapons/Weapons/Blunt/Blunt_BoneShard/StaticMesh/SM_Blunt_BoneShardMace.SM_Blunt_BoneShardMace' 오브젝트를 찾는 데 실패했습니다.
[2020.03.19-10.33.07:042][  0]Error: CDO Constructor (ABCharacter): Failed to find /Game/InfinityBladeWeapons/Weapons/Blunt/Blunt_BoneShard/StaticMesh/SM_Blunt_BoneShardMace.SM_Blunt_BoneShardMace

[2020.03.19-10.33.07:043][  0]LogUObjectBase: Warning: -------------- Default Property warnings and errors:
[2020.03.19-10.33.07:043][  0]LogUObjectBase: Warning: Error: CDO Constructor (ABCharacter): Failed to find /Game/InfinityBladeWeapons/Weapons/Blunt/Blunt_BoneShard/StaticMesh/SM_Blunt_BoneShardMace.SM_Blunt_BoneShardMace

[2020.03.19-10.33.14:733][  0]LogWindowsTextInputMethodSystem: Display: IME system now activated using TSF (Microsoft 입력기).
[2020.03.19-10.33.15:115][  0]SourceControl: 소스 콘트롤이 꺼졌습니다.
[2020.03.19-10.33.15:115][  0]SourceControl: 소스 콘트롤이 꺼졌습니다.
[2020.03.19-10.33.15:171][  0]SourceControl: 소스 콘트롤이 꺼졌습니다.
[2020.03.19-10.33.15:260][  0]SourceControl: 소스 콘트롤이 꺼졌습니다.
[2020.03.19-10.33.16:155][  0]LogAndroidPermission: UAndroidPermissionCallbackProxy::GetInstance
[2020.03.19-10.33.16:459][  0]LogOcInput: OculusInput pre-init called
[2020.03.19-10.33.16:683][  0]LogEngine: Initializing Engine...
[2020.03.19-10.33.16:694][  0]LogHMD: Failed to initialize OpenVR with code 110
[2020.03.19-10.33.16:698][  0]LogStats: UGameplayTagsManager::ConstructGameplayTagTree: Construct from data asset -  0.000 s
[2020.03.19-10.33.16:698][  0]LogStats: UGameplayTagsManager::ConstructGameplayTagTree: GameplayTagTreeChangedEvent.Broadcast -  0.000 s
[2020.03.19-10.33.17:000][  0]LogAIModule: Creating AISystem for world Untitled
[2020.03.19-10.33.17:063][  0]LogInit: XAudio2 using '스피커(2- Realtek(R) Audio)' : 2 channels at 48 kHz using 32 bits per sample (channel mask 0x3)
[2020.03.19-10.33.17:093][  0]LogInit: FAudioDevice initialized.
[2020.03.19-10.33.17:187][  0]LogDerivedDataCache: Saved boot cache 0.09s 75MB C:/Users/HY_Raptop/AppData/Local/UnrealEngine/4.19/DerivedDataCache/Boot.ddc.
[2020.03.19-10.33.17:193][  0]LogInit: Texture streaming: Enabled
[2020.03.19-10.33.17:221][  0]LogEngineSessionManager: EngineSessionManager initialized
[2020.03.19-10.33.17:244][  0]LogInit: Transaction tracking system initialized
[2020.03.19-10.33.17:305][  0]BlueprintLog: New page: 에디터 로드
[2020.03.19-10.33.17:487][  0]LocalizationService: 현지화 서비스가 비활성화되었습니다.
[2020.03.19-10.33.18:086][  0]LogConsoleResponse: Display: 
[2020.03.19-10.33.18:409][  0]LogCook: Display: Max memory allowance for cook 16384mb min free memory 0mb
[2020.03.19-10.33.18:409][  0]LogCook: Display: Mobile HDR setting 1
[2020.03.19-10.33.18:409][  0]LogGameplayTags: Display: UGameplayTagsManager::DoneAddingNativeTags. DelegateIsBound: 0
[2020.03.19-10.33.18:409][  0]LogStats: UGameplayTagsManager::ConstructGameplayTagTree: Construct from data asset -  0.000 s
[2020.03.19-10.33.18:409][  0]LogStats: UGameplayTagsManager::ConstructGameplayTagTree: GameplayTagTreeChangedEvent.Broadcast -  0.000 s
[2020.03.19-10.33.19:154][  0]LogFileCache: Scanning file cache for directory 'C:/Users/HY_Raptop/OneDrive/Desktop/GitHub/UnrealTutorial/ArenaBattle/Content/' took 0.05s
[2020.03.19-10.33.19:183][  0]SourceControl: 소스 콘트롤이 꺼졌습니다.
[2020.03.19-10.33.19:185][  0]Cmd: MAP LOAD FILE="../../../../../../Users/HY_Raptop/OneDrive/Desktop/GitHub/UnrealTutorial/ArenaBattle/Content/Book/Maps/Step2.umap" TEMPLATE=0 SHOWPROGRESS=1 FEATURELEVEL=3
[2020.03.19-10.33.19:189][  0]LightingResults: New page: 라이팅 빌드
[2020.03.19-10.33.19:198][  0]MapCheck: New page: 맵 체크
[2020.03.19-10.33.19:198][  0]LightingResults: New page: 라이팅 빌드
[2020.03.19-10.33.19:210][  0]LogUObjectGlobals: Destroyed PersistentFrame Addr=0x000001f6c4c991c8, Size=20
[2020.03.19-10.33.19:639][  0]LogAIModule: Creating AISystem for world Step2
[2020.03.19-10.33.19:655][  0]LogEditorServer: Finished looking for orphan Actors (0.000 secs)
[2020.03.19-10.33.19:673][  0]Cmd: MAP CHECKDEP NOCLEARLOG
[2020.03.19-10.33.19:770][  0]MapCheck: 맵 체크 완료: 오류 0 회, 경고 0 회, 소요 시간 95.531ms.
[2020.03.19-10.33.19:770][  0]LogFileHelpers: Loading map 'Step2' took 0.586
[2020.03.19-10.33.19:849][  0]LogWindowsTextInputMethodSystem: Display: IME system now activated using TSF (Microsoft 입력기).
[2020.03.19-10.33.20:006][  0]LogCollectionManager: Loaded 0 collections in 0.003428 seconds
[2020.03.19-10.33.20:058][  0]LogFileCache: Scanning file cache for directory 'C:/Users/HY_Raptop/OneDrive/Desktop/GitHub/UnrealTutorial/ArenaBattle/Saved/Collections/' took 0.01s
[2020.03.19-10.33.20:058][  0]LogFileCache: Scanning file cache for directory 'C:/Users/HY_Raptop/OneDrive/Desktop/GitHub/UnrealTutorial/ArenaBattle/Content/Developers/HYRaptop/Collections/' took 0.01s
[2020.03.19-10.33.20:058][  0]LogFileCache: Scanning file cache for directory 'C:/Users/HY_Raptop/OneDrive/Desktop/GitHub/UnrealTutorial/ArenaBattle/Content/Collections/' took 0.01s
[2020.03.19-10.33.20:058][  0]LogCollectionManager: Rebuilt the GUID cache for 0 collections in 0.000001 seconds
[2020.03.19-10.33.20:071][  0]LogContentBrowser: Native class hierarchy populated in 0.0098 seconds. Added 2459 classes and 562 folders.
[2020.03.19-10.33.20:088][  0]LogContentBrowser: Native class hierarchy updated for 'WidgetCarousel' in 0.0008 seconds. Added 0 classes and 0 folders.
[2020.03.19-10.33.20:274][  0]LogContentBrowser: Native class hierarchy updated for 'AddContentDialog' in 0.0007 seconds. Added 0 classes and 0 folders.
[2020.03.19-10.33.20:386][  0]LogSlate: Took 0.003908 seconds to synchronously load lazily loaded font '../../../Engine/Content/Slate/Fonts/Roboto-Regular.ttf' (155K)
[2020.03.19-10.33.20:410][  0]LogSlate: Took 0.021460 seconds to synchronously load lazily loaded font '../../../Engine/Content/Editor/Slate/Fonts/NanumGothic.ttf' (4243K)
[2020.03.19-10.33.20:433][  0]LogSlate: Took 0.022043 seconds to synchronously load lazily loaded font '../../../Engine/Content/Editor/Slate/Fonts/NanumGothicBold.ttf' (4188K)
[2020.03.19-10.33.20:435][  0]LogSlate: Took 0.001890 seconds to synchronously load lazily loaded font '../../../Engine/Content/Slate/Fonts/Roboto-Bold.ttf' (160K)
[2020.03.19-10.33.20:445][  0]LogSlate: Took 0.002857 seconds to synchronously load lazily loaded font '../../../Engine/Content/Editor/Slate/Fonts/FontAwesome.ttf' (139K)
[2020.03.19-10.33.20:613][  0]LogRenderer: Reallocating scene render targets to support 1208x624 Format 9 NumSamples 1 (Frame:1).
[2020.03.19-10.33.20:896][  0]LogContentBrowser: Native class hierarchy updated for 'HierarchicalLODOutliner' in 0.0012 seconds. Added 0 classes and 0 folders.
[2020.03.19-10.33.20:896][  0]LogLoad: (Engine Initialization) Total time: 35.31 seconds
[2020.03.19-10.33.20:896][  0]LogLoad: (Engine Initialization) Total Blueprint compile time: 0.00 seconds
[2020.03.19-10.33.20:938][  0]LogContentStreaming: Texture pool size now 600 MB
[2020.03.19-10.33.20:999][  0]LogSlate: Took 0.001907 seconds to synchronously load lazily loaded font '../../../Engine/Content/Slate/Fonts/Roboto-Light.ttf' (167K)
[2020.03.19-10.33.21:366][  3]LogAssetRegistry: Asset discovery search completed in 21.1796 seconds
[2020.03.19-10.33.21:371][  3]LogCollectionManager: Rebuilt the object cache for 0 collections in 0.000000 seconds (found 0 objects)
[2020.03.19-10.33.21:371][  3]LogCollectionManager: Fixed up redirectors for 0 collections in 0.000096 seconds (updated 0 objects)
[2020.03.19-10.33.24:458][182]LogSlate: FSceneViewport::OnFocusLost() reason 0
[2020.03.19-10.33.24:541][187]LogTemp: Repeating last play command: 선택된 뷰포트
[2020.03.19-10.33.24:563][187]LogPlayLevel: PlayLevel: No blueprints needed recompiling
[2020.03.19-10.33.24:564][187]PIE: New page: PIE 세션: Step2 (2020. 3. 20. 오전 4:33:24)
[2020.03.19-10.33.24:564][187]LogPlayLevel: Creating play world package: /Game/Book/Maps/UEDPIE_0_Step2
[2020.03.19-10.33.24:568][187]LogPlayLevel: PIE: StaticDuplicateObject took: (0.004110s)
[2020.03.19-10.33.24:569][187]LogAIModule: Creating AISystem for world Step2
[2020.03.19-10.33.24:570][187]LogPlayLevel: PIE: World Init took: (0.001118s)
[2020.03.19-10.33.24:570][187]LogPlayLevel: PIE: Created PIE world by copying editor world from /Game/Book/Maps/Step2.Step2 to /Game/Book/Maps/UEDPIE_0_Step2.Step2 (0.005630s)
[2020.03.19-10.33.24:608][187]LogInit: XAudio2 using '스피커(2- Realtek(R) Audio)' : 2 channels at 48 kHz using 32 bits per sample (channel mask 0x3)
[2020.03.19-10.33.24:654][187]LogInit: FAudioDevice initialized.
[2020.03.19-10.33.24:703][187]LogLoad: Game class is 'ABGameMode'
[2020.03.19-10.33.24:706][187]LogWorld: Bringing World /Game/Book/Maps/UEDPIE_0_Step2.Step2 up for play (max tick rate 60) at 2020.03.19-19.33.24
[2020.03.19-10.33.24:707][187]LogWorld: Bringing up level for play took: 0.002499
[2020.03.19-10.33.24:708][187]ArenaBattle: Warning: AABPlayerController::PostInitializeComponents(8)
[2020.03.19-10.33.24:709][187]ArenaBattle: Warning: AABGameMode::PostLogin(16)PostLogin Begin
[2020.03.19-10.33.24:717][187]LogContentBrowser: Native class hierarchy updated for 'MovieSceneCapture' in 0.0011 seconds. Added 11 classes and 0 folders.
[2020.03.19-10.33.24:718][187]ArenaBattle: Warning: AABPlayerController::Possess(14)
[2020.03.19-10.33.24:719][187]ArenaBattle: Warning: AABGameMode::PostLogin(18)PostLogin End
[2020.03.19-10.33.24:719][187]PIE: /Game/Book/Maps/UEDPIE_0_Step2 에 대한 에디터에서 플레이 시작 시간: 0.137
[2020.03.19-10.33.26:208][267]ArenaBattle: Warning: AABCharacter::PostInitializeComponents::<lambda_ae58d49e0a8ff097691d2352737e0519>::operator ()(165)OnNextAttackCheck
[2020.03.19-10.35.01:032][729]LogHotReload: New module detected: UE4Editor-ArenaBattle-8776.dll
[2020.03.19-10.35.02:063][733]LogHotReload: Starting Hot-Reload from IDE
[2020.03.19-10.35.02:080][733]LogSlate: Took 0.003142 seconds to synchronously load lazily loaded font '../../../Engine/Content/Slate/Fonts/Roboto-Light.ttf' (167K)
[2020.03.19-10.35.02:196][733]Error: CDO Constructor (ABCharacter): Failed to find /Game/InfinityBladeWeapons/Weapons/Blunt/Blunt_BoneShard/StaticMesh/SM_Blunt_BoneShardMace.SM_Blunt_BoneShardMace

[2020.03.19-10.35.02:200][733]LogHotReload: Re-instancing ABCharacter after hot-reload.
[2020.03.19-10.35.02:351][733]LogHotReload: Re-instancing ABPawn after hot-reload.
[2020.03.19-10.35.02:419][733]LogContentBrowser: Native class hierarchy updated for 'ArenaBattle' in 0.0011 seconds. Added 6 classes and 2 folders.
[2020.03.19-10.35.02:419][733]Warning: Some classes could not be reloaded:
Error: CDO Constructor (ABCharacter): Failed to find /Game/InfinityBladeWeapons/Weapons/Blunt/Blunt_BoneShard/StaticMesh/SM_Blunt_BoneShardMace.SM_Blunt_BoneShardMace


[2020.03.19-10.35.02:421][733]Display: HotReload successful (3 functions remapped  0 scriptstructs remapped)
[2020.03.19-10.35.02:539][733]LogContentBrowser: Native class hierarchy populated in 0.0107 seconds. Added 2459 classes and 562 folders.
[2020.03.19-10.35.02:547][733]Display: HotReload took  0.5s.
[2020.03.19-10.35.04:885][740]LogSlate: FSceneViewport::OnFocusLost() reason 0
[2020.03.19-10.35.04:885][740]LogTemp: Repeating last play command: 선택된 뷰포트
[2020.03.19-10.35.04:913][740]LogPlayLevel: PlayLevel: No blueprints needed recompiling
[2020.03.19-10.35.04:914][740]PIE: New page: PIE 세션: Step2 (2020. 3. 20. 오전 4:35:04)
[2020.03.19-10.35.04:914][740]LogPlayLevel: Creating play world package: /Game/Book/Maps/UEDPIE_0_Step2
[2020.03.19-10.35.04:920][740]LogPlayLevel: PIE: StaticDuplicateObject took: (0.005661s)
[2020.03.19-10.35.04:921][740]LogAIModule: Creating AISystem for world Step2
[2020.03.19-10.35.04:921][740]LogPlayLevel: PIE: World Init took: (0.001149s)
[2020.03.19-10.35.04:921][740]LogPlayLevel: PIE: Created PIE world by copying editor world from /Game/Book/Maps/Step2.Step2 to /Game/Book/Maps/UEDPIE_0_Step2.Step2 (0.007142s)
[2020.03.19-10.35.04:967][740]LogInit: XAudio2 using '스피커(2- Realtek(R) Audio)' : 2 channels at 48 kHz using 32 bits per sample (channel mask 0x3)
[2020.03.19-10.35.05:013][740]LogInit: FAudioDevice initialized.
[2020.03.19-10.35.05:054][740]LogLoad: Game class is 'ABGameMode'
[2020.03.19-10.35.05:056][740]LogWorld: Bringing World /Game/Book/Maps/UEDPIE_0_Step2.Step2 up for play (max tick rate 60) at 2020.03.19-19.35.05
[2020.03.19-10.35.05:057][740]LogWorld: Bringing up level for play took: 0.001856
[2020.03.19-10.35.05:058][740]ArenaBattle: Warning: AABPlayerController::PostInitializeComponents(8)
[2020.03.19-10.35.05:058][740]ArenaBattle: Warning: AABGameMode::PostLogin(16)PostLogin Begin
[2020.03.19-10.35.05:059][740]ArenaBattle: Warning: AABPlayerController::Possess(14)
[2020.03.19-10.35.05:060][740]ArenaBattle: Warning: AABGameMode::PostLogin(18)PostLogin End
[2020.03.19-10.35.05:060][740]PIE: /Game/Book/Maps/UEDPIE_0_Step2 에 대한 에디터에서 플레이 시작 시간: 0.477
[2020.03.19-10.35.06:301][806]ArenaBattle: Warning: AABCharacter::PostInitializeComponents::<lambda_efe9754ddb5652268c58ba4055b19e36>::operator ()(166)OnNextAttackCheck
[2020.03.19-10.35.11:203][ 42]LogSlate: FSceneViewport::OnFocusLost() reason 0
[2020.03.19-10.35.11:212][ 42]LogSlate: Took 0.002746 seconds to synchronously load lazily loaded font '../../../Engine/Content/Slate/Fonts/DroidSansMono.ttf' (77K)
[2020.03.19-10.35.11:284][ 42]LogSlate: Took 0.021206 seconds to synchronously load lazily loaded font '../../../Engine/Content/Editor/Slate/Fonts/NanumGothicExtraBold.ttf' (4074K)
[2020.03.19-10.35.35:877][407]LogHotReload: New module detected: UE4Editor-ArenaBattle-1368.dll
[2020.03.19-10.35.36:915][411]LogHotReload: Starting Hot-Reload from IDE
[2020.03.19-10.35.37:049][411]Error: CDO Constructor (ABCharacter): Failed to find /Game/InfinityBladeWeapons/Weapons/Blunt/Blunt_BoneShard/StaticMesh/SM_Blunt_BoneShardMace.SM_Blunt_BoneShardMace

[2020.03.19-10.35.37:050][411]ArenaBattle: Warning: AABCharacter::AABCharacter(73)B
[2020.03.19-10.35.37:052][411]LogHotReload: Re-instancing ABCharacter after hot-reload.
[2020.03.19-10.35.37:052][411]ArenaBattle: Warning: AABCharacter::AABCharacter(73)B
[2020.03.19-10.35.37:219][411]LogHotReload: Re-instancing ABPawn after hot-reload.
[2020.03.19-10.35.37:316][411]LogContentBrowser: Native class hierarchy updated for 'ArenaBattle' in 0.0017 seconds. Added 6 classes and 2 folders.
[2020.03.19-10.35.37:316][411]Warning: Some classes could not be reloaded:
Error: CDO Constructor (ABCharacter): Failed to find /Game/InfinityBladeWeapons/Weapons/Blunt/Blunt_BoneShard/StaticMesh/SM_Blunt_BoneShardMace.SM_Blunt_BoneShardMace


[2020.03.19-10.35.37:319][411]Display: HotReload successful (3 functions remapped  0 scriptstructs remapped)
[2020.03.19-10.35.37:392][411]LogContentBrowser: Native class hierarchy populated in 0.0150 seconds. Added 2459 classes and 562 folders.
[2020.03.19-10.35.37:400][411]Display: HotReload took  0.5s.
[2020.03.19-10.35.42:070][425]LogTemp: Repeating last play command: 선택된 뷰포트
[2020.03.19-10.35.42:104][425]LogPlayLevel: PlayLevel: No blueprints needed recompiling
[2020.03.19-10.35.42:104][425]PIE: New page: PIE 세션: Step2 (2020. 3. 20. 오전 4:35:42)
[2020.03.19-10.35.42:105][425]LogPlayLevel: Creating play world package: /Game/Book/Maps/UEDPIE_0_Step2
[2020.03.19-10.35.42:106][425]ArenaBattle: Warning: AABCharacter::AABCharacter(73)B
[2020.03.19-10.35.42:108][425]LogPlayLevel: PIE: StaticDuplicateObject took: (0.003505s)
[2020.03.19-10.35.42:111][425]LogAIModule: Creating AISystem for world Step2
[2020.03.19-10.35.42:112][425]LogPlayLevel: PIE: World Init took: (0.002861s)
[2020.03.19-10.35.42:112][425]LogPlayLevel: PIE: Created PIE world by copying editor world from /Game/Book/Maps/Step2.Step2 to /Game/Book/Maps/UEDPIE_0_Step2.Step2 (0.007767s)
[2020.03.19-10.35.42:157][425]LogInit: XAudio2 using '스피커(2- Realtek(R) Audio)' : 2 channels at 48 kHz using 32 bits per sample (channel mask 0x3)
[2020.03.19-10.35.42:205][425]LogInit: FAudioDevice initialized.
[2020.03.19-10.35.42:251][425]LogLoad: Game class is 'ABGameMode'
[2020.03.19-10.35.42:253][425]LogWorld: Bringing World /Game/Book/Maps/UEDPIE_0_Step2.Step2 up for play (max tick rate 60) at 2020.03.19-19.35.42
[2020.03.19-10.35.42:254][425]LogWorld: Bringing up level for play took: 0.002154
[2020.03.19-10.35.42:255][425]ArenaBattle: Warning: AABPlayerController::PostInitializeComponents(8)
[2020.03.19-10.35.42:255][425]ArenaBattle: Warning: AABGameMode::PostLogin(16)PostLogin Begin
[2020.03.19-10.35.42:256][425]ArenaBattle: Warning: AABCharacter::AABCharacter(73)B
[2020.03.19-10.35.42:257][425]ArenaBattle: Warning: AABPlayerController::Possess(14)
[2020.03.19-10.35.42:257][425]ArenaBattle: Warning: AABGameMode::PostLogin(18)PostLogin End
[2020.03.19-10.35.42:258][425]PIE: /Game/Book/Maps/UEDPIE_0_Step2 에 대한 에디터에서 플레이 시작 시간: -0.324
[2020.03.19-10.35.43:586][493]ArenaBattle: Warning: AABCharacter::PostInitializeComponents::<lambda_98d58f4270d7647fe966055f25377fd0>::operator ()(167)OnNextAttackCheck
[2020.03.19-10.36.42:352][903]LogHotReload: New module detected: UE4Editor-ArenaBattle-56.dll
[2020.03.19-10.36.43:367][907]LogHotReload: Starting Hot-Reload from IDE
[2020.03.19-10.36.43:447][907]ArenaBattle: Warning: AABCharacter::AABCharacter(69)aaaaaaaaaaaaaaaaaaaaaaa
[2020.03.19-10.36.43:448][907]ArenaBattle: Warning: AABCharacter::AABCharacter(73)bbbbbbbbbbbbbbbbbbbbb
[2020.03.19-10.36.43:450][907]Error: CDO Constructor (ABCharacter): Failed to find /Game/InfinityBladeWeapons/Weapons/Blunt/Blunt_BoneShard/StaticMesh/SM_Blunt_BoneShardMace.SM_Blunt_BoneShardMace

[2020.03.19-10.36.43:450][907]ArenaBattle: Warning: AABCharacter::AABCharacter(78)ccccccccccccccccccccc
[2020.03.19-10.36.43:452][907]LogHotReload: Re-instancing ABCharacter after hot-reload.
[2020.03.19-10.36.43:452][907]ArenaBattle: Warning: AABCharacter::AABCharacter(69)aaaaaaaaaaaaaaaaaaaaaaa
[2020.03.19-10.36.43:453][907]ArenaBattle: Warning: AABCharacter::AABCharacter(73)bbbbbbbbbbbbbbbbbbbbb
[2020.03.19-10.36.43:453][907]ArenaBattle: Warning: AABCharacter::AABCharacter(78)ccccccccccccccccccccc
[2020.03.19-10.36.43:686][907]LogHotReload: Re-instancing ABPawn after hot-reload.
[2020.03.19-10.36.43:778][907]LogContentBrowser: Native class hierarchy updated for 'ArenaBattle' in 0.0017 seconds. Added 6 classes and 2 folders.
[2020.03.19-10.36.43:778][907]Warning: Some classes could not be reloaded:
Error: CDO Constructor (ABCharacter): Failed to find /Game/InfinityBladeWeapons/Weapons/Blunt/Blunt_BoneShard/StaticMesh/SM_Blunt_BoneShardMace.SM_Blunt_BoneShardMace


[2020.03.19-10.36.43:781][907]Display: HotReload successful (3 functions remapped  0 scriptstructs remapped)
[2020.03.19-10.36.43:849][907]LogContentBrowser: Native class hierarchy populated in 0.0162 seconds. Added 2459 classes and 562 folders.
[2020.03.19-10.36.43:856][907]Display: HotReload took  0.5s.
[2020.03.19-10.36.45:528][912]LogSlate: FSceneViewport::OnFocusLost() reason 0
[2020.03.19-10.36.45:714][917]LogTemp: Repeating last play command: 선택된 뷰포트
[2020.03.19-10.36.45:743][917]LogPlayLevel: PlayLevel: No blueprints needed recompiling
[2020.03.19-10.36.45:743][917]PIE: New page: PIE 세션: Step2 (2020. 3. 20. 오전 4:36:45)
[2020.03.19-10.36.45:743][917]LogPlayLevel: Creating play world package: /Game/Book/Maps/UEDPIE_0_Step2
[2020.03.19-10.36.45:744][917]ArenaBattle: Warning: AABCharacter::AABCharacter(69)aaaaaaaaaaaaaaaaaaaaaaa
[2020.03.19-10.36.45:745][917]ArenaBattle: Warning: AABCharacter::AABCharacter(73)bbbbbbbbbbbbbbbbbbbbb
[2020.03.19-10.36.45:745][917]ArenaBattle: Warning: AABCharacter::AABCharacter(78)ccccccccccccccccccccc
[2020.03.19-10.36.45:747][917]LogPlayLevel: PIE: StaticDuplicateObject took: (0.003361s)
[2020.03.19-10.36.45:748][917]LogAIModule: Creating AISystem for world Step2
[2020.03.19-10.36.45:750][917]LogPlayLevel: PIE: World Init took: (0.002637s)
[2020.03.19-10.36.45:751][917]LogPlayLevel: PIE: Created PIE world by copying editor world from /Game/Book/Maps/Step2.Step2 to /Game/Book/Maps/UEDPIE_0_Step2.Step2 (0.007075s)
[2020.03.19-10.36.45:782][917]LogInit: XAudio2 using '스피커(2- Realtek(R) Audio)' : 2 channels at 48 kHz using 32 bits per sample (channel mask 0x3)
[2020.03.19-10.36.45:809][917]LogInit: FAudioDevice initialized.
[2020.03.19-10.36.45:848][917]LogLoad: Game class is 'ABGameMode'
[2020.03.19-10.36.45:849][917]LogWorld: Bringing World /Game/Book/Maps/UEDPIE_0_Step2.Step2 up for play (max tick rate 60) at 2020.03.19-19.36.45
[2020.03.19-10.36.45:850][917]LogWorld: Bringing up level for play took: 0.001316
[2020.03.19-10.36.45:850][917]ArenaBattle: Warning: AABPlayerController::PostInitializeComponents(8)
[2020.03.19-10.36.45:851][917]ArenaBattle: Warning: AABGameMode::PostLogin(16)PostLogin Begin
[2020.03.19-10.36.45:851][917]ArenaBattle: Warning: AABCharacter::AABCharacter(69)aaaaaaaaaaaaaaaaaaaaaaa
[2020.03.19-10.36.45:851][917]ArenaBattle: Warning: AABCharacter::AABCharacter(73)bbbbbbbbbbbbbbbbbbbbb
[2020.03.19-10.36.45:851][917]ArenaBattle: Warning: AABCharacter::AABCharacter(78)ccccccccccccccccccccc
[2020.03.19-10.36.45:852][917]ArenaBattle: Warning: AABPlayerController::Possess(14)
[2020.03.19-10.36.45:852][917]ArenaBattle: Warning: AABGameMode::PostLogin(18)PostLogin End
[2020.03.19-10.36.45:852][917]PIE: /Game/Book/Maps/UEDPIE_0_Step2 에 대한 에디터에서 플레이 시작 시간: -0.73
[2020.03.19-10.36.59:389][720]LogSlate: FSceneViewport::OnFocusLost() reason 0
[2020.03.19-10.38.31:028][902]LogHotReload: New module detected: UE4Editor-ArenaBattle-3308.dll
[2020.03.19-10.38.32:389][907]LogHotReload: Starting Hot-Reload from IDE
[2020.03.19-10.38.32:507][907]ArenaBattle: Warning: AABCharacter::AABCharacter(69)aaaaaaaaaaaaaaaaaaaaaaa
[2020.03.19-10.38.32:507][907]ArenaBattle: Warning: AABCharacter::AABCharacter(73)bbbbbbbbbbbbbbbbbbbbb
[2020.03.19-10.38.32:508][907]LogPackageName: Error: DoesPackageExist: DoesPackageExist FAILED: 'Game/InfinityBladeWeapons/Weapons/Blunt/Blunt_BoneShard/StaticMesh/SM_Blunt_BoneShardMace' is not a standard unreal filename or a long path name. Reason: 경로는 '/' 로 시작해야 합니다.
[2020.03.19-10.38.32:509][907]LogLinker: Warning: 'Game/InfinityBladeWeapons/Weapons/Blunt/Blunt_BoneShard/StaticMesh/SM_Blunt_BoneShardMace' 파일을 찾을 수 없습니다.
[2020.03.19-10.38.32:512][907]LogPackageName: Error: DoesPackageExist: DoesPackageExist FAILED: 'Game/InfinityBladeWeapons/Weapons/Blunt/Blunt_BoneShard/StaticMesh/SM_Blunt_BoneShardMace' is not a standard unreal filename or a long path name. Reason: 경로는 '/' 로 시작해야 합니다.
[2020.03.19-10.38.32:513][907]LogLinker: Warning: 'Game/InfinityBladeWeapons/Weapons/Blunt/Blunt_BoneShard/StaticMesh/SM_Blunt_BoneShardMace' 파일을 찾을 수 없습니다.
[2020.03.19-10.38.32:516][907]LogUObjectGlobals: Warning: 'SkeletalMesh Game/InfinityBladeWeapons/Weapons/Blunt/Blunt_BoneShard/StaticMesh/SM_Blunt_BoneShardMace.SM_Blunt_BoneShardMace' 오브젝트를 찾는 데 실패했습니다.
[2020.03.19-10.38.32:517][907]Error: CDO Constructor (ABCharacter): Failed to find Game/InfinityBladeWeapons/Weapons/Blunt/Blunt_BoneShard/StaticMesh/SM_Blunt_BoneShardMace.SM_Blunt_BoneShardMace

[2020.03.19-10.38.32:518][907]ArenaBattle: Warning: AABCharacter::AABCharacter(78)ccccccccccccccccccccc
[2020.03.19-10.38.32:521][907]LogHotReload: Re-instancing ABCharacter after hot-reload.
[2020.03.19-10.38.32:522][907]ArenaBattle: Warning: AABCharacter::AABCharacter(69)aaaaaaaaaaaaaaaaaaaaaaa
[2020.03.19-10.38.32:522][907]ArenaBattle: Warning: AABCharacter::AABCharacter(73)bbbbbbbbbbbbbbbbbbbbb
[2020.03.19-10.38.32:522][907]ArenaBattle: Warning: AABCharacter::AABCharacter(78)ccccccccccccccccccccc
[2020.03.19-10.38.32:698][907]LogHotReload: Re-instancing ABPawn after hot-reload.
[2020.03.19-10.38.32:778][907]LogContentBrowser: Native class hierarchy updated for 'ArenaBattle' in 0.0013 seconds. Added 6 classes and 2 folders.
[2020.03.19-10.38.32:778][907]Warning: Some classes could not be reloaded:
Error: CDO Constructor (ABCharacter): Failed to find Game/InfinityBladeWeapons/Weapons/Blunt/Blunt_BoneShard/StaticMesh/SM_Blunt_BoneShardMace.SM_Blunt_BoneShardMace


[2020.03.19-10.38.32:781][907]Display: HotReload successful (3 functions remapped  0 scriptstructs remapped)
[2020.03.19-10.38.32:845][907]LogContentBrowser: Native class hierarchy populated in 0.0124 seconds. Added 2459 classes and 562 folders.
[2020.03.19-10.38.32:852][907]Display: HotReload took  0.5s.
[2020.03.19-10.38.35:856][916]LogTemp: Repeating last play command: 선택된 뷰포트
[2020.03.19-10.38.35:888][916]LogPlayLevel: PlayLevel: No blueprints needed recompiling
[2020.03.19-10.38.35:888][916]PIE: New page: PIE 세션: Step2 (2020. 3. 20. 오전 4:38:35)
[2020.03.19-10.38.35:889][916]LogPlayLevel: Creating play world package: /Game/Book/Maps/UEDPIE_0_Step2
[2020.03.19-10.38.35:890][916]ArenaBattle: Warning: AABCharacter::AABCharacter(69)aaaaaaaaaaaaaaaaaaaaaaa
[2020.03.19-10.38.35:890][916]ArenaBattle: Warning: AABCharacter::AABCharacter(73)bbbbbbbbbbbbbbbbbbbbb
[2020.03.19-10.38.35:891][916]ArenaBattle: Warning: AABCharacter::AABCharacter(78)ccccccccccccccccccccc
[2020.03.19-10.38.35:894][916]LogPlayLevel: PIE: StaticDuplicateObject took: (0.005325s)
[2020.03.19-10.38.35:896][916]LogAIModule: Creating AISystem for world Step2
[2020.03.19-10.38.35:898][916]LogPlayLevel: PIE: World Init took: (0.002961s)
[2020.03.19-10.38.35:898][916]LogPlayLevel: PIE: Created PIE world by copying editor world from /Game/Book/Maps/Step2.Step2 to /Game/Book/Maps/UEDPIE_0_Step2.Step2 (0.009448s)
[2020.03.19-10.38.35:937][916]LogInit: XAudio2 using '스피커(2- Realtek(R) Audio)' : 2 channels at 48 kHz using 32 bits per sample (channel mask 0x3)
[2020.03.19-10.38.35:976][916]LogInit: FAudioDevice initialized.
[2020.03.19-10.38.36:016][916]LogLoad: Game class is 'ABGameMode'
[2020.03.19-10.38.36:018][916]LogWorld: Bringing World /Game/Book/Maps/UEDPIE_0_Step2.Step2 up for play (max tick rate 60) at 2020.03.19-19.38.36
[2020.03.19-10.38.36:020][916]LogWorld: Bringing up level for play took: 0.002633
[2020.03.19-10.38.36:020][916]ArenaBattle: Warning: AABPlayerController::PostInitializeComponents(8)
[2020.03.19-10.38.36:021][916]ArenaBattle: Warning: AABGameMode::PostLogin(16)PostLogin Begin
[2020.03.19-10.38.36:021][916]ArenaBattle: Warning: AABCharacter::AABCharacter(69)aaaaaaaaaaaaaaaaaaaaaaa
[2020.03.19-10.38.36:022][916]ArenaBattle: Warning: AABCharacter::AABCharacter(73)bbbbbbbbbbbbbbbbbbbbb
[2020.03.19-10.38.36:022][916]ArenaBattle: Warning: AABCharacter::AABCharacter(78)ccccccccccccccccccccc
[2020.03.19-10.38.36:023][916]ArenaBattle: Warning: AABPlayerController::Possess(14)
[2020.03.19-10.38.36:023][916]ArenaBattle: Warning: AABGameMode::PostLogin(18)PostLogin End
[2020.03.19-10.38.36:024][916]PIE: /Game/Book/Maps/UEDPIE_0_Step2 에 대한 에디터에서 플레이 시작 시간: -0.559
[2020.03.19-10.38.38:422][ 49]ArenaBattle: Warning: AABCharacter::PostInitializeComponents::<lambda_65e656cdabf6558c41656eaaf0c6e644>::operator ()(172)OnNextAttackCheck
[2020.03.19-10.38.40:134][144]LogSlate: FSceneViewport::OnFocusLost() reason 0
[2020.03.19-11.52.15:829][339]LogInit: XAudio2 using '스피커(2- Realtek(R) Audio)' : 2 channels at 48 kHz using 32 bits per sample (channel mask 0x3)
[2020.03.22-15.43.22:932][379]LogRenderer: Reallocating scene render targets to support 1208x644 Format 9 NumSamples 1 (Frame:21776).
[2020.03.22-15.43.59:523][641]LogSlate: Window 'ArenaBattle - 언리얼 에디터' being destroyed
[2020.03.22-15.43.59:529][641]LogWindowsTextInputMethodSystem: Display: IME system now activated using TSF (Microsoft 입력기).
[2020.03.22-15.44.00:093][642]Cmd: QUIT_EDITOR
[2020.03.22-15.44.01:221][642]LogSlate: Slate User Destroyed.  User Index 0, Is Virtual User: 0
[2020.03.22-15.44.01:223][642]LogExit: Preparing to exit.
[2020.03.22-15.44.02:366][642]LogDirectoryWatcher: A directory notification for 'C:/Users/HY_Raptop/OneDrive/Desktop/GitHub/UnrealTutorial/ArenaBattle/Content/' was aborted.
[2020.03.22-15.44.02:540][642]LogUObjectGlobals: Destroyed PersistentFrame Addr=0x000001f6c450fb20, Size=20
[2020.03.22-15.44.02:574][642]LogExit: Editor shut down
[2020.03.22-15.44.02:591][642]LogExit: Transaction tracking system shut down
[2020.03.22-15.44.02:821][642]LogDirectoryWatcher: A directory notification for '../../../Engine/Content/' was aborted.
[2020.03.22-15.44.02:821][642]LogDirectoryWatcher: A directory notification for '../../../../../../Users/HY_Raptop/OneDrive/Desktop/GitHub/UnrealTutorial/ArenaBattle/Content/' was aborted.
[2020.03.22-15.44.02:821][642]LogDirectoryWatcher: A directory notification for '../../Plugins/2D/Paper2D/Content/' was aborted.
[2020.03.22-15.44.02:822][642]LogDirectoryWatcher: A directory notification for '../../Plugins/Enterprise/DatasmithContent/Content/' was aborted.
[2020.03.22-15.44.02:822][642]LogDirectoryWatcher: A directory notification for '../../Plugins/Media/MediaCompositing/Content/' was aborted.
[2020.03.22-15.44.02:822][642]LogDirectoryWatcher: A directory notification for '../../Plugins/Runtime/AppleARKit/Content/' was aborted.
[2020.03.22-15.44.02:822][642]LogDirectoryWatcher: A directory notification for '../../Plugins/Runtime/Oculus/OculusVR/Content/' was aborted.
[2020.03.22-15.44.02:822][642]LogDirectoryWatcher: A directory notification for '../../Plugins/Runtime/Steam/SteamVR/Content/' was aborted.
[2020.03.22-15.44.03:151][642]LogExit: Object subsystem successfully closed.
[2020.03.22-15.44.03:204][642]LogShaderCompilers: Display: Shaders left to compile 0
[2020.03.22-15.44.03:212][642]LogD3D11RHI: Shutdown
[2020.03.22-15.44.03:212][642]LogD3D11RHI: CleanupD3DDevice
[2020.03.22-15.44.03:219][642]LogD3D11RHI: ~FD3D11DynamicRHI
[2020.03.22-15.44.03:354][642]LogModuleManager: Shutting down and abandoning module ArenaBattle (582)
[2020.03.22-15.44.03:355][642]LogModuleManager: Shutting down and abandoning module MovieSceneCapture (578)
[2020.03.22-15.44.03:355][642]LogModuleManager: Shutting down and abandoning module HierarchicalLODOutliner (576)
[2020.03.22-15.44.03:355][642]LogModuleManager: Shutting down and abandoning module DesktopPlatform (574)
[2020.03.22-15.44.03:355][642]LogModuleManager: Shutting down and abandoning module AddContentDialog (572)
[2020.03.22-15.44.03:357][642]LogDirectoryWatcher: A directory notification for 'C:/Program Files/Epic Games/UE_4.19/FeaturePacks/' was aborted.
[2020.03.22-15.44.03:359][642]LogModuleManager: Shutting down and abandoning module WidgetCarousel (571)
[2020.03.22-15.44.03:360][642]LogModuleManager: Shutting down and abandoning module EditorWidgets (568)
[2020.03.22-15.44.03:360][642]LogModuleManager: Shutting down and abandoning module CollectionManager (566)
[2020.03.22-15.44.03:360][642]LogDirectoryWatcher: A directory notification for 'C:/Users/HY_Raptop/OneDrive/Desktop/GitHub/UnrealTutorial/ArenaBattle/Content/Collections/' was aborted.
[2020.03.22-15.44.03:361][642]LogDirectoryWatcher: A directory notification for 'C:/Users/HY_Raptop/OneDrive/Desktop/GitHub/UnrealTutorial/ArenaBattle/Content/Developers/HYRaptop/Collections/' was aborted.
[2020.03.22-15.44.03:361][642]LogDirectoryWatcher: A directory notification for 'C:/Users/HY_Raptop/OneDrive/Desktop/GitHub/UnrealTutorial/ArenaBattle/Saved/Collections/' was aborted.
[2020.03.22-15.44.03:362][642]LogModuleManager: Shutting down and abandoning module SceneOutliner (564)
[2020.03.22-15.44.03:363][642]LogModuleManager: Shutting down and abandoning module StatsViewer (562)
[2020.03.22-15.44.03:364][642]LogModuleManager: Shutting down and abandoning module FoliageEdit (560)
[2020.03.22-15.44.03:364][642]LogModuleManager: Shutting down and abandoning module LandscapeEditor (558)
[2020.03.22-15.44.03:366][642]LogModuleManager: Shutting down and abandoning module MeshPaintMode (556)
[2020.03.22-15.44.03:367][642]LogModuleManager: Shutting down and abandoning module SceneDepthPickerMode (554)
[2020.03.22-15.44.03:367][642]LogModuleManager: Shutting down and abandoning module ActorPickerMode (552)
[2020.03.22-15.44.03:367][642]LogModuleManager: Shutting down and abandoning module GeometryMode (550)
[2020.03.22-15.44.03:367][642]LogModuleManager: Shutting down and abandoning module TextureAlignMode (548)
[2020.03.22-15.44.03:368][642]LogModuleManager: Shutting down and abandoning module BspMode (546)
[2020.03.22-15.44.03:368][642]LogModuleManager: Shutting down and abandoning module PIEPreviewDeviceProfileSelector (544)
[2020.03.22-15.44.03:368][642]LogModuleManager: Shutting down and abandoning module HardwareSurvey (542)
[2020.03.22-15.44.03:368][642]LogModuleManager: Shutting down and abandoning module SequenceRecorderSections (540)
[2020.03.22-15.44.03:368][642]LogModuleManager: Shutting down and abandoning module AutomationWorker (538)
[2020.03.22-15.44.03:368][642]LogModuleManager: Shutting down and abandoning module AudioCaptureEditor (536)
[2020.03.22-15.44.03:368][642]LogModuleManager: Shutting down and abandoning module SequenceRecorder (535)
[2020.03.22-15.44.03:369][642]LogModuleManager: Shutting down and abandoning module MatineeToLevelSequence (532)
[2020.03.22-15.44.03:369][642]LogModuleManager: Shutting down and abandoning module LevelSequenceEditor (530)
[2020.03.22-15.44.03:372][642]LogModuleManager: Shutting down and abandoning module PlacementMode (529)
[2020.03.22-15.44.03:372][642]LogModuleManager: Shutting down and abandoning module MaterialEditor (528)
[2020.03.22-15.44.03:376][642]LogModuleManager: Shutting down and abandoning module WmfMediaFactory (524)
[2020.03.22-15.44.03:376][642]LogModuleManager: Shutting down and abandoning module WmfMediaEditor (522)
[2020.03.22-15.44.03:376][642]LogModuleManager: Shutting down and abandoning module MediaPlayerEditor (520)
[2020.03.22-15.44.03:381][642]LogModuleManager: Shutting down and abandoning module OpenExrWrapper (518)
[2020.03.22-15.44.03:381][642]LogModuleManager: Shutting down and abandoning module ImgMediaFactory (516)
[2020.03.22-15.44.03:381][642]LogModuleManager: Shutting down and abandoning module ImgMediaEditor (514)
[2020.03.22-15.44.03:381][642]LogModuleManager: Shutting down and abandoning module AvfMediaFactory (512)
[2020.03.22-15.44.03:381][642]LogModuleManager: Shutting down and abandoning module AvfMediaEditor (510)
[2020.03.22-15.44.03:382][642]LogModuleManager: Shutting down and abandoning module AndroidMediaFactory (508)
[2020.03.22-15.44.03:382][642]LogModuleManager: Shutting down and abandoning module AndroidMediaEditor (506)
[2020.03.22-15.44.03:382][642]LogModuleManager: Shutting down and abandoning module CharacterAI (504)
[2020.03.22-15.44.03:382][642]LogModuleManager: Shutting down and abandoning module SmartSnapping (502)
[2020.03.22-15.44.03:382][642]LogModuleManager: Shutting down and abandoning module SessionServices (500)
[2020.03.22-15.44.03:382][642]LogModuleManager: Shutting down and abandoning module ViewportSnapping (498)
[2020.03.22-15.44.03:382][642]LogModuleManager: Shutting down and abandoning module ViewportInteraction (496)
[2020.03.22-15.44.03:382][642]LogModuleManager: Shutting down and abandoning module ClothPainter (494)
[2020.03.22-15.44.03:385][642]LogModuleManager: Shutting down and abandoning module SkeletalMeshEditor (493)
[2020.03.22-15.44.03:390][642]LogModuleManager: Shutting down and abandoning module LogVisualizer (490)
[2020.03.22-15.44.03:392][642]LogModuleManager: Shutting down and abandoning module IntroTutorials (488)
[2020.03.22-15.44.03:395][642]LogModuleManager: Shutting down and abandoning module GameProjectGeneration (487)
[2020.03.22-15.44.03:396][642]LogModuleManager: Shutting down and abandoning module IOSPlatformEditor (484)
[2020.03.22-15.44.03:397][642]LogModuleManager: Shutting down and abandoning module HTML5PlatformEditor (482)
[2020.03.22-15.44.03:397][642]LogModuleManager: Shutting down and abandoning module AndroidPlatformEditor (480)
[2020.03.22-15.44.03:397][642]LogModuleManager: Shutting down and abandoning module AndroidDeviceDetection (479)
[2020.03.22-15.44.03:861][642]LogModuleManager: Shutting down and abandoning module WindowsPlatformEditor (476)
[2020.03.22-15.44.03:861][642]LogModuleManager: Shutting down and abandoning module IOSRuntimeSettings (474)
[2020.03.22-15.44.03:861][642]LogModuleManager: Shutting down and abandoning module AndroidRuntimeSettings (472)
[2020.03.22-15.44.03:861][642]LogModuleManager: Shutting down and abandoning module InputBindingEditor (470)
[2020.03.22-15.44.03:863][642]LogModuleManager: Shutting down and abandoning module MergeActors (468)
[2020.03.22-15.44.03:864][642]LogModuleManager: Shutting down and abandoning module LocalizationDashboard (466)
[2020.03.22-15.44.03:865][642]LogModuleManager: Shutting down and abandoning module LocalizationService (465)
[2020.03.22-15.44.03:865][642]LogModuleManager: Shutting down and abandoning module HardwareTargeting (462)
[2020.03.22-15.44.03:865][642]LogModuleManager: Shutting down and abandoning module DeviceProfileEditor (460)
[2020.03.22-15.44.03:865][642]LogModuleManager: Shutting down and abandoning module UndoHistory (458)
[2020.03.22-15.44.03:865][642]LogModuleManager: Shutting down and abandoning module XmlParser (456)
[2020.03.22-15.44.03:866][642]LogModuleManager: Shutting down and abandoning module Blutility (454)
[2020.03.22-15.44.03:866][642]LogModuleManager: Shutting down and abandoning module ProjectSettingsViewer (452)
[2020.03.22-15.44.03:866][642]LogModuleManager: Shutting down and abandoning module ProjectTargetPlatformEditor (451)
[2020.03.22-15.44.03:866][642]LogModuleManager: Shutting down and abandoning module EditorSettingsViewer (448)
[2020.03.22-15.44.03:867][642]LogModuleManager: Shutting down and abandoning module SettingsEditor (446)
[2020.03.22-15.44.03:872][642]LogModuleManager: Shutting down and abandoning module ProjectLauncher (444)
[2020.03.22-15.44.03:872][642]LogModuleManager: Shutting down and abandoning module SessionFrontend (442)
[2020.03.22-15.44.03:873][642]LogModuleManager: Shutting down and abandoning module ProfilerClient (440)
[2020.03.22-15.44.03:873][642]LogModuleManager: Shutting down and abandoning module DeviceManager (438)
[2020.03.22-15.44.03:874][642]LogModuleManager: Shutting down and abandoning module TargetDeviceServices (437)
[2020.03.22-15.44.03:929][642]LogModuleManager: Shutting down and abandoning module AutomationController (434)
[2020.03.22-15.44.03:930][642]LogModuleManager: Shutting down and abandoning module AutomationWindow (432)
[2020.03.22-15.44.03:934][642]LogModuleManager: Shutting down and abandoning module Layers (430)
[2020.03.22-15.44.03:936][642]LogModuleManager: Shutting down and abandoning module ComponentVisualizers (428)
[2020.03.22-15.44.03:936][642]LogModuleManager: Shutting down and abandoning module DetailCustomizations (426)
[2020.03.22-15.44.03:937][642]LogModuleManager: Shutting down and abandoning module PackagesDialog (424)
[2020.03.22-15.44.03:939][642]LogModuleManager: Shutting down and abandoning module Persona (422)
[2020.03.22-15.44.03:940][642]LogModuleManager: Shutting down and abandoning module AdvancedPreviewScene (421)
[2020.03.22-15.44.03:940][642]LogModuleManager: Shutting down and abandoning module AnimGraph (419)
[2020.03.22-15.44.03:940][642]LogModuleManager: Shutting down and abandoning module Kismet (416)
[2020.03.22-15.44.03:942][642]LogModuleManager: Shutting down and abandoning module GraphEditor (414)
[2020.03.22-15.44.03:944][642]LogModuleManager: Shutting down and abandoning module ClassViewer (412)
[2020.03.22-15.44.03:946][642]LogModuleManager: Shutting down and abandoning module Toolbox (410)
[2020.03.22-15.44.03:946][642]LogModuleManager: Shutting down and abandoning module ModuleUI (408)
[2020.03.22-15.44.03:946][642]LogModuleManager: Shutting down and abandoning module MovieSceneTools (406)
[2020.03.22-15.44.03:948][642]LogModuleManager: Shutting down and abandoning module OutputLog (404)
[2020.03.22-15.44.03:948][642]LogModuleManager: Shutting down and abandoning module GammaUI (402)
[2020.03.22-15.44.03:949][642]LogModuleManager: Shutting down and abandoning module Documentation (400)
[2020.03.22-15.44.03:949][642]LogModuleManager: Shutting down and abandoning module MovieSceneTracks (398)
[2020.03.22-15.44.03:949][642]LogModuleManager: Shutting down and abandoning module MovieScene (396)
[2020.03.22-15.44.03:949][642]LogModuleManager: Shutting down and abandoning module StreamingPauseRendering (394)
[2020.03.22-15.44.03:951][642]LogModuleManager: Shutting down and abandoning module LauncherPlatform (392)
[2020.03.22-15.44.03:951][642]LogModuleManager: Shutting down and abandoning module AnalyticsET (390)
[2020.03.22-15.44.03:951][642]LogModuleManager: Shutting down and abandoning module PortalServices (388)
[2020.03.22-15.44.03:951][642]LogModuleManager: Shutting down and abandoning module PortalRpc (386)
[2020.03.22-15.44.03:951][642]LogModuleManager: Shutting down and abandoning module MessagingRpc (384)
[2020.03.22-15.44.03:951][642]LogModuleManager: Shutting down and abandoning module AIModule (382)
[2020.03.22-15.44.03:952][642]LogModuleManager: Shutting down and abandoning module GameplayDebugger (381)
[2020.03.22-15.44.03:953][642]LogModuleManager: Shutting down and abandoning module AITestSuite (379)
[2020.03.22-15.44.03:956][642]LogModuleManager: Shutting down and abandoning module ProfilerService (376)
[2020.03.22-15.44.04:152][642]LogModuleManager: Shutting down and abandoning module TaskGraph (374)
[2020.03.22-15.44.04:153][642]LogModuleManager: Shutting down and abandoning module SteamVRController (372)
[2020.03.22-15.44.04:154][642]LogModuleManager: Shutting down and abandoning module ProceduralMeshComponentEditor (370)
[2020.03.22-15.44.04:154][642]LogModuleManager: Shutting down and abandoning module ProceduralMeshComponent (368)
[2020.03.22-15.44.04:154][642]LogModuleManager: Shutting down and abandoning module OculusInput (366)
[2020.03.22-15.44.04:155][642]LogModuleManager: Shutting down and abandoning module MobilePatchingUtils (364)
[2020.03.22-15.44.04:155][642]LogModuleManager: Shutting down and abandoning module CustomMeshComponent (362)
[2020.03.22-15.44.04:155][642]LogModuleManager: Shutting down and abandoning module CableComponent (360)
[2020.03.22-15.44.04:155][642]LogModuleManager: Shutting down and abandoning module AudioCapture (358)
[2020.03.22-15.44.04:156][642]LogModuleManager: Shutting down and abandoning module ArchVisCharacter (356)
[2020.03.22-15.44.04:156][642]LogModuleManager: Shutting down and abandoning module AndroidPermission (354)
[2020.03.22-15.44.04:156][642]LogModuleManager: Shutting down and abandoning module NUTUnrealEngine4 (350)
[2020.03.22-15.44.04:156][642]LogModuleManager: Shutting down and abandoning module NetcodeUnitTest (348)
[2020.03.22-15.44.04:158][642]LogModuleManager: Shutting down and abandoning module MediaCompositingEditor (346)
[2020.03.22-15.44.04:158][642]LogModuleManager: Shutting down and abandoning module MediaCompositing (344)
[2020.03.22-15.44.04:158][642]LogModuleManager: Shutting down and abandoning module LinearTimecode (342)
[2020.03.22-15.44.04:158][642]LogModuleManager: Shutting down and abandoning module ImgMedia (340)
[2020.03.22-15.44.04:167][642]LogModuleManager: Shutting down and abandoning module HTML5Networking (338)
[2020.03.22-15.44.04:167][642]LogModuleManager: Shutting down and abandoning module AlembicImporter (336)
[2020.03.22-15.44.04:168][642]LogModuleManager: Shutting down and abandoning module AlembicLibrary (335)
[2020.03.22-15.44.04:168][642]LogModuleManager: Shutting down and abandoning module GeometryCache (334)
[2020.03.22-15.44.04:168][642]LogModuleManager: Shutting down and abandoning module GeometryCacheEd (333)
[2020.03.22-15.44.04:168][642]LogModuleManager: Shutting down and abandoning module DatasmithContent (328)
[2020.03.22-15.44.04:168][642]LogModuleManager: Shutting down and abandoning module SpeedTreeImporter (326)
[2020.03.22-15.44.04:168][642]LogModuleManager: Shutting down and abandoning module PluginBrowser (324)
[2020.03.22-15.44.04:170][642]LogModuleManager: Shutting down and abandoning module MobileLauncherProfileWizard (322)
[2020.03.22-15.44.04:171][642]LogModuleManager: Shutting down and abandoning module CryptoKeysOpenSSL (320)
[2020.03.22-15.44.04:171][642]LogModuleManager: Shutting down and abandoning module CryptoKeys (318)
[2020.03.22-15.44.04:171][642]LogModuleManager: Shutting down and abandoning module VisualStudioSourceCodeAccess (316)
[2020.03.22-15.44.04:171][642]LogModuleManager: Shutting down and abandoning module VisualStudioCodeSourceCodeAccess (314)
[2020.03.22-15.44.04:171][642]LogModuleManager: Shutting down and abandoning module UObjectPlugin (312)
[2020.03.22-15.44.04:171][642]LogModuleManager: Shutting down and abandoning module SubversionSourceControl (310)
[2020.03.22-15.44.04:174][642]LogModuleManager: Shutting down and abandoning module PerforceSourceControl (308)
[2020.03.22-15.44.04:176][642]LogModuleManager: Shutting down and abandoning module GitSourceControl (306)
[2020.03.22-15.44.04:178][642]LogModuleManager: Shutting down and abandoning module SourceControl (305)
[2020.03.22-15.44.04:180][642]LogModuleManager: Shutting down and abandoning module CLionSourceCodeAccess (302)
[2020.03.22-15.44.04:181][642]LogModuleManager: Shutting down and abandoning module LightPropagationVolumeEditor (300)
[2020.03.22-15.44.04:181][642]LogModuleManager: Shutting down and abandoning module PaperTiledImporter (298)
[2020.03.22-15.44.04:181][642]LogModuleManager: Shutting down and abandoning module PaperSpriteSheetImporter (296)
[2020.03.22-15.44.04:181][642]LogModuleManager: Shutting down and abandoning module Paper2DEditor (294)
[2020.03.22-15.44.04:182][642]LogModuleManager: Shutting down and abandoning module MeshPaint (293)
[2020.03.22-15.44.04:182][642]LogModuleManager: Shutting down and abandoning module RuntimePhysXCooking (288)
[2020.03.22-15.44.04:183][642]LogModuleManager: Shutting down and abandoning module PhysXVehiclesEditor (286)
[2020.03.22-15.44.04:183][642]LogModuleManager: Shutting down and abandoning module PhysXVehicles (284)
[2020.03.22-15.44.04:183][642]LogModuleManager: Shutting down and abandoning module OculusEditor (282)
[2020.03.22-15.44.04:183][642]LogModuleManager: Shutting down and abandoning module LocationServicesBPLibrary (280)
[2020.03.22-15.44.04:183][642]LogModuleManager: Shutting down and abandoning module ImmediatePhysicsEditor (278)
[2020.03.22-15.44.04:183][642]LogModuleManager: Shutting down and abandoning module ImmediatePhysics (276)
[2020.03.22-15.44.04:185][642]LogModuleManager: Shutting down and abandoning module ActorSequence (274)
[2020.03.22-15.44.04:185][642]LogModuleManager: Shutting down and abandoning module UdpMessaging (272)
[2020.03.22-15.44.04:285][642]LogModuleManager: Shutting down and abandoning module TcpMessaging (270)
[2020.03.22-15.44.04:387][642]LogModuleManager: Shutting down and abandoning module GameplayTagsEditor (268)
[2020.03.22-15.44.04:388][642]LogModuleManager: Shutting down and abandoning module FacialAnimationEditor (266)
[2020.03.22-15.44.04:388][642]LogModuleManager: Shutting down and abandoning module FacialAnimation (264)
[2020.03.22-15.44.04:388][642]LogModuleManager: Shutting down and abandoning module DataValidation (262)
[2020.03.22-15.44.04:388][642]LogModuleManager: Shutting down and abandoning module AssetManagerEditor (260)
[2020.03.22-15.44.04:389][642]LogModuleManager: Shutting down and abandoning module LevelEditor (259)
[2020.03.22-15.44.04:393][642]LogModuleManager: Shutting down and abandoning module PixelInspectorModule (258)
[2020.03.22-15.44.04:393][642]LogModuleManager: Shutting down and abandoning module CommonMenuExtensions (256)
[2020.03.22-15.44.04:394][642]LogModuleManager: Shutting down and abandoning module MainFrame (254)
[2020.03.22-15.44.04:394][642]LogModuleManager: Shutting down and abandoning module HotReload (253)
[2020.03.22-15.44.04:394][642]LogDirectoryWatcher: A directory notification for 'C:/Users/HY_Raptop/OneDrive/Desktop/GitHub/UnrealTutorial/ArenaBattle/Binaries/Win64' was aborted.
[2020.03.22-15.44.04:396][642]LogModuleManager: Shutting down and abandoning module ContentBrowser (249)
[2020.03.22-15.44.04:399][642]LogModuleManager: Shutting down and abandoning module TreeMap (247)
[2020.03.22-15.44.04:400][642]LogModuleManager: Shutting down and abandoning module LightPropagationVolumeRuntime (244)
[2020.03.22-15.44.04:400][642]LogModuleManager: Shutting down and abandoning module LiveLinkEditor (242)
[2020.03.22-15.44.04:401][642]LogModuleManager: Shutting down and abandoning module LiveLink (240)
[2020.03.22-15.44.05:172][642]LogModuleManager: Shutting down and abandoning module Paper2D (238)
[2020.03.22-15.44.05:173][642]LogModuleManager: Shutting down and abandoning module WindowsMoviePlayer (236)
[2020.03.22-15.44.05:173][642]LogModuleManager: Shutting down and abandoning module WmfMedia (234)
[2020.03.22-15.44.05:176][642]LogModuleManager: Shutting down and abandoning module Media (233)
[2020.03.22-15.44.05:183][642]LogModuleManager: Shutting down and abandoning module PacketHandler (230)
[2020.03.22-15.44.05:183][642]LogModuleManager: Shutting down and abandoning module ClothingSystemEditor (228)
[2020.03.22-15.44.05:183][642]LogModuleManager: Shutting down and abandoning module ClothingSystemRuntime (226)
[2020.03.22-15.44.05:184][642]LogModuleManager: Shutting down and abandoning module MediaAssets (224)
[2020.03.22-15.44.05:184][642]LogModuleManager: Shutting down and abandoning module Overlay (222)
[2020.03.22-15.44.05:184][642]LogModuleManager: Shutting down and abandoning module OverlayEditor (221)
[2020.03.22-15.44.05:184][642]LogModuleManager: Shutting down and abandoning module VREditor (218)
[2020.03.22-15.44.05:185][642]LogModuleManager: Shutting down and abandoning module StringTableEditor (216)
[2020.03.22-15.44.05:185][642]LogModuleManager: Shutting down and abandoning module GameplayTasksEditor (214)
[2020.03.22-15.44.05:185][642]LogModuleManager: Shutting down and abandoning module BehaviorTreeEditor (212)
[2020.03.22-15.44.05:188][642]LogModuleManager: Shutting down and abandoning module FunctionalTesting (210)
[2020.03.22-15.44.05:189][642]LogModuleManager: Shutting down and abandoning module CollisionAnalyzer (208)
[2020.03.22-15.44.05:190][642]LogModuleManager: Shutting down and abandoning module WorkspaceMenuStructure (207)
[2020.03.22-15.44.05:190][642]LogModuleManager: Shutting down and abandoning module UMG (204)
[2020.03.22-15.44.05:191][642]LogModuleManager: Shutting down and abandoning module UMGEditor (203)
[2020.03.22-15.44.05:194][642]LogModuleManager: Shutting down and abandoning module Sequencer (202)
[2020.03.22-15.44.05:196][642]LogModuleManager: Shutting down and abandoning module MessageLog (199)
[2020.03.22-15.44.05:196][642]LogModuleManager: Shutting down and abandoning module SlateReflector (194)
[2020.03.22-15.44.05:199][642]LogModuleManager: Shutting down and abandoning module Slate (192)
[2020.03.22-15.44.05:199][642]LogModuleManager: Shutting down and abandoning module EditorStyle (190)
[2020.03.22-15.44.05:203][642]LogModuleManager: Shutting down and abandoning module MRMesh (188)
[2020.03.22-15.44.05:204][642]LogModuleManager: Shutting down and abandoning module SourceCodeAccess (186)
[2020.03.22-15.44.05:204][642]LogModuleManager: Shutting down and abandoning module HeadMountedDisplay (184)
[2020.03.22-15.44.05:204][642]LogModuleManager: Shutting down and abandoning module XAudio2 (182)
[2020.03.22-15.44.05:204][642]LogModuleManager: Shutting down and abandoning module Networking (180)
[2020.03.22-15.44.05:204][642]LogModuleManager: Shutting down and abandoning module Core (178)
[2020.03.22-15.44.05:204][642]LogModuleManager: Shutting down and abandoning module LevelSequence (176)
[2020.03.22-15.44.05:204][642]LogModuleManager: Shutting down and abandoning module KismetCompiler (174)
[2020.03.22-15.44.05:206][642]LogModuleManager: Shutting down and abandoning module MeshUtilities (172)
[2020.03.22-15.44.05:206][642]LogModuleManager: Shutting down and abandoning module MeshMergeUtilities (171)
[2020.03.22-15.44.05:206][642]LogModuleManager: Shutting down and abandoning module MeshReductionInterface (170)
[2020.03.22-15.44.05:206][642]LogModuleManager: Shutting down and abandoning module SimplygonSwarm (169)
[2020.03.22-15.44.05:207][642]LogModuleManager: Shutting down and abandoning module SimplygonMeshReduction (167)
[2020.03.22-15.44.05:208][642]LogModuleManager: Shutting down and abandoning module QuadricMeshReduction (165)
[2020.03.22-15.44.05:209][642]LogModuleManager: Shutting down and abandoning module MaterialBaking (161)
[2020.03.22-15.44.05:209][642]LogModuleManager: Shutting down and abandoning module DirectoryWatcher (157)
[2020.03.22-15.44.05:215][642]LogModuleManager: Shutting down and abandoning module DerivedDataCache (154)
[2020.03.22-15.44.05:267][642]LogDerivedDataCache: Shutdown
[2020.03.22-15.44.05:268][642]LogModuleManager: Shutting down and abandoning module XGEController (152)
[2020.03.22-15.44.05:271][642]LogModuleManager: Shutting down and abandoning module TargetPlatform (150)
[2020.03.22-15.44.05:271][642]LogModuleManager: Shutting down and abandoning module VulkanShaderFormat (149)
[2020.03.22-15.44.05:276][642]LogModuleManager: Shutting down and abandoning module ShaderFormatVectorVM (147)
[2020.03.22-15.44.05:283][642]LogModuleManager: Shutting down and abandoning module ShaderFormatOpenGL (145)
[2020.03.22-15.44.05:285][642]LogModuleManager: Shutting down and abandoning module ShaderFormatD3D (143)
[2020.03.22-15.44.05:289][642]LogModuleManager: Shutting down and abandoning module MetalShaderFormat (141)
[2020.03.22-15.44.05:290][642]LogModuleManager: Shutting down and abandoning module TextureFormatUncompressed (139)
[2020.03.22-15.44.05:290][642]LogModuleManager: Shutting down and abandoning module TextureFormatPVR (137)
[2020.03.22-15.44.05:290][642]LogModuleManager: Shutting down and abandoning module TextureFormatDXT (135)
[2020.03.22-15.44.05:291][642]LogModuleManager: Shutting down and abandoning module TextureFormatIntelISPCTexComp (133)
[2020.03.22-15.44.05:292][642]LogModuleManager: Shutting down and abandoning module TextureFormatASTC (131)
[2020.03.22-15.44.05:292][642]LogModuleManager: Shutting down and abandoning module ImageWrapper (130)
[2020.03.22-15.44.05:292][642]LogModuleManager: Shutting down and abandoning module TextureFormatAndroid (127)
[2020.03.22-15.44.05:292][642]LogModuleManager: Shutting down and abandoning module AudioFormatOpus (125)
[2020.03.22-15.44.05:292][642]LogModuleManager: Shutting down and abandoning module AudioFormatOgg (123)
[2020.03.22-15.44.05:292][642]LogModuleManager: Shutting down and abandoning module AudioFormatADPCM (121)
[2020.03.22-15.44.05:292][642]LogModuleManager: Shutting down and abandoning module LinuxTargetPlatform (119)
[2020.03.22-15.44.05:292][642]LogModuleManager: Shutting down and abandoning module LinuxServerTargetPlatform (117)
[2020.03.22-15.44.05:292][642]LogModuleManager: Shutting down and abandoning module LinuxNoEditorTargetPlatform (115)
[2020.03.22-15.44.05:292][642]LogModuleManager: Shutting down and abandoning module LinuxClientTargetPlatform (113)
[2020.03.22-15.44.05:292][642]LogModuleManager: Shutting down and abandoning module TVOSTargetPlatform (111)
[2020.03.22-15.44.05:292][642]LogModuleManager: Shutting down and abandoning module Messaging (109)
[2020.03.22-15.44.05:292][642]LogModuleManager: Shutting down and abandoning module IOSTargetPlatform (107)
[2020.03.22-15.44.05:292][642]LogModuleManager: Shutting down and abandoning module HTML5TargetPlatform (105)
[2020.03.22-15.44.05:292][642]LogModuleManager: Shutting down and abandoning module AndroidTargetPlatform (103)
[2020.03.22-15.44.05:292][642]LogModuleManager: Shutting down and abandoning module Android_PVRTCTargetPlatform (101)
[2020.03.22-15.44.05:293][642]LogModuleManager: Shutting down and abandoning module Android_MultiTargetPlatform (99)
[2020.03.22-15.44.05:293][642]LogModuleManager: Shutting down and abandoning module Android_ETC2TargetPlatform (97)
[2020.03.22-15.44.05:293][642]LogModuleManager: Shutting down and abandoning module Android_ETC1TargetPlatform (95)
[2020.03.22-15.44.05:293][642]LogModuleManager: Shutting down and abandoning module Android_ETC1aTargetPlatform (93)
[2020.03.22-15.44.05:293][642]LogModuleManager: Shutting down and abandoning module Android_DXTTargetPlatform (91)
[2020.03.22-15.44.05:293][642]LogModuleManager: Shutting down and abandoning module Android_ATCTargetPlatform (89)
[2020.03.22-15.44.05:293][642]LogModuleManager: Shutting down and abandoning module Android_ASTCTargetPlatform (87)
[2020.03.22-15.44.05:293][642]LogModuleManager: Shutting down and abandoning module WindowsTargetPlatform (85)
[2020.03.22-15.44.05:293][642]LogModuleManager: Shutting down and abandoning module WindowsServerTargetPlatform (83)
[2020.03.22-15.44.05:293][642]LogModuleManager: Shutting down and abandoning module WindowsNoEditorTargetPlatform (81)
[2020.03.22-15.44.05:293][642]LogModuleManager: Shutting down and abandoning module WindowsClientTargetPlatform (79)
[2020.03.22-15.44.05:294][642]LogModuleManager: Shutting down and abandoning module MacTargetPlatform (77)
[2020.03.22-15.44.05:294][642]LogModuleManager: Shutting down and abandoning module MacServerTargetPlatform (75)
[2020.03.22-15.44.05:294][642]LogModuleManager: Shutting down and abandoning module MacNoEditorTargetPlatform (73)
[2020.03.22-15.44.05:294][642]LogModuleManager: Shutting down and abandoning module MacClientTargetPlatform (71)
[2020.03.22-15.44.05:294][642]LogModuleManager: Shutting down and abandoning module AllDesktopTargetPlatform (69)
[2020.03.22-15.44.05:294][642]LogModuleManager: Shutting down and abandoning module InputCore (66)
[2020.03.22-15.44.05:294][642]LogModuleManager: Shutting down and abandoning module Settings (64)
[2020.03.22-15.44.05:294][642]LogModuleManager: Shutting down and abandoning module PhysXCooking (62)
[2020.03.22-15.44.05:294][642]LogModuleManager: Shutting down and abandoning module SteamVR (60)
[2020.03.22-15.44.05:294][642]LogModuleManager: Shutting down and abandoning module OculusHMD (58)
[2020.03.22-15.44.05:295][642]LogModuleManager: Shutting down and abandoning module ExampleDeviceProfileSelector (56)
[2020.03.22-15.44.05:295][642]LogModuleManager: Shutting down and abandoning module AppleARKit (54)
[2020.03.22-15.44.05:295][642]LogModuleManager: Shutting down and abandoning module AugmentedReality (51)
[2020.03.22-15.44.05:295][642]LogModuleManager: Shutting down and abandoning module OnlineBlueprintSupport (48)
[2020.03.22-15.44.05:295][642]LogModuleManager: Shutting down and abandoning module OnlineSubsystem (44)
[2020.03.22-15.44.05:298][642]LogModuleManager: Shutting down and abandoning module XMPP (43)
[2020.03.22-15.44.05:300][642]LogModuleManager: Shutting down and abandoning module HTTP (41)
[2020.03.22-15.44.05:301][642]LogHttp: Display: Http module shutting down, but needs to wait on 1 outstanding Http requests:
[2020.03.22-15.44.05:301][642]LogHttp: Display: 	verb=[POST] url=[https://datarouter.ol.epicgames.com/datarouter/api/v1/public/data?SessionID=%7B6D91DE30-4FAE-C7A4-3136-65B88612CDB5%7D&AppID=UEEditor.Rocket.Release&AppVersion=4.19.2-4033788%2B%2B%2BUE4%2BRelease-4.19&UserID=c8fb612540f59b3f3e94f88bb5afe880%7Ce4f96d32438840c286642a886185b54b%7C36978b30-6d45-42bd-a30d-63dbb759e69b&AppEnvironment=datacollector-binary&UploadType=eteventstream] status=Processing
[2020.03.22-15.44.05:360][642]LogModuleManager: Shutting down and abandoning module SSL (40)
[2020.03.22-15.44.05:365][642]LogModuleManager: Shutting down and abandoning module AnimationModifiers (36)
[2020.03.22-15.44.05:367][642]LogModuleManager: Shutting down and abandoning module PropertyEditor (35)
[2020.03.22-15.44.05:371][642]LogModuleManager: Shutting down and abandoning module AudioEditor (32)
[2020.03.22-15.44.05:375][642]LogModuleManager: Shutting down and abandoning module TextureCompressor (30)
[2020.03.22-15.44.05:379][642]LogModuleManager: Shutting down and abandoning module ShaderCore (28)
[2020.03.22-15.44.05:379][642]LogModuleManager: Shutting down and abandoning module Landscape (26)
[2020.03.22-15.44.05:379][642]LogModuleManager: Shutting down and abandoning module SlateRHIRenderer (24)
[2020.03.22-15.44.05:386][642]LogModuleManager: Shutting down and abandoning module OpenGLDrv (22)
[2020.03.22-15.44.05:386][642]LogModuleManager: Shutting down and abandoning module D3D11RHI (20)
[2020.03.22-15.44.05:387][642]LogModuleManager: Shutting down and abandoning module AnimGraphRuntime (18)
[2020.03.22-15.44.05:387][642]LogModuleManager: Shutting down and abandoning module Renderer (16)
[2020.03.22-15.44.05:387][642]LogModuleManager: Shutting down and abandoning module Engine (14)
[2020.03.22-15.44.05:387][642]LogModuleManager: Shutting down and abandoning module CoreUObject (12)
[2020.03.22-15.44.05:387][642]LogModuleManager: Shutting down and abandoning module NetworkFile (10)
[2020.03.22-15.44.05:387][642]LogModuleManager: Shutting down and abandoning module CookedIterativeFile (8)
[2020.03.22-15.44.05:387][642]LogModuleManager: Shutting down and abandoning module StreamingFile (6)
[2020.03.22-15.44.05:387][642]LogModuleManager: Shutting down and abandoning module SandboxFile (4)
[2020.03.22-15.44.05:391][642]LogModuleManager: Shutting down and abandoning module PakFile (2)
[2020.03.22-15.44.05:407][642]LogExit: Exiting.
[2020.03.22-15.44.05:423][642]Log file closed, 03/23/20 00:44:05
