Log file open, 03/23/20 01:48:20
LogWindows: Failed to load 'aqProf.dll' (GetLastError=126)
LogWindows: File 'aqProf.dll' does not exist
LogWindows: Failed to load 'VtuneApi.dll' (GetLastError=126)
LogWindows: File 'VtuneApi.dll' does not exist
LogWindows: Failed to load 'VtuneApi32e.dll' (GetLastError=126)
LogWindows: File 'VtuneApi32e.dll' does not exist
LogInit: Display: Running engine for game: ArenaBattle
LogPlatformFile: Not using cached read wrapper
LogInit: Display: RandInit(2134261349) SRandInit(2134261350).
LogInit: Read version file with build ID '3944462'
LogInit: Overriding engine version to CL 4033788, compatible CL 3944462
LogInit: Registered custom module enumerator with build ID '3944462'
LogTaskGraph: Started task graph with 5 named threads and 23 total threads with 3 sets of task threads.
LogStats: Stats thread started at 0.270423
LogD3D11RHI: Aftermath initialized
LogICUInternationalization: Display: ICU TimeZone Detection - Raw Offset: +9:00, Platform Override: ''
LogPluginManager: Mounting plugin Paper2D
LogPluginManager: Mounting plugin LiveLink
LogPluginManager: Mounting plugin LightPropagationVolume
LogPluginManager: Mounting plugin CLionSourceCodeAccess
LogPluginManager: Mounting plugin CodeLiteSourceCodeAccess
LogPluginManager: Mounting plugin GitSourceControl
LogPluginManager: Mounting plugin KDevelopSourceCodeAccess
LogPluginManager: Mounting plugin NullSourceCodeAccess
LogPluginManager: Mounting plugin PerforceSourceControl
LogPluginManager: Mounting plugin SubversionSourceControl
LogPluginManager: Mounting plugin UObjectPlugin
LogPluginManager: Mounting plugin VisualStudioCodeSourceCodeAccess
LogPluginManager: Mounting plugin VisualStudioSourceCodeAccess
LogPluginManager: Mounting plugin XCodeSourceCodeAccess
LogPluginManager: Mounting plugin AssetManagerEditor
LogPluginManager: Mounting plugin CryptoKeys
LogPluginManager: Mounting plugin DataValidation
LogPluginManager: Mounting plugin FacialAnimation
LogPluginManager: Mounting plugin GameplayTagsEditor
LogPluginManager: Mounting plugin MobileLauncherProfileWizard
LogPluginManager: Mounting plugin PluginBrowser
LogPluginManager: Mounting plugin SpeedTreeImporter
LogPluginManager: Mounting plugin DatasmithContent
LogPluginManager: Mounting plugin AlembicImporter
LogPluginManager: Mounting plugin CharacterAI
LogPluginManager: Mounting plugin HTML5Networking
LogPluginManager: Mounting plugin AndroidMedia
LogPluginManager: Mounting plugin AvfMedia
LogPluginManager: Mounting plugin ImgMedia
LogPluginManager: Mounting plugin LinearTimecode
LogPluginManager: Mounting plugin MediaCompositing
LogPluginManager: Mounting plugin MediaPlayerEditor
LogPluginManager: Mounting plugin WmfMedia
LogPluginManager: Mounting plugin TcpMessaging
LogPluginManager: Mounting plugin UdpMessaging
LogPluginManager: Mounting plugin ActorSequence
LogPluginManager: Mounting plugin LevelSequenceEditor
LogPluginManager: Mounting plugin MatineeToLevelSequence
LogPluginManager: Mounting plugin NetcodeUnitTest
LogPluginManager: Mounting plugin NUTUnrealEngine4
LogPluginManager: Mounting plugin OnlineSubsystemGooglePlay
LogPluginManager: Mounting plugin OnlineSubsystemIOS
LogPluginManager: Mounting plugin OnlineSubsystem
LogPluginManager: Mounting plugin OnlineSubsystemNull
LogPluginManager: Mounting plugin OnlineSubsystemUtils
LogPluginManager: Mounting plugin AndroidDeviceProfileSelector
LogPluginManager: Mounting plugin AndroidMoviePlayer
LogPluginManager: Mounting plugin AndroidPermission
LogPluginManager: Mounting plugin AppleARKit
LogPluginManager: Mounting plugin AppleMoviePlayer
LogPluginManager: Mounting plugin ArchVisCharacter
LogPluginManager: Mounting plugin AudioCapture
LogPluginManager: Mounting plugin CableComponent
LogPluginManager: Mounting plugin CustomMeshComponent
LogPluginManager: Mounting plugin ExampleDeviceProfileSelector
LogPluginManager: Mounting plugin GoogleCloudMessaging
LogPluginManager: Mounting plugin ImmediatePhysics
LogPluginManager: Mounting plugin IOSDeviceProfileSelector
LogPluginManager: Mounting plugin LinuxDeviceProfileSelector
LogPluginManager: Mounting plugin LocationServicesBPLibrary
LogPluginManager: Mounting plugin MobilePatchingUtils
LogPluginManager: Mounting plugin OculusVR
LogPluginManager: Plugin shader directory ../../../Engine/Plugins/Runtime/Oculus/OculusVR/Shaders found
LogPluginManager: Mapping shader source directory ../../../Engine/Plugins/Runtime/Oculus/OculusVR/Shaders to virtual directory /Plugin/OculusVR
LogPluginManager: Mounting plugin PhysXVehicles
LogPluginManager: Mounting plugin ProceduralMeshComponent
LogPluginManager: Mounting plugin RuntimePhysXCooking
LogPluginManager: Mounting plugin SteamVR
LogPluginManager: Mounting plugin WindowsMoviePlayer
LogStreaming: Display: Took  0.133s to configure plugins.
LogModuleManager: Display: Found up-to-date module file C:/Users/wingk/Desktop/GitHub/ArenaBattle/ArenaBattle/Binaries/Win64/UE4Editor-ArenaBattle.dll (API version 3944462).
LogModuleManager: Display: Found up-to-date module file ../../../Engine/Plugins/2D/Paper2D/Binaries/Win64/UE4Editor-Paper2D.dll (API version 3944462).
LogModuleManager: Display: Found up-to-date module file ../../../Engine/Plugins/2D/Paper2D/Binaries/Win64/UE4Editor-Paper2DEditor.dll (API version 3944462).
LogModuleManager: Display: Found up-to-date module file ../../../Engine/Plugins/2D/Paper2D/Binaries/Win64/UE4Editor-PaperSpriteSheetImporter.dll (API version 3944462).
LogModuleManager: Display: Found up-to-date module file ../../../Engine/Plugins/2D/Paper2D/Binaries/Win64/UE4Editor-PaperTiledImporter.dll (API version 3944462).
LogModuleManager: Display: Found up-to-date module file ../../../Engine/Plugins/2D/Paper2D/Binaries/Win64/UE4Editor-SmartSnapping.dll (API version 3944462).
LogModuleManager: Display: Found up-to-date module file ../../../Engine/Plugins/Animation/LiveLink/Binaries/Win64/UE4Editor-LiveLink.dll (API version 3944462).
LogModuleManager: Display: Found up-to-date module file ../../../Engine/Plugins/Animation/LiveLink/Binaries/Win64/UE4Editor-LiveLinkEditor.dll (API version 3944462).
LogModuleManager: Display: Found up-to-date module file ../../../Engine/Plugins/Blendables/LightPropagationVolume/Binaries/Win64/UE4Editor-LightPropagationVolumeRuntime.dll (API version 3944462).
LogModuleManager: Display: Found up-to-date module file ../../../Engine/Plugins/Blendables/LightPropagationVolume/Binaries/Win64/UE4Editor-LightPropagationVolumeEditor.dll (API version 3944462).
LogModuleManager: Display: Found up-to-date module file ../../../Engine/Plugins/Developer/CLionSourceCodeAccess/Binaries/Win64/UE4Editor-CLionSourceCodeAccess.dll (API version 3944462).
LogModuleManager: Display: Found up-to-date module file ../../../Engine/Plugins/Developer/GitSourceControl/Binaries/Win64/UE4Editor-GitSourceControl.dll (API version 3944462).
LogModuleManager: Display: Found up-to-date module file ../../../Engine/Plugins/Developer/PerforceSourceControl/Binaries/Win64/UE4Editor-PerforceSourceControl.dll (API version 3944462).
LogModuleManager: Display: Found up-to-date module file ../../../Engine/Plugins/Developer/SubversionSourceControl/Binaries/Win64/UE4Editor-SubversionSourceControl.dll (API version 3944462).
LogModuleManager: Display: Found up-to-date module file ../../../Engine/Plugins/Developer/UObjectPlugin/Binaries/Win64/UE4Editor-UObjectPlugin.dll (API version 3944462).
LogModuleManager: Display: Found up-to-date module file ../../../Engine/Plugins/Developer/VisualStudioCodeSourceCodeAccess/Binaries/Win64/UE4Editor-VisualStudioCodeSourceCodeAccess.dll (API version 3944462).
LogModuleManager: Display: Found up-to-date module file ../../../Engine/Plugins/Developer/VisualStudioSourceCodeAccess/Binaries/Win64/UE4Editor-VisualStudioSourceCodeAccess.dll (API version 3944462).
LogModuleManager: Display: Found up-to-date module file ../../../Engine/Plugins/Editor/AssetManagerEditor/Binaries/Win64/UE4Editor-AssetManagerEditor.dll (API version 3944462).
LogModuleManager: Display: Found up-to-date module file ../../../Engine/Plugins/Editor/CryptoKeys/Binaries/Win64/UE4Editor-CryptoKeys.dll (API version 3944462).
LogModuleManager: Display: Found up-to-date module file ../../../Engine/Plugins/Editor/CryptoKeys/Binaries/Win64/UE4Editor-CryptoKeysOpenSSL.dll (API version 3944462).
LogModuleManager: Display: Found up-to-date module file ../../../Engine/Plugins/Editor/DataValidation/Binaries/Win64/UE4Editor-DataValidation.dll (API version 3944462).
LogModuleManager: Display: Found up-to-date module file ../../../Engine/Plugins/Editor/FacialAnimation/Binaries/Win64/UE4Editor-FacialAnimation.dll (API version 3944462).
LogModuleManager: Display: Found up-to-date module file ../../../Engine/Plugins/Editor/FacialAnimation/Binaries/Win64/UE4Editor-FacialAnimationEditor.dll (API version 3944462).
LogModuleManager: Display: Found up-to-date module file ../../../Engine/Plugins/Editor/GameplayTagsEditor/Binaries/Win64/UE4Editor-GameplayTagsEditor.dll (API version 3944462).
LogModuleManager: Display: Found up-to-date module file ../../../Engine/Plugins/Editor/MobileLauncherProfileWizard/Binaries/Win64/UE4Editor-MobileLauncherProfileWizard.dll (API version 3944462).
LogModuleManager: Display: Found up-to-date module file ../../../Engine/Plugins/Editor/PluginBrowser/Binaries/Win64/UE4Editor-PluginBrowser.dll (API version 3944462).
LogModuleManager: Display: Found up-to-date module file ../../../Engine/Plugins/Editor/SpeedTreeImporter/Binaries/Win64/UE4Editor-SpeedTreeImporter.dll (API version 3944462).
LogModuleManager: Display: Found up-to-date module file ../../../Engine/Plugins/Enterprise/DatasmithContent/Binaries/Win64/UE4Editor-DatasmithContent.dll (API version 3944462).
LogModuleManager: Display: Found up-to-date module file ../../../Engine/Plugins/Experimental/AlembicImporter/Binaries/Win64/UE4Editor-AlembicImporter.dll (API version 3944462).
LogModuleManager: Display: Found up-to-date module file ../../../Engine/Plugins/Experimental/AlembicImporter/Binaries/Win64/UE4Editor-AlembicLibrary.dll (API version 3944462).
LogModuleManager: Display: Found up-to-date module file ../../../Engine/Plugins/Experimental/CharacterAI/Binaries/Win64/UE4Editor-CharacterAI.dll (API version 3944462).
LogModuleManager: Display: Found up-to-date module file ../../../Engine/Plugins/Experimental/HTML5Networking/Binaries/Win64/UE4Editor-HTML5Networking.dll (API version 3944462).
LogModuleManager: Display: Found up-to-date module file ../../../Engine/Plugins/Media/AndroidMedia/Binaries/Win64/UE4Editor-AndroidMediaEditor.dll (API version 3944462).
LogModuleManager: Display: Found up-to-date module file ../../../Engine/Plugins/Media/AndroidMedia/Binaries/Win64/UE4Editor-AndroidMediaFactory.dll (API version 3944462).
LogModuleManager: Display: Found up-to-date module file ../../../Engine/Plugins/Media/AvfMedia/Binaries/Win64/UE4Editor-AvfMediaEditor.dll (API version 3944462).
LogModuleManager: Display: Found up-to-date module file ../../../Engine/Plugins/Media/AvfMedia/Binaries/Win64/UE4Editor-AvfMediaFactory.dll (API version 3944462).
LogModuleManager: Display: Found up-to-date module file ../../../Engine/Plugins/Media/AvfMedia/Binaries/Win64/UE4Editor-AvfMediaFactory.dll (API version 3944462).
LogModuleManager: Display: Found up-to-date module file ../../../Engine/Plugins/Media/ImgMedia/Binaries/Win64/UE4Editor-ImgMedia.dll (API version 3944462).
LogModuleManager: Display: Found up-to-date module file ../../../Engine/Plugins/Media/ImgMedia/Binaries/Win64/UE4Editor-ImgMediaEditor.dll (API version 3944462).
LogModuleManager: Display: Found up-to-date module file ../../../Engine/Plugins/Media/ImgMedia/Binaries/Win64/UE4Editor-ImgMediaFactory.dll (API version 3944462).
LogModuleManager: Display: Found up-to-date module file ../../../Engine/Plugins/Media/ImgMedia/Binaries/Win64/UE4Editor-ImgMediaFactory.dll (API version 3944462).
LogModuleManager: Display: Found up-to-date module file ../../../Engine/Plugins/Media/ImgMedia/Binaries/Win64/UE4Editor-OpenExrWrapper.dll (API version 3944462).
LogModuleManager: Display: Found up-to-date module file ../../../Engine/Plugins/Media/LinearTimecode/Binaries/Win64/UE4Editor-LinearTimecode.dll (API version 3944462).
LogModuleManager: Display: Found up-to-date module file ../../../Engine/Plugins/Media/MediaCompositing/Binaries/Win64/UE4Editor-MediaCompositing.dll (API version 3944462).
LogModuleManager: Display: Found up-to-date module file ../../../Engine/Plugins/Media/MediaCompositing/Binaries/Win64/UE4Editor-MediaCompositingEditor.dll (API version 3944462).
LogModuleManager: Display: Found up-to-date module file ../../../Engine/Plugins/Media/MediaPlayerEditor/Binaries/Win64/UE4Editor-MediaPlayerEditor.dll (API version 3944462).
LogModuleManager: Display: Found up-to-date module file ../../../Engine/Plugins/Media/WmfMedia/Binaries/Win64/UE4Editor-WmfMedia.dll (API version 3944462).
LogModuleManager: Display: Found up-to-date module file ../../../Engine/Plugins/Media/WmfMedia/Binaries/Win64/UE4Editor-WmfMediaEditor.dll (API version 3944462).
LogModuleManager: Display: Found up-to-date module file ../../../Engine/Plugins/Media/WmfMedia/Binaries/Win64/UE4Editor-WmfMediaFactory.dll (API version 3944462).
LogModuleManager: Display: Found up-to-date module file ../../../Engine/Plugins/Media/WmfMedia/Binaries/Win64/UE4Editor-WmfMediaFactory.dll (API version 3944462).
LogModuleManager: Display: Found up-to-date module file ../../../Engine/Plugins/Messaging/TcpMessaging/Binaries/Win64/UE4Editor-TcpMessaging.dll (API version 3944462).
LogModuleManager: Display: Found up-to-date module file ../../../Engine/Plugins/Messaging/UdpMessaging/Binaries/Win64/UE4Editor-UdpMessaging.dll (API version 3944462).
LogModuleManager: Display: Found up-to-date module file ../../../Engine/Plugins/MovieScene/ActorSequence/Binaries/Win64/UE4Editor-ActorSequence.dll (API version 3944462).
LogModuleManager: Display: Found up-to-date module file ../../../Engine/Plugins/MovieScene/LevelSequenceEditor/Binaries/Win64/UE4Editor-LevelSequenceEditor.dll (API version 3944462).
LogModuleManager: Display: Found up-to-date module file ../../../Engine/Plugins/MovieScene/MatineeToLevelSequence/Binaries/Win64/UE4Editor-MatineeToLevelSequence.dll (API version 3944462).
LogModuleManager: Display: Found up-to-date module file ../../../Engine/Plugins/NetcodeUnitTest/NetcodeUnitTest/Binaries/Win64/UE4Editor-NetcodeUnitTest.dll (API version 3944462).
LogModuleManager: Display: Found up-to-date module file ../../../Engine/Plugins/NetcodeUnitTest/NUTUnrealEngine4/Binaries/Win64/UE4Editor-NUTUnrealEngine4.dll (API version 3944462).
LogModuleManager: Display: Found up-to-date module file ../../../Engine/Plugins/Online/OnlineSubsystem/Binaries/Win64/UE4Editor-OnlineSubsystem.dll (API version 3944462).
LogModuleManager: Display: Found up-to-date module file ../../../Engine/Plugins/Online/OnlineSubsystemNull/Binaries/Win64/UE4Editor-OnlineSubsystemNull.dll (API version 3944462).
LogModuleManager: Display: Found up-to-date module file ../../../Engine/Plugins/Online/OnlineSubsystemUtils/Binaries/Win64/UE4Editor-OnlineSubsystemUtils.dll (API version 3944462).
LogModuleManager: Display: Found up-to-date module file ../../../Engine/Plugins/Online/OnlineSubsystemUtils/Binaries/Win64/UE4Editor-OnlineBlueprintSupport.dll (API version 3944462).
LogModuleManager: Display: Found up-to-date module file ../../../Engine/Plugins/Runtime/AndroidDeviceProfileSelector/Binaries/Win64/UE4Editor-AndroidDeviceProfileSelector.dll (API version 3944462).
LogModuleManager: Display: Found up-to-date module file ../../../Engine/Plugins/Runtime/AndroidPermission/Binaries/Win64/UE4Editor-AndroidPermission.dll (API version 3944462).
LogModuleManager: Display: Found up-to-date module file ../../../Engine/Plugins/Runtime/AppleARKit/Binaries/Win64/UE4Editor-AppleARKit.dll (API version 3944462).
LogModuleManager: Display: Found up-to-date module file ../../../Engine/Plugins/Runtime/ArchVisCharacter/Binaries/Win64/UE4Editor-ArchVisCharacter.dll (API version 3944462).
LogModuleManager: Display: Found up-to-date module file ../../../Engine/Plugins/Runtime/AudioCapture/Binaries/Win64/UE4Editor-AudioCapture.dll (API version 3944462).
LogModuleManager: Display: Found up-to-date module file ../../../Engine/Plugins/Runtime/AudioCapture/Binaries/Win64/UE4Editor-AudioCaptureEditor.dll (API version 3944462).
LogModuleManager: Display: Found up-to-date module file ../../../Engine/Plugins/Runtime/CableComponent/Binaries/Win64/UE4Editor-CableComponent.dll (API version 3944462).
LogModuleManager: Display: Found up-to-date module file ../../../Engine/Plugins/Runtime/CustomMeshComponent/Binaries/Win64/UE4Editor-CustomMeshComponent.dll (API version 3944462).
LogModuleManager: Display: Found up-to-date module file ../../../Engine/Plugins/Runtime/ExampleDeviceProfileSelector/Binaries/Win64/UE4Editor-ExampleDeviceProfileSelector.dll (API version 3944462).
LogModuleManager: Display: Found up-to-date module file ../../../Engine/Plugins/Runtime/ImmediatePhysics/Binaries/Win64/UE4Editor-ImmediatePhysics.dll (API version 3944462).
LogModuleManager: Display: Found up-to-date module file ../../../Engine/Plugins/Runtime/ImmediatePhysics/Binaries/Win64/UE4Editor-ImmediatePhysicsEditor.dll (API version 3944462).
LogModuleManager: Display: Found up-to-date module file ../../../Engine/Plugins/Runtime/LocationServicesBPLibrary/Binaries/Win64/UE4Editor-LocationServicesBPLibrary.dll (API version 3944462).
LogModuleManager: Display: Found up-to-date module file ../../../Engine/Plugins/Runtime/MobilePatchingUtils/Binaries/Win64/UE4Editor-MobilePatchingUtils.dll (API version 3944462).
LogModuleManager: Display: Found up-to-date module file ../../../Engine/Plugins/Runtime/Oculus/OculusVR/Binaries/Win64/UE4Editor-OculusHMD.dll (API version 3944462).
LogModuleManager: Display: Found up-to-date module file ../../../Engine/Plugins/Runtime/Oculus/OculusVR/Binaries/Win64/UE4Editor-OculusInput.dll (API version 3944462).
LogModuleManager: Display: Found up-to-date module file ../../../Engine/Plugins/Runtime/Oculus/OculusVR/Binaries/Win64/UE4Editor-OculusEditor.dll (API version 3944462).
LogModuleManager: Display: Found up-to-date module file ../../../Engine/Plugins/Runtime/PhysXVehicles/Binaries/Win64/UE4Editor-PhysXVehicles.dll (API version 3944462).
LogModuleManager: Display: Found up-to-date module file ../../../Engine/Plugins/Runtime/PhysXVehicles/Binaries/Win64/UE4Editor-PhysXVehiclesEditor.dll (API version 3944462).
LogModuleManager: Display: Found up-to-date module file ../../../Engine/Plugins/Runtime/ProceduralMeshComponent/Binaries/Win64/UE4Editor-ProceduralMeshComponent.dll (API version 3944462).
LogModuleManager: Display: Found up-to-date module file ../../../Engine/Plugins/Runtime/ProceduralMeshComponent/Binaries/Win64/UE4Editor-ProceduralMeshComponentEditor.dll (API version 3944462).
LogModuleManager: Display: Found up-to-date module file ../../../Engine/Plugins/Runtime/RuntimePhysXCooking/Binaries/Win64/UE4Editor-RuntimePhysXCooking.dll (API version 3944462).
LogModuleManager: Display: Found up-to-date module file ../../../Engine/Plugins/Runtime/Steam/SteamVR/Binaries/Win64/UE4Editor-SteamVR.dll (API version 3944462).
LogModuleManager: Display: Found up-to-date module file ../../../Engine/Plugins/Runtime/Steam/SteamVR/Binaries/Win64/UE4Editor-SteamVRController.dll (API version 3944462).
LogModuleManager: Display: Found up-to-date module file ../../../Engine/Plugins/Runtime/WindowsMoviePlayer/Binaries/Win64/UE4Editor-WindowsMoviePlayer.dll (API version 3944462).
LogInit: Using libcurl 7.47.1
LogInit:  - built for x86_64-pc-win32
LogInit:  - supports SSL with OpenSSL/1.0.2g
LogInit:  - supports HTTP deflate (compression) using libz 1.2.8
LogInit:  - other features:
LogInit:      CURL_VERSION_SSL
LogInit:      CURL_VERSION_LIBZ
LogInit:      CURL_VERSION_IPV6
LogInit:      CURL_VERSION_ASYNCHDNS
LogInit:      CURL_VERSION_LARGEFILE
LogInit:      CURL_VERSION_IDN
LogInit:  CurlRequestOptions (configurable via config and command line):
LogInit:  - bVerifyPeer = false  - Libcurl will NOT verify peer certificate
LogInit:  - bUseHttpProxy = false  - Libcurl will NOT use HTTP proxy
LogInit:  - bDontReuseConnections = false  - Libcurl will reuse connections
LogInit:  - CertBundlePath = nullptr  - Libcurl will use whatever was configured at build time.
LogInit:  - MaxHostConnections = 16  - Libcurl will limit the number of connections to a host
LogInit:  - LocalHostAddr = Default
LogInit: WinSock: version 1.1 (2.2), MaxSocks=32767, MaxUdp=65467
LogInit: WinSock: I am HYDESK (192.168.0.2:0)
LogInit: Build: ++UE4+Release-4.19-CL-4033788
LogInit: Engine Version: 4.19.2-4033788+++UE4+Release-4.19
LogInit: Compatible Engine Version: 4.19.0-3944462+++UE4+Release-4.19
LogInit: Net CL: 3944462
LogDevObjectVersion: Number of dev versions registered: 18
LogDevObjectVersion:   Dev-Blueprints (B0D832E4-1F89-4F0D-ACCF-7EB736FD4AA2): 10
LogDevObjectVersion:   Dev-Build (E1C64328-A22C-4D53-A36C-8E866417BD8C): 0
LogDevObjectVersion:   Dev-Core (375EC13C-06E4-48FB-B500-84F0262A717E): 2
LogDevObjectVersion:   Dev-Editor (E4B068ED-F494-42E9-A231-DA0B2E46BB41): 23
LogDevObjectVersion:   Dev-Framework (CFFC743F-43B0-4480-9391-14DF171D2073): 33
LogDevObjectVersion:   Dev-Mobile (B02B49B5-BB20-44E9-A304-32B752E40360): 2
LogDevObjectVersion:   Dev-Networking (A4E4105C-59A1-49B5-A7C5-40C4547EDFEE): 0
LogDevObjectVersion:   Dev-Online (39C831C9-5AE6-47DC-9A44-9C173E1C8E7C): 0
LogDevObjectVersion:   Dev-Physics (78F01B33-EBEA-4F98-B9B4-84EACCB95AA2): 0
LogDevObjectVersion:   Dev-Platform (6631380F-2D4D-43E0-8009-CF276956A95A): 0
LogDevObjectVersion:   Dev-Rendering (12F88B9F-8875-4AFC-A67C-D90C383ABD29): 25
LogDevObjectVersion:   Dev-Sequencer (7B5AE74C-D270-4C10-A958-57980B212A5A): 6
LogDevObjectVersion:   Dev-VR (D7296918-1DD6-4BDD-9DE2-64A83CC13884): 1
LogDevObjectVersion:   Dev-LoadTimes (C2A15278-BFE7-4AFE-6C17-90FF531DF755): 1
LogDevObjectVersion:   Private-Geometry (6EACA3D4-40EC-4CC1-B786-8BED09428FC5): 2
LogDevObjectVersion:   Dev-AnimPhys (29E575DD-E0A3-4627-9D10-D276232CDCEA): 16
LogDevObjectVersion:   Dev-ReflectionCapture (6B266CEC-1EC7-4B8F-A30B-E4D90942FC07): 1
LogDevObjectVersion:   Dev-Automation (0DF73D61-A23F-47EA-B727-89E90C41499A): 1
LogInit: Compiled (64-bit): Apr 27 2018 02:06:57
LogInit: Compiled with Visual C++: 19.00.24215.01
LogInit: Build Configuration: Development
LogInit: Branch Name: ++UE4+Release-4.19
LogInit: Command Line:  
LogInit: Base Directory: E:/Engine/UE_4.19/Engine/Binaries/Win64/
LogInit: Installed Engine Build: 1
LogStreaming: Display: Took  0.002s to delete old logs.
LogInit: Presizing for max 8388607 objects, including 0 objects not considered by GC, pre-allocating 0 bytes for permanent pool.
LogInit: Object subsystem initialized
[2020.03.22-16.48.23:355][  0]LogInit: Selected Device Profile: [Windows]
[2020.03.22-16.48.23:355][  0]LogInit: Applying CVar settings loaded from the selected device profile: [Windows]
[2020.03.22-16.48.23:371][  0]LogInit: Computer: HYDESK
[2020.03.22-16.48.23:371][  0]LogInit: User: wingk
[2020.03.22-16.48.23:371][  0]LogInit: CPU Page size=4096, Cores=4
[2020.03.22-16.48.23:371][  0]LogInit: High frequency timer resolution =10.000000 MHz
[2020.03.22-16.48.23:371][  0]LogMemory: Memory total: Physical=15.9GB (16GB approx)
[2020.03.22-16.48.23:372][  0]LogMemory: Platform Memory Stats for Windows
[2020.03.22-16.48.23:372][  0]LogMemory: Process Physical Memory: 275.87 MB used, 275.87 MB peak
[2020.03.22-16.48.23:372][  0]LogMemory: Process Virtual Memory: 264.66 MB used, 264.66 MB peak
[2020.03.22-16.48.23:372][  0]LogMemory: Physical Memory: 7863.11 MB used,  8412.46 MB free, 16275.57 MB total
[2020.03.22-16.48.23:372][  0]LogMemory: Virtual Memory: 4778.88 MB used,  8412.46 MB free, 134217728.00 MB total
[2020.03.22-16.48.23:518][  0]LogInit: Using OS detected language (ko-KR).
[2020.03.22-16.48.23:518][  0]LogInit: Using OS detected locale (ko-KR).
[2020.03.22-16.48.23:546][  0]LogTextLocalizationManager: No specific localization for 'ko-KR' exists, so the 'ko' localization will be used.
[2020.03.22-16.48.23:904][  0]LogStreaming: Display: Took  0.385s to EndInitTextLocalization.
[2020.03.22-16.48.23:906][  0]LogInit: Setting process to per monitor DPI aware
[2020.03.22-16.48.24:004][  0]LogSlate: New Slate User Created.  User Index 0, Is Virtual User: 0
[2020.03.22-16.48.24:004][  0]LogSlate: Slate User Registered.  User Index 0, Is Virtual User: 0
[2020.03.22-16.48.25:357][  0]LogD3D11RHI: D3D11 adapters:
[2020.03.22-16.48.25:445][  0]LogD3D11RHI:    0. 'NVIDIA GeForce GTX 1060 6GB' (Feature Level 11_0)
[2020.03.22-16.48.25:445][  0]LogD3D11RHI:       6052/0/8137 MB DedicatedVideo/DedicatedSystem/SharedSystem, Outputs:2, VendorId:0x10de
[2020.03.22-16.48.25:532][  0]LogD3D11RHI:    1. 'Intel(R) HD Graphics 630' (Feature Level 11_0)
[2020.03.22-16.48.25:532][  0]LogD3D11RHI:       128/0/8137 MB DedicatedVideo/DedicatedSystem/SharedSystem, Outputs:0, VendorId:0x8086
[2020.03.22-16.48.25:537][  0]LogD3D11RHI:    2. 'Microsoft Basic Render Driver' (Feature Level 11_0)
[2020.03.22-16.48.25:537][  0]LogD3D11RHI:       0/0/8137 MB DedicatedVideo/DedicatedSystem/SharedSystem, Outputs:0, VendorId:0x1414
[2020.03.22-16.48.25:537][  0]LogD3D11RHI: Chosen D3D11 Adapter: 0
[2020.03.22-16.48.25:546][  0]LogD3D11RHI: Creating new Direct3DDevice
[2020.03.22-16.48.25:546][  0]LogD3D11RHI:     GPU DeviceId: 0x1c03 (for the marketing name, search the web for "GPU Device Id")
[2020.03.22-16.48.25:546][  0]LogWindows: EnumDisplayDevices:
[2020.03.22-16.48.25:546][  0]LogWindows:    0. 'NVIDIA GeForce GTX 1060 6GB' (P:0 D:1)
[2020.03.22-16.48.25:546][  0]LogWindows:    1. 'NVIDIA GeForce GTX 1060 6GB' (P:1 D:1)
[2020.03.22-16.48.25:547][  0]LogWindows:    2. 'NVIDIA GeForce GTX 1060 6GB' (P:0 D:0)
[2020.03.22-16.48.25:547][  0]LogWindows:    3. 'NVIDIA GeForce GTX 1060 6GB' (P:0 D:0)
[2020.03.22-16.48.25:547][  0]LogWindows:    4. 'Intel(R) HD Graphics 630' (P:0 D:0)
[2020.03.22-16.48.25:547][  0]LogWindows:    5. 'Intel(R) HD Graphics 630' (P:0 D:0)
[2020.03.22-16.48.25:548][  0]LogWindows:    6. 'Intel(R) HD Graphics 630' (P:0 D:0)
[2020.03.22-16.48.25:548][  0]LogWindows: DebugString: GetVideoDriverDetailsInvalid PrimaryIsNotTheChoosenAdapter GetVideoDriverDetailsInvalid PrimaryIsNotTheChoosenAdapter GetVideoDriverDetailsInvalid PrimaryIsNotTheChoosenAdapter GetVideoDriverDetailsInvalid PrimaryIsNotTheChoosenAdapter GetVideoDriverDetailsInvalid PrimaryIsNotTheChoosenAdapter GetVideoDriverDetailsInvalid PrimaryIsNotTheChoosenAdapter GetVideoDriverDetailsInvalid PrimaryIsNotTheChoosenAdapter FoundDriverCount:0 
[2020.03.22-16.48.25:548][  0]LogD3D11RHI:     Adapter Name: NVIDIA GeForce GTX 1060 6GB
[2020.03.22-16.48.25:548][  0]LogD3D11RHI:   Driver Version: Unknown (internal:Unknown, unified:Unknown)
[2020.03.22-16.48.25:548][  0]LogD3D11RHI:      Driver Date: Unknown
[2020.03.22-16.48.25:548][  0]LogRHI: Texture pool is 4236 MB (70% of 6052 MB)
[2020.03.22-16.48.25:593][  0]LogD3D11RHI: [Aftermath] Aftermath enabled and primed
[2020.03.22-16.48.25:593][  0]LogD3D11RHI: [Aftermath] Aftermath enabled and primed
[2020.03.22-16.48.25:593][  0]LogD3D11RHI: Async texture creation enabled
[2020.03.22-16.48.25:634][  0]LogD3D11RHI: GPU Timing Frequency: 1000.000000 (Debug: 2 1)
[2020.03.22-16.48.25:647][  0]LogShaderCompilers: Guid format shader working directory is -7 characters bigger than the processId version (C:/Users/wingk/Desktop/GitHub/ArenaBattle/ArenaBattle/Intermediate/Shaders/WorkingDirectory/4996/).
[2020.03.22-16.48.25:647][  0]LogShaderCompilers: Cleaned the shader compiler working directory 'C:/Users/wingk/AppData/Local/Temp/UnrealShaderWorkingDir/8ED459ED412C20AAC6F1F8B9EB12DB3C/'.
[2020.03.22-16.48.25:937][  0]LogTemp: Display: Loaded TP AllDesktopTargetPlatform
[2020.03.22-16.48.25:952][  0]LogTemp: Display: Loaded TP MacClientTargetPlatform
[2020.03.22-16.48.25:966][  0]LogTemp: Display: Loaded TP MacNoEditorTargetPlatform
[2020.03.22-16.48.25:981][  0]LogTemp: Display: Loaded TP MacServerTargetPlatform
[2020.03.22-16.48.25:998][  0]LogTemp: Display: Loaded TP MacTargetPlatform
[2020.03.22-16.48.26:015][  0]LogTemp: Display: Loaded TP WindowsClientTargetPlatform
[2020.03.22-16.48.26:030][  0]LogTemp: Display: Loaded TP WindowsNoEditorTargetPlatform
[2020.03.22-16.48.26:048][  0]LogTemp: Display: Loaded TP WindowsServerTargetPlatform
[2020.03.22-16.48.26:054][  0]LogTemp: Display: Loaded TP WindowsTargetPlatform
[2020.03.22-16.48.26:067][  0]LogTemp: Display: Loaded TP Android_ASTCTargetPlatform
[2020.03.22-16.48.26:079][  0]LogTemp: Display: Loaded TP Android_ATCTargetPlatform
[2020.03.22-16.48.26:092][  0]LogTemp: Display: Loaded TP Android_DXTTargetPlatform
[2020.03.22-16.48.26:105][  0]LogTemp: Display: Loaded TP Android_ETC1aTargetPlatform
[2020.03.22-16.48.26:121][  0]LogTemp: Display: Loaded TP Android_ETC1TargetPlatform
[2020.03.22-16.48.26:138][  0]LogTemp: Display: Loaded TP Android_ETC2TargetPlatform
[2020.03.22-16.48.26:171][  0]LogTemp: Display: Loaded TP Android_MultiTargetPlatform
[2020.03.22-16.48.26:171][  0]LogTemp: Display: Loaded TP Android_PVRTCTargetPlatform
[2020.03.22-16.48.26:189][  0]LogTemp: Display: Loaded TP AndroidTargetPlatform
[2020.03.22-16.48.26:191][  0]LogTemp: Display: Loaded TP HTML5TargetPlatform
[2020.03.22-16.48.26:238][  0]LogTemp: Display: Loaded TP IOSTargetPlatform
[2020.03.22-16.48.26:249][  0]LogTemp: Display: Loaded TP TVOSTargetPlatform
[2020.03.22-16.48.26:265][  0]LogTemp: Display: Loaded TP LinuxClientTargetPlatform
[2020.03.22-16.48.26:281][  0]LogTemp: Display: Loaded TP LinuxNoEditorTargetPlatform
[2020.03.22-16.48.26:294][  0]LogTemp: Display: Loaded TP LinuxServerTargetPlatform
[2020.03.22-16.48.26:313][  0]LogTemp: Display: Loaded TP LinuxTargetPlatform
[2020.03.22-16.48.26:313][  0]LogTargetPlatformManager: Display: Building Assets For Windows
[2020.03.22-16.48.26:513][  0]LogXGEController: Cleaning working directory: C:/Users/wingk/AppData/Local/Temp/UnrealXGEWorkingDir/
[2020.03.22-16.48.26:514][  0]LogXGEController: Cannot use XGE Controller as Incredibuild is not installed on this machine.
[2020.03.22-16.48.26:514][  0]LogShaderCompilers: Cannot use XGE Shader Compiler as Incredibuild is not installed on this machine.
[2020.03.22-16.48.26:514][  0]LogShaderCompilers: Display: Using Local Shader Compiler.
[2020.03.22-16.48.27:786][  0]LogDerivedDataCache: Display: Max Cache Size: 512 MB
[2020.03.22-16.48.27:786][  0]LogDerivedDataCache: Display: Starting with empty Boot cache
[2020.03.22-16.48.27:786][  0]LogDerivedDataCache: FDerivedDataBackendGraph:  Pak pak cache file C:/Users/wingk/Desktop/GitHub/ArenaBattle/ArenaBattle/DerivedDataCache/DDC.ddp not found, will not use a pak cache.
[2020.03.22-16.48.27:786][  0]LogDerivedDataCache: Unable to find inner node Pak for hierarchical cache Hierarchy.
[2020.03.22-16.48.27:787][  0]LogDerivedDataCache: FDerivedDataBackendGraph:  CompressedPak pak cache file C:/Users/wingk/Desktop/GitHub/ArenaBattle/ArenaBattle/DerivedDataCache/Compressed.ddp not found, will not use a pak cache.
[2020.03.22-16.48.27:787][  0]LogDerivedDataCache: Unable to find inner node CompressedPak for hierarchical cache Hierarchy.
[2020.03.22-16.48.27:806][  0]LogDerivedDataCache: Display: Pak cache opened for reading ../../../Engine/DerivedDataCache/Compressed.ddp.
[2020.03.22-16.48.27:819][  0]LogDerivedDataCache: Using Local data cache path C:/Users/wingk/AppData/Local/UnrealEngine/Common/DerivedDataCache: Writable
[2020.03.22-16.48.27:819][  0]LogDerivedDataCache: Shared data cache path not found in *engine.ini, will not use an Shared cache.
[2020.03.22-16.48.27:819][  0]LogDerivedDataCache: Unable to find inner node Shared for hierarchical cache Hierarchy.
[2020.03.22-16.48.27:843][  0]LogMaterial: Verifying Global Shaders for PCD3D_SM5
[2020.03.22-16.48.27:849][  0]LogSlate: Using Freetype 2.6.0
[2020.03.22-16.48.27:857][  0]LogSlate: SlateFontCache - WITH_FREETYPE: 1, WITH_HARFBUZZ: 1
[2020.03.22-16.48.27:857][  0]LogSlate: SlateFontCache - WITH_FREETYPE: 1, WITH_HARFBUZZ: 1
[2020.03.22-16.48.28:505][  0]LogAssetRegistry: FAssetRegistry took 0.0297 seconds to start up
[2020.03.22-16.48.28:999][  0]LogInit: Selected Device Profile: [Windows]
[2020.03.22-16.48.29:304][  0]LogSimplygon: Simplygon DLL not present - disabling.
[2020.03.22-16.48.29:310][  0]LogMeshReduction: Using SimplygonSwarm for distributed automatic mesh merging
[2020.03.22-16.48.29:310][  0]LogMeshReduction: Using QuadricMeshReduction for automatic static mesh reduction
[2020.03.22-16.48.29:310][  0]LogMeshReduction: No automatic skeletal mesh reduction module available
[2020.03.22-16.48.29:310][  0]LogMeshReduction: No automatic mesh merging module available
[2020.03.22-16.48.29:310][  0]LogMeshMerging: No automatic mesh merging module available
[2020.03.22-16.48.29:403][  0]LogNetVersion: ArenaBattle , NetCL: 3944462, EngineNetVer: 2, GameNetVer: 0 (Checksum: 3555152549)
[2020.03.22-16.48.30:336][  0]LogPackageLocalizationCache: Processed 9 localized package path(s) for 2 prioritized culture(s) in 0.087059 seconds
[2020.03.22-16.48.30:345][  0]LogUObjectArray: 36728 objects as part of root set at end of initial load.
[2020.03.22-16.48.30:345][  0]LogUObjectAllocator: 7314304 out of 0 bytes used by permanent object pool.
[2020.03.22-16.48.30:345][  0]LogUObjectArray: CloseDisregardForGC: 0/0 objects in disregard for GC pool
[2020.03.22-16.48.34:854][  0]LogPackageName: Warning: String asset reference "S_ClothTarps_03.SM.Mesh.S_ClothTarps_03" is in short form, which is unsupported and -- even if valid -- resolving it will be really slow.
[2020.03.22-16.48.34:854][  0]LogPackageName: Warning: Please consider resaving package in order to speed-up loading.
[2020.03.22-16.48.34:854][  0]LogPackageName: SearchForPackageOnDisk took   0.135s, but failed to resolve S_ClothTarps_03.
[2020.03.22-16.48.34:854][  0]LogPackageName: Warning: String asset reference "S_ClothTarps_03.SM.Mesh.S_ClothTarps_03" could not be resolved.
[2020.03.22-16.48.35:463][  0]LogTcpMessaging: Initializing TcpMessaging bridge
[2020.03.22-16.48.35:504][  0]LogUdpMessaging: Initializing bridge on interface 0.0.0.0:0 to multicast group 230.0.0.1:6666.
[2020.03.22-16.48.37:555][  0]LogTexture: Display: 텍스처 빌드: Char_M_Cardboard_Skin_Mask (AutoDXT, 2048X2048)
[2020.03.22-16.48.37:555][  0]LogTexture: Display: 텍스처 빌드: Char_M_Cardboard_N (BC5, 2048X2048)
[2020.03.22-16.48.37:555][  0]LogTexture: Display: 텍스처 빌드: Char_M_Cardboard_D (DXT1, 2048X2048)
[2020.03.22-16.48.37:555][  0]LogMaterial: Missing cached shader map for material M_Char_Cardboard, compiling. 
[2020.03.22-16.48.37:606][  0]LogShaderCompilers: Display: Shaders left to compile 60
[2020.03.22-16.48.37:608][  0]LogShaderCompilers: Display: Shaders left to compile 50
[2020.03.22-16.48.37:608][  0]LogShaderCompilers: Display: Shaders left to compile 40
[2020.03.22-16.48.37:608][  0]LogShaderCompilers: Display: Shaders left to compile 30
[2020.03.22-16.48.37:608][  0]LogShaderCompilers: Display: Shaders left to compile 20
[2020.03.22-16.48.37:608][  0]LogSkeletalMesh: Building Skeletal Mesh SK_CharM_Cardboard...
[2020.03.22-16.48.37:613][  0]LogSkeletalMesh: Built Skeletal Mesh [0.01s] /Game/InfinityBladeWarriors/Character/CompleteCharacters/SK_CharM_Cardboard.SK_CharM_Cardboard
[2020.03.22-16.48.37:624][  0]LogUObjectGlobals: Created PersistentFrame Addr=0x000002afe18a6e38, Size=8, Default__WarriorAnimBlueprint_C Function /Game/Book/Animations/WarriorAnimBlueprint.WarriorAnimBlueprint_C:ExecuteUbergraph_WarriorAnimBlueprint
[2020.03.22-16.48.37:665][  0]LogUObjectGlobals: Destroyed PersistentFrame Addr=0x000002afe18a6e38, Size=8
[2020.03.22-16.48.37:665][  0]LogUObjectGlobals: Created PersistentFrame Addr=0x000002afe18a6e38, Size=8, Default__WarriorAnimBlueprint_C Function /Engine/Transient.REINST_WarriorAnimBlueprint_C_0:ExecuteUbergraph_WarriorAnimBlueprint
[2020.03.22-16.48.37:699][  0]LogUObjectGlobals: Created PersistentFrame Addr=0x000002afe18a6ba8, Size=8, Default__WarriorAnimBlueprint_C Function /Game/Book/Animations/WarriorAnimBlueprint.WarriorAnimBlueprint_C:ExecuteUbergraph_WarriorAnimBlueprint
[2020.03.22-16.48.37:722][  0]LogAnimationCompression: Building Anim DDC data for AnimSequence /Game/Book/Animations/WarriorRun.WarriorRun
[2020.03.22-16.48.37:722][  0]LogAnimationCompression: Recompressing (AnimSequence /Game/Book/Animations/WarriorRun.WarriorRun) using current/default (AnimCompress_BitwiseCompressOnly_0) bFirstRecompressUsingCurrentOrDefault(1) bTryAlternateCompressor(0) IsCompressedDataValid(0)
[2020.03.22-16.48.37:726][  0]LogAnimationCompression: Building Anim DDC data for AnimSequence /Game/Book/Animations/WarriorIdle.WarriorIdle
[2020.03.22-16.48.37:726][  0]LogAnimationCompression: Recompressing (AnimSequence /Game/Book/Animations/WarriorIdle.WarriorIdle) using current/default (AnimCompress_BitwiseCompressOnly_0) bFirstRecompressUsingCurrentOrDefault(1) bTryAlternateCompressor(0) IsCompressedDataValid(0)
[2020.03.22-16.48.38:057][  0]SourceControl: 소스 콘트롤이 꺼졌습니다.
[2020.03.22-16.48.38:057][  0]SourceControl: 소스 콘트롤이 꺼졌습니다.
[2020.03.22-16.48.38:100][  0]SourceControl: 소스 콘트롤이 꺼졌습니다.
[2020.03.22-16.48.38:135][  0]SourceControl: 소스 콘트롤이 꺼졌습니다.
[2020.03.22-16.48.39:212][  0]LogAndroidPermission: UAndroidPermissionCallbackProxy::GetInstance
[2020.03.22-16.48.39:777][  0]LogOcInput: OculusInput pre-init called
[2020.03.22-16.48.40:021][  0]LogEngine: Initializing Engine...
[2020.03.22-16.48.40:033][  0]LogHMD: Failed to initialize OpenVR with code 110
[2020.03.22-16.48.40:038][  0]LogStats: UGameplayTagsManager::ConstructGameplayTagTree: Construct from data asset -  0.000 s
[2020.03.22-16.48.40:039][  0]LogStats: UGameplayTagsManager::ConstructGameplayTagTree: GameplayTagTreeChangedEvent.Broadcast -  0.000 s
[2020.03.22-16.48.40:713][  0]LogAIModule: Creating AISystem for world Untitled
[2020.03.22-16.48.40:830][  0]LogInit: XAudio2 using '스피커(2- USB Audio Device)' : 2 channels at 48 kHz using 16 bits per sample (channel mask 0x3)
[2020.03.22-16.48.40:912][  0]LogInit: FAudioDevice initialized.
[2020.03.22-16.48.41:004][  0]LogDerivedDataCache: Saved boot cache 0.09s 85MB C:/Users/wingk/AppData/Local/UnrealEngine/4.19/DerivedDataCache/Boot.ddc.
[2020.03.22-16.48.41:027][  0]LogInit: Texture streaming: Enabled
[2020.03.22-16.48.41:060][  0]LogEngineSessionManager: EngineSessionManager initialized
[2020.03.22-16.48.41:091][  0]LogInit: Transaction tracking system initialized
[2020.03.22-16.48.41:168][  0]BlueprintLog: New page: 에디터 로드
[2020.03.22-16.48.41:405][  0]LogShaderCompilers: Display: Shaders left to compile 10
[2020.03.22-16.48.41:405][  0]LocalizationService: 현지화 서비스가 비활성화되었습니다.
[2020.03.22-16.48.41:682][  0]LogConsoleResponse: Display: 
[2020.03.22-16.48.41:987][  0]LogCook: Display: Max memory allowance for cook 16384mb min free memory 0mb
[2020.03.22-16.48.41:988][  0]LogCook: Display: Mobile HDR setting 1
[2020.03.22-16.48.41:988][  0]LogGameplayTags: Display: UGameplayTagsManager::DoneAddingNativeTags. DelegateIsBound: 0
[2020.03.22-16.48.41:989][  0]LogStats: UGameplayTagsManager::ConstructGameplayTagTree: Construct from data asset -  0.000 s
[2020.03.22-16.48.41:989][  0]LogStats: UGameplayTagsManager::ConstructGameplayTagTree: GameplayTagTreeChangedEvent.Broadcast -  0.000 s
[2020.03.22-16.48.42:217][  0]LogFileCache: Scanning file cache for directory 'C:/Users/wingk/Desktop/GitHub/ArenaBattle/ArenaBattle/Content/' took 0.03s
[2020.03.22-16.48.42:891][  0]SourceControl: 소스 콘트롤이 꺼졌습니다.
[2020.03.22-16.48.42:893][  0]Cmd: MAP LOAD FILE="C:/Users/wingk/Desktop/GitHub/ArenaBattle/ArenaBattle/Content/Book/Maps/Step2.umap" TEMPLATE=0 SHOWPROGRESS=1 FEATURELEVEL=3
[2020.03.22-16.48.42:896][  0]LightingResults: New page: 라이팅 빌드
[2020.03.22-16.48.42:908][  0]MapCheck: New page: 맵 체크
[2020.03.22-16.48.42:908][  0]LightingResults: New page: 라이팅 빌드
[2020.03.22-16.48.42:925][  0]LogUObjectGlobals: Destroyed PersistentFrame Addr=0x000002afe18a6e38, Size=8
[2020.03.22-16.48.43:032][  0]LogLinker: Warning: '/Game/Book/Maps/Step2_BuiltData' 파일을 찾을 수 없습니다.
[2020.03.22-16.48.43:032][  0]LogLinker: Warning: C:/Users/wingk/Desktop/GitHub/ArenaBattle/ArenaBattle/Content/Book/Maps/Step2.umap 로드중 '/Game/Book/Maps/Step2_BuiltData' 애셋에 대한 파일을 찾을 수 없습니다.
[2020.03.22-16.48.43:032][  0]LoadErrors: Error: /Game/Book/Maps/Step2 : 애셋에 대한 파일을 찾을 수 없습니다. /Game/Book/Maps/Step2_BuiltData
[2020.03.22-16.48.43:033][  0]LogLinker: Warning: '/Game/Book/Maps/Step2_BuiltData' 파일을 찾을 수 없습니다.
[2020.03.22-16.48.43:033][  0]LogLinker: Warning: C:/Users/wingk/Desktop/GitHub/ArenaBattle/ArenaBattle/Content/Book/Maps/Step2.umap 로드중 '/Game/Book/Maps/Step2_BuiltData' 애셋에 대한 파일을 찾을 수 없습니다.
[2020.03.22-16.48.43:033][  0]LoadErrors: Error: /Game/Book/Maps/Step2 : 애셋에 대한 파일을 찾을 수 없습니다. /Game/Book/Maps/Step2_BuiltData
[2020.03.22-16.48.43:100][  0]LogLinker: Warning: '/Game/Book/Maps/Step2_BuiltData' 파일을 찾을 수 없습니다.
[2020.03.22-16.48.43:100][  0]LoadErrors: 로드에 실패했습니다. /Game/Book/Maps/Step2_BuiltData.Step2_BuiltData 레퍼런싱한 것: PersistentLevel
[2020.03.22-16.48.43:100][  0]LogLinker: Warning: NULL 로드중 '/Game/Book/Maps/Step2_BuiltData' 애셋에 대한 파일을 찾을 수 없습니다.
[2020.03.22-16.48.43:100][  0]LoadErrors: 로드에 실패했습니다. /Game/Book/Maps/Step2_BuiltData.Step2_BuiltData 레퍼런싱한 것: PersistentLevel
[2020.03.22-16.48.43:192][  0]LogTexture: Display: 텍스처 빌드: T_Plains_Ruins_Pillars_M (AutoDXT, 2048X2048)
[2020.03.22-16.48.43:192][  0]LogTexture: Display: 텍스처 빌드: T_Plains_Terrain_Floors01_N (BC5, 1024X1024)
[2020.03.22-16.48.43:193][  0]LogStaticMesh: SM_SQUARE 스태틱 메시 빌드중...
[2020.03.22-16.48.49:473][  0]LogTexture: Display: 텍스처 빌드: T_Plains_ExtCastle_StoneWall_01_N (BC5, 2048X2048)
[2020.03.22-16.48.49:473][  0]LogTexture: Display: 텍스처 빌드: T_Plains_Ruins_Pillars_N (BC5, 2048X2048)
[2020.03.22-16.48.49:473][  0]LogTexture: Display: 텍스처 빌드: T_Plains_ExtCastle_StoneWall_01_D (AutoDXT, 2048X2048)
[2020.03.22-16.48.49:473][  0]LogTexture: Display: 텍스처 빌드: T_Plains_Ruins_Pillars_D (AutoDXT, 2048X2048)
[2020.03.22-16.48.49:473][  0]LogTexture: Display: 텍스처 빌드: T_Plains_Terrain_Floors01_D (AutoDXT, 1024X1024)
[2020.03.22-16.48.49:473][  0]LogStaticMesh: Built static mesh [6.28s] /Game/Book/StaticMesh/SM_SQUARE.SM_SQUARE
[2020.03.22-16.48.49:522][  0]LogMaterial: Missing cached shader map for material M_Plains_Pillars, compiling. 
[2020.03.22-16.48.49:540][  0]LogMaterial: Missing cached shader map for material M_Plains_StoneWall, compiling. 
[2020.03.22-16.48.49:550][  0]LogShaderCompilers: Display: Shaders left to compile 31
[2020.03.22-16.48.49:550][  0]LogShaderCompilers: Display: Shaders left to compile 21
[2020.03.22-16.48.49:550][  0]LogShaderCompilers: Display: Shaders left to compile 11
[2020.03.22-16.48.49:550][  0]LogShaderCompilers: Display: Shaders left to compile 1
[2020.03.22-16.48.49:550][  0]LogMaterial: Missing cached shader map for material M_Plains_Floors_Block, compiling. 
[2020.03.22-16.48.49:569][  0]LogShaderCompilers: Display: Shaders left to compile 62
[2020.03.22-16.48.49:569][  0]LogAIModule: Creating AISystem for world Step2
[2020.03.22-16.48.49:627][  0]LogEditorServer: Finished looking for orphan Actors (0.000 secs)
[2020.03.22-16.48.49:656][  0]Cmd: MAP CHECKDEP NOCLEARLOG
[2020.03.22-16.48.49:782][  0]LogShaderCompilers: Display: Shaders left to compile 52
[2020.03.22-16.48.49:782][  0]MapCheck: 맵 체크 완료: 오류 0 회, 경고 0 회, 소요 시간 125.269ms.
[2020.03.22-16.48.49:784][  0]LogFileHelpers: Loading map 'Step2' took 6.892
[2020.03.22-16.48.50:105][  0]LogCollectionManager: Loaded 0 collections in 0.001951 seconds
[2020.03.22-16.48.50:178][  0]LogFileCache: Scanning file cache for directory 'C:/Users/wingk/Desktop/GitHub/ArenaBattle/ArenaBattle/Saved/Collections/' took 0.01s
[2020.03.22-16.48.50:178][  0]LogFileCache: Scanning file cache for directory 'C:/Users/wingk/Desktop/GitHub/ArenaBattle/ArenaBattle/Content/Developers/wingk/Collections/' took 0.01s
[2020.03.22-16.48.50:178][  0]LogFileCache: Scanning file cache for directory 'C:/Users/wingk/Desktop/GitHub/ArenaBattle/ArenaBattle/Content/Collections/' took 0.01s
[2020.03.22-16.48.50:178][  0]LogCollectionManager: Rebuilt the GUID cache for 0 collections in 0.000001 seconds
[2020.03.22-16.48.50:196][  0]LogContentBrowser: Native class hierarchy populated in 0.0160 seconds. Added 2458 classes and 560 folders.
[2020.03.22-16.48.50:214][  0]LogContentBrowser: Native class hierarchy updated for 'WidgetCarousel' in 0.0012 seconds. Added 0 classes and 0 folders.
[2020.03.22-16.48.50:667][  0]LogContentBrowser: Native class hierarchy updated for 'AddContentDialog' in 0.0012 seconds. Added 0 classes and 0 folders.
[2020.03.22-16.48.50:687][  0]LogContentBrowser: Native class hierarchy updated for 'SceneOutliner' in 0.0014 seconds. Added 1 classes and 2 folders.
[2020.03.22-16.48.50:799][  0]LogSlate: Took 0.010097 seconds to synchronously load lazily loaded font '../../../Engine/Content/Slate/Fonts/Roboto-Regular.ttf' (155K)
[2020.03.22-16.48.50:819][  0]LogSlate: Took 0.018887 seconds to synchronously load lazily loaded font '../../../Engine/Content/Editor/Slate/Fonts/NanumGothic.ttf' (4243K)
[2020.03.22-16.48.50:839][  0]LogSlate: Took 0.018486 seconds to synchronously load lazily loaded font '../../../Engine/Content/Editor/Slate/Fonts/NanumGothicBold.ttf' (4188K)
[2020.03.22-16.48.50:844][  0]LogSlate: Took 0.005088 seconds to synchronously load lazily loaded font '../../../Engine/Content/Slate/Fonts/Roboto-Bold.ttf' (160K)
[2020.03.22-16.48.50:857][  0]LogSlate: Took 0.004538 seconds to synchronously load lazily loaded font '../../../Engine/Content/Editor/Slate/Fonts/FontAwesome.ttf' (139K)
[2020.03.22-16.48.51:046][  0]LogRenderer: Reallocating scene render targets to support 1208x580 Format 10 NumSamples 1 (Frame:1).
[2020.03.22-16.48.51:171][  0]LogSlate: Took 0.005170 seconds to synchronously load lazily loaded font '../../../Engine/Content/Slate/Fonts/Roboto-Light.ttf' (167K)
[2020.03.22-16.48.53:015][  0]LogShaderCompilers: Display: Shaders left to compile 42
[2020.03.22-16.48.53:015][  0]LogShaderCompilers: Display: Shaders left to compile 32
[2020.03.22-16.48.53:015][  0]LogShaderCompilers: Display: Shaders left to compile 22
[2020.03.22-16.48.53:015][  0]LogSlate: FSceneViewport::OnFocusLost() reason 2
[2020.03.22-16.48.53:052][  0]LogSlate: Window '튜토리얼' being destroyed
[2020.03.22-16.48.53:094][  0]LogContentBrowser: Native class hierarchy updated for 'HierarchicalLODOutliner' in 0.0014 seconds. Added 0 classes and 0 folders.
[2020.03.22-16.48.53:094][  0]LogLoad: (Engine Initialization) Total time: 34.54 seconds
[2020.03.22-16.48.53:094][  0]LogLoad: (Engine Initialization) Total Blueprint compile time: 0.00 seconds
[2020.03.22-16.48.53:135][  0]ArenaBattle: Warning: AABPawn::PostInitializeComponents(80)
[2020.03.22-16.48.53:161][  0]LogContentStreaming: Texture pool size now 1000 MB
[2020.03.22-16.48.53:171][  0]LogSlate: FSceneViewport::OnFocusLost() reason 2
[2020.03.22-16.48.53:374][  2]LogAssetRegistry: Asset discovery search completed in 24.8911 seconds
[2020.03.22-16.48.53:378][  2]LogCollectionManager: Rebuilt the object cache for 0 collections in 0.000001 seconds (found 0 objects)
[2020.03.22-16.48.53:378][  2]LogCollectionManager: Fixed up redirectors for 0 collections in 0.000162 seconds (updated 0 objects)
[2020.03.22-16.48.54:158][ 43]LogSlate: Took 0.000649 seconds to synchronously load lazily loaded font '../../../Engine/Content/Slate/Fonts/Roboto-Light.ttf' (167K)
[2020.03.22-16.48.55:715][122]LogShaderCompilers: Display: Shaders left to compile 12
[2020.03.22-16.48.56:001][140]LogShaderCompilers: Display: Shaders left to compile 2
[2020.03.22-16.49.04:385][948]LogSlate: Window '메시지 로그' being destroyed
[2020.03.22-16.49.04:388][948]LogSlate: Window '메시지 로그' being destroyed
[2020.03.22-16.49.07:973][372]LogSlate: FSceneViewport::OnFocusLost() reason 2
[2020.03.22-16.49.10:941][727]LogSlate: FSceneViewport::OnFocusLost() reason 0
[2020.03.22-16.49.11:858][836]LogTemp: Repeating last play command: 선택된 뷰포트
[2020.03.22-16.49.11:870][836]LogPlayLevel: PlayLevel: No blueprints needed recompiling
[2020.03.22-16.49.11:875][836]PIE: New page: PIE 세션: Step2 (2020. 3. 23. 오전 10:49:11)
[2020.03.22-16.49.11:875][836]LogPlayLevel: Creating play world package: /Game/Book/Maps/UEDPIE_0_Step2
[2020.03.22-16.49.11:880][836]LogPlayLevel: PIE: StaticDuplicateObject took: (0.004932s)
[2020.03.22-16.49.11:881][836]LogAIModule: Creating AISystem for world Step2
[2020.03.22-16.49.11:881][836]LogPlayLevel: PIE: World Init took: (0.000881s)
[2020.03.22-16.49.11:881][836]LogPlayLevel: PIE: Created PIE world by copying editor world from /Game/Book/Maps/Step2.Step2 to /Game/Book/Maps/UEDPIE_0_Step2.Step2 (0.005999s)
[2020.03.22-16.49.11:937][836]LogInit: XAudio2 using '스피커(2- USB Audio Device)' : 2 channels at 48 kHz using 16 bits per sample (channel mask 0x3)
[2020.03.22-16.49.11:985][836]LogInit: FAudioDevice initialized.
[2020.03.22-16.49.12:036][836]LogLoad: Game class is 'ABGameMode'
[2020.03.22-16.49.12:041][836]LogWorld: Bringing World /Game/Book/Maps/UEDPIE_0_Step2.Step2 up for play (max tick rate 0) at 2020.03.23-01.49.12
[2020.03.22-16.49.12:041][836]LogWorld: Bringing up level for play took: 0.000932
[2020.03.22-16.49.12:043][836]ArenaBattle: Warning: AABPlayerController::PostInitializeComponents(8)
[2020.03.22-16.49.12:046][836]ArenaBattle: Warning: AABGameMode::PostLogin(16)PostLogin Begin
[2020.03.22-16.49.12:054][836]LogContentBrowser: Native class hierarchy updated for 'MovieSceneCapture' in 0.0008 seconds. Added 11 classes and 0 folders.
[2020.03.22-16.49.12:058][836]ArenaBattle: Warning: AABPlayerController::Possess(14)
[2020.03.22-16.49.12:058][836]ArenaBattle: Warning: AABGameMode::PostLogin(18)PostLogin End
[2020.03.22-16.49.12:060][836]PIE: /Game/Book/Maps/UEDPIE_0_Step2 에 대한 에디터에서 플레이 시작 시간: -0.154
[2020.03.22-16.49.20:896][879]LogSlate: FSceneViewport::OnFocusLost() reason 0
[2020.03.22-16.49.21:086][895]LogContentBrowser: Native class hierarchy updated for 'SkeletonEditor' in 0.0010 seconds. Added 1 classes and 2 folders.
[2020.03.22-16.49.21:357][895]LogActorComponent: RegisterComponentWithWorld: (/Engine/Transient.World_3:PersistentLevel.Actor_0.DebugSkelMeshComponent_0) Already registered. Aborting.
[2020.03.22-16.49.21:365][895]LogContentBrowser: Native class hierarchy updated for 'PinnedCommandList' in 0.0008 seconds. Added 1 classes and 0 folders.
[2020.03.22-16.49.21:607][895]LogContentBrowser: Native class hierarchy updated for 'BlueprintGraph' in 0.0010 seconds. Added 116 classes and 0 folders.
[2020.03.22-16.49.21:843][895]LogUObjectGlobals: Created PersistentFrame Addr=0x000002afd8050ff0, Size=4, Default__SKEL_PROTO_BP_AnimBlueprint_0_C Function /Engine/Transient.SKEL_PROTO_BP_AnimBlueprint_0_C:ExecuteUbergraph_PROTO_BP_AnimBlueprint_0
[2020.03.22-16.49.21:843][895]LogUObjectGlobals: Created PersistentFrame Addr=0x000002afd8050fb8, Size=4, Default__PROTO_BP_AnimBlueprint_0_C Function /Engine/Transient.PROTO_BP_AnimBlueprint_0_C:ExecuteUbergraph_PROTO_BP_AnimBlueprint_0
[2020.03.22-16.49.22:495][895]LogSlate: Took 0.003786 seconds to synchronously load lazily loaded font '../../../Engine/Content/Slate/Fonts/Roboto-BoldCondensed.ttf' (158K)
[2020.03.22-16.49.22:574][895]LogContentBrowser: Native class hierarchy updated for 'ClothingSystemEditorInterface' in 0.0010 seconds. Added 1 classes and 0 folders.
[2020.03.22-16.49.24:724][ 98]LogSlate: Window 'WarriorAnimBlueprint' being destroyed
[2020.03.22-16.49.24:728][ 98]LogSlate: Window 'WarriorAnimBlueprint' being destroyed
[2020.03.22-16.49.25:602][185]LogSlate: FSceneViewport::OnFocusLost() reason 0
[2020.03.22-16.49.25:709][198]LogTemp: Repeating last play command: 선택된 뷰포트
[2020.03.22-16.49.25:719][198]LogPlayLevel: PlayLevel: No blueprints needed recompiling
[2020.03.22-16.49.25:720][198]PIE: New page: PIE 세션: Step2 (2020. 3. 23. 오전 10:49:25)
[2020.03.22-16.49.25:720][198]LogPlayLevel: Creating play world package: /Game/Book/Maps/UEDPIE_0_Step2
[2020.03.22-16.49.25:721][198]LogPlayLevel: PIE: StaticDuplicateObject took: (0.001225s)
[2020.03.22-16.49.25:721][198]LogAIModule: Creating AISystem for world Step2
[2020.03.22-16.49.25:722][198]LogPlayLevel: PIE: World Init took: (0.000615s)
[2020.03.22-16.49.25:722][198]LogPlayLevel: PIE: Created PIE world by copying editor world from /Game/Book/Maps/Step2.Step2 to /Game/Book/Maps/UEDPIE_0_Step2.Step2 (0.001950s)
[2020.03.22-16.49.25:782][198]LogInit: XAudio2 using '스피커(2- USB Audio Device)' : 2 channels at 48 kHz using 16 bits per sample (channel mask 0x3)
[2020.03.22-16.49.25:824][198]LogInit: FAudioDevice initialized.
[2020.03.22-16.49.25:855][198]LogLoad: Game class is 'ABGameMode'
[2020.03.22-16.49.25:856][198]LogWorld: Bringing World /Game/Book/Maps/UEDPIE_0_Step2.Step2 up for play (max tick rate 0) at 2020.03.23-01.49.25
[2020.03.22-16.49.25:856][198]LogWorld: Bringing up level for play took: 0.000488
[2020.03.22-16.49.25:856][198]ArenaBattle: Warning: AABPlayerController::PostInitializeComponents(8)
[2020.03.22-16.49.25:856][198]ArenaBattle: Warning: AABGameMode::PostLogin(16)PostLogin Begin
[2020.03.22-16.49.25:857][198]ArenaBattle: Warning: AABPlayerController::Possess(14)
[2020.03.22-16.49.25:857][198]ArenaBattle: Warning: AABGameMode::PostLogin(18)PostLogin End
[2020.03.22-16.49.25:857][198]PIE: /Game/Book/Maps/UEDPIE_0_Step2 에 대한 에디터에서 플레이 시작 시간: -0.357
[2020.03.22-16.49.31:823][898]LogSlate: FSceneViewport::OnFocusLost() reason 0
[2020.03.22-16.49.39:951][854]LogActorComponent: RegisterComponentWithWorld: (/Engine/Transient.World_9:PersistentLevel.Actor_1.DebugSkelMeshComponent_2) Already registered. Aborting.
[2020.03.22-16.49.48:455][719]LogSlate: Window 'WarriorAnimBlueprint' being destroyed
[2020.03.22-16.49.48:458][719]LogSlate: Window 'WarriorAnimBlueprint' being destroyed
[2020.03.22-16.49.49:505][825]LogSlate: FSceneViewport::OnFocusLost() reason 0
[2020.03.22-16.49.49:672][839]LogSlate: Window 'ArenaBattle - 언리얼 에디터' being destroyed
[2020.03.22-16.49.49:674][839]LogWindowsTextInputMethodSystem: Display: IME system now activated using TSF (Microsoft 입력기).
[2020.03.22-16.49.49:840][840]Cmd: QUIT_EDITOR
[2020.03.22-16.49.49:990][840]LogSlate: Slate User Destroyed.  User Index 0, Is Virtual User: 0
[2020.03.22-16.49.49:990][840]LogExit: Preparing to exit.
[2020.03.22-16.49.50:643][840]LogUObjectGlobals: Destroyed PersistentFrame Addr=0x000002afe18a6ba8, Size=8
[2020.03.22-16.49.50:647][840]LogExit: Editor shut down
[2020.03.22-16.49.50:651][840]LogExit: Transaction tracking system shut down
[2020.03.22-16.49.50:657][840]LogUObjectGlobals: Destroyed PersistentFrame Addr=0x000002afd8050ff0, Size=4
[2020.03.22-16.49.50:657][840]LogUObjectGlobals: Destroyed PersistentFrame Addr=0x000002afd8050fb8, Size=4
[2020.03.22-16.49.50:870][840]LogDirectoryWatcher: A directory notification for '../../../Engine/Content/' was aborted.
[2020.03.22-16.49.50:870][840]LogDirectoryWatcher: A directory notification for 'C:/Users/wingk/Desktop/GitHub/ArenaBattle/ArenaBattle/Content/' was aborted.
[2020.03.22-16.49.50:870][840]LogDirectoryWatcher: A directory notification for '../../Plugins/2D/Paper2D/Content/' was aborted.
[2020.03.22-16.49.50:870][840]LogDirectoryWatcher: A directory notification for '../../Plugins/Enterprise/DatasmithContent/Content/' was aborted.
[2020.03.22-16.49.50:870][840]LogDirectoryWatcher: A directory notification for '../../Plugins/Media/MediaCompositing/Content/' was aborted.
[2020.03.22-16.49.50:870][840]LogDirectoryWatcher: A directory notification for '../../Plugins/Runtime/AppleARKit/Content/' was aborted.
[2020.03.22-16.49.50:870][840]LogDirectoryWatcher: A directory notification for '../../Plugins/Runtime/Oculus/OculusVR/Content/' was aborted.
[2020.03.22-16.49.50:870][840]LogDirectoryWatcher: A directory notification for '../../Plugins/Runtime/Steam/SteamVR/Content/' was aborted.
[2020.03.22-16.49.50:980][840]LogExit: Object subsystem successfully closed.
[2020.03.22-16.49.51:117][840]LogShaderCompilers: Display: Shaders left to compile 0
[2020.03.22-16.49.51:120][840]LogD3D11RHI: Shutdown
[2020.03.22-16.49.51:120][840]LogD3D11RHI: CleanupD3DDevice
[2020.03.22-16.49.51:123][840]LogD3D11RHI: ~FD3D11DynamicRHI
[2020.03.22-16.49.51:142][840]LogModuleManager: Shutting down and abandoning module ClothingSystemEditorInterface (588)
[2020.03.22-16.49.51:142][840]LogModuleManager: Shutting down and abandoning module BlueprintGraph (586)
[2020.03.22-16.49.51:142][840]LogModuleManager: Shutting down and abandoning module PinnedCommandList (584)
[2020.03.22-16.49.51:142][840]LogModuleManager: Shutting down and abandoning module SkeletonEditor (582)
[2020.03.22-16.49.51:142][840]LogModuleManager: Shutting down and abandoning module AnimationBlueprintEditor (580)
[2020.03.22-16.49.51:142][840]LogModuleManager: Shutting down and abandoning module MovieSceneCapture (578)
[2020.03.22-16.49.51:142][840]LogModuleManager: Shutting down and abandoning module HierarchicalLODOutliner (576)
[2020.03.22-16.49.51:142][840]LogModuleManager: Shutting down and abandoning module DesktopPlatform (574)
[2020.03.22-16.49.51:143][840]LogModuleManager: Shutting down and abandoning module SceneOutliner (572)
[2020.03.22-16.49.51:143][840]LogModuleManager: Shutting down and abandoning module AddContentDialog (570)
[2020.03.22-16.49.51:143][840]LogDirectoryWatcher: A directory notification for 'E:/Engine/UE_4.19/FeaturePacks/' was aborted.
[2020.03.22-16.49.51:143][840]LogModuleManager: Shutting down and abandoning module WidgetCarousel (569)
[2020.03.22-16.49.51:143][840]LogModuleManager: Shutting down and abandoning module EditorWidgets (566)
[2020.03.22-16.49.51:143][840]LogModuleManager: Shutting down and abandoning module CollectionManager (564)
[2020.03.22-16.49.51:144][840]LogDirectoryWatcher: A directory notification for 'C:/Users/wingk/Desktop/GitHub/ArenaBattle/ArenaBattle/Content/Collections/' was aborted.
[2020.03.22-16.49.51:144][840]LogDirectoryWatcher: A directory notification for 'C:/Users/wingk/Desktop/GitHub/ArenaBattle/ArenaBattle/Content/Developers/wingk/Collections/' was aborted.
[2020.03.22-16.49.51:144][840]LogDirectoryWatcher: A directory notification for 'C:/Users/wingk/Desktop/GitHub/ArenaBattle/ArenaBattle/Saved/Collections/' was aborted.
[2020.03.22-16.49.51:144][840]LogModuleManager: Shutting down and abandoning module StatsViewer (562)
[2020.03.22-16.49.51:144][840]LogModuleManager: Shutting down and abandoning module FoliageEdit (560)
[2020.03.22-16.49.51:144][840]LogModuleManager: Shutting down and abandoning module LandscapeEditor (558)
[2020.03.22-16.49.51:145][840]LogModuleManager: Shutting down and abandoning module MeshPaintMode (556)
[2020.03.22-16.49.51:145][840]LogModuleManager: Shutting down and abandoning module SceneDepthPickerMode (554)
[2020.03.22-16.49.51:145][840]LogModuleManager: Shutting down and abandoning module ActorPickerMode (552)
[2020.03.22-16.49.51:145][840]LogModuleManager: Shutting down and abandoning module GeometryMode (550)
[2020.03.22-16.49.51:145][840]LogModuleManager: Shutting down and abandoning module TextureAlignMode (548)
[2020.03.22-16.49.51:145][840]LogModuleManager: Shutting down and abandoning module BspMode (546)
[2020.03.22-16.49.51:145][840]LogModuleManager: Shutting down and abandoning module PIEPreviewDeviceProfileSelector (544)
[2020.03.22-16.49.51:145][840]LogModuleManager: Shutting down and abandoning module HardwareSurvey (542)
[2020.03.22-16.49.51:145][840]LogModuleManager: Shutting down and abandoning module SequenceRecorderSections (540)
[2020.03.22-16.49.51:145][840]LogModuleManager: Shutting down and abandoning module AutomationWorker (538)
[2020.03.22-16.49.51:145][840]LogModuleManager: Shutting down and abandoning module AudioCaptureEditor (536)
[2020.03.22-16.49.51:145][840]LogModuleManager: Shutting down and abandoning module SequenceRecorder (535)
[2020.03.22-16.49.51:145][840]LogModuleManager: Shutting down and abandoning module MatineeToLevelSequence (532)
[2020.03.22-16.49.51:145][840]LogModuleManager: Shutting down and abandoning module LevelSequenceEditor (530)
[2020.03.22-16.49.51:146][840]LogModuleManager: Shutting down and abandoning module PlacementMode (529)
[2020.03.22-16.49.51:146][840]LogModuleManager: Shutting down and abandoning module MaterialEditor (528)
[2020.03.22-16.49.51:149][840]LogModuleManager: Shutting down and abandoning module WmfMediaFactory (524)
[2020.03.22-16.49.51:149][840]LogModuleManager: Shutting down and abandoning module WmfMediaEditor (522)
[2020.03.22-16.49.51:149][840]LogModuleManager: Shutting down and abandoning module MediaPlayerEditor (520)
[2020.03.22-16.49.51:150][840]LogModuleManager: Shutting down and abandoning module OpenExrWrapper (518)
[2020.03.22-16.49.51:150][840]LogModuleManager: Shutting down and abandoning module ImgMediaFactory (516)
[2020.03.22-16.49.51:150][840]LogModuleManager: Shutting down and abandoning module ImgMediaEditor (514)
[2020.03.22-16.49.51:150][840]LogModuleManager: Shutting down and abandoning module AvfMediaFactory (512)
[2020.03.22-16.49.51:150][840]LogModuleManager: Shutting down and abandoning module AvfMediaEditor (510)
[2020.03.22-16.49.51:150][840]LogModuleManager: Shutting down and abandoning module AndroidMediaFactory (508)
[2020.03.22-16.49.51:150][840]LogModuleManager: Shutting down and abandoning module AndroidMediaEditor (506)
[2020.03.22-16.49.51:150][840]LogModuleManager: Shutting down and abandoning module CharacterAI (504)
[2020.03.22-16.49.51:150][840]LogModuleManager: Shutting down and abandoning module SmartSnapping (502)
[2020.03.22-16.49.51:150][840]LogModuleManager: Shutting down and abandoning module SessionServices (500)
[2020.03.22-16.49.51:150][840]LogModuleManager: Shutting down and abandoning module ViewportSnapping (498)
[2020.03.22-16.49.51:150][840]LogModuleManager: Shutting down and abandoning module ViewportInteraction (496)
[2020.03.22-16.49.51:150][840]LogModuleManager: Shutting down and abandoning module ClothPainter (494)
[2020.03.22-16.49.51:151][840]LogModuleManager: Shutting down and abandoning module SkeletalMeshEditor (493)
[2020.03.22-16.49.51:151][840]LogModuleManager: Shutting down and abandoning module LogVisualizer (490)
[2020.03.22-16.49.51:151][840]LogModuleManager: Shutting down and abandoning module IntroTutorials (488)
[2020.03.22-16.49.51:151][840]LogModuleManager: Shutting down and abandoning module GameProjectGeneration (487)
[2020.03.22-16.49.51:152][840]LogModuleManager: Shutting down and abandoning module IOSPlatformEditor (484)
[2020.03.22-16.49.51:152][840]LogModuleManager: Shutting down and abandoning module HTML5PlatformEditor (482)
[2020.03.22-16.49.51:152][840]LogModuleManager: Shutting down and abandoning module AndroidPlatformEditor (480)
[2020.03.22-16.49.51:152][840]LogModuleManager: Shutting down and abandoning module AndroidDeviceDetection (479)
[2020.03.22-16.49.51:612][840]LogModuleManager: Shutting down and abandoning module WindowsPlatformEditor (476)
[2020.03.22-16.49.51:612][840]LogModuleManager: Shutting down and abandoning module IOSRuntimeSettings (474)
[2020.03.22-16.49.51:612][840]LogModuleManager: Shutting down and abandoning module AndroidRuntimeSettings (472)
[2020.03.22-16.49.51:612][840]LogModuleManager: Shutting down and abandoning module InputBindingEditor (470)
[2020.03.22-16.49.51:612][840]LogModuleManager: Shutting down and abandoning module MergeActors (468)
[2020.03.22-16.49.51:612][840]LogModuleManager: Shutting down and abandoning module LocalizationDashboard (466)
[2020.03.22-16.49.51:614][840]LogModuleManager: Shutting down and abandoning module LocalizationService (465)
[2020.03.22-16.49.51:614][840]LogModuleManager: Shutting down and abandoning module HardwareTargeting (462)
[2020.03.22-16.49.51:614][840]LogModuleManager: Shutting down and abandoning module DeviceProfileEditor (460)
[2020.03.22-16.49.51:614][840]LogModuleManager: Shutting down and abandoning module UndoHistory (458)
[2020.03.22-16.49.51:614][840]LogModuleManager: Shutting down and abandoning module XmlParser (456)
[2020.03.22-16.49.51:614][840]LogModuleManager: Shutting down and abandoning module Blutility (454)
[2020.03.22-16.49.51:614][840]LogModuleManager: Shutting down and abandoning module ProjectSettingsViewer (452)
[2020.03.22-16.49.51:614][840]LogModuleManager: Shutting down and abandoning module ProjectTargetPlatformEditor (451)
[2020.03.22-16.49.51:615][840]LogModuleManager: Shutting down and abandoning module EditorSettingsViewer (448)
[2020.03.22-16.49.51:615][840]LogModuleManager: Shutting down and abandoning module SettingsEditor (446)
[2020.03.22-16.49.51:615][840]LogModuleManager: Shutting down and abandoning module ProjectLauncher (444)
[2020.03.22-16.49.51:615][840]LogModuleManager: Shutting down and abandoning module SessionFrontend (442)
[2020.03.22-16.49.51:615][840]LogModuleManager: Shutting down and abandoning module ProfilerClient (440)
[2020.03.22-16.49.51:615][840]LogModuleManager: Shutting down and abandoning module DeviceManager (438)
[2020.03.22-16.49.51:615][840]LogModuleManager: Shutting down and abandoning module TargetDeviceServices (437)
[2020.03.22-16.49.51:669][840]LogModuleManager: Shutting down and abandoning module AutomationController (434)
[2020.03.22-16.49.51:669][840]LogModuleManager: Shutting down and abandoning module AutomationWindow (432)
[2020.03.22-16.49.51:670][840]LogModuleManager: Shutting down and abandoning module Layers (430)
[2020.03.22-16.49.51:670][840]LogModuleManager: Shutting down and abandoning module ComponentVisualizers (428)
[2020.03.22-16.49.51:670][840]LogModuleManager: Shutting down and abandoning module DetailCustomizations (426)
[2020.03.22-16.49.51:670][840]LogModuleManager: Shutting down and abandoning module PackagesDialog (424)
[2020.03.22-16.49.51:670][840]LogModuleManager: Shutting down and abandoning module Persona (422)
[2020.03.22-16.49.51:670][840]LogModuleManager: Shutting down and abandoning module AdvancedPreviewScene (421)
[2020.03.22-16.49.51:670][840]LogModuleManager: Shutting down and abandoning module AnimGraph (419)
[2020.03.22-16.49.51:670][840]LogModuleManager: Shutting down and abandoning module Kismet (416)
[2020.03.22-16.49.51:674][840]LogModuleManager: Shutting down and abandoning module GraphEditor (414)
[2020.03.22-16.49.51:674][840]LogModuleManager: Shutting down and abandoning module ClassViewer (412)
[2020.03.22-16.49.51:674][840]LogModuleManager: Shutting down and abandoning module Toolbox (410)
[2020.03.22-16.49.51:674][840]LogModuleManager: Shutting down and abandoning module ModuleUI (408)
[2020.03.22-16.49.51:674][840]LogModuleManager: Shutting down and abandoning module MovieSceneTools (406)
[2020.03.22-16.49.51:675][840]LogModuleManager: Shutting down and abandoning module OutputLog (404)
[2020.03.22-16.49.51:675][840]LogModuleManager: Shutting down and abandoning module GammaUI (402)
[2020.03.22-16.49.51:675][840]LogModuleManager: Shutting down and abandoning module Documentation (400)
[2020.03.22-16.49.51:675][840]LogModuleManager: Shutting down and abandoning module MovieSceneTracks (398)
[2020.03.22-16.49.51:675][840]LogModuleManager: Shutting down and abandoning module MovieScene (396)
[2020.03.22-16.49.51:675][840]LogModuleManager: Shutting down and abandoning module StreamingPauseRendering (394)
[2020.03.22-16.49.51:675][840]LogModuleManager: Shutting down and abandoning module LauncherPlatform (392)
[2020.03.22-16.49.51:675][840]LogModuleManager: Shutting down and abandoning module AnalyticsET (390)
[2020.03.22-16.49.51:675][840]LogModuleManager: Shutting down and abandoning module PortalServices (388)
[2020.03.22-16.49.51:675][840]LogModuleManager: Shutting down and abandoning module PortalRpc (386)
[2020.03.22-16.49.51:675][840]LogModuleManager: Shutting down and abandoning module MessagingRpc (384)
[2020.03.22-16.49.51:675][840]LogModuleManager: Shutting down and abandoning module AIModule (382)
[2020.03.22-16.49.51:676][840]LogModuleManager: Shutting down and abandoning module GameplayDebugger (381)
[2020.03.22-16.49.51:676][840]LogModuleManager: Shutting down and abandoning module AITestSuite (379)
[2020.03.22-16.49.51:676][840]LogModuleManager: Shutting down and abandoning module ProfilerService (376)
[2020.03.22-16.49.51:721][840]LogModuleManager: Shutting down and abandoning module TaskGraph (374)
[2020.03.22-16.49.51:721][840]LogModuleManager: Shutting down and abandoning module SteamVRController (372)
[2020.03.22-16.49.51:721][840]LogModuleManager: Shutting down and abandoning module ProceduralMeshComponentEditor (370)
[2020.03.22-16.49.51:721][840]LogModuleManager: Shutting down and abandoning module ProceduralMeshComponent (368)
[2020.03.22-16.49.51:721][840]LogModuleManager: Shutting down and abandoning module OculusInput (366)
[2020.03.22-16.49.51:721][840]LogModuleManager: Shutting down and abandoning module MobilePatchingUtils (364)
[2020.03.22-16.49.51:721][840]LogModuleManager: Shutting down and abandoning module CustomMeshComponent (362)
[2020.03.22-16.49.51:721][840]LogModuleManager: Shutting down and abandoning module CableComponent (360)
[2020.03.22-16.49.51:721][840]LogModuleManager: Shutting down and abandoning module AudioCapture (358)
[2020.03.22-16.49.51:721][840]LogModuleManager: Shutting down and abandoning module ArchVisCharacter (356)
[2020.03.22-16.49.51:721][840]LogModuleManager: Shutting down and abandoning module AndroidPermission (354)
[2020.03.22-16.49.51:721][840]LogModuleManager: Shutting down and abandoning module NUTUnrealEngine4 (350)
[2020.03.22-16.49.51:721][840]LogModuleManager: Shutting down and abandoning module NetcodeUnitTest (348)
[2020.03.22-16.49.51:722][840]LogModuleManager: Shutting down and abandoning module MediaCompositingEditor (346)
[2020.03.22-16.49.51:722][840]LogModuleManager: Shutting down and abandoning module MediaCompositing (344)
[2020.03.22-16.49.51:722][840]LogModuleManager: Shutting down and abandoning module LinearTimecode (342)
[2020.03.22-16.49.51:722][840]LogModuleManager: Shutting down and abandoning module ImgMedia (340)
[2020.03.22-16.49.51:725][840]LogModuleManager: Shutting down and abandoning module HTML5Networking (338)
[2020.03.22-16.49.51:725][840]LogModuleManager: Shutting down and abandoning module AlembicImporter (336)
[2020.03.22-16.49.51:725][840]LogModuleManager: Shutting down and abandoning module AlembicLibrary (335)
[2020.03.22-16.49.51:725][840]LogModuleManager: Shutting down and abandoning module GeometryCache (334)
[2020.03.22-16.49.51:725][840]LogModuleManager: Shutting down and abandoning module GeometryCacheEd (333)
[2020.03.22-16.49.51:725][840]LogModuleManager: Shutting down and abandoning module DatasmithContent (328)
[2020.03.22-16.49.51:725][840]LogModuleManager: Shutting down and abandoning module SpeedTreeImporter (326)
[2020.03.22-16.49.51:725][840]LogModuleManager: Shutting down and abandoning module PluginBrowser (324)
[2020.03.22-16.49.51:725][840]LogModuleManager: Shutting down and abandoning module MobileLauncherProfileWizard (322)
[2020.03.22-16.49.51:725][840]LogModuleManager: Shutting down and abandoning module CryptoKeysOpenSSL (320)
[2020.03.22-16.49.51:725][840]LogModuleManager: Shutting down and abandoning module CryptoKeys (318)
[2020.03.22-16.49.51:725][840]LogModuleManager: Shutting down and abandoning module VisualStudioSourceCodeAccess (316)
[2020.03.22-16.49.51:725][840]LogModuleManager: Shutting down and abandoning module VisualStudioCodeSourceCodeAccess (314)
[2020.03.22-16.49.51:725][840]LogModuleManager: Shutting down and abandoning module UObjectPlugin (312)
[2020.03.22-16.49.51:725][840]LogModuleManager: Shutting down and abandoning module SubversionSourceControl (310)
[2020.03.22-16.49.51:725][840]LogModuleManager: Shutting down and abandoning module PerforceSourceControl (308)
[2020.03.22-16.49.51:727][840]LogModuleManager: Shutting down and abandoning module GitSourceControl (306)
[2020.03.22-16.49.51:727][840]LogModuleManager: Shutting down and abandoning module SourceControl (305)
[2020.03.22-16.49.51:727][840]LogModuleManager: Shutting down and abandoning module CLionSourceCodeAccess (302)
[2020.03.22-16.49.51:727][840]LogModuleManager: Shutting down and abandoning module LightPropagationVolumeEditor (300)
[2020.03.22-16.49.51:727][840]LogModuleManager: Shutting down and abandoning module PaperTiledImporter (298)
[2020.03.22-16.49.51:727][840]LogModuleManager: Shutting down and abandoning module PaperSpriteSheetImporter (296)
[2020.03.22-16.49.51:727][840]LogModuleManager: Shutting down and abandoning module Paper2DEditor (294)
[2020.03.22-16.49.51:728][840]LogModuleManager: Shutting down and abandoning module MeshPaint (293)
[2020.03.22-16.49.51:728][840]LogModuleManager: Shutting down and abandoning module ArenaBattle (290)
[2020.03.22-16.49.51:728][840]LogModuleManager: Shutting down and abandoning module RuntimePhysXCooking (288)
[2020.03.22-16.49.51:728][840]LogModuleManager: Shutting down and abandoning module PhysXVehiclesEditor (286)
[2020.03.22-16.49.51:728][840]LogModuleManager: Shutting down and abandoning module PhysXVehicles (284)
[2020.03.22-16.49.51:728][840]LogModuleManager: Shutting down and abandoning module OculusEditor (282)
[2020.03.22-16.49.51:728][840]LogModuleManager: Shutting down and abandoning module LocationServicesBPLibrary (280)
[2020.03.22-16.49.51:728][840]LogModuleManager: Shutting down and abandoning module ImmediatePhysicsEditor (278)
[2020.03.22-16.49.51:728][840]LogModuleManager: Shutting down and abandoning module ImmediatePhysics (276)
[2020.03.22-16.49.51:728][840]LogModuleManager: Shutting down and abandoning module ActorSequence (274)
[2020.03.22-16.49.51:728][840]LogModuleManager: Shutting down and abandoning module UdpMessaging (272)
[2020.03.22-16.49.51:829][840]LogModuleManager: Shutting down and abandoning module TcpMessaging (270)
[2020.03.22-16.49.51:930][840]LogModuleManager: Shutting down and abandoning module GameplayTagsEditor (268)
[2020.03.22-16.49.51:931][840]LogModuleManager: Shutting down and abandoning module FacialAnimationEditor (266)
[2020.03.22-16.49.51:931][840]LogModuleManager: Shutting down and abandoning module FacialAnimation (264)
[2020.03.22-16.49.51:931][840]LogModuleManager: Shutting down and abandoning module DataValidation (262)
[2020.03.22-16.49.51:931][840]LogModuleManager: Shutting down and abandoning module AssetManagerEditor (260)
[2020.03.22-16.49.51:932][840]LogModuleManager: Shutting down and abandoning module LevelEditor (259)
[2020.03.22-16.49.51:932][840]LogModuleManager: Shutting down and abandoning module PixelInspectorModule (258)
[2020.03.22-16.49.51:932][840]LogModuleManager: Shutting down and abandoning module CommonMenuExtensions (256)
[2020.03.22-16.49.51:932][840]LogModuleManager: Shutting down and abandoning module MainFrame (254)
[2020.03.22-16.49.51:932][840]LogModuleManager: Shutting down and abandoning module HotReload (253)
[2020.03.22-16.49.51:932][840]LogDirectoryWatcher: A directory notification for 'C:/Users/wingk/Desktop/GitHub/ArenaBattle/ArenaBattle/Binaries/Win64' was aborted.
[2020.03.22-16.49.51:933][840]LogModuleManager: Shutting down and abandoning module ContentBrowser (249)
[2020.03.22-16.49.51:933][840]LogModuleManager: Shutting down and abandoning module TreeMap (247)
[2020.03.22-16.49.51:933][840]LogModuleManager: Shutting down and abandoning module LightPropagationVolumeRuntime (244)
[2020.03.22-16.49.51:933][840]LogModuleManager: Shutting down and abandoning module LiveLinkEditor (242)
[2020.03.22-16.49.51:934][840]LogModuleManager: Shutting down and abandoning module LiveLink (240)
[2020.03.22-16.49.52:043][840]LogModuleManager: Shutting down and abandoning module Paper2D (238)
[2020.03.22-16.49.52:045][840]LogModuleManager: Shutting down and abandoning module WindowsMoviePlayer (236)
[2020.03.22-16.49.52:045][840]LogModuleManager: Shutting down and abandoning module WmfMedia (234)
[2020.03.22-16.49.52:046][840]LogModuleManager: Shutting down and abandoning module Media (233)
[2020.03.22-16.49.52:052][840]LogModuleManager: Shutting down and abandoning module PacketHandler (230)
[2020.03.22-16.49.52:052][840]LogModuleManager: Shutting down and abandoning module ClothingSystemEditor (228)
[2020.03.22-16.49.52:052][840]LogModuleManager: Shutting down and abandoning module ClothingSystemRuntime (226)
[2020.03.22-16.49.52:052][840]LogModuleManager: Shutting down and abandoning module MediaAssets (224)
[2020.03.22-16.49.52:052][840]LogModuleManager: Shutting down and abandoning module Overlay (222)
[2020.03.22-16.49.52:052][840]LogModuleManager: Shutting down and abandoning module OverlayEditor (221)
[2020.03.22-16.49.52:052][840]LogModuleManager: Shutting down and abandoning module VREditor (218)
[2020.03.22-16.49.52:053][840]LogModuleManager: Shutting down and abandoning module StringTableEditor (216)
[2020.03.22-16.49.52:053][840]LogModuleManager: Shutting down and abandoning module GameplayTasksEditor (214)
[2020.03.22-16.49.52:053][840]LogModuleManager: Shutting down and abandoning module BehaviorTreeEditor (212)
[2020.03.22-16.49.52:054][840]LogModuleManager: Shutting down and abandoning module FunctionalTesting (210)
[2020.03.22-16.49.52:054][840]LogModuleManager: Shutting down and abandoning module CollisionAnalyzer (208)
[2020.03.22-16.49.52:055][840]LogModuleManager: Shutting down and abandoning module WorkspaceMenuStructure (207)
[2020.03.22-16.49.52:055][840]LogModuleManager: Shutting down and abandoning module UMG (204)
[2020.03.22-16.49.52:055][840]LogModuleManager: Shutting down and abandoning module UMGEditor (203)
[2020.03.22-16.49.52:057][840]LogModuleManager: Shutting down and abandoning module Sequencer (202)
[2020.03.22-16.49.52:058][840]LogModuleManager: Shutting down and abandoning module MessageLog (199)
[2020.03.22-16.49.52:058][840]LogModuleManager: Shutting down and abandoning module SlateReflector (194)
[2020.03.22-16.49.52:059][840]LogModuleManager: Shutting down and abandoning module Slate (192)
[2020.03.22-16.49.52:059][840]LogModuleManager: Shutting down and abandoning module EditorStyle (190)
[2020.03.22-16.49.52:061][840]LogModuleManager: Shutting down and abandoning module MRMesh (188)
[2020.03.22-16.49.52:061][840]LogModuleManager: Shutting down and abandoning module SourceCodeAccess (186)
[2020.03.22-16.49.52:061][840]LogModuleManager: Shutting down and abandoning module HeadMountedDisplay (184)
[2020.03.22-16.49.52:061][840]LogModuleManager: Shutting down and abandoning module XAudio2 (182)
[2020.03.22-16.49.52:061][840]LogModuleManager: Shutting down and abandoning module Networking (180)
[2020.03.22-16.49.52:061][840]LogModuleManager: Shutting down and abandoning module Core (178)
[2020.03.22-16.49.52:061][840]LogModuleManager: Shutting down and abandoning module LevelSequence (176)
[2020.03.22-16.49.52:061][840]LogModuleManager: Shutting down and abandoning module KismetCompiler (174)
[2020.03.22-16.49.52:061][840]LogModuleManager: Shutting down and abandoning module MeshUtilities (172)
[2020.03.22-16.49.52:061][840]LogModuleManager: Shutting down and abandoning module MeshMergeUtilities (171)
[2020.03.22-16.49.52:062][840]LogModuleManager: Shutting down and abandoning module MeshReductionInterface (170)
[2020.03.22-16.49.52:062][840]LogModuleManager: Shutting down and abandoning module SimplygonSwarm (169)
[2020.03.22-16.49.52:062][840]LogModuleManager: Shutting down and abandoning module SimplygonMeshReduction (167)
[2020.03.22-16.49.52:062][840]LogModuleManager: Shutting down and abandoning module QuadricMeshReduction (165)
[2020.03.22-16.49.52:062][840]LogModuleManager: Shutting down and abandoning module MaterialBaking (161)
[2020.03.22-16.49.52:062][840]LogModuleManager: Shutting down and abandoning module DirectoryWatcher (157)
[2020.03.22-16.49.52:062][840]LogModuleManager: Shutting down and abandoning module DerivedDataCache (154)
[2020.03.22-16.49.52:400][840]LogDerivedDataCache: Shutdown
[2020.03.22-16.49.52:400][840]LogModuleManager: Shutting down and abandoning module XGEController (152)
[2020.03.22-16.49.52:400][840]LogXGEController: Cleaning working directory: C:/Users/wingk/AppData/Local/Temp/UnrealXGEWorkingDir/
[2020.03.22-16.49.52:401][840]LogModuleManager: Shutting down and abandoning module TargetPlatform (150)
[2020.03.22-16.49.52:401][840]LogModuleManager: Shutting down and abandoning module VulkanShaderFormat (149)
[2020.03.22-16.49.52:401][840]LogModuleManager: Shutting down and abandoning module ShaderFormatVectorVM (147)
[2020.03.22-16.49.52:401][840]LogModuleManager: Shutting down and abandoning module ShaderFormatOpenGL (145)
[2020.03.22-16.49.52:401][840]LogModuleManager: Shutting down and abandoning module ShaderFormatD3D (143)
[2020.03.22-16.49.52:401][840]LogModuleManager: Shutting down and abandoning module MetalShaderFormat (141)
[2020.03.22-16.49.52:403][840]LogModuleManager: Shutting down and abandoning module TextureFormatUncompressed (139)
[2020.03.22-16.49.52:403][840]LogModuleManager: Shutting down and abandoning module TextureFormatPVR (137)
[2020.03.22-16.49.52:403][840]LogModuleManager: Shutting down and abandoning module TextureFormatDXT (135)
[2020.03.22-16.49.52:403][840]LogModuleManager: Shutting down and abandoning module TextureFormatIntelISPCTexComp (133)
[2020.03.22-16.49.52:403][840]LogModuleManager: Shutting down and abandoning module TextureFormatASTC (131)
[2020.03.22-16.49.52:403][840]LogModuleManager: Shutting down and abandoning module ImageWrapper (130)
[2020.03.22-16.49.52:403][840]LogModuleManager: Shutting down and abandoning module TextureFormatAndroid (127)
[2020.03.22-16.49.52:403][840]LogModuleManager: Shutting down and abandoning module AudioFormatOpus (125)
[2020.03.22-16.49.52:403][840]LogModuleManager: Shutting down and abandoning module AudioFormatOgg (123)
[2020.03.22-16.49.52:403][840]LogModuleManager: Shutting down and abandoning module AudioFormatADPCM (121)
[2020.03.22-16.49.52:403][840]LogModuleManager: Shutting down and abandoning module LinuxTargetPlatform (119)
[2020.03.22-16.49.52:403][840]LogModuleManager: Shutting down and abandoning module LinuxServerTargetPlatform (117)
[2020.03.22-16.49.52:403][840]LogModuleManager: Shutting down and abandoning module LinuxNoEditorTargetPlatform (115)
[2020.03.22-16.49.52:403][840]LogModuleManager: Shutting down and abandoning module LinuxClientTargetPlatform (113)
[2020.03.22-16.49.52:403][840]LogModuleManager: Shutting down and abandoning module TVOSTargetPlatform (111)
[2020.03.22-16.49.52:403][840]LogModuleManager: Shutting down and abandoning module Messaging (109)
[2020.03.22-16.49.52:403][840]LogModuleManager: Shutting down and abandoning module IOSTargetPlatform (107)
[2020.03.22-16.49.52:403][840]LogModuleManager: Shutting down and abandoning module HTML5TargetPlatform (105)
[2020.03.22-16.49.52:403][840]LogModuleManager: Shutting down and abandoning module AndroidTargetPlatform (103)
[2020.03.22-16.49.52:403][840]LogModuleManager: Shutting down and abandoning module Android_PVRTCTargetPlatform (101)
[2020.03.22-16.49.52:403][840]LogModuleManager: Shutting down and abandoning module Android_MultiTargetPlatform (99)
[2020.03.22-16.49.52:403][840]LogModuleManager: Shutting down and abandoning module Android_ETC2TargetPlatform (97)
[2020.03.22-16.49.52:403][840]LogModuleManager: Shutting down and abandoning module Android_ETC1TargetPlatform (95)
[2020.03.22-16.49.52:403][840]LogModuleManager: Shutting down and abandoning module Android_ETC1aTargetPlatform (93)
[2020.03.22-16.49.52:403][840]LogModuleManager: Shutting down and abandoning module Android_DXTTargetPlatform (91)
[2020.03.22-16.49.52:403][840]LogModuleManager: Shutting down and abandoning module Android_ATCTargetPlatform (89)
[2020.03.22-16.49.52:403][840]LogModuleManager: Shutting down and abandoning module Android_ASTCTargetPlatform (87)
[2020.03.22-16.49.52:403][840]LogModuleManager: Shutting down and abandoning module WindowsTargetPlatform (85)
[2020.03.22-16.49.52:403][840]LogModuleManager: Shutting down and abandoning module WindowsServerTargetPlatform (83)
[2020.03.22-16.49.52:403][840]LogModuleManager: Shutting down and abandoning module WindowsNoEditorTargetPlatform (81)
[2020.03.22-16.49.52:403][840]LogModuleManager: Shutting down and abandoning module WindowsClientTargetPlatform (79)
[2020.03.22-16.49.52:403][840]LogModuleManager: Shutting down and abandoning module MacTargetPlatform (77)
[2020.03.22-16.49.52:403][840]LogModuleManager: Shutting down and abandoning module MacServerTargetPlatform (75)
[2020.03.22-16.49.52:403][840]LogModuleManager: Shutting down and abandoning module MacNoEditorTargetPlatform (73)
[2020.03.22-16.49.52:403][840]LogModuleManager: Shutting down and abandoning module MacClientTargetPlatform (71)
[2020.03.22-16.49.52:403][840]LogModuleManager: Shutting down and abandoning module AllDesktopTargetPlatform (69)
[2020.03.22-16.49.52:403][840]LogModuleManager: Shutting down and abandoning module InputCore (66)
[2020.03.22-16.49.52:403][840]LogModuleManager: Shutting down and abandoning module Settings (64)
[2020.03.22-16.49.52:403][840]LogModuleManager: Shutting down and abandoning module PhysXCooking (62)
[2020.03.22-16.49.52:403][840]LogModuleManager: Shutting down and abandoning module SteamVR (60)
[2020.03.22-16.49.52:403][840]LogModuleManager: Shutting down and abandoning module OculusHMD (58)
[2020.03.22-16.49.52:404][840]LogModuleManager: Shutting down and abandoning module ExampleDeviceProfileSelector (56)
[2020.03.22-16.49.52:404][840]LogModuleManager: Shutting down and abandoning module AppleARKit (54)
[2020.03.22-16.49.52:404][840]LogModuleManager: Shutting down and abandoning module AugmentedReality (51)
[2020.03.22-16.49.52:404][840]LogModuleManager: Shutting down and abandoning module OnlineBlueprintSupport (48)
[2020.03.22-16.49.52:404][840]LogModuleManager: Shutting down and abandoning module OnlineSubsystem (44)
[2020.03.22-16.49.52:404][840]LogModuleManager: Shutting down and abandoning module XMPP (43)
[2020.03.22-16.49.52:405][840]LogModuleManager: Shutting down and abandoning module HTTP (41)
[2020.03.22-16.49.52:405][840]LogHttp: Display: Http module shutting down, but needs to wait on 2 outstanding Http requests:
[2020.03.22-16.49.52:405][840]LogHttp: Display: 	verb=[POST] url=[https://datarouter.ol.epicgames.com/datarouter/api/v1/public/data?SessionID=%7B531E66A4-4065-C64A-0045-CA85EE0564FB%7D&AppID=UEEditor.Rocket.Release&AppVersion=4.19.2-4033788%2B%2B%2BUE4%2BRelease-4.19&UserID=5652527b4ffc3c7806be5ebd149c8175%7Ce4f96d32438840c286642a886185b54b%7Cfd5ca13d-8cb4-47c3-b70f-64a539e03a58&AppEnvironment=datacollector-binary&UploadType=eteventstream] status=Processing
[2020.03.22-16.49.52:405][840]LogHttp: Display: 	verb=[POST] url=[https://datarouter.ol.epicgames.com/datarouter/api/v1/public/data?SessionID=%7B531E66A4-4065-C64A-0045-CA85EE0564FB%7D&AppID=UEEditor.Rocket.Release&AppVersion=4.19.2-4033788%2B%2B%2BUE4%2BRelease-4.19&UserID=5652527b4ffc3c7806be5ebd149c8175%7Ce4f96d32438840c286642a886185b54b%7Cfd5ca13d-8cb4-47c3-b70f-64a539e03a58&AppEnvironment=datacollector-binary&UploadType=eteventstream] status=Processing
[2020.03.22-16.49.52:414][840]LogModuleManager: Shutting down and abandoning module SSL (40)
[2020.03.22-16.49.52:415][840]LogModuleManager: Shutting down and abandoning module AnimationModifiers (36)
[2020.03.22-16.49.52:416][840]LogModuleManager: Shutting down and abandoning module PropertyEditor (35)
[2020.03.22-16.49.52:416][840]LogModuleManager: Shutting down and abandoning module AudioEditor (32)
[2020.03.22-16.49.52:416][840]LogModuleManager: Shutting down and abandoning module TextureCompressor (30)
[2020.03.22-16.49.52:416][840]LogModuleManager: Shutting down and abandoning module ShaderCore (28)
[2020.03.22-16.49.52:416][840]LogModuleManager: Shutting down and abandoning module Landscape (26)
[2020.03.22-16.49.52:416][840]LogModuleManager: Shutting down and abandoning module SlateRHIRenderer (24)
[2020.03.22-16.49.52:419][840]LogModuleManager: Shutting down and abandoning module OpenGLDrv (22)
[2020.03.22-16.49.52:419][840]LogModuleManager: Shutting down and abandoning module D3D11RHI (20)
[2020.03.22-16.49.52:419][840]LogModuleManager: Shutting down and abandoning module AnimGraphRuntime (18)
[2020.03.22-16.49.52:419][840]LogModuleManager: Shutting down and abandoning module Renderer (16)
[2020.03.22-16.49.52:419][840]LogModuleManager: Shutting down and abandoning module Engine (14)
[2020.03.22-16.49.52:419][840]LogModuleManager: Shutting down and abandoning module CoreUObject (12)
[2020.03.22-16.49.52:419][840]LogModuleManager: Shutting down and abandoning module NetworkFile (10)
[2020.03.22-16.49.52:419][840]LogModuleManager: Shutting down and abandoning module CookedIterativeFile (8)
[2020.03.22-16.49.52:419][840]LogModuleManager: Shutting down and abandoning module StreamingFile (6)
[2020.03.22-16.49.52:419][840]LogModuleManager: Shutting down and abandoning module SandboxFile (4)
[2020.03.22-16.49.52:419][840]LogModuleManager: Shutting down and abandoning module PakFile (2)
[2020.03.22-16.49.52:424][840]LogExit: Exiting.
[2020.03.22-16.49.52:431][840]Log file closed, 03/23/20 01:49:52
