Log file open, 03/19/20 09:25:31
LogWindows: Failed to load 'aqProf.dll' (GetLastError=126)
LogWindows: File 'aqProf.dll' does not exist
LogWindows: Failed to load 'VtuneApi.dll' (GetLastError=126)
LogWindows: File 'VtuneApi.dll' does not exist
LogWindows: Failed to load 'VtuneApi32e.dll' (GetLastError=126)
LogWindows: File 'VtuneApi32e.dll' does not exist
LogInit: Display: Running engine for game: ArenaBattle
LogPlatformFile: Not using cached read wrapper
LogInit: Display: RandInit(1557630327) SRandInit(1557630327).
LogInit: Read version file with build ID '3944462'
LogInit: Overriding engine version to CL 4033788, compatible CL 3944462
LogInit: Registered custom module enumerator with build ID '3944462'
LogTaskGraph: Started task graph with 5 named threads and 23 total threads with 3 sets of task threads.
LogStats: Stats thread started at 1.135557
LogD3D11RHI: Aftermath initialized
LogICUInternationalization: Display: ICU TimeZone Detection - Raw Offset: +9:00, Platform Override: ''
LogPluginManager: Mounting plugin Paper2D
LogPluginManager: Mounting plugin LiveLink
LogPluginManager: Mounting plugin LightPropagationVolume
LogPluginManager: Mounting plugin CLionSourceCodeAccess
LogPluginManager: Mounting plugin CodeLiteSourceCodeAccess
LogPluginManager: Mounting plugin GitSourceControl
LogPluginManager: Mounting plugin KDevelopSourceCodeAccess
LogPluginManager: Mounting plugin NullSourceCodeAccess
LogPluginManager: Mounting plugin PerforceSourceControl
LogPluginManager: Mounting plugin SubversionSourceControl
LogPluginManager: Mounting plugin UObjectPlugin
LogPluginManager: Mounting plugin VisualStudioCodeSourceCodeAccess
LogPluginManager: Mounting plugin VisualStudioSourceCodeAccess
LogPluginManager: Mounting plugin XCodeSourceCodeAccess
LogPluginManager: Mounting plugin AssetManagerEditor
LogPluginManager: Mounting plugin CryptoKeys
LogPluginManager: Mounting plugin DataValidation
LogPluginManager: Mounting plugin FacialAnimation
LogPluginManager: Mounting plugin GameplayTagsEditor
LogPluginManager: Mounting plugin MobileLauncherProfileWizard
LogPluginManager: Mounting plugin PluginBrowser
LogPluginManager: Mounting plugin SpeedTreeImporter
LogPluginManager: Mounting plugin DatasmithContent
LogPluginManager: Mounting plugin AlembicImporter
LogPluginManager: Mounting plugin CharacterAI
LogPluginManager: Mounting plugin HTML5Networking
LogPluginManager: Mounting plugin AndroidMedia
LogPluginManager: Mounting plugin AvfMedia
LogPluginManager: Mounting plugin ImgMedia
LogPluginManager: Mounting plugin LinearTimecode
LogPluginManager: Mounting plugin MediaCompositing
LogPluginManager: Mounting plugin MediaPlayerEditor
LogPluginManager: Mounting plugin WmfMedia
LogPluginManager: Mounting plugin TcpMessaging
LogPluginManager: Mounting plugin UdpMessaging
LogPluginManager: Mounting plugin ActorSequence
LogPluginManager: Mounting plugin LevelSequenceEditor
LogPluginManager: Mounting plugin MatineeToLevelSequence
LogPluginManager: Mounting plugin NetcodeUnitTest
LogPluginManager: Mounting plugin NUTUnrealEngine4
LogPluginManager: Mounting plugin OnlineSubsystemGooglePlay
LogPluginManager: Mounting plugin OnlineSubsystemIOS
LogPluginManager: Mounting plugin OnlineSubsystem
LogPluginManager: Mounting plugin OnlineSubsystemNull
LogPluginManager: Mounting plugin OnlineSubsystemUtils
LogPluginManager: Mounting plugin AndroidDeviceProfileSelector
LogPluginManager: Mounting plugin AndroidMoviePlayer
LogPluginManager: Mounting plugin AndroidPermission
LogPluginManager: Mounting plugin AppleARKit
LogPluginManager: Mounting plugin AppleMoviePlayer
LogPluginManager: Mounting plugin ArchVisCharacter
LogPluginManager: Mounting plugin AudioCapture
LogPluginManager: Mounting plugin CableComponent
LogPluginManager: Mounting plugin CustomMeshComponent
LogPluginManager: Mounting plugin ExampleDeviceProfileSelector
LogPluginManager: Mounting plugin GoogleCloudMessaging
LogPluginManager: Mounting plugin ImmediatePhysics
LogPluginManager: Mounting plugin IOSDeviceProfileSelector
LogPluginManager: Mounting plugin LinuxDeviceProfileSelector
LogPluginManager: Mounting plugin LocationServicesBPLibrary
LogPluginManager: Mounting plugin MobilePatchingUtils
LogPluginManager: Mounting plugin OculusVR
LogPluginManager: Plugin shader directory ../../../Engine/Plugins/Runtime/Oculus/OculusVR/Shaders found
LogPluginManager: Mapping shader source directory ../../../Engine/Plugins/Runtime/Oculus/OculusVR/Shaders to virtual directory /Plugin/OculusVR
LogPluginManager: Mounting plugin PhysXVehicles
LogPluginManager: Mounting plugin ProceduralMeshComponent
LogPluginManager: Mounting plugin RuntimePhysXCooking
LogPluginManager: Mounting plugin SteamVR
LogPluginManager: Mounting plugin WindowsMoviePlayer
LogStreaming: Display: Took  0.264s to configure plugins.
LogModuleManager: Display: Found up-to-date module file ../../../../../../Users/HY_Raptop/OneDrive/Desktop/GitHub/UnrealTutorial/ArenaBattle/Binaries/Win64/UE4Editor-ArenaBattle.dll (API version 3944462).
LogModuleManager: Display: Found up-to-date module file ../../../Engine/Plugins/2D/Paper2D/Binaries/Win64/UE4Editor-Paper2D.dll (API version 3944462).
LogModuleManager: Display: Found up-to-date module file ../../../Engine/Plugins/2D/Paper2D/Binaries/Win64/UE4Editor-Paper2DEditor.dll (API version 3944462).
LogModuleManager: Display: Found up-to-date module file ../../../Engine/Plugins/2D/Paper2D/Binaries/Win64/UE4Editor-PaperSpriteSheetImporter.dll (API version 3944462).
LogModuleManager: Display: Found up-to-date module file ../../../Engine/Plugins/2D/Paper2D/Binaries/Win64/UE4Editor-PaperTiledImporter.dll (API version 3944462).
LogModuleManager: Display: Found up-to-date module file ../../../Engine/Plugins/2D/Paper2D/Binaries/Win64/UE4Editor-SmartSnapping.dll (API version 3944462).
LogModuleManager: Display: Found up-to-date module file ../../../Engine/Plugins/Animation/LiveLink/Binaries/Win64/UE4Editor-LiveLink.dll (API version 3944462).
LogModuleManager: Display: Found up-to-date module file ../../../Engine/Plugins/Animation/LiveLink/Binaries/Win64/UE4Editor-LiveLinkEditor.dll (API version 3944462).
LogModuleManager: Display: Found up-to-date module file ../../../Engine/Plugins/Blendables/LightPropagationVolume/Binaries/Win64/UE4Editor-LightPropagationVolumeRuntime.dll (API version 3944462).
LogModuleManager: Display: Found up-to-date module file ../../../Engine/Plugins/Blendables/LightPropagationVolume/Binaries/Win64/UE4Editor-LightPropagationVolumeEditor.dll (API version 3944462).
LogModuleManager: Display: Found up-to-date module file ../../../Engine/Plugins/Developer/CLionSourceCodeAccess/Binaries/Win64/UE4Editor-CLionSourceCodeAccess.dll (API version 3944462).
LogModuleManager: Display: Found up-to-date module file ../../../Engine/Plugins/Developer/GitSourceControl/Binaries/Win64/UE4Editor-GitSourceControl.dll (API version 3944462).
LogModuleManager: Display: Found up-to-date module file ../../../Engine/Plugins/Developer/PerforceSourceControl/Binaries/Win64/UE4Editor-PerforceSourceControl.dll (API version 3944462).
LogModuleManager: Display: Found up-to-date module file ../../../Engine/Plugins/Developer/SubversionSourceControl/Binaries/Win64/UE4Editor-SubversionSourceControl.dll (API version 3944462).
LogModuleManager: Display: Found up-to-date module file ../../../Engine/Plugins/Developer/UObjectPlugin/Binaries/Win64/UE4Editor-UObjectPlugin.dll (API version 3944462).
LogModuleManager: Display: Found up-to-date module file ../../../Engine/Plugins/Developer/VisualStudioCodeSourceCodeAccess/Binaries/Win64/UE4Editor-VisualStudioCodeSourceCodeAccess.dll (API version 3944462).
LogModuleManager: Display: Found up-to-date module file ../../../Engine/Plugins/Developer/VisualStudioSourceCodeAccess/Binaries/Win64/UE4Editor-VisualStudioSourceCodeAccess.dll (API version 3944462).
LogModuleManager: Display: Found up-to-date module file ../../../Engine/Plugins/Editor/AssetManagerEditor/Binaries/Win64/UE4Editor-AssetManagerEditor.dll (API version 3944462).
LogModuleManager: Display: Found up-to-date module file ../../../Engine/Plugins/Editor/CryptoKeys/Binaries/Win64/UE4Editor-CryptoKeys.dll (API version 3944462).
LogModuleManager: Display: Found up-to-date module file ../../../Engine/Plugins/Editor/CryptoKeys/Binaries/Win64/UE4Editor-CryptoKeysOpenSSL.dll (API version 3944462).
LogModuleManager: Display: Found up-to-date module file ../../../Engine/Plugins/Editor/DataValidation/Binaries/Win64/UE4Editor-DataValidation.dll (API version 3944462).
LogModuleManager: Display: Found up-to-date module file ../../../Engine/Plugins/Editor/FacialAnimation/Binaries/Win64/UE4Editor-FacialAnimation.dll (API version 3944462).
LogModuleManager: Display: Found up-to-date module file ../../../Engine/Plugins/Editor/FacialAnimation/Binaries/Win64/UE4Editor-FacialAnimationEditor.dll (API version 3944462).
LogModuleManager: Display: Found up-to-date module file ../../../Engine/Plugins/Editor/GameplayTagsEditor/Binaries/Win64/UE4Editor-GameplayTagsEditor.dll (API version 3944462).
LogModuleManager: Display: Found up-to-date module file ../../../Engine/Plugins/Editor/MobileLauncherProfileWizard/Binaries/Win64/UE4Editor-MobileLauncherProfileWizard.dll (API version 3944462).
LogModuleManager: Display: Found up-to-date module file ../../../Engine/Plugins/Editor/PluginBrowser/Binaries/Win64/UE4Editor-PluginBrowser.dll (API version 3944462).
LogModuleManager: Display: Found up-to-date module file ../../../Engine/Plugins/Editor/SpeedTreeImporter/Binaries/Win64/UE4Editor-SpeedTreeImporter.dll (API version 3944462).
LogModuleManager: Display: Found up-to-date module file ../../../Engine/Plugins/Enterprise/DatasmithContent/Binaries/Win64/UE4Editor-DatasmithContent.dll (API version 3944462).
LogModuleManager: Display: Found up-to-date module file ../../../Engine/Plugins/Experimental/AlembicImporter/Binaries/Win64/UE4Editor-AlembicImporter.dll (API version 3944462).
LogModuleManager: Display: Found up-to-date module file ../../../Engine/Plugins/Experimental/AlembicImporter/Binaries/Win64/UE4Editor-AlembicLibrary.dll (API version 3944462).
LogModuleManager: Display: Found up-to-date module file ../../../Engine/Plugins/Experimental/CharacterAI/Binaries/Win64/UE4Editor-CharacterAI.dll (API version 3944462).
LogModuleManager: Display: Found up-to-date module file ../../../Engine/Plugins/Experimental/HTML5Networking/Binaries/Win64/UE4Editor-HTML5Networking.dll (API version 3944462).
LogModuleManager: Display: Found up-to-date module file ../../../Engine/Plugins/Media/AndroidMedia/Binaries/Win64/UE4Editor-AndroidMediaEditor.dll (API version 3944462).
LogModuleManager: Display: Found up-to-date module file ../../../Engine/Plugins/Media/AndroidMedia/Binaries/Win64/UE4Editor-AndroidMediaFactory.dll (API version 3944462).
LogModuleManager: Display: Found up-to-date module file ../../../Engine/Plugins/Media/AvfMedia/Binaries/Win64/UE4Editor-AvfMediaEditor.dll (API version 3944462).
LogModuleManager: Display: Found up-to-date module file ../../../Engine/Plugins/Media/AvfMedia/Binaries/Win64/UE4Editor-AvfMediaFactory.dll (API version 3944462).
LogModuleManager: Display: Found up-to-date module file ../../../Engine/Plugins/Media/AvfMedia/Binaries/Win64/UE4Editor-AvfMediaFactory.dll (API version 3944462).
LogModuleManager: Display: Found up-to-date module file ../../../Engine/Plugins/Media/ImgMedia/Binaries/Win64/UE4Editor-ImgMedia.dll (API version 3944462).
LogModuleManager: Display: Found up-to-date module file ../../../Engine/Plugins/Media/ImgMedia/Binaries/Win64/UE4Editor-ImgMediaEditor.dll (API version 3944462).
LogModuleManager: Display: Found up-to-date module file ../../../Engine/Plugins/Media/ImgMedia/Binaries/Win64/UE4Editor-ImgMediaFactory.dll (API version 3944462).
LogModuleManager: Display: Found up-to-date module file ../../../Engine/Plugins/Media/ImgMedia/Binaries/Win64/UE4Editor-ImgMediaFactory.dll (API version 3944462).
LogModuleManager: Display: Found up-to-date module file ../../../Engine/Plugins/Media/ImgMedia/Binaries/Win64/UE4Editor-OpenExrWrapper.dll (API version 3944462).
LogModuleManager: Display: Found up-to-date module file ../../../Engine/Plugins/Media/LinearTimecode/Binaries/Win64/UE4Editor-LinearTimecode.dll (API version 3944462).
LogModuleManager: Display: Found up-to-date module file ../../../Engine/Plugins/Media/MediaCompositing/Binaries/Win64/UE4Editor-MediaCompositing.dll (API version 3944462).
LogModuleManager: Display: Found up-to-date module file ../../../Engine/Plugins/Media/MediaCompositing/Binaries/Win64/UE4Editor-MediaCompositingEditor.dll (API version 3944462).
LogModuleManager: Display: Found up-to-date module file ../../../Engine/Plugins/Media/MediaPlayerEditor/Binaries/Win64/UE4Editor-MediaPlayerEditor.dll (API version 3944462).
LogModuleManager: Display: Found up-to-date module file ../../../Engine/Plugins/Media/WmfMedia/Binaries/Win64/UE4Editor-WmfMedia.dll (API version 3944462).
LogModuleManager: Display: Found up-to-date module file ../../../Engine/Plugins/Media/WmfMedia/Binaries/Win64/UE4Editor-WmfMediaEditor.dll (API version 3944462).
LogModuleManager: Display: Found up-to-date module file ../../../Engine/Plugins/Media/WmfMedia/Binaries/Win64/UE4Editor-WmfMediaFactory.dll (API version 3944462).
LogModuleManager: Display: Found up-to-date module file ../../../Engine/Plugins/Media/WmfMedia/Binaries/Win64/UE4Editor-WmfMediaFactory.dll (API version 3944462).
LogModuleManager: Display: Found up-to-date module file ../../../Engine/Plugins/Messaging/TcpMessaging/Binaries/Win64/UE4Editor-TcpMessaging.dll (API version 3944462).
LogModuleManager: Display: Found up-to-date module file ../../../Engine/Plugins/Messaging/UdpMessaging/Binaries/Win64/UE4Editor-UdpMessaging.dll (API version 3944462).
LogModuleManager: Display: Found up-to-date module file ../../../Engine/Plugins/MovieScene/ActorSequence/Binaries/Win64/UE4Editor-ActorSequence.dll (API version 3944462).
LogModuleManager: Display: Found up-to-date module file ../../../Engine/Plugins/MovieScene/LevelSequenceEditor/Binaries/Win64/UE4Editor-LevelSequenceEditor.dll (API version 3944462).
LogModuleManager: Display: Found up-to-date module file ../../../Engine/Plugins/MovieScene/MatineeToLevelSequence/Binaries/Win64/UE4Editor-MatineeToLevelSequence.dll (API version 3944462).
LogModuleManager: Display: Found up-to-date module file ../../../Engine/Plugins/NetcodeUnitTest/NetcodeUnitTest/Binaries/Win64/UE4Editor-NetcodeUnitTest.dll (API version 3944462).
LogModuleManager: Display: Found up-to-date module file ../../../Engine/Plugins/NetcodeUnitTest/NUTUnrealEngine4/Binaries/Win64/UE4Editor-NUTUnrealEngine4.dll (API version 3944462).
LogModuleManager: Display: Found up-to-date module file ../../../Engine/Plugins/Online/OnlineSubsystem/Binaries/Win64/UE4Editor-OnlineSubsystem.dll (API version 3944462).
LogModuleManager: Display: Found up-to-date module file ../../../Engine/Plugins/Online/OnlineSubsystemNull/Binaries/Win64/UE4Editor-OnlineSubsystemNull.dll (API version 3944462).
LogModuleManager: Display: Found up-to-date module file ../../../Engine/Plugins/Online/OnlineSubsystemUtils/Binaries/Win64/UE4Editor-OnlineSubsystemUtils.dll (API version 3944462).
LogModuleManager: Display: Found up-to-date module file ../../../Engine/Plugins/Online/OnlineSubsystemUtils/Binaries/Win64/UE4Editor-OnlineBlueprintSupport.dll (API version 3944462).
LogModuleManager: Display: Found up-to-date module file ../../../Engine/Plugins/Runtime/AndroidDeviceProfileSelector/Binaries/Win64/UE4Editor-AndroidDeviceProfileSelector.dll (API version 3944462).
LogModuleManager: Display: Found up-to-date module file ../../../Engine/Plugins/Runtime/AndroidPermission/Binaries/Win64/UE4Editor-AndroidPermission.dll (API version 3944462).
LogModuleManager: Display: Found up-to-date module file ../../../Engine/Plugins/Runtime/AppleARKit/Binaries/Win64/UE4Editor-AppleARKit.dll (API version 3944462).
LogModuleManager: Display: Found up-to-date module file ../../../Engine/Plugins/Runtime/ArchVisCharacter/Binaries/Win64/UE4Editor-ArchVisCharacter.dll (API version 3944462).
LogModuleManager: Display: Found up-to-date module file ../../../Engine/Plugins/Runtime/AudioCapture/Binaries/Win64/UE4Editor-AudioCapture.dll (API version 3944462).
LogModuleManager: Display: Found up-to-date module file ../../../Engine/Plugins/Runtime/AudioCapture/Binaries/Win64/UE4Editor-AudioCaptureEditor.dll (API version 3944462).
LogModuleManager: Display: Found up-to-date module file ../../../Engine/Plugins/Runtime/CableComponent/Binaries/Win64/UE4Editor-CableComponent.dll (API version 3944462).
LogModuleManager: Display: Found up-to-date module file ../../../Engine/Plugins/Runtime/CustomMeshComponent/Binaries/Win64/UE4Editor-CustomMeshComponent.dll (API version 3944462).
LogModuleManager: Display: Found up-to-date module file ../../../Engine/Plugins/Runtime/ExampleDeviceProfileSelector/Binaries/Win64/UE4Editor-ExampleDeviceProfileSelector.dll (API version 3944462).
LogModuleManager: Display: Found up-to-date module file ../../../Engine/Plugins/Runtime/ImmediatePhysics/Binaries/Win64/UE4Editor-ImmediatePhysics.dll (API version 3944462).
LogModuleManager: Display: Found up-to-date module file ../../../Engine/Plugins/Runtime/ImmediatePhysics/Binaries/Win64/UE4Editor-ImmediatePhysicsEditor.dll (API version 3944462).
LogModuleManager: Display: Found up-to-date module file ../../../Engine/Plugins/Runtime/LocationServicesBPLibrary/Binaries/Win64/UE4Editor-LocationServicesBPLibrary.dll (API version 3944462).
LogModuleManager: Display: Found up-to-date module file ../../../Engine/Plugins/Runtime/MobilePatchingUtils/Binaries/Win64/UE4Editor-MobilePatchingUtils.dll (API version 3944462).
LogModuleManager: Display: Found up-to-date module file ../../../Engine/Plugins/Runtime/Oculus/OculusVR/Binaries/Win64/UE4Editor-OculusHMD.dll (API version 3944462).
LogModuleManager: Display: Found up-to-date module file ../../../Engine/Plugins/Runtime/Oculus/OculusVR/Binaries/Win64/UE4Editor-OculusInput.dll (API version 3944462).
LogModuleManager: Display: Found up-to-date module file ../../../Engine/Plugins/Runtime/Oculus/OculusVR/Binaries/Win64/UE4Editor-OculusEditor.dll (API version 3944462).
LogModuleManager: Display: Found up-to-date module file ../../../Engine/Plugins/Runtime/PhysXVehicles/Binaries/Win64/UE4Editor-PhysXVehicles.dll (API version 3944462).
LogModuleManager: Display: Found up-to-date module file ../../../Engine/Plugins/Runtime/PhysXVehicles/Binaries/Win64/UE4Editor-PhysXVehiclesEditor.dll (API version 3944462).
LogModuleManager: Display: Found up-to-date module file ../../../Engine/Plugins/Runtime/ProceduralMeshComponent/Binaries/Win64/UE4Editor-ProceduralMeshComponent.dll (API version 3944462).
LogModuleManager: Display: Found up-to-date module file ../../../Engine/Plugins/Runtime/ProceduralMeshComponent/Binaries/Win64/UE4Editor-ProceduralMeshComponentEditor.dll (API version 3944462).
LogModuleManager: Display: Found up-to-date module file ../../../Engine/Plugins/Runtime/RuntimePhysXCooking/Binaries/Win64/UE4Editor-RuntimePhysXCooking.dll (API version 3944462).
LogModuleManager: Display: Found up-to-date module file ../../../Engine/Plugins/Runtime/Steam/SteamVR/Binaries/Win64/UE4Editor-SteamVR.dll (API version 3944462).
LogModuleManager: Display: Found up-to-date module file ../../../Engine/Plugins/Runtime/Steam/SteamVR/Binaries/Win64/UE4Editor-SteamVRController.dll (API version 3944462).
LogModuleManager: Display: Found up-to-date module file ../../../Engine/Plugins/Runtime/WindowsMoviePlayer/Binaries/Win64/UE4Editor-WindowsMoviePlayer.dll (API version 3944462).
LogInit: Using libcurl 7.47.1
LogInit:  - built for x86_64-pc-win32
LogInit:  - supports SSL with OpenSSL/1.0.2g
LogInit:  - supports HTTP deflate (compression) using libz 1.2.8
LogInit:  - other features:
LogInit:      CURL_VERSION_SSL
LogInit:      CURL_VERSION_LIBZ
LogInit:      CURL_VERSION_IPV6
LogInit:      CURL_VERSION_ASYNCHDNS
LogInit:      CURL_VERSION_LARGEFILE
LogInit:      CURL_VERSION_IDN
LogInit:  CurlRequestOptions (configurable via config and command line):
LogInit:  - bVerifyPeer = false  - Libcurl will NOT verify peer certificate
LogInit:  - bUseHttpProxy = false  - Libcurl will NOT use HTTP proxy
LogInit:  - bDontReuseConnections = false  - Libcurl will reuse connections
LogInit:  - CertBundlePath = nullptr  - Libcurl will use whatever was configured at build time.
LogInit:  - MaxHostConnections = 16  - Libcurl will limit the number of connections to a host
LogInit:  - LocalHostAddr = Default
LogInit: WinSock: version 1.1 (2.2), MaxSocks=32767, MaxUdp=65467
LogInit: WinSock: I am HY_LAPTOP (172.30.1.40:0)
LogInit: Build: ++UE4+Release-4.19-CL-4033788
LogInit: Engine Version: 4.19.2-4033788+++UE4+Release-4.19
LogInit: Compatible Engine Version: 4.19.0-3944462+++UE4+Release-4.19
LogInit: Net CL: 3944462
LogDevObjectVersion: Number of dev versions registered: 18
LogDevObjectVersion:   Dev-Blueprints (B0D832E4-1F89-4F0D-ACCF-7EB736FD4AA2): 10
LogDevObjectVersion:   Dev-Build (E1C64328-A22C-4D53-A36C-8E866417BD8C): 0
LogDevObjectVersion:   Dev-Core (375EC13C-06E4-48FB-B500-84F0262A717E): 2
LogDevObjectVersion:   Dev-Editor (E4B068ED-F494-42E9-A231-DA0B2E46BB41): 23
LogDevObjectVersion:   Dev-Framework (CFFC743F-43B0-4480-9391-14DF171D2073): 33
LogDevObjectVersion:   Dev-Mobile (B02B49B5-BB20-44E9-A304-32B752E40360): 2
LogDevObjectVersion:   Dev-Networking (A4E4105C-59A1-49B5-A7C5-40C4547EDFEE): 0
LogDevObjectVersion:   Dev-Online (39C831C9-5AE6-47DC-9A44-9C173E1C8E7C): 0
LogDevObjectVersion:   Dev-Physics (78F01B33-EBEA-4F98-B9B4-84EACCB95AA2): 0
LogDevObjectVersion:   Dev-Platform (6631380F-2D4D-43E0-8009-CF276956A95A): 0
LogDevObjectVersion:   Dev-Rendering (12F88B9F-8875-4AFC-A67C-D90C383ABD29): 25
LogDevObjectVersion:   Dev-Sequencer (7B5AE74C-D270-4C10-A958-57980B212A5A): 6
LogDevObjectVersion:   Dev-VR (D7296918-1DD6-4BDD-9DE2-64A83CC13884): 1
LogDevObjectVersion:   Dev-LoadTimes (C2A15278-BFE7-4AFE-6C17-90FF531DF755): 1
LogDevObjectVersion:   Private-Geometry (6EACA3D4-40EC-4CC1-B786-8BED09428FC5): 2
LogDevObjectVersion:   Dev-AnimPhys (29E575DD-E0A3-4627-9D10-D276232CDCEA): 16
LogDevObjectVersion:   Dev-ReflectionCapture (6B266CEC-1EC7-4B8F-A30B-E4D90942FC07): 1
LogDevObjectVersion:   Dev-Automation (0DF73D61-A23F-47EA-B727-89E90C41499A): 1
LogInit: Compiled (64-bit): Apr 27 2018 02:06:57
LogInit: Compiled with Visual C++: 19.00.24215.01
LogInit: Build Configuration: Development
LogInit: Branch Name: ++UE4+Release-4.19
LogInit: Command Line:  
LogInit: Base Directory: C:/Program Files/Epic Games/UE_4.19/Engine/Binaries/Win64/
LogInit: Installed Engine Build: 1
LogStreaming: Display: Took  0.005s to delete old logs.
LogInit: Presizing for max 8388607 objects, including 0 objects not considered by GC, pre-allocating 0 bytes for permanent pool.
LogInit: Object subsystem initialized
[2020.03.19-00.25.35:860][  0]LogInit: Selected Device Profile: [Windows]
[2020.03.19-00.25.35:860][  0]LogInit: Applying CVar settings loaded from the selected device profile: [Windows]
[2020.03.19-00.25.35:884][  0]LogInit: Computer: HY_LAPTOP
[2020.03.19-00.25.35:884][  0]LogInit: User: HYRaptop
[2020.03.19-00.25.35:884][  0]LogInit: CPU Page size=4096, Cores=4
[2020.03.19-00.25.35:884][  0]LogInit: High frequency timer resolution =10.000000 MHz
[2020.03.19-00.25.35:885][  0]LogMemory: Memory total: Physical=15.9GB (16GB approx)
[2020.03.19-00.25.35:885][  0]LogMemory: Platform Memory Stats for Windows
[2020.03.19-00.25.35:885][  0]LogMemory: Process Physical Memory: 276.22 MB used, 276.23 MB peak
[2020.03.19-00.25.35:885][  0]LogMemory: Process Virtual Memory: 264.64 MB used, 264.64 MB peak
[2020.03.19-00.25.35:885][  0]LogMemory: Physical Memory: 6531.73 MB used,  9710.45 MB free, 16242.18 MB total
[2020.03.19-00.25.35:885][  0]LogMemory: Virtual Memory: 4778.88 MB used,  9710.45 MB free, 134217728.00 MB total
[2020.03.19-00.25.36:068][  0]LogInit: Using OS detected language (ko-KR).
[2020.03.19-00.25.36:068][  0]LogInit: Using OS detected locale (ko-KR).
[2020.03.19-00.25.36:087][  0]LogTextLocalizationManager: No specific localization for 'ko-KR' exists, so the 'ko' localization will be used.
[2020.03.19-00.25.36:599][  0]LogStreaming: Display: Took  0.530s to EndInitTextLocalization.
[2020.03.19-00.25.36:600][  0]LogInit: Setting process to per monitor DPI aware
[2020.03.19-00.25.36:720][  0]LogSlate: New Slate User Created.  User Index 0, Is Virtual User: 0
[2020.03.19-00.25.36:720][  0]LogSlate: Slate User Registered.  User Index 0, Is Virtual User: 0
[2020.03.19-00.25.37:709][  0]LogD3D11RHI: D3D11 adapters:
[2020.03.19-00.25.37:810][  0]LogD3D11RHI:    0. 'NVIDIA GeForce MX250' (Feature Level 11_0)
[2020.03.19-00.25.37:810][  0]LogD3D11RHI:       1983/0/8121 MB DedicatedVideo/DedicatedSystem/SharedSystem, Outputs:2, VendorId:0x10de
[2020.03.19-00.25.37:862][  0]LogD3D11RHI:    1. 'Intel(R) UHD Graphics 620' (Feature Level 11_0)
[2020.03.19-00.25.37:863][  0]LogD3D11RHI:       128/0/8121 MB DedicatedVideo/DedicatedSystem/SharedSystem, Outputs:0, VendorId:0x8086
[2020.03.19-00.25.37:866][  0]LogD3D11RHI:    2. 'Microsoft Basic Render Driver' (Feature Level 11_0)
[2020.03.19-00.25.37:866][  0]LogD3D11RHI:       0/0/8121 MB DedicatedVideo/DedicatedSystem/SharedSystem, Outputs:0, VendorId:0x1414
[2020.03.19-00.25.37:866][  0]LogD3D11RHI: Chosen D3D11 Adapter: 0
[2020.03.19-00.25.37:883][  0]LogD3D11RHI: Creating new Direct3DDevice
[2020.03.19-00.25.37:883][  0]LogD3D11RHI:     GPU DeviceId: 0x1d13 (for the marketing name, search the web for "GPU Device Id")
[2020.03.19-00.25.37:883][  0]LogWindows: EnumDisplayDevices:
[2020.03.19-00.25.37:883][  0]LogWindows:    0. 'Intel(R) UHD Graphics 620' (P:1 D:1)
[2020.03.19-00.25.37:884][  0]LogWindows:    1. 'Intel(R) UHD Graphics 620' (P:0 D:1)
[2020.03.19-00.25.37:884][  0]LogWindows:    2. 'Intel(R) UHD Graphics 620' (P:0 D:0)
[2020.03.19-00.25.37:884][  0]LogWindows: DebugString: GetVideoDriverDetailsInvalid PrimaryIsNotTheChoosenAdapter GetVideoDriverDetailsInvalid PrimaryIsNotTheChoosenAdapter GetVideoDriverDetailsInvalid PrimaryIsNotTheChoosenAdapter FoundDriverCount:0 
[2020.03.19-00.25.37:884][  0]LogD3D11RHI:     Adapter Name: NVIDIA GeForce MX250
[2020.03.19-00.25.37:884][  0]LogD3D11RHI:   Driver Version: Unknown (internal:Unknown, unified:Unknown)
[2020.03.19-00.25.37:884][  0]LogD3D11RHI:      Driver Date: Unknown
[2020.03.19-00.25.37:884][  0]LogRHI: Texture pool is 1388 MB (70% of 1983 MB)
[2020.03.19-00.25.37:949][  0]LogD3D11RHI: [Aftermath] Aftermath enabled and primed
[2020.03.19-00.25.37:949][  0]LogD3D11RHI: [Aftermath] Aftermath enabled and primed
[2020.03.19-00.25.37:949][  0]LogD3D11RHI: Async texture creation enabled
[2020.03.19-00.25.37:978][  0]LogD3D11RHI: GPU Timing Frequency: 1000.000000 (Debug: 2 1)
[2020.03.19-00.25.37:985][  0]LogShaderCompilers: Guid format shader working directory is -35 characters bigger than the processId version (../../../../../../Users/HY_Raptop/OneDrive/Desktop/GitHub/UnrealTutorial/ArenaBattle/Intermediate/Shaders/WorkingDirectory/11944/).
[2020.03.19-00.25.37:986][  0]LogShaderCompilers: Cleaned the shader compiler working directory 'C:/Users/HY_Raptop/AppData/Local/Temp/UnrealShaderWorkingDir/2D2D266F45926758B54756A6F900F774/'.
[2020.03.19-00.25.38:413][  0]LogTemp: Display: Loaded TP AllDesktopTargetPlatform
[2020.03.19-00.25.38:433][  0]LogTemp: Display: Loaded TP MacClientTargetPlatform
[2020.03.19-00.25.38:453][  0]LogTemp: Display: Loaded TP MacNoEditorTargetPlatform
[2020.03.19-00.25.38:474][  0]LogTemp: Display: Loaded TP MacServerTargetPlatform
[2020.03.19-00.25.38:496][  0]LogTemp: Display: Loaded TP MacTargetPlatform
[2020.03.19-00.25.38:518][  0]LogTemp: Display: Loaded TP WindowsClientTargetPlatform
[2020.03.19-00.25.38:546][  0]LogTemp: Display: Loaded TP WindowsNoEditorTargetPlatform
[2020.03.19-00.25.38:574][  0]LogTemp: Display: Loaded TP WindowsServerTargetPlatform
[2020.03.19-00.25.38:589][  0]LogTemp: Display: Loaded TP WindowsTargetPlatform
[2020.03.19-00.25.38:616][  0]LogTemp: Display: Loaded TP Android_ASTCTargetPlatform
[2020.03.19-00.25.38:652][  0]LogTemp: Display: Loaded TP Android_ATCTargetPlatform
[2020.03.19-00.25.38:692][  0]LogTemp: Display: Loaded TP Android_DXTTargetPlatform
[2020.03.19-00.25.38:717][  0]LogTemp: Display: Loaded TP Android_ETC1aTargetPlatform
[2020.03.19-00.25.38:747][  0]LogTemp: Display: Loaded TP Android_ETC1TargetPlatform
[2020.03.19-00.25.38:775][  0]LogTemp: Display: Loaded TP Android_ETC2TargetPlatform
[2020.03.19-00.25.38:826][  0]LogTemp: Display: Loaded TP Android_MultiTargetPlatform
[2020.03.19-00.25.38:827][  0]LogTemp: Display: Loaded TP Android_PVRTCTargetPlatform
[2020.03.19-00.25.38:854][  0]LogTemp: Display: Loaded TP AndroidTargetPlatform
[2020.03.19-00.25.38:858][  0]LogTemp: Display: Loaded TP HTML5TargetPlatform
[2020.03.19-00.25.38:914][  0]LogTemp: Display: Loaded TP IOSTargetPlatform
[2020.03.19-00.25.38:931][  0]LogTemp: Display: Loaded TP TVOSTargetPlatform
[2020.03.19-00.25.38:951][  0]LogTemp: Display: Loaded TP LinuxClientTargetPlatform
[2020.03.19-00.25.38:970][  0]LogTemp: Display: Loaded TP LinuxNoEditorTargetPlatform
[2020.03.19-00.25.38:991][  0]LogTemp: Display: Loaded TP LinuxServerTargetPlatform
[2020.03.19-00.25.39:011][  0]LogTemp: Display: Loaded TP LinuxTargetPlatform
[2020.03.19-00.25.39:011][  0]LogTargetPlatformManager: Display: Building Assets For Windows
[2020.03.19-00.25.39:334][  0]LogXGEController: Cleaning working directory: C:/Users/HY_Raptop/AppData/Local/Temp/UnrealXGEWorkingDir/
[2020.03.19-00.25.39:334][  0]LogXGEController: Cannot use XGE Controller as Incredibuild is not installed on this machine.
[2020.03.19-00.25.39:335][  0]LogShaderCompilers: Cannot use XGE Shader Compiler as Incredibuild is not installed on this machine.
[2020.03.19-00.25.39:335][  0]LogShaderCompilers: Display: Using Local Shader Compiler.
[2020.03.19-00.25.40:656][  0]LogDerivedDataCache: Display: Max Cache Size: 512 MB
[2020.03.19-00.25.40:916][  0]LogDerivedDataCache: Loaded boot cache 0.26s 75MB C:/Users/HY_Raptop/AppData/Local/UnrealEngine/4.19/DerivedDataCache/Boot.ddc.
[2020.03.19-00.25.40:916][  0]LogDerivedDataCache: Display: Loaded Boot cache: C:/Users/HY_Raptop/AppData/Local/UnrealEngine/4.19/DerivedDataCache/Boot.ddc
[2020.03.19-00.25.40:916][  0]LogDerivedDataCache: FDerivedDataBackendGraph:  Pak pak cache file ../../../../../../Users/HY_Raptop/OneDrive/Desktop/GitHub/UnrealTutorial/ArenaBattle/DerivedDataCache/DDC.ddp not found, will not use a pak cache.
[2020.03.19-00.25.40:916][  0]LogDerivedDataCache: Unable to find inner node Pak for hierarchical cache Hierarchy.
[2020.03.19-00.25.40:916][  0]LogDerivedDataCache: FDerivedDataBackendGraph:  CompressedPak pak cache file ../../../../../../Users/HY_Raptop/OneDrive/Desktop/GitHub/UnrealTutorial/ArenaBattle/DerivedDataCache/Compressed.ddp not found, will not use a pak cache.
[2020.03.19-00.25.40:916][  0]LogDerivedDataCache: Unable to find inner node CompressedPak for hierarchical cache Hierarchy.
[2020.03.19-00.25.40:941][  0]LogDerivedDataCache: Display: Pak cache opened for reading ../../../Engine/DerivedDataCache/Compressed.ddp.
[2020.03.19-00.25.40:953][  0]LogDerivedDataCache: Using Local data cache path C:/Users/HY_Raptop/AppData/Local/UnrealEngine/Common/DerivedDataCache: Writable
[2020.03.19-00.25.40:953][  0]LogDerivedDataCache: Shared data cache path not found in *engine.ini, will not use an Shared cache.
[2020.03.19-00.25.40:953][  0]LogDerivedDataCache: Unable to find inner node Shared for hierarchical cache Hierarchy.
[2020.03.19-00.25.40:969][  0]LogMaterial: Verifying Global Shaders for PCD3D_SM5
[2020.03.19-00.25.40:979][  0]LogSlate: Using Freetype 2.6.0
[2020.03.19-00.25.40:997][  0]LogSlate: SlateFontCache - WITH_FREETYPE: 1, WITH_HARFBUZZ: 1
[2020.03.19-00.25.40:997][  0]LogSlate: SlateFontCache - WITH_FREETYPE: 1, WITH_HARFBUZZ: 1
[2020.03.19-00.25.41:634][  0]LogAssetRegistry: FAssetRegistry took 0.0341 seconds to start up
[2020.03.19-00.25.42:141][  0]LogInit: Selected Device Profile: [Windows]
[2020.03.19-00.25.42:522][  0]LogSimplygon: Simplygon DLL not present - disabling.
[2020.03.19-00.25.42:535][  0]LogMeshReduction: Using SimplygonSwarm for distributed automatic mesh merging
[2020.03.19-00.25.42:537][  0]LogMeshReduction: Using QuadricMeshReduction for automatic static mesh reduction
[2020.03.19-00.25.42:537][  0]LogMeshReduction: No automatic skeletal mesh reduction module available
[2020.03.19-00.25.42:537][  0]LogMeshReduction: No automatic mesh merging module available
[2020.03.19-00.25.42:537][  0]LogMeshMerging: No automatic mesh merging module available
[2020.03.19-00.25.42:629][  0]LogNetVersion: ArenaBattle , NetCL: 3944462, EngineNetVer: 2, GameNetVer: 0 (Checksum: 3555152549)
[2020.03.19-00.25.43:678][  0]LogPackageLocalizationCache: Processed 9 localized package path(s) for 2 prioritized culture(s) in 0.105299 seconds
[2020.03.19-00.25.43:685][  0]LogUObjectArray: 36728 objects as part of root set at end of initial load.
[2020.03.19-00.25.43:685][  0]LogUObjectAllocator: 7314304 out of 0 bytes used by permanent object pool.
[2020.03.19-00.25.43:685][  0]LogUObjectArray: CloseDisregardForGC: 0/0 objects in disregard for GC pool
[2020.03.19-00.25.48:089][  0]LogTcpMessaging: Initializing TcpMessaging bridge
[2020.03.19-00.25.48:134][  0]LogUdpMessaging: Initializing bridge on interface 0.0.0.0:0 to multicast group 230.0.0.1:6666.
[2020.03.19-00.25.48:569][  0]LogSkeletalMesh: Skeletal Mesh found in DDC [0.733900ms] /Game/InfinityBladeWarriors/Character/CompleteCharacters/SK_CharM_Cardboard.SK_CharM_Cardboard
[2020.03.19-00.25.48:592][  0]LogUObjectGlobals: Created PersistentFrame Addr=0x00000201d974cf10, Size=24, Default__WarriorAnimBlueprint_C Function /Game/Book/Animations/WarriorAnimBlueprint.WarriorAnimBlueprint_C:ExecuteUbergraph_WarriorAnimBlueprint
[2020.03.19-00.25.48:636][  0]LogUObjectGlobals: Destroyed PersistentFrame Addr=0x00000201d974cf10, Size=24
[2020.03.19-00.25.48:636][  0]LogUObjectGlobals: Created PersistentFrame Addr=0x00000201d9804268, Size=24, Default__WarriorAnimBlueprint_C Function /Engine/Transient.REINST_WarriorAnimBlueprint_C_0:ExecuteUbergraph_WarriorAnimBlueprint
[2020.03.19-00.25.48:670][  0]LogUObjectGlobals: Created PersistentFrame Addr=0x00000201d9806db8, Size=24, Default__WarriorAnimBlueprint_C Function /Game/Book/Animations/WarriorAnimBlueprint.WarriorAnimBlueprint_C:ExecuteUbergraph_WarriorAnimBlueprint
[2020.03.19-00.25.49:059][  0]SourceControl: 소스 콘트롤이 꺼졌습니다.
[2020.03.19-00.25.49:059][  0]SourceControl: 소스 콘트롤이 꺼졌습니다.
[2020.03.19-00.25.49:117][  0]SourceControl: 소스 콘트롤이 꺼졌습니다.
[2020.03.19-00.25.49:159][  0]SourceControl: 소스 콘트롤이 꺼졌습니다.
[2020.03.19-00.25.50:026][  0]LogAndroidPermission: UAndroidPermissionCallbackProxy::GetInstance
[2020.03.19-00.25.50:369][  0]LogOcInput: OculusInput pre-init called
[2020.03.19-00.25.50:614][  0]LogEngine: Initializing Engine...
[2020.03.19-00.25.50:629][  0]LogHMD: Failed to initialize OpenVR with code 110
[2020.03.19-00.25.50:634][  0]LogStats: UGameplayTagsManager::ConstructGameplayTagTree: Construct from data asset -  0.000 s
[2020.03.19-00.25.50:635][  0]LogStats: UGameplayTagsManager::ConstructGameplayTagTree: GameplayTagTreeChangedEvent.Broadcast -  0.000 s
[2020.03.19-00.25.50:988][  0]LogAIModule: Creating AISystem for world Untitled
[2020.03.19-00.25.51:034][  0]LogInit: XAudio2 using '스피커(2- Realtek(R) Audio)' : 2 channels at 48 kHz using 32 bits per sample (channel mask 0x3)
[2020.03.19-00.25.51:070][  0]LogInit: FAudioDevice initialized.
[2020.03.19-00.25.51:147][  0]LogDerivedDataCache: Saved boot cache 0.08s 75MB C:/Users/HY_Raptop/AppData/Local/UnrealEngine/4.19/DerivedDataCache/Boot.ddc.
[2020.03.19-00.25.51:157][  0]LogInit: Texture streaming: Enabled
[2020.03.19-00.25.51:192][  0]LogEngineSessionManager: EngineSessionManager initialized
[2020.03.19-00.25.51:223][  0]LogInit: Transaction tracking system initialized
[2020.03.19-00.25.51:328][  0]BlueprintLog: New page: 에디터 로드
[2020.03.19-00.25.51:683][  0]LocalizationService: 현지화 서비스가 비활성화되었습니다.
[2020.03.19-00.25.52:217][  0]LogConsoleResponse: Display: 
[2020.03.19-00.25.52:507][  0]LogCook: Display: Max memory allowance for cook 16384mb min free memory 0mb
[2020.03.19-00.25.52:507][  0]LogCook: Display: Mobile HDR setting 1
[2020.03.19-00.25.52:507][  0]LogGameplayTags: Display: UGameplayTagsManager::DoneAddingNativeTags. DelegateIsBound: 0
[2020.03.19-00.25.52:507][  0]LogStats: UGameplayTagsManager::ConstructGameplayTagTree: Construct from data asset -  0.000 s
[2020.03.19-00.25.52:507][  0]LogStats: UGameplayTagsManager::ConstructGameplayTagTree: GameplayTagTreeChangedEvent.Broadcast -  0.000 s
[2020.03.19-00.25.52:839][  0]LogFileCache: Scanning file cache for directory 'C:/Users/HY_Raptop/OneDrive/Desktop/GitHub/UnrealTutorial/ArenaBattle/Content/' took 0.03s
[2020.03.19-00.25.53:414][  0]SourceControl: 소스 콘트롤이 꺼졌습니다.
[2020.03.19-00.25.53:419][  0]Cmd: MAP LOAD FILE="../../../../../../Users/HY_Raptop/OneDrive/Desktop/GitHub/UnrealTutorial/ArenaBattle/Content/Book/Maps/Step2.umap" TEMPLATE=0 SHOWPROGRESS=1 FEATURELEVEL=3
[2020.03.19-00.25.53:428][  0]LightingResults: New page: 라이팅 빌드
[2020.03.19-00.25.53:441][  0]MapCheck: New page: 맵 체크
[2020.03.19-00.25.53:441][  0]LightingResults: New page: 라이팅 빌드
[2020.03.19-00.25.53:460][  0]LogUObjectGlobals: Destroyed PersistentFrame Addr=0x00000201d9804268, Size=24
[2020.03.19-00.25.53:876][  0]LogAIModule: Creating AISystem for world Step2
[2020.03.19-00.25.53:898][  0]LogEditorServer: Finished looking for orphan Actors (0.000 secs)
[2020.03.19-00.25.53:925][  0]Cmd: MAP CHECKDEP NOCLEARLOG
[2020.03.19-00.25.54:035][  0]MapCheck: 맵 체크 완료: 오류 0 회, 경고 0 회, 소요 시간 109.394ms.
[2020.03.19-00.25.54:035][  0]LogFileHelpers: Loading map 'Step2' took 0.619
[2020.03.19-00.25.54:382][  0]LogCollectionManager: Loaded 0 collections in 0.005404 seconds
[2020.03.19-00.25.54:462][  0]LogFileCache: Scanning file cache for directory 'C:/Users/HY_Raptop/OneDrive/Desktop/GitHub/UnrealTutorial/ArenaBattle/Saved/Collections/' took 0.01s
[2020.03.19-00.25.54:462][  0]LogFileCache: Scanning file cache for directory 'C:/Users/HY_Raptop/OneDrive/Desktop/GitHub/UnrealTutorial/ArenaBattle/Content/Developers/HYRaptop/Collections/' took 0.01s
[2020.03.19-00.25.54:462][  0]LogFileCache: Scanning file cache for directory 'C:/Users/HY_Raptop/OneDrive/Desktop/GitHub/UnrealTutorial/ArenaBattle/Content/Collections/' took 0.01s
[2020.03.19-00.25.54:462][  0]LogCollectionManager: Rebuilt the GUID cache for 0 collections in 0.000001 seconds
[2020.03.19-00.25.54:479][  0]LogContentBrowser: Native class hierarchy populated in 0.0152 seconds. Added 2459 classes and 562 folders.
[2020.03.19-00.25.54:498][  0]LogContentBrowser: Native class hierarchy updated for 'WidgetCarousel' in 0.0009 seconds. Added 0 classes and 0 folders.
[2020.03.19-00.25.54:861][  0]LogContentBrowser: Native class hierarchy updated for 'AddContentDialog' in 0.0007 seconds. Added 0 classes and 0 folders.
[2020.03.19-00.25.55:156][  0]LogSlate: Took 0.003644 seconds to synchronously load lazily loaded font '../../../Engine/Content/Slate/Fonts/Roboto-Regular.ttf' (155K)
[2020.03.19-00.25.55:179][  0]LogSlate: Took 0.022576 seconds to synchronously load lazily loaded font '../../../Engine/Content/Editor/Slate/Fonts/NanumGothic.ttf' (4243K)
[2020.03.19-00.25.55:204][  0]LogSlate: Took 0.022683 seconds to synchronously load lazily loaded font '../../../Engine/Content/Editor/Slate/Fonts/NanumGothicBold.ttf' (4188K)
[2020.03.19-00.25.55:207][  0]LogSlate: Took 0.001881 seconds to synchronously load lazily loaded font '../../../Engine/Content/Slate/Fonts/Roboto-Bold.ttf' (160K)
[2020.03.19-00.25.55:218][  0]LogSlate: Took 0.003835 seconds to synchronously load lazily loaded font '../../../Engine/Content/Editor/Slate/Fonts/FontAwesome.ttf' (139K)
[2020.03.19-00.25.55:391][  0]LogRenderer: Reallocating scene render targets to support 1208x624 Format 9 NumSamples 1 (Frame:1).
[2020.03.19-00.25.55:581][  0]LogContentBrowser: Native class hierarchy updated for 'HierarchicalLODOutliner' in 0.0008 seconds. Added 0 classes and 0 folders.
[2020.03.19-00.25.55:582][  0]LogLoad: (Engine Initialization) Total time: 28.63 seconds
[2020.03.19-00.25.55:582][  0]LogLoad: (Engine Initialization) Total Blueprint compile time: 0.00 seconds
[2020.03.19-00.25.55:625][  0]LogContentStreaming: Texture pool size now 600 MB
[2020.03.19-00.25.55:684][  0]LogSlate: Took 0.002200 seconds to synchronously load lazily loaded font '../../../Engine/Content/Slate/Fonts/Roboto-Light.ttf' (167K)
[2020.03.19-00.25.56:027][  2]LogAssetRegistry: Asset discovery search completed in 14.4154 seconds
[2020.03.19-00.25.56:034][  2]LogCollectionManager: Rebuilt the object cache for 0 collections in 0.000001 seconds (found 0 objects)
[2020.03.19-00.25.56:034][  2]LogCollectionManager: Fixed up redirectors for 0 collections in 0.000153 seconds (updated 0 objects)
[2020.03.19-00.26.03:558][223]LogSlate: FSceneViewport::OnFocusLost() reason 0
[2020.03.19-00.26.03:666][223]LogSlate: Window 'ArenaBattle - 언리얼 에디터' being destroyed
[2020.03.19-00.26.03:670][223]LogWindowsTextInputMethodSystem: Display: IME system now activated using TSF (Microsoft 입력기).
[2020.03.19-00.26.03:946][224]Cmd: QUIT_EDITOR
[2020.03.19-00.26.03:987][224]LogSlate: Slate User Destroyed.  User Index 0, Is Virtual User: 0
[2020.03.19-00.26.03:988][224]LogExit: Preparing to exit.
[2020.03.19-00.26.04:174][224]LogDirectoryWatcher: A directory notification for 'C:/Users/HY_Raptop/OneDrive/Desktop/GitHub/UnrealTutorial/ArenaBattle/Content/' was aborted.
[2020.03.19-00.26.04:188][224]LogUObjectGlobals: Destroyed PersistentFrame Addr=0x00000201d9806db8, Size=24
[2020.03.19-00.26.04:192][224]LogExit: Editor shut down
[2020.03.19-00.26.04:196][224]LogExit: Transaction tracking system shut down
[2020.03.19-00.26.04:383][224]LogDirectoryWatcher: A directory notification for '../../../Engine/Content/' was aborted.
[2020.03.19-00.26.04:383][224]LogDirectoryWatcher: A directory notification for '../../../../../../Users/HY_Raptop/OneDrive/Desktop/GitHub/UnrealTutorial/ArenaBattle/Content/' was aborted.
[2020.03.19-00.26.04:383][224]LogDirectoryWatcher: A directory notification for '../../Plugins/2D/Paper2D/Content/' was aborted.
[2020.03.19-00.26.04:383][224]LogDirectoryWatcher: A directory notification for '../../Plugins/Enterprise/DatasmithContent/Content/' was aborted.
[2020.03.19-00.26.04:383][224]LogDirectoryWatcher: A directory notification for '../../Plugins/Media/MediaCompositing/Content/' was aborted.
[2020.03.19-00.26.04:383][224]LogDirectoryWatcher: A directory notification for '../../Plugins/Runtime/AppleARKit/Content/' was aborted.
[2020.03.19-00.26.04:384][224]LogDirectoryWatcher: A directory notification for '../../Plugins/Runtime/Oculus/OculusVR/Content/' was aborted.
[2020.03.19-00.26.04:384][224]LogDirectoryWatcher: A directory notification for '../../Plugins/Runtime/Steam/SteamVR/Content/' was aborted.
[2020.03.19-00.26.04:473][224]LogExit: Object subsystem successfully closed.
[2020.03.19-00.26.04:567][224]LogShaderCompilers: Display: Shaders left to compile 0
[2020.03.19-00.26.04:571][224]LogD3D11RHI: Shutdown
[2020.03.19-00.26.04:571][224]LogD3D11RHI: CleanupD3DDevice
[2020.03.19-00.26.04:592][224]LogD3D11RHI: ~FD3D11DynamicRHI
[2020.03.19-00.26.04:656][224]LogModuleManager: Shutting down and abandoning module HierarchicalLODOutliner (576)
[2020.03.19-00.26.04:656][224]LogModuleManager: Shutting down and abandoning module DesktopPlatform (574)
[2020.03.19-00.26.04:656][224]LogModuleManager: Shutting down and abandoning module AddContentDialog (572)
[2020.03.19-00.26.04:656][224]LogDirectoryWatcher: A directory notification for 'C:/Program Files/Epic Games/UE_4.19/FeaturePacks/' was aborted.
[2020.03.19-00.26.04:656][224]LogModuleManager: Shutting down and abandoning module WidgetCarousel (571)
[2020.03.19-00.26.04:656][224]LogModuleManager: Shutting down and abandoning module EditorWidgets (568)
[2020.03.19-00.26.04:656][224]LogModuleManager: Shutting down and abandoning module CollectionManager (566)
[2020.03.19-00.26.04:656][224]LogDirectoryWatcher: A directory notification for 'C:/Users/HY_Raptop/OneDrive/Desktop/GitHub/UnrealTutorial/ArenaBattle/Content/Collections/' was aborted.
[2020.03.19-00.26.04:657][224]LogDirectoryWatcher: A directory notification for 'C:/Users/HY_Raptop/OneDrive/Desktop/GitHub/UnrealTutorial/ArenaBattle/Content/Developers/HYRaptop/Collections/' was aborted.
[2020.03.19-00.26.04:657][224]LogDirectoryWatcher: A directory notification for 'C:/Users/HY_Raptop/OneDrive/Desktop/GitHub/UnrealTutorial/ArenaBattle/Saved/Collections/' was aborted.
[2020.03.19-00.26.04:657][224]LogModuleManager: Shutting down and abandoning module SceneOutliner (564)
[2020.03.19-00.26.04:657][224]LogModuleManager: Shutting down and abandoning module StatsViewer (562)
[2020.03.19-00.26.04:657][224]LogModuleManager: Shutting down and abandoning module FoliageEdit (560)
[2020.03.19-00.26.04:657][224]LogModuleManager: Shutting down and abandoning module LandscapeEditor (558)
[2020.03.19-00.26.04:658][224]LogModuleManager: Shutting down and abandoning module MeshPaintMode (556)
[2020.03.19-00.26.04:658][224]LogModuleManager: Shutting down and abandoning module SceneDepthPickerMode (554)
[2020.03.19-00.26.04:658][224]LogModuleManager: Shutting down and abandoning module ActorPickerMode (552)
[2020.03.19-00.26.04:658][224]LogModuleManager: Shutting down and abandoning module GeometryMode (550)
[2020.03.19-00.26.04:658][224]LogModuleManager: Shutting down and abandoning module TextureAlignMode (548)
[2020.03.19-00.26.04:658][224]LogModuleManager: Shutting down and abandoning module BspMode (546)
[2020.03.19-00.26.04:658][224]LogModuleManager: Shutting down and abandoning module PIEPreviewDeviceProfileSelector (544)
[2020.03.19-00.26.04:658][224]LogModuleManager: Shutting down and abandoning module HardwareSurvey (542)
[2020.03.19-00.26.04:658][224]LogModuleManager: Shutting down and abandoning module SequenceRecorderSections (540)
[2020.03.19-00.26.04:658][224]LogModuleManager: Shutting down and abandoning module AutomationWorker (538)
[2020.03.19-00.26.04:658][224]LogModuleManager: Shutting down and abandoning module AudioCaptureEditor (536)
[2020.03.19-00.26.04:658][224]LogModuleManager: Shutting down and abandoning module SequenceRecorder (535)
[2020.03.19-00.26.04:658][224]LogModuleManager: Shutting down and abandoning module MatineeToLevelSequence (532)
[2020.03.19-00.26.04:658][224]LogModuleManager: Shutting down and abandoning module LevelSequenceEditor (530)
[2020.03.19-00.26.04:659][224]LogModuleManager: Shutting down and abandoning module PlacementMode (529)
[2020.03.19-00.26.04:659][224]LogModuleManager: Shutting down and abandoning module MaterialEditor (528)
[2020.03.19-00.26.04:661][224]LogModuleManager: Shutting down and abandoning module WmfMediaFactory (524)
[2020.03.19-00.26.04:661][224]LogModuleManager: Shutting down and abandoning module WmfMediaEditor (522)
[2020.03.19-00.26.04:662][224]LogModuleManager: Shutting down and abandoning module MediaPlayerEditor (520)
[2020.03.19-00.26.04:662][224]LogModuleManager: Shutting down and abandoning module OpenExrWrapper (518)
[2020.03.19-00.26.04:662][224]LogModuleManager: Shutting down and abandoning module ImgMediaFactory (516)
[2020.03.19-00.26.04:662][224]LogModuleManager: Shutting down and abandoning module ImgMediaEditor (514)
[2020.03.19-00.26.04:662][224]LogModuleManager: Shutting down and abandoning module AvfMediaFactory (512)
[2020.03.19-00.26.04:662][224]LogModuleManager: Shutting down and abandoning module AvfMediaEditor (510)
[2020.03.19-00.26.04:662][224]LogModuleManager: Shutting down and abandoning module AndroidMediaFactory (508)
[2020.03.19-00.26.04:662][224]LogModuleManager: Shutting down and abandoning module AndroidMediaEditor (506)
[2020.03.19-00.26.04:662][224]LogModuleManager: Shutting down and abandoning module CharacterAI (504)
[2020.03.19-00.26.04:662][224]LogModuleManager: Shutting down and abandoning module SmartSnapping (502)
[2020.03.19-00.26.04:662][224]LogModuleManager: Shutting down and abandoning module SessionServices (500)
[2020.03.19-00.26.04:662][224]LogModuleManager: Shutting down and abandoning module ViewportSnapping (498)
[2020.03.19-00.26.04:662][224]LogModuleManager: Shutting down and abandoning module ViewportInteraction (496)
[2020.03.19-00.26.04:662][224]LogModuleManager: Shutting down and abandoning module ClothPainter (494)
[2020.03.19-00.26.04:663][224]LogModuleManager: Shutting down and abandoning module SkeletalMeshEditor (493)
[2020.03.19-00.26.04:664][224]LogModuleManager: Shutting down and abandoning module LogVisualizer (490)
[2020.03.19-00.26.04:664][224]LogModuleManager: Shutting down and abandoning module IntroTutorials (488)
[2020.03.19-00.26.04:664][224]LogModuleManager: Shutting down and abandoning module GameProjectGeneration (487)
[2020.03.19-00.26.04:665][224]LogModuleManager: Shutting down and abandoning module IOSPlatformEditor (484)
[2020.03.19-00.26.04:665][224]LogModuleManager: Shutting down and abandoning module HTML5PlatformEditor (482)
[2020.03.19-00.26.04:665][224]LogModuleManager: Shutting down and abandoning module AndroidPlatformEditor (480)
[2020.03.19-00.26.04:665][224]LogModuleManager: Shutting down and abandoning module AndroidDeviceDetection (479)
[2020.03.19-00.26.04:825][224]LogModuleManager: Shutting down and abandoning module WindowsPlatformEditor (476)
[2020.03.19-00.26.04:825][224]LogModuleManager: Shutting down and abandoning module IOSRuntimeSettings (474)
[2020.03.19-00.26.04:825][224]LogModuleManager: Shutting down and abandoning module AndroidRuntimeSettings (472)
[2020.03.19-00.26.04:825][224]LogModuleManager: Shutting down and abandoning module InputBindingEditor (470)
[2020.03.19-00.26.04:825][224]LogModuleManager: Shutting down and abandoning module MergeActors (468)
[2020.03.19-00.26.04:826][224]LogModuleManager: Shutting down and abandoning module LocalizationDashboard (466)
[2020.03.19-00.26.04:826][224]LogModuleManager: Shutting down and abandoning module LocalizationService (465)
[2020.03.19-00.26.04:826][224]LogModuleManager: Shutting down and abandoning module HardwareTargeting (462)
[2020.03.19-00.26.04:826][224]LogModuleManager: Shutting down and abandoning module DeviceProfileEditor (460)
[2020.03.19-00.26.04:826][224]LogModuleManager: Shutting down and abandoning module UndoHistory (458)
[2020.03.19-00.26.04:826][224]LogModuleManager: Shutting down and abandoning module XmlParser (456)
[2020.03.19-00.26.04:826][224]LogModuleManager: Shutting down and abandoning module Blutility (454)
[2020.03.19-00.26.04:826][224]LogModuleManager: Shutting down and abandoning module ProjectSettingsViewer (452)
[2020.03.19-00.26.04:826][224]LogModuleManager: Shutting down and abandoning module ProjectTargetPlatformEditor (451)
[2020.03.19-00.26.04:827][224]LogModuleManager: Shutting down and abandoning module EditorSettingsViewer (448)
[2020.03.19-00.26.04:827][224]LogModuleManager: Shutting down and abandoning module SettingsEditor (446)
[2020.03.19-00.26.04:827][224]LogModuleManager: Shutting down and abandoning module ProjectLauncher (444)
[2020.03.19-00.26.04:827][224]LogModuleManager: Shutting down and abandoning module SessionFrontend (442)
[2020.03.19-00.26.04:827][224]LogModuleManager: Shutting down and abandoning module ProfilerClient (440)
[2020.03.19-00.26.04:828][224]LogModuleManager: Shutting down and abandoning module DeviceManager (438)
[2020.03.19-00.26.04:828][224]LogModuleManager: Shutting down and abandoning module TargetDeviceServices (437)
[2020.03.19-00.26.04:883][224]LogModuleManager: Shutting down and abandoning module AutomationController (434)
[2020.03.19-00.26.04:883][224]LogModuleManager: Shutting down and abandoning module AutomationWindow (432)
[2020.03.19-00.26.04:885][224]LogModuleManager: Shutting down and abandoning module Layers (430)
[2020.03.19-00.26.04:886][224]LogModuleManager: Shutting down and abandoning module ComponentVisualizers (428)
[2020.03.19-00.26.04:886][224]LogModuleManager: Shutting down and abandoning module DetailCustomizations (426)
[2020.03.19-00.26.04:886][224]LogModuleManager: Shutting down and abandoning module PackagesDialog (424)
[2020.03.19-00.26.04:887][224]LogModuleManager: Shutting down and abandoning module Persona (422)
[2020.03.19-00.26.04:887][224]LogModuleManager: Shutting down and abandoning module AdvancedPreviewScene (421)
[2020.03.19-00.26.04:887][224]LogModuleManager: Shutting down and abandoning module AnimGraph (419)
[2020.03.19-00.26.04:887][224]LogModuleManager: Shutting down and abandoning module Kismet (416)
[2020.03.19-00.26.04:888][224]LogModuleManager: Shutting down and abandoning module GraphEditor (414)
[2020.03.19-00.26.04:890][224]LogModuleManager: Shutting down and abandoning module ClassViewer (412)
[2020.03.19-00.26.04:890][224]LogModuleManager: Shutting down and abandoning module Toolbox (410)
[2020.03.19-00.26.04:890][224]LogModuleManager: Shutting down and abandoning module ModuleUI (408)
[2020.03.19-00.26.04:890][224]LogModuleManager: Shutting down and abandoning module MovieSceneTools (406)
[2020.03.19-00.26.04:890][224]LogModuleManager: Shutting down and abandoning module OutputLog (404)
[2020.03.19-00.26.04:890][224]LogModuleManager: Shutting down and abandoning module GammaUI (402)
[2020.03.19-00.26.04:891][224]LogModuleManager: Shutting down and abandoning module Documentation (400)
[2020.03.19-00.26.04:891][224]LogModuleManager: Shutting down and abandoning module MovieSceneTracks (398)
[2020.03.19-00.26.04:891][224]LogModuleManager: Shutting down and abandoning module MovieScene (396)
[2020.03.19-00.26.04:891][224]LogModuleManager: Shutting down and abandoning module StreamingPauseRendering (394)
[2020.03.19-00.26.04:891][224]LogModuleManager: Shutting down and abandoning module LauncherPlatform (392)
[2020.03.19-00.26.04:891][224]LogModuleManager: Shutting down and abandoning module AnalyticsET (390)
[2020.03.19-00.26.04:891][224]LogModuleManager: Shutting down and abandoning module PortalServices (388)
[2020.03.19-00.26.04:891][224]LogModuleManager: Shutting down and abandoning module PortalRpc (386)
[2020.03.19-00.26.04:891][224]LogModuleManager: Shutting down and abandoning module MessagingRpc (384)
[2020.03.19-00.26.04:891][224]LogModuleManager: Shutting down and abandoning module AIModule (382)
[2020.03.19-00.26.04:891][224]LogModuleManager: Shutting down and abandoning module GameplayDebugger (381)
[2020.03.19-00.26.04:891][224]LogModuleManager: Shutting down and abandoning module AITestSuite (379)
[2020.03.19-00.26.04:892][224]LogModuleManager: Shutting down and abandoning module ProfilerService (376)
[2020.03.19-00.26.05:062][224]LogModuleManager: Shutting down and abandoning module TaskGraph (374)
[2020.03.19-00.26.05:063][224]LogModuleManager: Shutting down and abandoning module SteamVRController (372)
[2020.03.19-00.26.05:063][224]LogModuleManager: Shutting down and abandoning module ProceduralMeshComponentEditor (370)
[2020.03.19-00.26.05:063][224]LogModuleManager: Shutting down and abandoning module ProceduralMeshComponent (368)
[2020.03.19-00.26.05:063][224]LogModuleManager: Shutting down and abandoning module OculusInput (366)
[2020.03.19-00.26.05:063][224]LogModuleManager: Shutting down and abandoning module MobilePatchingUtils (364)
[2020.03.19-00.26.05:063][224]LogModuleManager: Shutting down and abandoning module CustomMeshComponent (362)
[2020.03.19-00.26.05:063][224]LogModuleManager: Shutting down and abandoning module CableComponent (360)
[2020.03.19-00.26.05:063][224]LogModuleManager: Shutting down and abandoning module AudioCapture (358)
[2020.03.19-00.26.05:063][224]LogModuleManager: Shutting down and abandoning module ArchVisCharacter (356)
[2020.03.19-00.26.05:063][224]LogModuleManager: Shutting down and abandoning module AndroidPermission (354)
[2020.03.19-00.26.05:063][224]LogModuleManager: Shutting down and abandoning module NUTUnrealEngine4 (350)
[2020.03.19-00.26.05:063][224]LogModuleManager: Shutting down and abandoning module NetcodeUnitTest (348)
[2020.03.19-00.26.05:064][224]LogModuleManager: Shutting down and abandoning module MediaCompositingEditor (346)
[2020.03.19-00.26.05:064][224]LogModuleManager: Shutting down and abandoning module MediaCompositing (344)
[2020.03.19-00.26.05:064][224]LogModuleManager: Shutting down and abandoning module LinearTimecode (342)
[2020.03.19-00.26.05:064][224]LogModuleManager: Shutting down and abandoning module ImgMedia (340)
[2020.03.19-00.26.05:116][224]LogModuleManager: Shutting down and abandoning module HTML5Networking (338)
[2020.03.19-00.26.05:116][224]LogModuleManager: Shutting down and abandoning module AlembicImporter (336)
[2020.03.19-00.26.05:117][224]LogModuleManager: Shutting down and abandoning module AlembicLibrary (335)
[2020.03.19-00.26.05:117][224]LogModuleManager: Shutting down and abandoning module GeometryCache (334)
[2020.03.19-00.26.05:117][224]LogModuleManager: Shutting down and abandoning module GeometryCacheEd (333)
[2020.03.19-00.26.05:117][224]LogModuleManager: Shutting down and abandoning module DatasmithContent (328)
[2020.03.19-00.26.05:117][224]LogModuleManager: Shutting down and abandoning module SpeedTreeImporter (326)
[2020.03.19-00.26.05:117][224]LogModuleManager: Shutting down and abandoning module PluginBrowser (324)
[2020.03.19-00.26.05:117][224]LogModuleManager: Shutting down and abandoning module MobileLauncherProfileWizard (322)
[2020.03.19-00.26.05:118][224]LogModuleManager: Shutting down and abandoning module CryptoKeysOpenSSL (320)
[2020.03.19-00.26.05:118][224]LogModuleManager: Shutting down and abandoning module CryptoKeys (318)
[2020.03.19-00.26.05:118][224]LogModuleManager: Shutting down and abandoning module VisualStudioSourceCodeAccess (316)
[2020.03.19-00.26.05:118][224]LogModuleManager: Shutting down and abandoning module VisualStudioCodeSourceCodeAccess (314)
[2020.03.19-00.26.05:118][224]LogModuleManager: Shutting down and abandoning module UObjectPlugin (312)
[2020.03.19-00.26.05:118][224]LogModuleManager: Shutting down and abandoning module SubversionSourceControl (310)
[2020.03.19-00.26.05:118][224]LogModuleManager: Shutting down and abandoning module PerforceSourceControl (308)
[2020.03.19-00.26.05:118][224]LogModuleManager: Shutting down and abandoning module GitSourceControl (306)
[2020.03.19-00.26.05:118][224]LogModuleManager: Shutting down and abandoning module SourceControl (305)
[2020.03.19-00.26.05:118][224]LogModuleManager: Shutting down and abandoning module CLionSourceCodeAccess (302)
[2020.03.19-00.26.05:118][224]LogModuleManager: Shutting down and abandoning module LightPropagationVolumeEditor (300)
[2020.03.19-00.26.05:118][224]LogModuleManager: Shutting down and abandoning module PaperTiledImporter (298)
[2020.03.19-00.26.05:118][224]LogModuleManager: Shutting down and abandoning module PaperSpriteSheetImporter (296)
[2020.03.19-00.26.05:118][224]LogModuleManager: Shutting down and abandoning module Paper2DEditor (294)
[2020.03.19-00.26.05:119][224]LogModuleManager: Shutting down and abandoning module MeshPaint (293)
[2020.03.19-00.26.05:119][224]LogModuleManager: Shutting down and abandoning module ArenaBattle (290)
[2020.03.19-00.26.05:119][224]LogModuleManager: Shutting down and abandoning module RuntimePhysXCooking (288)
[2020.03.19-00.26.05:119][224]LogModuleManager: Shutting down and abandoning module PhysXVehiclesEditor (286)
[2020.03.19-00.26.05:119][224]LogModuleManager: Shutting down and abandoning module PhysXVehicles (284)
[2020.03.19-00.26.05:119][224]LogModuleManager: Shutting down and abandoning module OculusEditor (282)
[2020.03.19-00.26.05:119][224]LogModuleManager: Shutting down and abandoning module LocationServicesBPLibrary (280)
[2020.03.19-00.26.05:119][224]LogModuleManager: Shutting down and abandoning module ImmediatePhysicsEditor (278)
[2020.03.19-00.26.05:119][224]LogModuleManager: Shutting down and abandoning module ImmediatePhysics (276)
[2020.03.19-00.26.05:119][224]LogModuleManager: Shutting down and abandoning module ActorSequence (274)
[2020.03.19-00.26.05:119][224]LogModuleManager: Shutting down and abandoning module UdpMessaging (272)
[2020.03.19-00.26.05:220][224]LogModuleManager: Shutting down and abandoning module TcpMessaging (270)
[2020.03.19-00.26.05:321][224]LogModuleManager: Shutting down and abandoning module GameplayTagsEditor (268)
[2020.03.19-00.26.05:322][224]LogModuleManager: Shutting down and abandoning module FacialAnimationEditor (266)
[2020.03.19-00.26.05:322][224]LogModuleManager: Shutting down and abandoning module FacialAnimation (264)
[2020.03.19-00.26.05:322][224]LogModuleManager: Shutting down and abandoning module DataValidation (262)
[2020.03.19-00.26.05:323][224]LogModuleManager: Shutting down and abandoning module AssetManagerEditor (260)
[2020.03.19-00.26.05:323][224]LogModuleManager: Shutting down and abandoning module LevelEditor (259)
[2020.03.19-00.26.05:323][224]LogModuleManager: Shutting down and abandoning module PixelInspectorModule (258)
[2020.03.19-00.26.05:323][224]LogModuleManager: Shutting down and abandoning module CommonMenuExtensions (256)
[2020.03.19-00.26.05:323][224]LogModuleManager: Shutting down and abandoning module MainFrame (254)
[2020.03.19-00.26.05:323][224]LogModuleManager: Shutting down and abandoning module HotReload (253)
[2020.03.19-00.26.05:324][224]LogDirectoryWatcher: A directory notification for 'C:/Users/HY_Raptop/OneDrive/Desktop/GitHub/UnrealTutorial/ArenaBattle/Binaries/Win64' was aborted.
[2020.03.19-00.26.05:324][224]LogModuleManager: Shutting down and abandoning module ContentBrowser (249)
[2020.03.19-00.26.05:325][224]LogModuleManager: Shutting down and abandoning module TreeMap (247)
[2020.03.19-00.26.05:325][224]LogModuleManager: Shutting down and abandoning module LightPropagationVolumeRuntime (244)
[2020.03.19-00.26.05:325][224]LogModuleManager: Shutting down and abandoning module LiveLinkEditor (242)
[2020.03.19-00.26.05:325][224]LogModuleManager: Shutting down and abandoning module LiveLink (240)
[2020.03.19-00.26.05:338][224]LogModuleManager: Shutting down and abandoning module Paper2D (238)
[2020.03.19-00.26.05:338][224]LogModuleManager: Shutting down and abandoning module WindowsMoviePlayer (236)
[2020.03.19-00.26.05:338][224]LogModuleManager: Shutting down and abandoning module WmfMedia (234)
[2020.03.19-00.26.05:340][224]LogModuleManager: Shutting down and abandoning module Media (233)
[2020.03.19-00.26.05:347][224]LogModuleManager: Shutting down and abandoning module PacketHandler (230)
[2020.03.19-00.26.05:347][224]LogModuleManager: Shutting down and abandoning module ClothingSystemEditor (228)
[2020.03.19-00.26.05:347][224]LogModuleManager: Shutting down and abandoning module ClothingSystemRuntime (226)
[2020.03.19-00.26.05:348][224]LogModuleManager: Shutting down and abandoning module MediaAssets (224)
[2020.03.19-00.26.05:348][224]LogModuleManager: Shutting down and abandoning module Overlay (222)
[2020.03.19-00.26.05:348][224]LogModuleManager: Shutting down and abandoning module OverlayEditor (221)
[2020.03.19-00.26.05:348][224]LogModuleManager: Shutting down and abandoning module VREditor (218)
[2020.03.19-00.26.05:350][224]LogModuleManager: Shutting down and abandoning module StringTableEditor (216)
[2020.03.19-00.26.05:350][224]LogModuleManager: Shutting down and abandoning module GameplayTasksEditor (214)
[2020.03.19-00.26.05:350][224]LogModuleManager: Shutting down and abandoning module BehaviorTreeEditor (212)
[2020.03.19-00.26.05:350][224]LogModuleManager: Shutting down and abandoning module FunctionalTesting (210)
[2020.03.19-00.26.05:350][224]LogModuleManager: Shutting down and abandoning module CollisionAnalyzer (208)
[2020.03.19-00.26.05:350][224]LogModuleManager: Shutting down and abandoning module WorkspaceMenuStructure (207)
[2020.03.19-00.26.05:350][224]LogModuleManager: Shutting down and abandoning module UMG (204)
[2020.03.19-00.26.05:351][224]LogModuleManager: Shutting down and abandoning module UMGEditor (203)
[2020.03.19-00.26.05:352][224]LogModuleManager: Shutting down and abandoning module Sequencer (202)
[2020.03.19-00.26.05:353][224]LogModuleManager: Shutting down and abandoning module MessageLog (199)
[2020.03.19-00.26.05:353][224]LogModuleManager: Shutting down and abandoning module SlateReflector (194)
[2020.03.19-00.26.05:355][224]LogModuleManager: Shutting down and abandoning module Slate (192)
[2020.03.19-00.26.05:355][224]LogModuleManager: Shutting down and abandoning module EditorStyle (190)
[2020.03.19-00.26.05:356][224]LogModuleManager: Shutting down and abandoning module MRMesh (188)
[2020.03.19-00.26.05:356][224]LogModuleManager: Shutting down and abandoning module SourceCodeAccess (186)
[2020.03.19-00.26.05:356][224]LogModuleManager: Shutting down and abandoning module HeadMountedDisplay (184)
[2020.03.19-00.26.05:356][224]LogModuleManager: Shutting down and abandoning module XAudio2 (182)
[2020.03.19-00.26.05:356][224]LogModuleManager: Shutting down and abandoning module Networking (180)
[2020.03.19-00.26.05:356][224]LogModuleManager: Shutting down and abandoning module Core (178)
[2020.03.19-00.26.05:356][224]LogModuleManager: Shutting down and abandoning module LevelSequence (176)
[2020.03.19-00.26.05:356][224]LogModuleManager: Shutting down and abandoning module KismetCompiler (174)
[2020.03.19-00.26.05:356][224]LogModuleManager: Shutting down and abandoning module MeshUtilities (172)
[2020.03.19-00.26.05:357][224]LogModuleManager: Shutting down and abandoning module MeshMergeUtilities (171)
[2020.03.19-00.26.05:357][224]LogModuleManager: Shutting down and abandoning module MeshReductionInterface (170)
[2020.03.19-00.26.05:357][224]LogModuleManager: Shutting down and abandoning module SimplygonSwarm (169)
[2020.03.19-00.26.05:357][224]LogModuleManager: Shutting down and abandoning module SimplygonMeshReduction (167)
[2020.03.19-00.26.05:357][224]LogModuleManager: Shutting down and abandoning module QuadricMeshReduction (165)
[2020.03.19-00.26.05:357][224]LogModuleManager: Shutting down and abandoning module MaterialBaking (161)
[2020.03.19-00.26.05:357][224]LogModuleManager: Shutting down and abandoning module DirectoryWatcher (157)
[2020.03.19-00.26.05:357][224]LogModuleManager: Shutting down and abandoning module DerivedDataCache (154)
[2020.03.19-00.26.05:470][224]LogDerivedDataCache: Shutdown
[2020.03.19-00.26.05:470][224]LogModuleManager: Shutting down and abandoning module XGEController (152)
[2020.03.19-00.26.05:470][224]LogXGEController: Cleaning working directory: C:/Users/HY_Raptop/AppData/Local/Temp/UnrealXGEWorkingDir/
[2020.03.19-00.26.05:470][224]LogModuleManager: Shutting down and abandoning module TargetPlatform (150)
[2020.03.19-00.26.05:470][224]LogModuleManager: Shutting down and abandoning module VulkanShaderFormat (149)
[2020.03.19-00.26.05:470][224]LogModuleManager: Shutting down and abandoning module ShaderFormatVectorVM (147)
[2020.03.19-00.26.05:472][224]LogModuleManager: Shutting down and abandoning module ShaderFormatOpenGL (145)
[2020.03.19-00.26.05:473][224]LogModuleManager: Shutting down and abandoning module ShaderFormatD3D (143)
[2020.03.19-00.26.05:473][224]LogModuleManager: Shutting down and abandoning module MetalShaderFormat (141)
[2020.03.19-00.26.05:474][224]LogModuleManager: Shutting down and abandoning module TextureFormatUncompressed (139)
[2020.03.19-00.26.05:474][224]LogModuleManager: Shutting down and abandoning module TextureFormatPVR (137)
[2020.03.19-00.26.05:474][224]LogModuleManager: Shutting down and abandoning module TextureFormatDXT (135)
[2020.03.19-00.26.05:474][224]LogModuleManager: Shutting down and abandoning module TextureFormatIntelISPCTexComp (133)
[2020.03.19-00.26.05:474][224]LogModuleManager: Shutting down and abandoning module TextureFormatASTC (131)
[2020.03.19-00.26.05:474][224]LogModuleManager: Shutting down and abandoning module ImageWrapper (130)
[2020.03.19-00.26.05:474][224]LogModuleManager: Shutting down and abandoning module TextureFormatAndroid (127)
[2020.03.19-00.26.05:474][224]LogModuleManager: Shutting down and abandoning module AudioFormatOpus (125)
[2020.03.19-00.26.05:474][224]LogModuleManager: Shutting down and abandoning module AudioFormatOgg (123)
[2020.03.19-00.26.05:474][224]LogModuleManager: Shutting down and abandoning module AudioFormatADPCM (121)
[2020.03.19-00.26.05:474][224]LogModuleManager: Shutting down and abandoning module LinuxTargetPlatform (119)
[2020.03.19-00.26.05:474][224]LogModuleManager: Shutting down and abandoning module LinuxServerTargetPlatform (117)
[2020.03.19-00.26.05:474][224]LogModuleManager: Shutting down and abandoning module LinuxNoEditorTargetPlatform (115)
[2020.03.19-00.26.05:474][224]LogModuleManager: Shutting down and abandoning module LinuxClientTargetPlatform (113)
[2020.03.19-00.26.05:474][224]LogModuleManager: Shutting down and abandoning module TVOSTargetPlatform (111)
[2020.03.19-00.26.05:474][224]LogModuleManager: Shutting down and abandoning module Messaging (109)
[2020.03.19-00.26.05:474][224]LogModuleManager: Shutting down and abandoning module IOSTargetPlatform (107)
[2020.03.19-00.26.05:474][224]LogModuleManager: Shutting down and abandoning module HTML5TargetPlatform (105)
[2020.03.19-00.26.05:474][224]LogModuleManager: Shutting down and abandoning module AndroidTargetPlatform (103)
[2020.03.19-00.26.05:474][224]LogModuleManager: Shutting down and abandoning module Android_PVRTCTargetPlatform (101)
[2020.03.19-00.26.05:474][224]LogModuleManager: Shutting down and abandoning module Android_MultiTargetPlatform (99)
[2020.03.19-00.26.05:474][224]LogModuleManager: Shutting down and abandoning module Android_ETC2TargetPlatform (97)
[2020.03.19-00.26.05:474][224]LogModuleManager: Shutting down and abandoning module Android_ETC1TargetPlatform (95)
[2020.03.19-00.26.05:474][224]LogModuleManager: Shutting down and abandoning module Android_ETC1aTargetPlatform (93)
[2020.03.19-00.26.05:474][224]LogModuleManager: Shutting down and abandoning module Android_DXTTargetPlatform (91)
[2020.03.19-00.26.05:474][224]LogModuleManager: Shutting down and abandoning module Android_ATCTargetPlatform (89)
[2020.03.19-00.26.05:474][224]LogModuleManager: Shutting down and abandoning module Android_ASTCTargetPlatform (87)
[2020.03.19-00.26.05:474][224]LogModuleManager: Shutting down and abandoning module WindowsTargetPlatform (85)
[2020.03.19-00.26.05:474][224]LogModuleManager: Shutting down and abandoning module WindowsServerTargetPlatform (83)
[2020.03.19-00.26.05:474][224]LogModuleManager: Shutting down and abandoning module WindowsNoEditorTargetPlatform (81)
[2020.03.19-00.26.05:474][224]LogModuleManager: Shutting down and abandoning module WindowsClientTargetPlatform (79)
[2020.03.19-00.26.05:474][224]LogModuleManager: Shutting down and abandoning module MacTargetPlatform (77)
[2020.03.19-00.26.05:474][224]LogModuleManager: Shutting down and abandoning module MacServerTargetPlatform (75)
[2020.03.19-00.26.05:474][224]LogModuleManager: Shutting down and abandoning module MacNoEditorTargetPlatform (73)
[2020.03.19-00.26.05:474][224]LogModuleManager: Shutting down and abandoning module MacClientTargetPlatform (71)
[2020.03.19-00.26.05:474][224]LogModuleManager: Shutting down and abandoning module AllDesktopTargetPlatform (69)
[2020.03.19-00.26.05:474][224]LogModuleManager: Shutting down and abandoning module InputCore (66)
[2020.03.19-00.26.05:474][224]LogModuleManager: Shutting down and abandoning module Settings (64)
[2020.03.19-00.26.05:474][224]LogModuleManager: Shutting down and abandoning module PhysXCooking (62)
[2020.03.19-00.26.05:474][224]LogModuleManager: Shutting down and abandoning module SteamVR (60)
[2020.03.19-00.26.05:474][224]LogModuleManager: Shutting down and abandoning module OculusHMD (58)
[2020.03.19-00.26.05:474][224]LogModuleManager: Shutting down and abandoning module ExampleDeviceProfileSelector (56)
[2020.03.19-00.26.05:474][224]LogModuleManager: Shutting down and abandoning module AppleARKit (54)
[2020.03.19-00.26.05:474][224]LogModuleManager: Shutting down and abandoning module AugmentedReality (51)
[2020.03.19-00.26.05:474][224]LogModuleManager: Shutting down and abandoning module OnlineBlueprintSupport (48)
[2020.03.19-00.26.05:474][224]LogModuleManager: Shutting down and abandoning module OnlineSubsystem (44)
[2020.03.19-00.26.05:476][224]LogModuleManager: Shutting down and abandoning module XMPP (43)
[2020.03.19-00.26.05:477][224]LogModuleManager: Shutting down and abandoning module HTTP (41)
[2020.03.19-00.26.05:477][224]LogHttp: Display: Http module shutting down, but needs to wait on 1 outstanding Http requests:
[2020.03.19-00.26.05:477][224]LogHttp: Display: 	verb=[POST] url=[https://datarouter.ol.epicgames.com/datarouter/api/v1/public/data?SessionID=%7B4B56D6C1-4129-2FDB-0A1E-208F45AA845C%7D&AppID=UEEditor.Rocket.Release&AppVersion=4.19.2-4033788%2B%2B%2BUE4%2BRelease-4.19&UserID=c8fb612540f59b3f3e94f88bb5afe880%7Ce4f96d32438840c286642a886185b54b%7C36978b30-6d45-42bd-a30d-63dbb759e69b&AppEnvironment=datacollector-binary&UploadType=eteventstream] status=Processing
[2020.03.19-00.26.05:477][224]LogHttp: Display: Sleeping 0.5s to wait for 1 outstanding Http requests.
[2020.03.19-00.26.05:997][224]LogModuleManager: Shutting down and abandoning module SSL (40)
[2020.03.19-00.26.05:998][224]LogModuleManager: Shutting down and abandoning module AnimationModifiers (36)
[2020.03.19-00.26.05:998][224]LogModuleManager: Shutting down and abandoning module PropertyEditor (35)
[2020.03.19-00.26.05:998][224]LogModuleManager: Shutting down and abandoning module AudioEditor (32)
[2020.03.19-00.26.05:999][224]LogModuleManager: Shutting down and abandoning module TextureCompressor (30)
[2020.03.19-00.26.06:001][224]LogModuleManager: Shutting down and abandoning module ShaderCore (28)
[2020.03.19-00.26.06:001][224]LogModuleManager: Shutting down and abandoning module Landscape (26)
[2020.03.19-00.26.06:001][224]LogModuleManager: Shutting down and abandoning module SlateRHIRenderer (24)
[2020.03.19-00.26.06:003][224]LogModuleManager: Shutting down and abandoning module OpenGLDrv (22)
[2020.03.19-00.26.06:004][224]LogModuleManager: Shutting down and abandoning module D3D11RHI (20)
[2020.03.19-00.26.06:004][224]LogModuleManager: Shutting down and abandoning module AnimGraphRuntime (18)
[2020.03.19-00.26.06:004][224]LogModuleManager: Shutting down and abandoning module Renderer (16)
[2020.03.19-00.26.06:004][224]LogModuleManager: Shutting down and abandoning module Engine (14)
[2020.03.19-00.26.06:004][224]LogModuleManager: Shutting down and abandoning module CoreUObject (12)
[2020.03.19-00.26.06:004][224]LogModuleManager: Shutting down and abandoning module NetworkFile (10)
[2020.03.19-00.26.06:004][224]LogModuleManager: Shutting down and abandoning module CookedIterativeFile (8)
[2020.03.19-00.26.06:004][224]LogModuleManager: Shutting down and abandoning module StreamingFile (6)
[2020.03.19-00.26.06:004][224]LogModuleManager: Shutting down and abandoning module SandboxFile (4)
[2020.03.19-00.26.06:004][224]LogModuleManager: Shutting down and abandoning module PakFile (2)
[2020.03.19-00.26.06:010][224]LogExit: Exiting.
[2020.03.19-00.26.06:021][224]Log file closed, 03/19/20 09:26:06
