Log file open, 03/18/20 20:51:14
LogWindows: Failed to load 'aqProf.dll' (GetLastError=126)
LogWindows: File 'aqProf.dll' does not exist
LogWindows: Failed to load 'VtuneApi.dll' (GetLastError=126)
LogWindows: File 'VtuneApi.dll' does not exist
LogWindows: Failed to load 'VtuneApi32e.dll' (GetLastError=126)
LogWindows: File 'VtuneApi32e.dll' does not exist
LogInit: Display: Running engine for game: ArenaBattle
LogPlatformFile: Not using cached read wrapper
LogInit: Display: RandInit(-24539845) SRandInit(-24539845).
LogInit: Read version file with build ID '3944462'
LogInit: Overriding engine version to CL 4033788, compatible CL 3944462
LogInit: Registered custom module enumerator with build ID '3944462'
LogTaskGraph: Started task graph with 5 named threads and 23 total threads with 3 sets of task threads.
LogStats: Stats thread started at 0.406561
LogD3D11RHI: Aftermath initialized
LogICUInternationalization: Display: ICU TimeZone Detection - Raw Offset: +9:00, Platform Override: ''
LogPluginManager: Mounting plugin Paper2D
LogPluginManager: Mounting plugin LiveLink
LogPluginManager: Mounting plugin LightPropagationVolume
LogPluginManager: Mounting plugin CLionSourceCodeAccess
LogPluginManager: Mounting plugin CodeLiteSourceCodeAccess
LogPluginManager: Mounting plugin GitSourceControl
LogPluginManager: Mounting plugin KDevelopSourceCodeAccess
LogPluginManager: Mounting plugin NullSourceCodeAccess
LogPluginManager: Mounting plugin PerforceSourceControl
LogPluginManager: Mounting plugin SubversionSourceControl
LogPluginManager: Mounting plugin UObjectPlugin
LogPluginManager: Mounting plugin VisualStudioCodeSourceCodeAccess
LogPluginManager: Mounting plugin VisualStudioSourceCodeAccess
LogPluginManager: Mounting plugin XCodeSourceCodeAccess
LogPluginManager: Mounting plugin AssetManagerEditor
LogPluginManager: Mounting plugin CryptoKeys
LogPluginManager: Mounting plugin DataValidation
LogPluginManager: Mounting plugin FacialAnimation
LogPluginManager: Mounting plugin GameplayTagsEditor
LogPluginManager: Mounting plugin MobileLauncherProfileWizard
LogPluginManager: Mounting plugin PluginBrowser
LogPluginManager: Mounting plugin SpeedTreeImporter
LogPluginManager: Mounting plugin DatasmithContent
LogPluginManager: Mounting plugin AlembicImporter
LogPluginManager: Mounting plugin CharacterAI
LogPluginManager: Mounting plugin HTML5Networking
LogPluginManager: Mounting plugin AndroidMedia
LogPluginManager: Mounting plugin AvfMedia
LogPluginManager: Mounting plugin ImgMedia
LogPluginManager: Mounting plugin LinearTimecode
LogPluginManager: Mounting plugin MediaCompositing
LogPluginManager: Mounting plugin MediaPlayerEditor
LogPluginManager: Mounting plugin WmfMedia
LogPluginManager: Mounting plugin TcpMessaging
LogPluginManager: Mounting plugin UdpMessaging
LogPluginManager: Mounting plugin ActorSequence
LogPluginManager: Mounting plugin LevelSequenceEditor
LogPluginManager: Mounting plugin MatineeToLevelSequence
LogPluginManager: Mounting plugin NetcodeUnitTest
LogPluginManager: Mounting plugin NUTUnrealEngine4
LogPluginManager: Mounting plugin OnlineSubsystemGooglePlay
LogPluginManager: Mounting plugin OnlineSubsystemIOS
LogPluginManager: Mounting plugin OnlineSubsystem
LogPluginManager: Mounting plugin OnlineSubsystemNull
LogPluginManager: Mounting plugin OnlineSubsystemUtils
LogPluginManager: Mounting plugin AndroidDeviceProfileSelector
LogPluginManager: Mounting plugin AndroidMoviePlayer
LogPluginManager: Mounting plugin AndroidPermission
LogPluginManager: Mounting plugin AppleARKit
LogPluginManager: Mounting plugin AppleMoviePlayer
LogPluginManager: Mounting plugin ArchVisCharacter
LogPluginManager: Mounting plugin AudioCapture
LogPluginManager: Mounting plugin CableComponent
LogPluginManager: Mounting plugin CustomMeshComponent
LogPluginManager: Mounting plugin ExampleDeviceProfileSelector
LogPluginManager: Mounting plugin GoogleCloudMessaging
LogPluginManager: Mounting plugin ImmediatePhysics
LogPluginManager: Mounting plugin IOSDeviceProfileSelector
LogPluginManager: Mounting plugin LinuxDeviceProfileSelector
LogPluginManager: Mounting plugin LocationServicesBPLibrary
LogPluginManager: Mounting plugin MobilePatchingUtils
LogPluginManager: Mounting plugin OculusVR
LogPluginManager: Plugin shader directory ../../../Engine/Plugins/Runtime/Oculus/OculusVR/Shaders found
LogPluginManager: Mapping shader source directory ../../../Engine/Plugins/Runtime/Oculus/OculusVR/Shaders to virtual directory /Plugin/OculusVR
LogPluginManager: Mounting plugin PhysXVehicles
LogPluginManager: Mounting plugin ProceduralMeshComponent
LogPluginManager: Mounting plugin RuntimePhysXCooking
LogPluginManager: Mounting plugin SteamVR
LogPluginManager: Mounting plugin WindowsMoviePlayer
LogStreaming: Display: Took  0.313s to configure plugins.
LogModuleManager: Display: Found up-to-date module file ../../../../../../Users/HY_Raptop/OneDrive/Desktop/GitHub/UnrealTutorial/ArenaBattle/Binaries/Win64/UE4Editor-ArenaBattle-6013.dll (API version 3944462).
LogModuleManager: Display: Found up-to-date module file ../../../Engine/Plugins/2D/Paper2D/Binaries/Win64/UE4Editor-Paper2D.dll (API version 3944462).
LogModuleManager: Display: Found up-to-date module file ../../../Engine/Plugins/2D/Paper2D/Binaries/Win64/UE4Editor-Paper2DEditor.dll (API version 3944462).
LogModuleManager: Display: Found up-to-date module file ../../../Engine/Plugins/2D/Paper2D/Binaries/Win64/UE4Editor-PaperSpriteSheetImporter.dll (API version 3944462).
LogModuleManager: Display: Found up-to-date module file ../../../Engine/Plugins/2D/Paper2D/Binaries/Win64/UE4Editor-PaperTiledImporter.dll (API version 3944462).
LogModuleManager: Display: Found up-to-date module file ../../../Engine/Plugins/2D/Paper2D/Binaries/Win64/UE4Editor-SmartSnapping.dll (API version 3944462).
LogModuleManager: Display: Found up-to-date module file ../../../Engine/Plugins/Animation/LiveLink/Binaries/Win64/UE4Editor-LiveLink.dll (API version 3944462).
LogModuleManager: Display: Found up-to-date module file ../../../Engine/Plugins/Animation/LiveLink/Binaries/Win64/UE4Editor-LiveLinkEditor.dll (API version 3944462).
LogModuleManager: Display: Found up-to-date module file ../../../Engine/Plugins/Blendables/LightPropagationVolume/Binaries/Win64/UE4Editor-LightPropagationVolumeRuntime.dll (API version 3944462).
LogModuleManager: Display: Found up-to-date module file ../../../Engine/Plugins/Blendables/LightPropagationVolume/Binaries/Win64/UE4Editor-LightPropagationVolumeEditor.dll (API version 3944462).
LogModuleManager: Display: Found up-to-date module file ../../../Engine/Plugins/Developer/CLionSourceCodeAccess/Binaries/Win64/UE4Editor-CLionSourceCodeAccess.dll (API version 3944462).
LogModuleManager: Display: Found up-to-date module file ../../../Engine/Plugins/Developer/GitSourceControl/Binaries/Win64/UE4Editor-GitSourceControl.dll (API version 3944462).
LogModuleManager: Display: Found up-to-date module file ../../../Engine/Plugins/Developer/PerforceSourceControl/Binaries/Win64/UE4Editor-PerforceSourceControl.dll (API version 3944462).
LogModuleManager: Display: Found up-to-date module file ../../../Engine/Plugins/Developer/SubversionSourceControl/Binaries/Win64/UE4Editor-SubversionSourceControl.dll (API version 3944462).
LogModuleManager: Display: Found up-to-date module file ../../../Engine/Plugins/Developer/UObjectPlugin/Binaries/Win64/UE4Editor-UObjectPlugin.dll (API version 3944462).
LogModuleManager: Display: Found up-to-date module file ../../../Engine/Plugins/Developer/VisualStudioCodeSourceCodeAccess/Binaries/Win64/UE4Editor-VisualStudioCodeSourceCodeAccess.dll (API version 3944462).
LogModuleManager: Display: Found up-to-date module file ../../../Engine/Plugins/Developer/VisualStudioSourceCodeAccess/Binaries/Win64/UE4Editor-VisualStudioSourceCodeAccess.dll (API version 3944462).
LogModuleManager: Display: Found up-to-date module file ../../../Engine/Plugins/Editor/AssetManagerEditor/Binaries/Win64/UE4Editor-AssetManagerEditor.dll (API version 3944462).
LogModuleManager: Display: Found up-to-date module file ../../../Engine/Plugins/Editor/CryptoKeys/Binaries/Win64/UE4Editor-CryptoKeys.dll (API version 3944462).
LogModuleManager: Display: Found up-to-date module file ../../../Engine/Plugins/Editor/CryptoKeys/Binaries/Win64/UE4Editor-CryptoKeysOpenSSL.dll (API version 3944462).
LogModuleManager: Display: Found up-to-date module file ../../../Engine/Plugins/Editor/DataValidation/Binaries/Win64/UE4Editor-DataValidation.dll (API version 3944462).
LogModuleManager: Display: Found up-to-date module file ../../../Engine/Plugins/Editor/FacialAnimation/Binaries/Win64/UE4Editor-FacialAnimation.dll (API version 3944462).
LogModuleManager: Display: Found up-to-date module file ../../../Engine/Plugins/Editor/FacialAnimation/Binaries/Win64/UE4Editor-FacialAnimationEditor.dll (API version 3944462).
LogModuleManager: Display: Found up-to-date module file ../../../Engine/Plugins/Editor/GameplayTagsEditor/Binaries/Win64/UE4Editor-GameplayTagsEditor.dll (API version 3944462).
LogModuleManager: Display: Found up-to-date module file ../../../Engine/Plugins/Editor/MobileLauncherProfileWizard/Binaries/Win64/UE4Editor-MobileLauncherProfileWizard.dll (API version 3944462).
LogModuleManager: Display: Found up-to-date module file ../../../Engine/Plugins/Editor/PluginBrowser/Binaries/Win64/UE4Editor-PluginBrowser.dll (API version 3944462).
LogModuleManager: Display: Found up-to-date module file ../../../Engine/Plugins/Editor/SpeedTreeImporter/Binaries/Win64/UE4Editor-SpeedTreeImporter.dll (API version 3944462).
LogModuleManager: Display: Found up-to-date module file ../../../Engine/Plugins/Enterprise/DatasmithContent/Binaries/Win64/UE4Editor-DatasmithContent.dll (API version 3944462).
LogModuleManager: Display: Found up-to-date module file ../../../Engine/Plugins/Experimental/AlembicImporter/Binaries/Win64/UE4Editor-AlembicImporter.dll (API version 3944462).
LogModuleManager: Display: Found up-to-date module file ../../../Engine/Plugins/Experimental/AlembicImporter/Binaries/Win64/UE4Editor-AlembicLibrary.dll (API version 3944462).
LogModuleManager: Display: Found up-to-date module file ../../../Engine/Plugins/Experimental/CharacterAI/Binaries/Win64/UE4Editor-CharacterAI.dll (API version 3944462).
LogModuleManager: Display: Found up-to-date module file ../../../Engine/Plugins/Experimental/HTML5Networking/Binaries/Win64/UE4Editor-HTML5Networking.dll (API version 3944462).
LogModuleManager: Display: Found up-to-date module file ../../../Engine/Plugins/Media/AndroidMedia/Binaries/Win64/UE4Editor-AndroidMediaEditor.dll (API version 3944462).
LogModuleManager: Display: Found up-to-date module file ../../../Engine/Plugins/Media/AndroidMedia/Binaries/Win64/UE4Editor-AndroidMediaFactory.dll (API version 3944462).
LogModuleManager: Display: Found up-to-date module file ../../../Engine/Plugins/Media/AvfMedia/Binaries/Win64/UE4Editor-AvfMediaEditor.dll (API version 3944462).
LogModuleManager: Display: Found up-to-date module file ../../../Engine/Plugins/Media/AvfMedia/Binaries/Win64/UE4Editor-AvfMediaFactory.dll (API version 3944462).
LogModuleManager: Display: Found up-to-date module file ../../../Engine/Plugins/Media/AvfMedia/Binaries/Win64/UE4Editor-AvfMediaFactory.dll (API version 3944462).
LogModuleManager: Display: Found up-to-date module file ../../../Engine/Plugins/Media/ImgMedia/Binaries/Win64/UE4Editor-ImgMedia.dll (API version 3944462).
LogModuleManager: Display: Found up-to-date module file ../../../Engine/Plugins/Media/ImgMedia/Binaries/Win64/UE4Editor-ImgMediaEditor.dll (API version 3944462).
LogModuleManager: Display: Found up-to-date module file ../../../Engine/Plugins/Media/ImgMedia/Binaries/Win64/UE4Editor-ImgMediaFactory.dll (API version 3944462).
LogModuleManager: Display: Found up-to-date module file ../../../Engine/Plugins/Media/ImgMedia/Binaries/Win64/UE4Editor-ImgMediaFactory.dll (API version 3944462).
LogModuleManager: Display: Found up-to-date module file ../../../Engine/Plugins/Media/ImgMedia/Binaries/Win64/UE4Editor-OpenExrWrapper.dll (API version 3944462).
LogModuleManager: Display: Found up-to-date module file ../../../Engine/Plugins/Media/LinearTimecode/Binaries/Win64/UE4Editor-LinearTimecode.dll (API version 3944462).
LogModuleManager: Display: Found up-to-date module file ../../../Engine/Plugins/Media/MediaCompositing/Binaries/Win64/UE4Editor-MediaCompositing.dll (API version 3944462).
LogModuleManager: Display: Found up-to-date module file ../../../Engine/Plugins/Media/MediaCompositing/Binaries/Win64/UE4Editor-MediaCompositingEditor.dll (API version 3944462).
LogModuleManager: Display: Found up-to-date module file ../../../Engine/Plugins/Media/MediaPlayerEditor/Binaries/Win64/UE4Editor-MediaPlayerEditor.dll (API version 3944462).
LogModuleManager: Display: Found up-to-date module file ../../../Engine/Plugins/Media/WmfMedia/Binaries/Win64/UE4Editor-WmfMedia.dll (API version 3944462).
LogModuleManager: Display: Found up-to-date module file ../../../Engine/Plugins/Media/WmfMedia/Binaries/Win64/UE4Editor-WmfMediaEditor.dll (API version 3944462).
LogModuleManager: Display: Found up-to-date module file ../../../Engine/Plugins/Media/WmfMedia/Binaries/Win64/UE4Editor-WmfMediaFactory.dll (API version 3944462).
LogModuleManager: Display: Found up-to-date module file ../../../Engine/Plugins/Media/WmfMedia/Binaries/Win64/UE4Editor-WmfMediaFactory.dll (API version 3944462).
LogModuleManager: Display: Found up-to-date module file ../../../Engine/Plugins/Messaging/TcpMessaging/Binaries/Win64/UE4Editor-TcpMessaging.dll (API version 3944462).
LogModuleManager: Display: Found up-to-date module file ../../../Engine/Plugins/Messaging/UdpMessaging/Binaries/Win64/UE4Editor-UdpMessaging.dll (API version 3944462).
LogModuleManager: Display: Found up-to-date module file ../../../Engine/Plugins/MovieScene/ActorSequence/Binaries/Win64/UE4Editor-ActorSequence.dll (API version 3944462).
LogModuleManager: Display: Found up-to-date module file ../../../Engine/Plugins/MovieScene/LevelSequenceEditor/Binaries/Win64/UE4Editor-LevelSequenceEditor.dll (API version 3944462).
LogModuleManager: Display: Found up-to-date module file ../../../Engine/Plugins/MovieScene/MatineeToLevelSequence/Binaries/Win64/UE4Editor-MatineeToLevelSequence.dll (API version 3944462).
LogModuleManager: Display: Found up-to-date module file ../../../Engine/Plugins/NetcodeUnitTest/NetcodeUnitTest/Binaries/Win64/UE4Editor-NetcodeUnitTest.dll (API version 3944462).
LogModuleManager: Display: Found up-to-date module file ../../../Engine/Plugins/NetcodeUnitTest/NUTUnrealEngine4/Binaries/Win64/UE4Editor-NUTUnrealEngine4.dll (API version 3944462).
LogModuleManager: Display: Found up-to-date module file ../../../Engine/Plugins/Online/OnlineSubsystem/Binaries/Win64/UE4Editor-OnlineSubsystem.dll (API version 3944462).
LogModuleManager: Display: Found up-to-date module file ../../../Engine/Plugins/Online/OnlineSubsystemNull/Binaries/Win64/UE4Editor-OnlineSubsystemNull.dll (API version 3944462).
LogModuleManager: Display: Found up-to-date module file ../../../Engine/Plugins/Online/OnlineSubsystemUtils/Binaries/Win64/UE4Editor-OnlineSubsystemUtils.dll (API version 3944462).
LogModuleManager: Display: Found up-to-date module file ../../../Engine/Plugins/Online/OnlineSubsystemUtils/Binaries/Win64/UE4Editor-OnlineBlueprintSupport.dll (API version 3944462).
LogModuleManager: Display: Found up-to-date module file ../../../Engine/Plugins/Runtime/AndroidDeviceProfileSelector/Binaries/Win64/UE4Editor-AndroidDeviceProfileSelector.dll (API version 3944462).
LogModuleManager: Display: Found up-to-date module file ../../../Engine/Plugins/Runtime/AndroidPermission/Binaries/Win64/UE4Editor-AndroidPermission.dll (API version 3944462).
LogModuleManager: Display: Found up-to-date module file ../../../Engine/Plugins/Runtime/AppleARKit/Binaries/Win64/UE4Editor-AppleARKit.dll (API version 3944462).
LogModuleManager: Display: Found up-to-date module file ../../../Engine/Plugins/Runtime/ArchVisCharacter/Binaries/Win64/UE4Editor-ArchVisCharacter.dll (API version 3944462).
LogModuleManager: Display: Found up-to-date module file ../../../Engine/Plugins/Runtime/AudioCapture/Binaries/Win64/UE4Editor-AudioCapture.dll (API version 3944462).
LogModuleManager: Display: Found up-to-date module file ../../../Engine/Plugins/Runtime/AudioCapture/Binaries/Win64/UE4Editor-AudioCaptureEditor.dll (API version 3944462).
LogModuleManager: Display: Found up-to-date module file ../../../Engine/Plugins/Runtime/CableComponent/Binaries/Win64/UE4Editor-CableComponent.dll (API version 3944462).
LogModuleManager: Display: Found up-to-date module file ../../../Engine/Plugins/Runtime/CustomMeshComponent/Binaries/Win64/UE4Editor-CustomMeshComponent.dll (API version 3944462).
LogModuleManager: Display: Found up-to-date module file ../../../Engine/Plugins/Runtime/ExampleDeviceProfileSelector/Binaries/Win64/UE4Editor-ExampleDeviceProfileSelector.dll (API version 3944462).
LogModuleManager: Display: Found up-to-date module file ../../../Engine/Plugins/Runtime/ImmediatePhysics/Binaries/Win64/UE4Editor-ImmediatePhysics.dll (API version 3944462).
LogModuleManager: Display: Found up-to-date module file ../../../Engine/Plugins/Runtime/ImmediatePhysics/Binaries/Win64/UE4Editor-ImmediatePhysicsEditor.dll (API version 3944462).
LogModuleManager: Display: Found up-to-date module file ../../../Engine/Plugins/Runtime/LocationServicesBPLibrary/Binaries/Win64/UE4Editor-LocationServicesBPLibrary.dll (API version 3944462).
LogModuleManager: Display: Found up-to-date module file ../../../Engine/Plugins/Runtime/MobilePatchingUtils/Binaries/Win64/UE4Editor-MobilePatchingUtils.dll (API version 3944462).
LogModuleManager: Display: Found up-to-date module file ../../../Engine/Plugins/Runtime/Oculus/OculusVR/Binaries/Win64/UE4Editor-OculusHMD.dll (API version 3944462).
LogModuleManager: Display: Found up-to-date module file ../../../Engine/Plugins/Runtime/Oculus/OculusVR/Binaries/Win64/UE4Editor-OculusInput.dll (API version 3944462).
LogModuleManager: Display: Found up-to-date module file ../../../Engine/Plugins/Runtime/Oculus/OculusVR/Binaries/Win64/UE4Editor-OculusEditor.dll (API version 3944462).
LogModuleManager: Display: Found up-to-date module file ../../../Engine/Plugins/Runtime/PhysXVehicles/Binaries/Win64/UE4Editor-PhysXVehicles.dll (API version 3944462).
LogModuleManager: Display: Found up-to-date module file ../../../Engine/Plugins/Runtime/PhysXVehicles/Binaries/Win64/UE4Editor-PhysXVehiclesEditor.dll (API version 3944462).
LogModuleManager: Display: Found up-to-date module file ../../../Engine/Plugins/Runtime/ProceduralMeshComponent/Binaries/Win64/UE4Editor-ProceduralMeshComponent.dll (API version 3944462).
LogModuleManager: Display: Found up-to-date module file ../../../Engine/Plugins/Runtime/ProceduralMeshComponent/Binaries/Win64/UE4Editor-ProceduralMeshComponentEditor.dll (API version 3944462).
LogModuleManager: Display: Found up-to-date module file ../../../Engine/Plugins/Runtime/RuntimePhysXCooking/Binaries/Win64/UE4Editor-RuntimePhysXCooking.dll (API version 3944462).
LogModuleManager: Display: Found up-to-date module file ../../../Engine/Plugins/Runtime/Steam/SteamVR/Binaries/Win64/UE4Editor-SteamVR.dll (API version 3944462).
LogModuleManager: Display: Found up-to-date module file ../../../Engine/Plugins/Runtime/Steam/SteamVR/Binaries/Win64/UE4Editor-SteamVRController.dll (API version 3944462).
LogModuleManager: Display: Found up-to-date module file ../../../Engine/Plugins/Runtime/WindowsMoviePlayer/Binaries/Win64/UE4Editor-WindowsMoviePlayer.dll (API version 3944462).
LogInit: Using libcurl 7.47.1
LogInit:  - built for x86_64-pc-win32
LogInit:  - supports SSL with OpenSSL/1.0.2g
LogInit:  - supports HTTP deflate (compression) using libz 1.2.8
LogInit:  - other features:
LogInit:      CURL_VERSION_SSL
LogInit:      CURL_VERSION_LIBZ
LogInit:      CURL_VERSION_IPV6
LogInit:      CURL_VERSION_ASYNCHDNS
LogInit:      CURL_VERSION_LARGEFILE
LogInit:      CURL_VERSION_IDN
LogInit:  CurlRequestOptions (configurable via config and command line):
LogInit:  - bVerifyPeer = false  - Libcurl will NOT verify peer certificate
LogInit:  - bUseHttpProxy = false  - Libcurl will NOT use HTTP proxy
LogInit:  - bDontReuseConnections = false  - Libcurl will reuse connections
LogInit:  - CertBundlePath = nullptr  - Libcurl will use whatever was configured at build time.
LogInit:  - MaxHostConnections = 16  - Libcurl will limit the number of connections to a host
LogInit:  - LocalHostAddr = Default
LogInit: WinSock: version 1.1 (2.2), MaxSocks=32767, MaxUdp=65467
LogInit: WinSock: I am HY_LAPTOP (172.30.1.40:0)
LogInit: Build: ++UE4+Release-4.19-CL-4033788
LogInit: Engine Version: 4.19.2-4033788+++UE4+Release-4.19
LogInit: Compatible Engine Version: 4.19.0-3944462+++UE4+Release-4.19
LogInit: Net CL: 3944462
LogDevObjectVersion: Number of dev versions registered: 18
LogDevObjectVersion:   Dev-Blueprints (B0D832E4-1F89-4F0D-ACCF-7EB736FD4AA2): 10
LogDevObjectVersion:   Dev-Build (E1C64328-A22C-4D53-A36C-8E866417BD8C): 0
LogDevObjectVersion:   Dev-Core (375EC13C-06E4-48FB-B500-84F0262A717E): 2
LogDevObjectVersion:   Dev-Editor (E4B068ED-F494-42E9-A231-DA0B2E46BB41): 23
LogDevObjectVersion:   Dev-Framework (CFFC743F-43B0-4480-9391-14DF171D2073): 33
LogDevObjectVersion:   Dev-Mobile (B02B49B5-BB20-44E9-A304-32B752E40360): 2
LogDevObjectVersion:   Dev-Networking (A4E4105C-59A1-49B5-A7C5-40C4547EDFEE): 0
LogDevObjectVersion:   Dev-Online (39C831C9-5AE6-47DC-9A44-9C173E1C8E7C): 0
LogDevObjectVersion:   Dev-Physics (78F01B33-EBEA-4F98-B9B4-84EACCB95AA2): 0
LogDevObjectVersion:   Dev-Platform (6631380F-2D4D-43E0-8009-CF276956A95A): 0
LogDevObjectVersion:   Dev-Rendering (12F88B9F-8875-4AFC-A67C-D90C383ABD29): 25
LogDevObjectVersion:   Dev-Sequencer (7B5AE74C-D270-4C10-A958-57980B212A5A): 6
LogDevObjectVersion:   Dev-VR (D7296918-1DD6-4BDD-9DE2-64A83CC13884): 1
LogDevObjectVersion:   Dev-LoadTimes (C2A15278-BFE7-4AFE-6C17-90FF531DF755): 1
LogDevObjectVersion:   Private-Geometry (6EACA3D4-40EC-4CC1-B786-8BED09428FC5): 2
LogDevObjectVersion:   Dev-AnimPhys (29E575DD-E0A3-4627-9D10-D276232CDCEA): 16
LogDevObjectVersion:   Dev-ReflectionCapture (6B266CEC-1EC7-4B8F-A30B-E4D90942FC07): 1
LogDevObjectVersion:   Dev-Automation (0DF73D61-A23F-47EA-B727-89E90C41499A): 1
LogInit: Compiled (64-bit): Apr 27 2018 02:06:57
LogInit: Compiled with Visual C++: 19.00.24215.01
LogInit: Build Configuration: Development
LogInit: Branch Name: ++UE4+Release-4.19
LogInit: Command Line:  
LogInit: Base Directory: C:/Program Files/Epic Games/UE_4.19/Engine/Binaries/Win64/
LogInit: Installed Engine Build: 1
LogStreaming: Display: Took  0.002s to delete old logs.
LogInit: Presizing for max 8388607 objects, including 0 objects not considered by GC, pre-allocating 0 bytes for permanent pool.
LogInit: Object subsystem initialized
[2020.03.18-11.51.18:964][  0]LogInit: Selected Device Profile: [Windows]
[2020.03.18-11.51.18:964][  0]LogInit: Applying CVar settings loaded from the selected device profile: [Windows]
[2020.03.18-11.51.18:981][  0]LogInit: Computer: HY_LAPTOP
[2020.03.18-11.51.18:981][  0]LogInit: User: HYRaptop
[2020.03.18-11.51.18:981][  0]LogInit: CPU Page size=4096, Cores=4
[2020.03.18-11.51.18:981][  0]LogInit: High frequency timer resolution =10.000000 MHz
[2020.03.18-11.51.18:982][  0]LogMemory: Memory total: Physical=15.9GB (16GB approx)
[2020.03.18-11.51.18:982][  0]LogMemory: Platform Memory Stats for Windows
[2020.03.18-11.51.18:982][  0]LogMemory: Process Physical Memory: 276.14 MB used, 276.15 MB peak
[2020.03.18-11.51.18:982][  0]LogMemory: Process Virtual Memory: 264.62 MB used, 264.62 MB peak
[2020.03.18-11.51.18:982][  0]LogMemory: Physical Memory: 8212.96 MB used,  8029.22 MB free, 16242.18 MB total
[2020.03.18-11.51.18:982][  0]LogMemory: Virtual Memory: 4778.88 MB used,  8029.22 MB free, 134217728.00 MB total
[2020.03.18-11.51.19:077][  0]LogInit: Using OS detected language (ko-KR).
[2020.03.18-11.51.19:077][  0]LogInit: Using OS detected locale (ko-KR).
[2020.03.18-11.51.19:089][  0]LogTextLocalizationManager: No specific localization for 'ko-KR' exists, so the 'ko' localization will be used.
[2020.03.18-11.51.19:756][  0]LogStreaming: Display: Took  0.679s to EndInitTextLocalization.
[2020.03.18-11.51.19:756][  0]LogInit: Setting process to per monitor DPI aware
[2020.03.18-11.51.19:831][  0]LogSlate: New Slate User Created.  User Index 0, Is Virtual User: 0
[2020.03.18-11.51.19:831][  0]LogSlate: Slate User Registered.  User Index 0, Is Virtual User: 0
[2020.03.18-11.51.20:675][  0]LogD3D11RHI: D3D11 adapters:
[2020.03.18-11.51.20:940][  0]LogD3D11RHI:    0. 'NVIDIA GeForce MX250' (Feature Level 11_0)
[2020.03.18-11.51.20:940][  0]LogD3D11RHI:       1983/0/8121 MB DedicatedVideo/DedicatedSystem/SharedSystem, Outputs:2, VendorId:0x10de
[2020.03.18-11.51.20:993][  0]LogD3D11RHI:    1. 'Intel(R) UHD Graphics 620' (Feature Level 11_0)
[2020.03.18-11.51.20:993][  0]LogD3D11RHI:       128/0/8121 MB DedicatedVideo/DedicatedSystem/SharedSystem, Outputs:0, VendorId:0x8086
[2020.03.18-11.51.21:000][  0]LogD3D11RHI:    2. 'Microsoft Basic Render Driver' (Feature Level 11_0)
[2020.03.18-11.51.21:000][  0]LogD3D11RHI:       0/0/8121 MB DedicatedVideo/DedicatedSystem/SharedSystem, Outputs:0, VendorId:0x1414
[2020.03.18-11.51.21:000][  0]LogD3D11RHI: Chosen D3D11 Adapter: 0
[2020.03.18-11.51.21:023][  0]LogD3D11RHI: Creating new Direct3DDevice
[2020.03.18-11.51.21:023][  0]LogD3D11RHI:     GPU DeviceId: 0x1d13 (for the marketing name, search the web for "GPU Device Id")
[2020.03.18-11.51.21:023][  0]LogWindows: EnumDisplayDevices:
[2020.03.18-11.51.21:023][  0]LogWindows:    0. 'Intel(R) UHD Graphics 620' (P:1 D:1)
[2020.03.18-11.51.21:024][  0]LogWindows:    1. 'Intel(R) UHD Graphics 620' (P:0 D:1)
[2020.03.18-11.51.21:024][  0]LogWindows:    2. 'Intel(R) UHD Graphics 620' (P:0 D:0)
[2020.03.18-11.51.21:024][  0]LogWindows: DebugString: GetVideoDriverDetailsInvalid PrimaryIsNotTheChoosenAdapter GetVideoDriverDetailsInvalid PrimaryIsNotTheChoosenAdapter GetVideoDriverDetailsInvalid PrimaryIsNotTheChoosenAdapter FoundDriverCount:0 
[2020.03.18-11.51.21:024][  0]LogD3D11RHI:     Adapter Name: NVIDIA GeForce MX250
[2020.03.18-11.51.21:024][  0]LogD3D11RHI:   Driver Version: Unknown (internal:Unknown, unified:Unknown)
[2020.03.18-11.51.21:024][  0]LogD3D11RHI:      Driver Date: Unknown
[2020.03.18-11.51.21:024][  0]LogRHI: Texture pool is 1388 MB (70% of 1983 MB)
[2020.03.18-11.51.21:110][  0]LogD3D11RHI: [Aftermath] Aftermath enabled and primed
[2020.03.18-11.51.21:110][  0]LogD3D11RHI: [Aftermath] Aftermath enabled and primed
[2020.03.18-11.51.21:110][  0]LogD3D11RHI: Async texture creation enabled
[2020.03.18-11.51.21:134][  0]LogD3D11RHI: GPU Timing Frequency: 1000.000000 (Debug: 2 1)
[2020.03.18-11.51.21:137][  0]LogShaderCompilers: Guid format shader working directory is -35 characters bigger than the processId version (../../../../../../Users/HY_Raptop/OneDrive/Desktop/GitHub/UnrealTutorial/ArenaBattle/Intermediate/Shaders/WorkingDirectory/17352/).
[2020.03.18-11.51.21:138][  0]LogShaderCompilers: Cleaned the shader compiler working directory 'C:/Users/HY_Raptop/AppData/Local/Temp/UnrealShaderWorkingDir/D8F5954F442A88E425D6F49322310A61/'.
[2020.03.18-11.51.21:488][  0]LogTemp: Display: Loaded TP AllDesktopTargetPlatform
[2020.03.18-11.51.21:508][  0]LogTemp: Display: Loaded TP MacClientTargetPlatform
[2020.03.18-11.51.21:531][  0]LogTemp: Display: Loaded TP MacNoEditorTargetPlatform
[2020.03.18-11.51.21:554][  0]LogTemp: Display: Loaded TP MacServerTargetPlatform
[2020.03.18-11.51.21:583][  0]LogTemp: Display: Loaded TP MacTargetPlatform
[2020.03.18-11.51.21:606][  0]LogTemp: Display: Loaded TP WindowsClientTargetPlatform
[2020.03.18-11.51.21:628][  0]LogTemp: Display: Loaded TP WindowsNoEditorTargetPlatform
[2020.03.18-11.51.21:650][  0]LogTemp: Display: Loaded TP WindowsServerTargetPlatform
[2020.03.18-11.51.21:659][  0]LogTemp: Display: Loaded TP WindowsTargetPlatform
[2020.03.18-11.51.21:677][  0]LogTemp: Display: Loaded TP Android_ASTCTargetPlatform
[2020.03.18-11.51.21:699][  0]LogTemp: Display: Loaded TP Android_ATCTargetPlatform
[2020.03.18-11.51.21:719][  0]LogTemp: Display: Loaded TP Android_DXTTargetPlatform
[2020.03.18-11.51.21:741][  0]LogTemp: Display: Loaded TP Android_ETC1aTargetPlatform
[2020.03.18-11.51.21:759][  0]LogTemp: Display: Loaded TP Android_ETC1TargetPlatform
[2020.03.18-11.51.21:777][  0]LogTemp: Display: Loaded TP Android_ETC2TargetPlatform
[2020.03.18-11.51.21:815][  0]LogTemp: Display: Loaded TP Android_MultiTargetPlatform
[2020.03.18-11.51.21:815][  0]LogTemp: Display: Loaded TP Android_PVRTCTargetPlatform
[2020.03.18-11.51.21:834][  0]LogTemp: Display: Loaded TP AndroidTargetPlatform
[2020.03.18-11.51.21:836][  0]LogTemp: Display: Loaded TP HTML5TargetPlatform
[2020.03.18-11.51.21:884][  0]LogTemp: Display: Loaded TP IOSTargetPlatform
[2020.03.18-11.51.21:902][  0]LogTemp: Display: Loaded TP TVOSTargetPlatform
[2020.03.18-11.51.21:920][  0]LogTemp: Display: Loaded TP LinuxClientTargetPlatform
[2020.03.18-11.51.21:938][  0]LogTemp: Display: Loaded TP LinuxNoEditorTargetPlatform
[2020.03.18-11.51.21:956][  0]LogTemp: Display: Loaded TP LinuxServerTargetPlatform
[2020.03.18-11.51.21:976][  0]LogTemp: Display: Loaded TP LinuxTargetPlatform
[2020.03.18-11.51.21:976][  0]LogTargetPlatformManager: Display: Building Assets For Windows
[2020.03.18-11.51.22:230][  0]LogXGEController: Cleaning working directory: C:/Users/HY_Raptop/AppData/Local/Temp/UnrealXGEWorkingDir/
[2020.03.18-11.51.22:230][  0]LogXGEController: Cannot use XGE Controller as Incredibuild is not installed on this machine.
[2020.03.18-11.51.22:231][  0]LogShaderCompilers: Cannot use XGE Shader Compiler as Incredibuild is not installed on this machine.
[2020.03.18-11.51.22:231][  0]LogShaderCompilers: Display: Using Local Shader Compiler.
[2020.03.18-11.51.23:834][  0]LogDerivedDataCache: Display: Max Cache Size: 512 MB
[2020.03.18-11.51.24:203][  0]LogDerivedDataCache: Loaded boot cache 0.37s 77MB C:/Users/HY_Raptop/AppData/Local/UnrealEngine/4.19/DerivedDataCache/Boot.ddc.
[2020.03.18-11.51.24:203][  0]LogDerivedDataCache: Display: Loaded Boot cache: C:/Users/HY_Raptop/AppData/Local/UnrealEngine/4.19/DerivedDataCache/Boot.ddc
[2020.03.18-11.51.24:203][  0]LogDerivedDataCache: FDerivedDataBackendGraph:  Pak pak cache file ../../../../../../Users/HY_Raptop/OneDrive/Desktop/GitHub/UnrealTutorial/ArenaBattle/DerivedDataCache/DDC.ddp not found, will not use a pak cache.
[2020.03.18-11.51.24:203][  0]LogDerivedDataCache: Unable to find inner node Pak for hierarchical cache Hierarchy.
[2020.03.18-11.51.24:203][  0]LogDerivedDataCache: FDerivedDataBackendGraph:  CompressedPak pak cache file ../../../../../../Users/HY_Raptop/OneDrive/Desktop/GitHub/UnrealTutorial/ArenaBattle/DerivedDataCache/Compressed.ddp not found, will not use a pak cache.
[2020.03.18-11.51.24:203][  0]LogDerivedDataCache: Unable to find inner node CompressedPak for hierarchical cache Hierarchy.
[2020.03.18-11.51.24:229][  0]LogDerivedDataCache: Display: Pak cache opened for reading ../../../Engine/DerivedDataCache/Compressed.ddp.
[2020.03.18-11.51.24:243][  0]LogDerivedDataCache: Using Local data cache path C:/Users/HY_Raptop/AppData/Local/UnrealEngine/Common/DerivedDataCache: Writable
[2020.03.18-11.51.24:243][  0]LogDerivedDataCache: Shared data cache path not found in *engine.ini, will not use an Shared cache.
[2020.03.18-11.51.24:243][  0]LogDerivedDataCache: Unable to find inner node Shared for hierarchical cache Hierarchy.
[2020.03.18-11.51.24:259][  0]LogMaterial: Verifying Global Shaders for PCD3D_SM5
[2020.03.18-11.51.24:261][  0]LogSlate: Using Freetype 2.6.0
[2020.03.18-11.51.24:264][  0]LogSlate: SlateFontCache - WITH_FREETYPE: 1, WITH_HARFBUZZ: 1
[2020.03.18-11.51.24:264][  0]LogSlate: SlateFontCache - WITH_FREETYPE: 1, WITH_HARFBUZZ: 1
[2020.03.18-11.51.24:651][  0]LogAssetRegistry: FAssetRegistry took 0.0306 seconds to start up
[2020.03.18-11.51.25:282][  0]LogInit: Selected Device Profile: [Windows]
[2020.03.18-11.51.25:532][  0]LogSimplygon: Simplygon DLL not present - disabling.
[2020.03.18-11.51.25:536][  0]LogMeshReduction: Using SimplygonSwarm for distributed automatic mesh merging
[2020.03.18-11.51.25:537][  0]LogMeshReduction: Using QuadricMeshReduction for automatic static mesh reduction
[2020.03.18-11.51.25:537][  0]LogMeshReduction: No automatic skeletal mesh reduction module available
[2020.03.18-11.51.25:537][  0]LogMeshReduction: No automatic mesh merging module available
[2020.03.18-11.51.25:537][  0]LogMeshMerging: No automatic mesh merging module available
[2020.03.18-11.51.25:601][  0]LogNetVersion: ArenaBattle , NetCL: 3944462, EngineNetVer: 2, GameNetVer: 0 (Checksum: 3555152549)
[2020.03.18-11.51.26:408][  0]LogPackageLocalizationCache: Processed 9 localized package path(s) for 2 prioritized culture(s) in 0.142646 seconds
[2020.03.18-11.51.26:417][  0]LogUObjectArray: 36728 objects as part of root set at end of initial load.
[2020.03.18-11.51.26:417][  0]LogUObjectAllocator: 7314312 out of 0 bytes used by permanent object pool.
[2020.03.18-11.51.26:417][  0]LogUObjectArray: CloseDisregardForGC: 0/0 objects in disregard for GC pool
[2020.03.18-11.51.30:717][  0]LogTcpMessaging: Initializing TcpMessaging bridge
[2020.03.18-11.51.30:767][  0]LogUdpMessaging: Initializing bridge on interface 0.0.0.0:0 to multicast group 230.0.0.1:6666.
[2020.03.18-11.51.31:272][  0]LogSkeletalMesh: Skeletal Mesh found in DDC [7.780300ms] /Game/InfinityBladeWarriors/Character/CompleteCharacters/SK_CharM_Cardboard.SK_CharM_Cardboard
[2020.03.18-11.51.31:291][  0]LogUObjectGlobals: Created PersistentFrame Addr=0x000001b67b648f10, Size=24, Default__WarriorAnimBlueprint_C Function /Game/Book/Animations/WarriorAnimBlueprint.WarriorAnimBlueprint_C:ExecuteUbergraph_WarriorAnimBlueprint
[2020.03.18-11.51.31:300][  0]LogUObjectGlobals: Destroyed PersistentFrame Addr=0x000001b67b648f10, Size=24
[2020.03.18-11.51.31:300][  0]LogUObjectGlobals: Created PersistentFrame Addr=0x000001b67b6f4268, Size=24, Default__WarriorAnimBlueprint_C Function /Engine/Transient.REINST_WarriorAnimBlueprint_C_0:ExecuteUbergraph_WarriorAnimBlueprint
[2020.03.18-11.51.31:308][  0]LogUObjectGlobals: Created PersistentFrame Addr=0x000001b67b6f6d88, Size=24, Default__WarriorAnimBlueprint_C Function /Game/Book/Animations/WarriorAnimBlueprint.WarriorAnimBlueprint_C:ExecuteUbergraph_WarriorAnimBlueprint
[2020.03.18-11.51.31:735][  0]SourceControl: 소스 콘트롤이 꺼졌습니다.
[2020.03.18-11.51.31:735][  0]SourceControl: 소스 콘트롤이 꺼졌습니다.
[2020.03.18-11.51.31:802][  0]SourceControl: 소스 콘트롤이 꺼졌습니다.
[2020.03.18-11.51.31:857][  0]SourceControl: 소스 콘트롤이 꺼졌습니다.
[2020.03.18-11.51.32:901][  0]LogAndroidPermission: UAndroidPermissionCallbackProxy::GetInstance
[2020.03.18-11.51.33:379][  0]LogOcInput: OculusInput pre-init called
[2020.03.18-11.51.33:604][  0]LogEngine: Initializing Engine...
[2020.03.18-11.51.33:610][  0]LogHMD: Failed to initialize OpenVR with code 110
[2020.03.18-11.51.33:612][  0]LogStats: UGameplayTagsManager::ConstructGameplayTagTree: Construct from data asset -  0.000 s
[2020.03.18-11.51.33:613][  0]LogStats: UGameplayTagsManager::ConstructGameplayTagTree: GameplayTagTreeChangedEvent.Broadcast -  0.000 s
[2020.03.18-11.51.33:997][  0]LogAIModule: Creating AISystem for world Untitled
[2020.03.18-11.51.34:180][  0]LogInit: XAudio2 using '스피커(2- Realtek(R) Audio)' : 2 channels at 48 kHz using 32 bits per sample (channel mask 0x3)
[2020.03.18-11.51.34:224][  0]LogInit: FAudioDevice initialized.
[2020.03.18-11.51.34:325][  0]LogDerivedDataCache: Saved boot cache 0.10s 77MB C:/Users/HY_Raptop/AppData/Local/UnrealEngine/4.19/DerivedDataCache/Boot.ddc.
[2020.03.18-11.51.34:335][  0]LogInit: Texture streaming: Enabled
[2020.03.18-11.51.34:381][  0]LogEngineSessionManager: EngineSessionManager initialized
[2020.03.18-11.51.34:382][  0]LogEngineSessionManager: EngineSessionManager sent abnormal shutdown report. Type=Crashed, SessionId={1B46193D-4F16-D1D2-66AF-0CA391FD4759}
[2020.03.18-11.51.34:418][  0]LogInit: Transaction tracking system initialized
[2020.03.18-11.51.34:500][  0]BlueprintLog: New page: 에디터 로드
[2020.03.18-11.51.34:757][  0]LocalizationService: 현지화 서비스가 비활성화되었습니다.
[2020.03.18-11.51.35:437][  0]LogConsoleResponse: Display: 
[2020.03.18-11.51.35:722][  0]LogCook: Display: Max memory allowance for cook 16384mb min free memory 0mb
[2020.03.18-11.51.35:723][  0]LogCook: Display: Mobile HDR setting 1
[2020.03.18-11.51.35:723][  0]LogGameplayTags: Display: UGameplayTagsManager::DoneAddingNativeTags. DelegateIsBound: 0
[2020.03.18-11.51.35:723][  0]LogStats: UGameplayTagsManager::ConstructGameplayTagTree: Construct from data asset -  0.000 s
[2020.03.18-11.51.35:723][  0]LogStats: UGameplayTagsManager::ConstructGameplayTagTree: GameplayTagTreeChangedEvent.Broadcast -  0.000 s
[2020.03.18-11.51.36:776][  0]LogFileCache: Scanning file cache for directory 'C:/Users/HY_Raptop/OneDrive/Desktop/GitHub/UnrealTutorial/ArenaBattle/Content/' took 0.04s
[2020.03.18-11.51.36:777][  0]SourceControl: 소스 콘트롤이 꺼졌습니다.
[2020.03.18-11.51.36:777][  0]Cmd: MAP LOAD FILE="../../../../../../Users/HY_Raptop/OneDrive/Desktop/GitHub/UnrealTutorial/ArenaBattle/Content/Book/Maps/Step2.umap" TEMPLATE=0 SHOWPROGRESS=1 FEATURELEVEL=3
[2020.03.18-11.51.36:779][  0]LightingResults: New page: 라이팅 빌드
[2020.03.18-11.51.36:786][  0]MapCheck: New page: 맵 체크
[2020.03.18-11.51.36:786][  0]LightingResults: New page: 라이팅 빌드
[2020.03.18-11.51.36:802][  0]LogUObjectGlobals: Destroyed PersistentFrame Addr=0x000001b67b6f4268, Size=24
[2020.03.18-11.51.37:292][  0]LogAIModule: Creating AISystem for world Step2
[2020.03.18-11.51.37:305][  0]LogEditorServer: Finished looking for orphan Actors (0.000 secs)
[2020.03.18-11.51.37:327][  0]Cmd: MAP CHECKDEP NOCLEARLOG
[2020.03.18-11.51.37:549][  0]MapCheck: 맵 체크 완료: 오류 0 회, 경고 0 회, 소요 시간 222.847ms.
[2020.03.18-11.51.37:550][  0]LogFileHelpers: Loading map 'Step2' took 0.773
[2020.03.18-11.51.37:849][  0]LogCollectionManager: Loaded 0 collections in 0.003661 seconds
[2020.03.18-11.51.37:910][  0]LogFileCache: Scanning file cache for directory 'C:/Users/HY_Raptop/OneDrive/Desktop/GitHub/UnrealTutorial/ArenaBattle/Saved/Collections/' took 0.01s
[2020.03.18-11.51.37:910][  0]LogFileCache: Scanning file cache for directory 'C:/Users/HY_Raptop/OneDrive/Desktop/GitHub/UnrealTutorial/ArenaBattle/Content/Developers/HYRaptop/Collections/' took 0.01s
[2020.03.18-11.51.37:910][  0]LogFileCache: Scanning file cache for directory 'C:/Users/HY_Raptop/OneDrive/Desktop/GitHub/UnrealTutorial/ArenaBattle/Content/Collections/' took 0.01s
[2020.03.18-11.51.37:910][  0]LogCollectionManager: Rebuilt the GUID cache for 0 collections in 0.000000 seconds
[2020.03.18-11.51.37:927][  0]LogContentBrowser: Native class hierarchy populated in 0.0165 seconds. Added 2459 classes and 562 folders.
[2020.03.18-11.51.37:941][  0]LogContentBrowser: Native class hierarchy updated for 'WidgetCarousel' in 0.0013 seconds. Added 0 classes and 0 folders.
[2020.03.18-11.51.38:141][  0]LogContentBrowser: Native class hierarchy updated for 'AddContentDialog' in 0.0012 seconds. Added 0 classes and 0 folders.
[2020.03.18-11.51.38:341][  0]LogSlate: Took 0.003515 seconds to synchronously load lazily loaded font '../../../Engine/Content/Slate/Fonts/Roboto-Regular.ttf' (155K)
[2020.03.18-11.51.38:368][  0]LogSlate: Took 0.023755 seconds to synchronously load lazily loaded font '../../../Engine/Content/Editor/Slate/Fonts/NanumGothic.ttf' (4243K)
[2020.03.18-11.51.38:395][  0]LogSlate: Took 0.024488 seconds to synchronously load lazily loaded font '../../../Engine/Content/Editor/Slate/Fonts/NanumGothicBold.ttf' (4188K)
[2020.03.18-11.51.38:395][  0]LogSlate: Took 0.000442 seconds to synchronously load lazily loaded font '../../../Engine/Content/Slate/Fonts/Roboto-Bold.ttf' (160K)
[2020.03.18-11.51.38:411][  0]LogSlate: Took 0.004058 seconds to synchronously load lazily loaded font '../../../Engine/Content/Editor/Slate/Fonts/FontAwesome.ttf' (139K)
[2020.03.18-11.51.38:414][  0]LogSlate: Took 0.001820 seconds to synchronously load lazily loaded font '../../../Engine/Content/Slate/Fonts/DroidSansMono.ttf' (77K)
[2020.03.18-11.51.38:640][  0]LogSlate: Took 0.036207 seconds to synchronously load lazily loaded font '../../../Engine/Content/Editor/Slate/Fonts/NanumGothicExtraBold.ttf' (4074K)
[2020.03.18-11.51.38:957][  0]LogRenderer: Reallocating scene render targets to support 1208x624 Format 9 NumSamples 1 (Frame:1).
[2020.03.18-11.51.39:424][  0]LogContentBrowser: Native class hierarchy updated for 'HierarchicalLODOutliner' in 0.0023 seconds. Added 0 classes and 0 folders.
[2020.03.18-11.51.39:425][  0]LogLoad: (Engine Initialization) Total time: 27.11 seconds
[2020.03.18-11.51.39:425][  0]LogLoad: (Engine Initialization) Total Blueprint compile time: 0.00 seconds
[2020.03.18-11.51.39:801][  0]LogContentStreaming: Texture pool size now 600 MB
[2020.03.18-11.51.40:444][  2]LogAssetRegistry: Asset discovery search completed in 15.8165 seconds
[2020.03.18-11.51.40:447][  2]LogCollectionManager: Rebuilt the object cache for 0 collections in 0.000000 seconds (found 0 objects)
[2020.03.18-11.51.40:447][  2]LogCollectionManager: Fixed up redirectors for 0 collections in 0.000229 seconds (updated 0 objects)
[2020.03.18-11.51.40:762][  3]LogSlate: FSceneViewport::OnFocusLost() reason 0
[2020.03.18-11.51.40:794][  3]LogSlate: Took 0.002006 seconds to synchronously load lazily loaded font '../../../Engine/Content/Slate/Fonts/Roboto-Light.ttf' (167K)
[2020.03.18-11.51.45:672][285]LogSlate: Took 0.000258 seconds to synchronously load lazily loaded font '../../../Engine/Content/Slate/Fonts/Roboto-Light.ttf' (167K)
[2020.03.18-11.51.45:688][286]ArenaBattle: Warning: AABPawn::PostInitializeComponents(80)
[2020.03.18-11.51.45:712][287]LogWindows: Windows GetLastError: 작업을 완료했습니다. (0)
[2020.03.18-11.51.47:584][287]LogWindows: Error: === Critical error: ===
[2020.03.18-11.51.47:584][287]LogWindows: Error: 
[2020.03.18-11.51.47:584][287]LogWindows: Error: Fatal error: [File:D:\Build\++UE4+Release-4.19+Compile\Sync\Engine\Source\Runtime\Engine\Private\Actor.cpp] [Line: 2950] 
[2020.03.18-11.51.47:584][287]LogWindows: Error: ABCharacter /Engine/Transient.World_1:PersistentLevel.ABCharacter_0 failed to route PostInitializeComponents.  Please call Super::PostInitializeComponents() in your <className>::PostInitializeComponents() function. 
[2020.03.18-11.51.47:584][287]LogWindows: Error: 
[2020.03.18-11.51.47:584][287]LogWindows: Error: 
[2020.03.18-11.51.47:584][287]LogWindows: Error: [Callstack] 0x0000000045D8A859 KERNELBASE.dll!UnknownFunction []
[2020.03.18-11.51.47:584][287]LogWindows: Error: [Callstack] 0x000000001A897884 UE4Editor-ApplicationCore.dll!UnknownFunction []
[2020.03.18-11.51.47:584][287]LogWindows: Error: [Callstack] 0x0000000005DC6D9B UE4Editor-Core.dll!UnknownFunction []
[2020.03.18-11.51.47:584][287]LogWindows: Error: [Callstack] 0x0000000005D01949 UE4Editor-Core.dll!UnknownFunction []
[2020.03.18-11.51.47:584][287]LogWindows: Error: [Callstack] 0x00000000F26486C7 UE4Editor-Engine.dll!UnknownFunction []
[2020.03.18-11.51.47:584][287]LogWindows: Error: [Callstack] 0x00000000F262484A UE4Editor-Engine.dll!UnknownFunction []
[2020.03.18-11.51.47:584][287]LogWindows: Error: [Callstack] 0x00000000F264C349 UE4Editor-Engine.dll!UnknownFunction []
[2020.03.18-11.51.47:584][287]LogWindows: Error: [Callstack] 0x00000000F2FB33D4 UE4Editor-Engine.dll!UnknownFunction []
[2020.03.18-11.51.47:584][287]LogWindows: Error: [Callstack] 0x00000000F2FB37E7 UE4Editor-Engine.dll!UnknownFunction []
[2020.03.18-11.51.47:584][287]LogWindows: Error: [Callstack] 0x00000000D3E3BFB5 UE4Editor-UnrealEd.dll!UnknownFunction []
[2020.03.18-11.51.47:584][287]LogWindows: Error: [Callstack] 0x00000000D464607E UE4Editor-UnrealEd.dll!UnknownFunction []
[2020.03.18-11.51.47:584][287]LogWindows: Error: [Callstack] 0x00000000D45DDF2D UE4Editor-UnrealEd.dll!UnknownFunction []
[2020.03.18-11.51.47:584][287]LogWindows: Error: [Callstack] 0x00000000D42BA184 UE4Editor-UnrealEd.dll!UnknownFunction []
[2020.03.18-11.51.47:584][287]LogWindows: Error: [Callstack] 0x00000000D3AC7AE2 UE4Editor-UnrealEd.dll!UnknownFunction []
[2020.03.18-11.51.47:584][287]LogWindows: Error: [Callstack] 0x00000000D39FE728 UE4Editor-UnrealEd.dll!UnknownFunction []
[2020.03.18-11.51.47:585][287]LogWindows: Error: [Callstack] 0x00000000D3DAC1DF UE4Editor-UnrealEd.dll!UnknownFunction []
[2020.03.18-11.51.47:585][287]LogWindows: Error: [Callstack] 0x00000000D4649626 UE4Editor-UnrealEd.dll!UnknownFunction []
[2020.03.18-11.51.47:585][287]LogWindows: Error: [Callstack] 0x0000000013A75EAC UE4Editor.exe!UnknownFunction []
[2020.03.18-11.51.47:585][287]LogWindows: Error: [Callstack] 0x0000000013A86BD0 UE4Editor.exe!UnknownFunction []
[2020.03.18-11.51.47:585][287]LogWindows: Error: [Callstack] 0x0000000013A86C4A UE4Editor.exe!UnknownFunction []
[2020.03.18-11.51.47:585][287]LogWindows: Error: [Callstack] 0x0000000013A94177 UE4Editor.exe!UnknownFunction []
[2020.03.18-11.51.47:585][287]LogWindows: Error: [Callstack] 0x0000000013A95B87 UE4Editor.exe!UnknownFunction []
[2020.03.18-11.51.47:585][287]LogWindows: Error: [Callstack] 0x0000000047907BD4 KERNEL32.DLL!UnknownFunction []
[2020.03.18-11.51.47:585][287]LogWindows: Error: [Callstack] 0x000000004816CED1 ntdll.dll!UnknownFunction []
[2020.03.18-11.51.47:585][287]LogWindows: Error: [Callstack] 0x000000004816CED1 ntdll.dll!UnknownFunction []
[2020.03.18-11.51.47:585][287]LogWindows: Error: 
[2020.03.18-11.51.47:604][287]LogExit: Executing StaticShutdownAfterError
[2020.03.18-11.51.47:607][287]LogWindows: FPlatformMisc::RequestExit(1)
[2020.03.18-11.51.47:607][287]Log file closed, 03/18/20 20:51:47
