Log file open, 03/18/20 09:31:30
LogWindows: Failed to load 'aqProf.dll' (GetLastError=126)
LogWindows: File 'aqProf.dll' does not exist
LogWindows: Failed to load 'VtuneApi.dll' (GetLastError=126)
LogWindows: File 'VtuneApi.dll' does not exist
LogWindows: Failed to load 'VtuneApi32e.dll' (GetLastError=126)
LogWindows: File 'VtuneApi32e.dll' does not exist
LogInit: Display: Running engine for game: ArenaBattle
LogPlatformFile: Not using cached read wrapper
LogInit: Display: RandInit(134711009) SRandInit(134711010).
LogInit: Read version file with build ID '3944462'
LogInit: Overriding engine version to CL 4033788, compatible CL 3944462
LogInit: Registered custom module enumerator with build ID '3944462'
LogTaskGraph: Started task graph with 5 named threads and 23 total threads with 3 sets of task threads.
LogStats: Stats thread started at 0.298513
LogD3D11RHI: Aftermath initialized
LogICUInternationalization: Display: ICU TimeZone Detection - Raw Offset: +9:00, Platform Override: ''
LogPluginManager: Mounting plugin Paper2D
LogPluginManager: Mounting plugin LiveLink
LogPluginManager: Mounting plugin LightPropagationVolume
LogPluginManager: Mounting plugin CLionSourceCodeAccess
LogPluginManager: Mounting plugin CodeLiteSourceCodeAccess
LogPluginManager: Mounting plugin GitSourceControl
LogPluginManager: Mounting plugin KDevelopSourceCodeAccess
LogPluginManager: Mounting plugin NullSourceCodeAccess
LogPluginManager: Mounting plugin PerforceSourceControl
LogPluginManager: Mounting plugin SubversionSourceControl
LogPluginManager: Mounting plugin UObjectPlugin
LogPluginManager: Mounting plugin VisualStudioCodeSourceCodeAccess
LogPluginManager: Mounting plugin VisualStudioSourceCodeAccess
LogPluginManager: Mounting plugin XCodeSourceCodeAccess
LogPluginManager: Mounting plugin AssetManagerEditor
LogPluginManager: Mounting plugin CryptoKeys
LogPluginManager: Mounting plugin DataValidation
LogPluginManager: Mounting plugin FacialAnimation
LogPluginManager: Mounting plugin GameplayTagsEditor
LogPluginManager: Mounting plugin MobileLauncherProfileWizard
LogPluginManager: Mounting plugin PluginBrowser
LogPluginManager: Mounting plugin SpeedTreeImporter
LogPluginManager: Mounting plugin DatasmithContent
LogPluginManager: Mounting plugin AlembicImporter
LogPluginManager: Mounting plugin CharacterAI
LogPluginManager: Mounting plugin HTML5Networking
LogPluginManager: Mounting plugin AndroidMedia
LogPluginManager: Mounting plugin AvfMedia
LogPluginManager: Mounting plugin ImgMedia
LogPluginManager: Mounting plugin LinearTimecode
LogPluginManager: Mounting plugin MediaCompositing
LogPluginManager: Mounting plugin MediaPlayerEditor
LogPluginManager: Mounting plugin WmfMedia
LogPluginManager: Mounting plugin TcpMessaging
LogPluginManager: Mounting plugin UdpMessaging
LogPluginManager: Mounting plugin ActorSequence
LogPluginManager: Mounting plugin LevelSequenceEditor
LogPluginManager: Mounting plugin MatineeToLevelSequence
LogPluginManager: Mounting plugin NetcodeUnitTest
LogPluginManager: Mounting plugin NUTUnrealEngine4
LogPluginManager: Mounting plugin OnlineSubsystemGooglePlay
LogPluginManager: Mounting plugin OnlineSubsystemIOS
LogPluginManager: Mounting plugin OnlineSubsystem
LogPluginManager: Mounting plugin OnlineSubsystemNull
LogPluginManager: Mounting plugin OnlineSubsystemUtils
LogPluginManager: Mounting plugin AndroidDeviceProfileSelector
LogPluginManager: Mounting plugin AndroidMoviePlayer
LogPluginManager: Mounting plugin AndroidPermission
LogPluginManager: Mounting plugin AppleARKit
LogPluginManager: Mounting plugin AppleMoviePlayer
LogPluginManager: Mounting plugin ArchVisCharacter
LogPluginManager: Mounting plugin AudioCapture
LogPluginManager: Mounting plugin CableComponent
LogPluginManager: Mounting plugin CustomMeshComponent
LogPluginManager: Mounting plugin ExampleDeviceProfileSelector
LogPluginManager: Mounting plugin GoogleCloudMessaging
LogPluginManager: Mounting plugin ImmediatePhysics
LogPluginManager: Mounting plugin IOSDeviceProfileSelector
LogPluginManager: Mounting plugin LinuxDeviceProfileSelector
LogPluginManager: Mounting plugin LocationServicesBPLibrary
LogPluginManager: Mounting plugin MobilePatchingUtils
LogPluginManager: Mounting plugin OculusVR
LogPluginManager: Plugin shader directory ../../../Engine/Plugins/Runtime/Oculus/OculusVR/Shaders found
LogPluginManager: Mapping shader source directory ../../../Engine/Plugins/Runtime/Oculus/OculusVR/Shaders to virtual directory /Plugin/OculusVR
LogPluginManager: Mounting plugin PhysXVehicles
LogPluginManager: Mounting plugin ProceduralMeshComponent
LogPluginManager: Mounting plugin RuntimePhysXCooking
LogPluginManager: Mounting plugin SteamVR
LogPluginManager: Mounting plugin WindowsMoviePlayer
LogStreaming: Display: Took  0.215s to configure plugins.
LogModuleManager: Display: Found up-to-date module file ../../../../../../Users/HY_Raptop/OneDrive/Desktop/GitHub/UnrealTutorial/ArenaBattle/Binaries/Win64/UE4Editor-ArenaBattle-3027.dll (API version 3944462).
LogModuleManager: Display: Found up-to-date module file ../../../Engine/Plugins/2D/Paper2D/Binaries/Win64/UE4Editor-Paper2D.dll (API version 3944462).
LogModuleManager: Display: Found up-to-date module file ../../../Engine/Plugins/2D/Paper2D/Binaries/Win64/UE4Editor-Paper2DEditor.dll (API version 3944462).
LogModuleManager: Display: Found up-to-date module file ../../../Engine/Plugins/2D/Paper2D/Binaries/Win64/UE4Editor-PaperSpriteSheetImporter.dll (API version 3944462).
LogModuleManager: Display: Found up-to-date module file ../../../Engine/Plugins/2D/Paper2D/Binaries/Win64/UE4Editor-PaperTiledImporter.dll (API version 3944462).
LogModuleManager: Display: Found up-to-date module file ../../../Engine/Plugins/2D/Paper2D/Binaries/Win64/UE4Editor-SmartSnapping.dll (API version 3944462).
LogModuleManager: Display: Found up-to-date module file ../../../Engine/Plugins/Animation/LiveLink/Binaries/Win64/UE4Editor-LiveLink.dll (API version 3944462).
LogModuleManager: Display: Found up-to-date module file ../../../Engine/Plugins/Animation/LiveLink/Binaries/Win64/UE4Editor-LiveLinkEditor.dll (API version 3944462).
LogModuleManager: Display: Found up-to-date module file ../../../Engine/Plugins/Blendables/LightPropagationVolume/Binaries/Win64/UE4Editor-LightPropagationVolumeRuntime.dll (API version 3944462).
LogModuleManager: Display: Found up-to-date module file ../../../Engine/Plugins/Blendables/LightPropagationVolume/Binaries/Win64/UE4Editor-LightPropagationVolumeEditor.dll (API version 3944462).
LogModuleManager: Display: Found up-to-date module file ../../../Engine/Plugins/Developer/CLionSourceCodeAccess/Binaries/Win64/UE4Editor-CLionSourceCodeAccess.dll (API version 3944462).
LogModuleManager: Display: Found up-to-date module file ../../../Engine/Plugins/Developer/GitSourceControl/Binaries/Win64/UE4Editor-GitSourceControl.dll (API version 3944462).
LogModuleManager: Display: Found up-to-date module file ../../../Engine/Plugins/Developer/PerforceSourceControl/Binaries/Win64/UE4Editor-PerforceSourceControl.dll (API version 3944462).
LogModuleManager: Display: Found up-to-date module file ../../../Engine/Plugins/Developer/SubversionSourceControl/Binaries/Win64/UE4Editor-SubversionSourceControl.dll (API version 3944462).
LogModuleManager: Display: Found up-to-date module file ../../../Engine/Plugins/Developer/UObjectPlugin/Binaries/Win64/UE4Editor-UObjectPlugin.dll (API version 3944462).
LogModuleManager: Display: Found up-to-date module file ../../../Engine/Plugins/Developer/VisualStudioCodeSourceCodeAccess/Binaries/Win64/UE4Editor-VisualStudioCodeSourceCodeAccess.dll (API version 3944462).
LogModuleManager: Display: Found up-to-date module file ../../../Engine/Plugins/Developer/VisualStudioSourceCodeAccess/Binaries/Win64/UE4Editor-VisualStudioSourceCodeAccess.dll (API version 3944462).
LogModuleManager: Display: Found up-to-date module file ../../../Engine/Plugins/Editor/AssetManagerEditor/Binaries/Win64/UE4Editor-AssetManagerEditor.dll (API version 3944462).
LogModuleManager: Display: Found up-to-date module file ../../../Engine/Plugins/Editor/CryptoKeys/Binaries/Win64/UE4Editor-CryptoKeys.dll (API version 3944462).
LogModuleManager: Display: Found up-to-date module file ../../../Engine/Plugins/Editor/CryptoKeys/Binaries/Win64/UE4Editor-CryptoKeysOpenSSL.dll (API version 3944462).
LogModuleManager: Display: Found up-to-date module file ../../../Engine/Plugins/Editor/DataValidation/Binaries/Win64/UE4Editor-DataValidation.dll (API version 3944462).
LogModuleManager: Display: Found up-to-date module file ../../../Engine/Plugins/Editor/FacialAnimation/Binaries/Win64/UE4Editor-FacialAnimation.dll (API version 3944462).
LogModuleManager: Display: Found up-to-date module file ../../../Engine/Plugins/Editor/FacialAnimation/Binaries/Win64/UE4Editor-FacialAnimationEditor.dll (API version 3944462).
LogModuleManager: Display: Found up-to-date module file ../../../Engine/Plugins/Editor/GameplayTagsEditor/Binaries/Win64/UE4Editor-GameplayTagsEditor.dll (API version 3944462).
LogModuleManager: Display: Found up-to-date module file ../../../Engine/Plugins/Editor/MobileLauncherProfileWizard/Binaries/Win64/UE4Editor-MobileLauncherProfileWizard.dll (API version 3944462).
LogModuleManager: Display: Found up-to-date module file ../../../Engine/Plugins/Editor/PluginBrowser/Binaries/Win64/UE4Editor-PluginBrowser.dll (API version 3944462).
LogModuleManager: Display: Found up-to-date module file ../../../Engine/Plugins/Editor/SpeedTreeImporter/Binaries/Win64/UE4Editor-SpeedTreeImporter.dll (API version 3944462).
LogModuleManager: Display: Found up-to-date module file ../../../Engine/Plugins/Enterprise/DatasmithContent/Binaries/Win64/UE4Editor-DatasmithContent.dll (API version 3944462).
LogModuleManager: Display: Found up-to-date module file ../../../Engine/Plugins/Experimental/AlembicImporter/Binaries/Win64/UE4Editor-AlembicImporter.dll (API version 3944462).
LogModuleManager: Display: Found up-to-date module file ../../../Engine/Plugins/Experimental/AlembicImporter/Binaries/Win64/UE4Editor-AlembicLibrary.dll (API version 3944462).
LogModuleManager: Display: Found up-to-date module file ../../../Engine/Plugins/Experimental/CharacterAI/Binaries/Win64/UE4Editor-CharacterAI.dll (API version 3944462).
LogModuleManager: Display: Found up-to-date module file ../../../Engine/Plugins/Experimental/HTML5Networking/Binaries/Win64/UE4Editor-HTML5Networking.dll (API version 3944462).
LogModuleManager: Display: Found up-to-date module file ../../../Engine/Plugins/Media/AndroidMedia/Binaries/Win64/UE4Editor-AndroidMediaEditor.dll (API version 3944462).
LogModuleManager: Display: Found up-to-date module file ../../../Engine/Plugins/Media/AndroidMedia/Binaries/Win64/UE4Editor-AndroidMediaFactory.dll (API version 3944462).
LogModuleManager: Display: Found up-to-date module file ../../../Engine/Plugins/Media/AvfMedia/Binaries/Win64/UE4Editor-AvfMediaEditor.dll (API version 3944462).
LogModuleManager: Display: Found up-to-date module file ../../../Engine/Plugins/Media/AvfMedia/Binaries/Win64/UE4Editor-AvfMediaFactory.dll (API version 3944462).
LogModuleManager: Display: Found up-to-date module file ../../../Engine/Plugins/Media/AvfMedia/Binaries/Win64/UE4Editor-AvfMediaFactory.dll (API version 3944462).
LogModuleManager: Display: Found up-to-date module file ../../../Engine/Plugins/Media/ImgMedia/Binaries/Win64/UE4Editor-ImgMedia.dll (API version 3944462).
LogModuleManager: Display: Found up-to-date module file ../../../Engine/Plugins/Media/ImgMedia/Binaries/Win64/UE4Editor-ImgMediaEditor.dll (API version 3944462).
LogModuleManager: Display: Found up-to-date module file ../../../Engine/Plugins/Media/ImgMedia/Binaries/Win64/UE4Editor-ImgMediaFactory.dll (API version 3944462).
LogModuleManager: Display: Found up-to-date module file ../../../Engine/Plugins/Media/ImgMedia/Binaries/Win64/UE4Editor-ImgMediaFactory.dll (API version 3944462).
LogModuleManager: Display: Found up-to-date module file ../../../Engine/Plugins/Media/ImgMedia/Binaries/Win64/UE4Editor-OpenExrWrapper.dll (API version 3944462).
LogModuleManager: Display: Found up-to-date module file ../../../Engine/Plugins/Media/LinearTimecode/Binaries/Win64/UE4Editor-LinearTimecode.dll (API version 3944462).
LogModuleManager: Display: Found up-to-date module file ../../../Engine/Plugins/Media/MediaCompositing/Binaries/Win64/UE4Editor-MediaCompositing.dll (API version 3944462).
LogModuleManager: Display: Found up-to-date module file ../../../Engine/Plugins/Media/MediaCompositing/Binaries/Win64/UE4Editor-MediaCompositingEditor.dll (API version 3944462).
LogModuleManager: Display: Found up-to-date module file ../../../Engine/Plugins/Media/MediaPlayerEditor/Binaries/Win64/UE4Editor-MediaPlayerEditor.dll (API version 3944462).
LogModuleManager: Display: Found up-to-date module file ../../../Engine/Plugins/Media/WmfMedia/Binaries/Win64/UE4Editor-WmfMedia.dll (API version 3944462).
LogModuleManager: Display: Found up-to-date module file ../../../Engine/Plugins/Media/WmfMedia/Binaries/Win64/UE4Editor-WmfMediaEditor.dll (API version 3944462).
LogModuleManager: Display: Found up-to-date module file ../../../Engine/Plugins/Media/WmfMedia/Binaries/Win64/UE4Editor-WmfMediaFactory.dll (API version 3944462).
LogModuleManager: Display: Found up-to-date module file ../../../Engine/Plugins/Media/WmfMedia/Binaries/Win64/UE4Editor-WmfMediaFactory.dll (API version 3944462).
LogModuleManager: Display: Found up-to-date module file ../../../Engine/Plugins/Messaging/TcpMessaging/Binaries/Win64/UE4Editor-TcpMessaging.dll (API version 3944462).
LogModuleManager: Display: Found up-to-date module file ../../../Engine/Plugins/Messaging/UdpMessaging/Binaries/Win64/UE4Editor-UdpMessaging.dll (API version 3944462).
LogModuleManager: Display: Found up-to-date module file ../../../Engine/Plugins/MovieScene/ActorSequence/Binaries/Win64/UE4Editor-ActorSequence.dll (API version 3944462).
LogModuleManager: Display: Found up-to-date module file ../../../Engine/Plugins/MovieScene/LevelSequenceEditor/Binaries/Win64/UE4Editor-LevelSequenceEditor.dll (API version 3944462).
LogModuleManager: Display: Found up-to-date module file ../../../Engine/Plugins/MovieScene/MatineeToLevelSequence/Binaries/Win64/UE4Editor-MatineeToLevelSequence.dll (API version 3944462).
LogModuleManager: Display: Found up-to-date module file ../../../Engine/Plugins/NetcodeUnitTest/NetcodeUnitTest/Binaries/Win64/UE4Editor-NetcodeUnitTest.dll (API version 3944462).
LogModuleManager: Display: Found up-to-date module file ../../../Engine/Plugins/NetcodeUnitTest/NUTUnrealEngine4/Binaries/Win64/UE4Editor-NUTUnrealEngine4.dll (API version 3944462).
LogModuleManager: Display: Found up-to-date module file ../../../Engine/Plugins/Online/OnlineSubsystem/Binaries/Win64/UE4Editor-OnlineSubsystem.dll (API version 3944462).
LogModuleManager: Display: Found up-to-date module file ../../../Engine/Plugins/Online/OnlineSubsystemNull/Binaries/Win64/UE4Editor-OnlineSubsystemNull.dll (API version 3944462).
LogModuleManager: Display: Found up-to-date module file ../../../Engine/Plugins/Online/OnlineSubsystemUtils/Binaries/Win64/UE4Editor-OnlineSubsystemUtils.dll (API version 3944462).
LogModuleManager: Display: Found up-to-date module file ../../../Engine/Plugins/Online/OnlineSubsystemUtils/Binaries/Win64/UE4Editor-OnlineBlueprintSupport.dll (API version 3944462).
LogModuleManager: Display: Found up-to-date module file ../../../Engine/Plugins/Runtime/AndroidDeviceProfileSelector/Binaries/Win64/UE4Editor-AndroidDeviceProfileSelector.dll (API version 3944462).
LogModuleManager: Display: Found up-to-date module file ../../../Engine/Plugins/Runtime/AndroidPermission/Binaries/Win64/UE4Editor-AndroidPermission.dll (API version 3944462).
LogModuleManager: Display: Found up-to-date module file ../../../Engine/Plugins/Runtime/AppleARKit/Binaries/Win64/UE4Editor-AppleARKit.dll (API version 3944462).
LogModuleManager: Display: Found up-to-date module file ../../../Engine/Plugins/Runtime/ArchVisCharacter/Binaries/Win64/UE4Editor-ArchVisCharacter.dll (API version 3944462).
LogModuleManager: Display: Found up-to-date module file ../../../Engine/Plugins/Runtime/AudioCapture/Binaries/Win64/UE4Editor-AudioCapture.dll (API version 3944462).
LogModuleManager: Display: Found up-to-date module file ../../../Engine/Plugins/Runtime/AudioCapture/Binaries/Win64/UE4Editor-AudioCaptureEditor.dll (API version 3944462).
LogModuleManager: Display: Found up-to-date module file ../../../Engine/Plugins/Runtime/CableComponent/Binaries/Win64/UE4Editor-CableComponent.dll (API version 3944462).
LogModuleManager: Display: Found up-to-date module file ../../../Engine/Plugins/Runtime/CustomMeshComponent/Binaries/Win64/UE4Editor-CustomMeshComponent.dll (API version 3944462).
LogModuleManager: Display: Found up-to-date module file ../../../Engine/Plugins/Runtime/ExampleDeviceProfileSelector/Binaries/Win64/UE4Editor-ExampleDeviceProfileSelector.dll (API version 3944462).
LogModuleManager: Display: Found up-to-date module file ../../../Engine/Plugins/Runtime/ImmediatePhysics/Binaries/Win64/UE4Editor-ImmediatePhysics.dll (API version 3944462).
LogModuleManager: Display: Found up-to-date module file ../../../Engine/Plugins/Runtime/ImmediatePhysics/Binaries/Win64/UE4Editor-ImmediatePhysicsEditor.dll (API version 3944462).
LogModuleManager: Display: Found up-to-date module file ../../../Engine/Plugins/Runtime/LocationServicesBPLibrary/Binaries/Win64/UE4Editor-LocationServicesBPLibrary.dll (API version 3944462).
LogModuleManager: Display: Found up-to-date module file ../../../Engine/Plugins/Runtime/MobilePatchingUtils/Binaries/Win64/UE4Editor-MobilePatchingUtils.dll (API version 3944462).
LogModuleManager: Display: Found up-to-date module file ../../../Engine/Plugins/Runtime/Oculus/OculusVR/Binaries/Win64/UE4Editor-OculusHMD.dll (API version 3944462).
LogModuleManager: Display: Found up-to-date module file ../../../Engine/Plugins/Runtime/Oculus/OculusVR/Binaries/Win64/UE4Editor-OculusInput.dll (API version 3944462).
LogModuleManager: Display: Found up-to-date module file ../../../Engine/Plugins/Runtime/Oculus/OculusVR/Binaries/Win64/UE4Editor-OculusEditor.dll (API version 3944462).
LogModuleManager: Display: Found up-to-date module file ../../../Engine/Plugins/Runtime/PhysXVehicles/Binaries/Win64/UE4Editor-PhysXVehicles.dll (API version 3944462).
LogModuleManager: Display: Found up-to-date module file ../../../Engine/Plugins/Runtime/PhysXVehicles/Binaries/Win64/UE4Editor-PhysXVehiclesEditor.dll (API version 3944462).
LogModuleManager: Display: Found up-to-date module file ../../../Engine/Plugins/Runtime/ProceduralMeshComponent/Binaries/Win64/UE4Editor-ProceduralMeshComponent.dll (API version 3944462).
LogModuleManager: Display: Found up-to-date module file ../../../Engine/Plugins/Runtime/ProceduralMeshComponent/Binaries/Win64/UE4Editor-ProceduralMeshComponentEditor.dll (API version 3944462).
LogModuleManager: Display: Found up-to-date module file ../../../Engine/Plugins/Runtime/RuntimePhysXCooking/Binaries/Win64/UE4Editor-RuntimePhysXCooking.dll (API version 3944462).
LogModuleManager: Display: Found up-to-date module file ../../../Engine/Plugins/Runtime/Steam/SteamVR/Binaries/Win64/UE4Editor-SteamVR.dll (API version 3944462).
LogModuleManager: Display: Found up-to-date module file ../../../Engine/Plugins/Runtime/Steam/SteamVR/Binaries/Win64/UE4Editor-SteamVRController.dll (API version 3944462).
LogModuleManager: Display: Found up-to-date module file ../../../Engine/Plugins/Runtime/WindowsMoviePlayer/Binaries/Win64/UE4Editor-WindowsMoviePlayer.dll (API version 3944462).
LogInit: Using libcurl 7.47.1
LogInit:  - built for x86_64-pc-win32
LogInit:  - supports SSL with OpenSSL/1.0.2g
LogInit:  - supports HTTP deflate (compression) using libz 1.2.8
LogInit:  - other features:
LogInit:      CURL_VERSION_SSL
LogInit:      CURL_VERSION_LIBZ
LogInit:      CURL_VERSION_IPV6
LogInit:      CURL_VERSION_ASYNCHDNS
LogInit:      CURL_VERSION_LARGEFILE
LogInit:      CURL_VERSION_IDN
LogInit:  CurlRequestOptions (configurable via config and command line):
LogInit:  - bVerifyPeer = false  - Libcurl will NOT verify peer certificate
LogInit:  - bUseHttpProxy = false  - Libcurl will NOT use HTTP proxy
LogInit:  - bDontReuseConnections = false  - Libcurl will reuse connections
LogInit:  - CertBundlePath = nullptr  - Libcurl will use whatever was configured at build time.
LogInit:  - MaxHostConnections = 16  - Libcurl will limit the number of connections to a host
LogInit:  - LocalHostAddr = Default
LogInit: WinSock: version 1.1 (2.2), MaxSocks=32767, MaxUdp=65467
LogInit: WinSock: I am HY_LAPTOP (172.30.1.40:0)
LogInit: Build: ++UE4+Release-4.19-CL-4033788
LogInit: Engine Version: 4.19.2-4033788+++UE4+Release-4.19
LogInit: Compatible Engine Version: 4.19.0-3944462+++UE4+Release-4.19
LogInit: Net CL: 3944462
LogDevObjectVersion: Number of dev versions registered: 18
LogDevObjectVersion:   Dev-Blueprints (B0D832E4-1F89-4F0D-ACCF-7EB736FD4AA2): 10
LogDevObjectVersion:   Dev-Build (E1C64328-A22C-4D53-A36C-8E866417BD8C): 0
LogDevObjectVersion:   Dev-Core (375EC13C-06E4-48FB-B500-84F0262A717E): 2
LogDevObjectVersion:   Dev-Editor (E4B068ED-F494-42E9-A231-DA0B2E46BB41): 23
LogDevObjectVersion:   Dev-Framework (CFFC743F-43B0-4480-9391-14DF171D2073): 33
LogDevObjectVersion:   Dev-Mobile (B02B49B5-BB20-44E9-A304-32B752E40360): 2
LogDevObjectVersion:   Dev-Networking (A4E4105C-59A1-49B5-A7C5-40C4547EDFEE): 0
LogDevObjectVersion:   Dev-Online (39C831C9-5AE6-47DC-9A44-9C173E1C8E7C): 0
LogDevObjectVersion:   Dev-Physics (78F01B33-EBEA-4F98-B9B4-84EACCB95AA2): 0
LogDevObjectVersion:   Dev-Platform (6631380F-2D4D-43E0-8009-CF276956A95A): 0
LogDevObjectVersion:   Dev-Rendering (12F88B9F-8875-4AFC-A67C-D90C383ABD29): 25
LogDevObjectVersion:   Dev-Sequencer (7B5AE74C-D270-4C10-A958-57980B212A5A): 6
LogDevObjectVersion:   Dev-VR (D7296918-1DD6-4BDD-9DE2-64A83CC13884): 1
LogDevObjectVersion:   Dev-LoadTimes (C2A15278-BFE7-4AFE-6C17-90FF531DF755): 1
LogDevObjectVersion:   Private-Geometry (6EACA3D4-40EC-4CC1-B786-8BED09428FC5): 2
LogDevObjectVersion:   Dev-AnimPhys (29E575DD-E0A3-4627-9D10-D276232CDCEA): 16
LogDevObjectVersion:   Dev-ReflectionCapture (6B266CEC-1EC7-4B8F-A30B-E4D90942FC07): 1
LogDevObjectVersion:   Dev-Automation (0DF73D61-A23F-47EA-B727-89E90C41499A): 1
LogInit: Compiled (64-bit): Apr 27 2018 02:06:57
LogInit: Compiled with Visual C++: 19.00.24215.01
LogInit: Build Configuration: Development
LogInit: Branch Name: ++UE4+Release-4.19
LogInit: Command Line:  
LogInit: Base Directory: C:/Program Files/Epic Games/UE_4.19/Engine/Binaries/Win64/
LogInit: Installed Engine Build: 1
LogStreaming: Display: Took  0.001s to delete old logs.
LogInit: Presizing for max 8388607 objects, including 0 objects not considered by GC, pre-allocating 0 bytes for permanent pool.
LogInit: Object subsystem initialized
[2020.03.18-00.31.34:369][  0]LogInit: Selected Device Profile: [Windows]
[2020.03.18-00.31.34:369][  0]LogInit: Applying CVar settings loaded from the selected device profile: [Windows]
[2020.03.18-00.31.34:386][  0]LogInit: Computer: HY_LAPTOP
[2020.03.18-00.31.34:386][  0]LogInit: User: HYRaptop
[2020.03.18-00.31.34:386][  0]LogInit: CPU Page size=4096, Cores=4
[2020.03.18-00.31.34:386][  0]LogInit: High frequency timer resolution =10.000000 MHz
[2020.03.18-00.31.34:387][  0]LogMemory: Memory total: Physical=15.9GB (16GB approx)
[2020.03.18-00.31.34:387][  0]LogMemory: Platform Memory Stats for Windows
[2020.03.18-00.31.34:387][  0]LogMemory: Process Physical Memory: 276.03 MB used, 276.04 MB peak
[2020.03.18-00.31.34:387][  0]LogMemory: Process Virtual Memory: 264.66 MB used, 264.66 MB peak
[2020.03.18-00.31.34:387][  0]LogMemory: Physical Memory: 7200.74 MB used,  9041.44 MB free, 16242.18 MB total
[2020.03.18-00.31.34:387][  0]LogMemory: Virtual Memory: 4778.88 MB used,  9041.44 MB free, 134217728.00 MB total
[2020.03.18-00.31.34:429][  0]LogInit: Using OS detected language (ko-KR).
[2020.03.18-00.31.34:429][  0]LogInit: Using OS detected locale (ko-KR).
[2020.03.18-00.31.34:445][  0]LogTextLocalizationManager: No specific localization for 'ko-KR' exists, so the 'ko' localization will be used.
[2020.03.18-00.31.34:978][  0]LogStreaming: Display: Took  0.549s to EndInitTextLocalization.
[2020.03.18-00.31.34:978][  0]LogInit: Setting process to per monitor DPI aware
[2020.03.18-00.31.35:039][  0]LogSlate: New Slate User Created.  User Index 0, Is Virtual User: 0
[2020.03.18-00.31.35:039][  0]LogSlate: Slate User Registered.  User Index 0, Is Virtual User: 0
[2020.03.18-00.31.35:655][  0]LogD3D11RHI: D3D11 adapters:
[2020.03.18-00.31.35:771][  0]LogD3D11RHI:    0. 'NVIDIA GeForce MX250' (Feature Level 11_0)
[2020.03.18-00.31.35:772][  0]LogD3D11RHI:       1983/0/8121 MB DedicatedVideo/DedicatedSystem/SharedSystem, Outputs:2, VendorId:0x10de
[2020.03.18-00.31.35:810][  0]LogD3D11RHI:    1. 'Intel(R) UHD Graphics 620' (Feature Level 11_0)
[2020.03.18-00.31.35:810][  0]LogD3D11RHI:       128/0/8121 MB DedicatedVideo/DedicatedSystem/SharedSystem, Outputs:0, VendorId:0x8086
[2020.03.18-00.31.35:815][  0]LogD3D11RHI:    2. 'Microsoft Basic Render Driver' (Feature Level 11_0)
[2020.03.18-00.31.35:815][  0]LogD3D11RHI:       0/0/8121 MB DedicatedVideo/DedicatedSystem/SharedSystem, Outputs:0, VendorId:0x1414
[2020.03.18-00.31.35:815][  0]LogD3D11RHI: Chosen D3D11 Adapter: 0
[2020.03.18-00.31.35:834][  0]LogD3D11RHI: Creating new Direct3DDevice
[2020.03.18-00.31.35:834][  0]LogD3D11RHI:     GPU DeviceId: 0x1d13 (for the marketing name, search the web for "GPU Device Id")
[2020.03.18-00.31.35:834][  0]LogWindows: EnumDisplayDevices:
[2020.03.18-00.31.35:834][  0]LogWindows:    0. 'Intel(R) UHD Graphics 620' (P:1 D:1)
[2020.03.18-00.31.35:834][  0]LogWindows:    1. 'Intel(R) UHD Graphics 620' (P:0 D:1)
[2020.03.18-00.31.35:835][  0]LogWindows:    2. 'Intel(R) UHD Graphics 620' (P:0 D:0)
[2020.03.18-00.31.35:835][  0]LogWindows: DebugString: GetVideoDriverDetailsInvalid PrimaryIsNotTheChoosenAdapter GetVideoDriverDetailsInvalid PrimaryIsNotTheChoosenAdapter GetVideoDriverDetailsInvalid PrimaryIsNotTheChoosenAdapter FoundDriverCount:0 
[2020.03.18-00.31.35:835][  0]LogD3D11RHI:     Adapter Name: NVIDIA GeForce MX250
[2020.03.18-00.31.35:835][  0]LogD3D11RHI:   Driver Version: Unknown (internal:Unknown, unified:Unknown)
[2020.03.18-00.31.35:835][  0]LogD3D11RHI:      Driver Date: Unknown
[2020.03.18-00.31.35:835][  0]LogRHI: Texture pool is 1388 MB (70% of 1983 MB)
[2020.03.18-00.31.35:903][  0]LogD3D11RHI: [Aftermath] Aftermath enabled and primed
[2020.03.18-00.31.35:903][  0]LogD3D11RHI: [Aftermath] Aftermath enabled and primed
[2020.03.18-00.31.35:903][  0]LogD3D11RHI: Async texture creation enabled
[2020.03.18-00.31.35:917][  0]LogD3D11RHI: GPU Timing Frequency: 1000.000000 (Debug: 2 1)
[2020.03.18-00.31.35:918][  0]LogShaderCompilers: Guid format shader working directory is -34 characters bigger than the processId version (../../../../../../Users/HY_Raptop/OneDrive/Desktop/GitHub/UnrealTutorial/ArenaBattle/Intermediate/Shaders/WorkingDirectory/6228/).
[2020.03.18-00.31.35:918][  0]LogShaderCompilers: Cleaned the shader compiler working directory 'C:/Users/HY_Raptop/AppData/Local/Temp/UnrealShaderWorkingDir/516887E94B6985977862A4B0B42BF4D6/'.
[2020.03.18-00.31.36:313][  0]LogTemp: Display: Loaded TP AllDesktopTargetPlatform
[2020.03.18-00.31.36:335][  0]LogTemp: Display: Loaded TP MacClientTargetPlatform
[2020.03.18-00.31.36:356][  0]LogTemp: Display: Loaded TP MacNoEditorTargetPlatform
[2020.03.18-00.31.36:379][  0]LogTemp: Display: Loaded TP MacServerTargetPlatform
[2020.03.18-00.31.36:400][  0]LogTemp: Display: Loaded TP MacTargetPlatform
[2020.03.18-00.31.36:420][  0]LogTemp: Display: Loaded TP WindowsClientTargetPlatform
[2020.03.18-00.31.36:439][  0]LogTemp: Display: Loaded TP WindowsNoEditorTargetPlatform
[2020.03.18-00.31.36:459][  0]LogTemp: Display: Loaded TP WindowsServerTargetPlatform
[2020.03.18-00.31.36:469][  0]LogTemp: Display: Loaded TP WindowsTargetPlatform
[2020.03.18-00.31.36:487][  0]LogTemp: Display: Loaded TP Android_ASTCTargetPlatform
[2020.03.18-00.31.36:506][  0]LogTemp: Display: Loaded TP Android_ATCTargetPlatform
[2020.03.18-00.31.36:533][  0]LogTemp: Display: Loaded TP Android_DXTTargetPlatform
[2020.03.18-00.31.36:551][  0]LogTemp: Display: Loaded TP Android_ETC1aTargetPlatform
[2020.03.18-00.31.36:577][  0]LogTemp: Display: Loaded TP Android_ETC1TargetPlatform
[2020.03.18-00.31.36:600][  0]LogTemp: Display: Loaded TP Android_ETC2TargetPlatform
[2020.03.18-00.31.36:642][  0]LogTemp: Display: Loaded TP Android_MultiTargetPlatform
[2020.03.18-00.31.36:643][  0]LogTemp: Display: Loaded TP Android_PVRTCTargetPlatform
[2020.03.18-00.31.36:667][  0]LogTemp: Display: Loaded TP AndroidTargetPlatform
[2020.03.18-00.31.36:670][  0]LogTemp: Display: Loaded TP HTML5TargetPlatform
[2020.03.18-00.31.36:737][  0]LogTemp: Display: Loaded TP IOSTargetPlatform
[2020.03.18-00.31.36:774][  0]LogTemp: Display: Loaded TP TVOSTargetPlatform
[2020.03.18-00.31.36:812][  0]LogTemp: Display: Loaded TP LinuxClientTargetPlatform
[2020.03.18-00.31.36:854][  0]LogTemp: Display: Loaded TP LinuxNoEditorTargetPlatform
[2020.03.18-00.31.36:888][  0]LogTemp: Display: Loaded TP LinuxServerTargetPlatform
[2020.03.18-00.31.36:920][  0]LogTemp: Display: Loaded TP LinuxTargetPlatform
[2020.03.18-00.31.36:920][  0]LogTargetPlatformManager: Display: Building Assets For Windows
[2020.03.18-00.31.37:273][  0]LogXGEController: Cleaning working directory: C:/Users/HY_Raptop/AppData/Local/Temp/UnrealXGEWorkingDir/
[2020.03.18-00.31.37:274][  0]LogXGEController: Cannot use XGE Controller as Incredibuild is not installed on this machine.
[2020.03.18-00.31.37:274][  0]LogShaderCompilers: Cannot use XGE Shader Compiler as Incredibuild is not installed on this machine.
[2020.03.18-00.31.37:274][  0]LogShaderCompilers: Display: Using Local Shader Compiler.
[2020.03.18-00.31.39:951][  0]LogDerivedDataCache: Display: Max Cache Size: 512 MB
[2020.03.18-00.31.40:051][  0]LogDerivedDataCache: Loaded boot cache 0.10s 77MB C:/Users/HY_Raptop/AppData/Local/UnrealEngine/4.19/DerivedDataCache/Boot.ddc.
[2020.03.18-00.31.40:051][  0]LogDerivedDataCache: Display: Loaded Boot cache: C:/Users/HY_Raptop/AppData/Local/UnrealEngine/4.19/DerivedDataCache/Boot.ddc
[2020.03.18-00.31.40:051][  0]LogDerivedDataCache: FDerivedDataBackendGraph:  Pak pak cache file ../../../../../../Users/HY_Raptop/OneDrive/Desktop/GitHub/UnrealTutorial/ArenaBattle/DerivedDataCache/DDC.ddp not found, will not use a pak cache.
[2020.03.18-00.31.40:051][  0]LogDerivedDataCache: Unable to find inner node Pak for hierarchical cache Hierarchy.
[2020.03.18-00.31.40:052][  0]LogDerivedDataCache: FDerivedDataBackendGraph:  CompressedPak pak cache file ../../../../../../Users/HY_Raptop/OneDrive/Desktop/GitHub/UnrealTutorial/ArenaBattle/DerivedDataCache/Compressed.ddp not found, will not use a pak cache.
[2020.03.18-00.31.40:052][  0]LogDerivedDataCache: Unable to find inner node CompressedPak for hierarchical cache Hierarchy.
[2020.03.18-00.31.40:093][  0]LogDerivedDataCache: Display: Pak cache opened for reading ../../../Engine/DerivedDataCache/Compressed.ddp.
[2020.03.18-00.31.40:107][  0]LogDerivedDataCache: Using Local data cache path C:/Users/HY_Raptop/AppData/Local/UnrealEngine/Common/DerivedDataCache: Writable
[2020.03.18-00.31.40:107][  0]LogDerivedDataCache: Shared data cache path not found in *engine.ini, will not use an Shared cache.
[2020.03.18-00.31.40:107][  0]LogDerivedDataCache: Unable to find inner node Shared for hierarchical cache Hierarchy.
[2020.03.18-00.31.40:128][  0]LogMaterial: Verifying Global Shaders for PCD3D_SM5
[2020.03.18-00.31.40:128][  0]LogSlate: Using Freetype 2.6.0
[2020.03.18-00.31.40:130][  0]LogSlate: SlateFontCache - WITH_FREETYPE: 1, WITH_HARFBUZZ: 1
[2020.03.18-00.31.40:130][  0]LogSlate: SlateFontCache - WITH_FREETYPE: 1, WITH_HARFBUZZ: 1
[2020.03.18-00.31.40:411][  0]LogAssetRegistry: FAssetRegistry took 0.0296 seconds to start up
[2020.03.18-00.31.40:992][  0]LogInit: Selected Device Profile: [Windows]
[2020.03.18-00.31.41:204][  0]LogSimplygon: Simplygon DLL not present - disabling.
[2020.03.18-00.31.41:208][  0]LogMeshReduction: Using SimplygonSwarm for distributed automatic mesh merging
[2020.03.18-00.31.41:208][  0]LogMeshReduction: Using QuadricMeshReduction for automatic static mesh reduction
[2020.03.18-00.31.41:208][  0]LogMeshReduction: No automatic skeletal mesh reduction module available
[2020.03.18-00.31.41:208][  0]LogMeshReduction: No automatic mesh merging module available
[2020.03.18-00.31.41:208][  0]LogMeshMerging: No automatic mesh merging module available
[2020.03.18-00.31.41:261][  0]LogNetVersion: ArenaBattle , NetCL: 3944462, EngineNetVer: 2, GameNetVer: 0 (Checksum: 3555152549)
[2020.03.18-00.31.41:918][  0]LogPackageLocalizationCache: Processed 9 localized package path(s) for 2 prioritized culture(s) in 0.131192 seconds
[2020.03.18-00.31.41:929][  0]LogUObjectArray: 36728 objects as part of root set at end of initial load.
[2020.03.18-00.31.41:929][  0]LogUObjectAllocator: 7314312 out of 0 bytes used by permanent object pool.
[2020.03.18-00.31.41:929][  0]LogUObjectArray: CloseDisregardForGC: 0/0 objects in disregard for GC pool
[2020.03.18-00.31.44:746][  0]LogTcpMessaging: Initializing TcpMessaging bridge
[2020.03.18-00.31.44:796][  0]LogUdpMessaging: Initializing bridge on interface 0.0.0.0:0 to multicast group 230.0.0.1:6666.
[2020.03.18-00.31.45:893][  0]SourceControl: 소스 콘트롤이 꺼졌습니다.
[2020.03.18-00.31.45:894][  0]SourceControl: 소스 콘트롤이 꺼졌습니다.
[2020.03.18-00.31.45:925][  0]SourceControl: 소스 콘트롤이 꺼졌습니다.
[2020.03.18-00.31.45:955][  0]SourceControl: 소스 콘트롤이 꺼졌습니다.
[2020.03.18-00.31.46:736][  0]LogAndroidPermission: UAndroidPermissionCallbackProxy::GetInstance
[2020.03.18-00.31.47:101][  0]LogOcInput: OculusInput pre-init called
[2020.03.18-00.31.47:261][  0]LogEngine: Initializing Engine...
[2020.03.18-00.31.47:263][  0]LogHMD: Failed to initialize OpenVR with code 110
[2020.03.18-00.31.47:265][  0]LogStats: UGameplayTagsManager::ConstructGameplayTagTree: Construct from data asset -  0.000 s
[2020.03.18-00.31.47:265][  0]LogStats: UGameplayTagsManager::ConstructGameplayTagTree: GameplayTagTreeChangedEvent.Broadcast -  0.000 s
[2020.03.18-00.31.47:545][  0]LogAIModule: Creating AISystem for world Untitled
[2020.03.18-00.31.47:632][  0]LogInit: XAudio2 using '스피커(2- Realtek(R) Audio)' : 2 channels at 48 kHz using 32 bits per sample (channel mask 0x3)
[2020.03.18-00.31.47:671][  0]LogInit: FAudioDevice initialized.
[2020.03.18-00.31.47:785][  0]LogDerivedDataCache: Saved boot cache 0.11s 77MB C:/Users/HY_Raptop/AppData/Local/UnrealEngine/4.19/DerivedDataCache/Boot.ddc.
[2020.03.18-00.31.47:799][  0]LogInit: Texture streaming: Enabled
[2020.03.18-00.31.47:823][  0]LogEngineSessionManager: EngineSessionManager initialized
[2020.03.18-00.31.47:859][  0]LogEngineSessionManager: EngineSessionManager sent abnormal shutdown report. Type=Crashed, SessionId={34A3C9B6-443C-8E6E-A0E4-F599049C1638}
[2020.03.18-00.31.47:873][  0]LogInit: Transaction tracking system initialized
[2020.03.18-00.31.47:904][  0]BlueprintLog: New page: 에디터 로드
[2020.03.18-00.31.48:000][  0]LocalizationService: 현지화 서비스가 비활성화되었습니다.
[2020.03.18-00.31.48:517][  0]LogConsoleResponse: Display: 
[2020.03.18-00.31.48:739][  0]LogCook: Display: Max memory allowance for cook 16384mb min free memory 0mb
[2020.03.18-00.31.48:739][  0]LogCook: Display: Mobile HDR setting 1
[2020.03.18-00.31.48:739][  0]LogGameplayTags: Display: UGameplayTagsManager::DoneAddingNativeTags. DelegateIsBound: 0
[2020.03.18-00.31.48:739][  0]LogStats: UGameplayTagsManager::ConstructGameplayTagTree: Construct from data asset -  0.000 s
[2020.03.18-00.31.48:739][  0]LogStats: UGameplayTagsManager::ConstructGameplayTagTree: GameplayTagTreeChangedEvent.Broadcast -  0.000 s
[2020.03.18-00.31.49:498][  0]LogFileCache: Scanning file cache for directory 'C:/Users/HY_Raptop/OneDrive/Desktop/GitHub/UnrealTutorial/ArenaBattle/Content/' took 0.03s
[2020.03.18-00.31.49:498][  0]SourceControl: 소스 콘트롤이 꺼졌습니다.
[2020.03.18-00.31.49:498][  0]Cmd: MAP LOAD FILE="../../../../../../Users/HY_Raptop/OneDrive/Desktop/GitHub/UnrealTutorial/ArenaBattle/Content/Book/Maps/Step1.umap" TEMPLATE=0 SHOWPROGRESS=1 FEATURELEVEL=3
[2020.03.18-00.31.49:499][  0]LightingResults: New page: 라이팅 빌드
[2020.03.18-00.31.49:503][  0]MapCheck: New page: 맵 체크
[2020.03.18-00.31.49:503][  0]LightingResults: New page: 라이팅 빌드
[2020.03.18-00.31.49:623][  0]LogLinker: Warning: '/Script/TUTORIAL' 파일을 찾을 수 없습니다.
[2020.03.18-00.31.49:623][  0]LogLinker: Warning: ../../../../../../Users/HY_Raptop/OneDrive/Desktop/GitHub/UnrealTutorial/ArenaBattle/Content/Book/Maps/Step1.umap 로드중 '/Script/TUTORIAL' 애셋에 대한 파일을 찾을 수 없습니다.
[2020.03.18-00.31.49:623][  0]LoadErrors: Error: /Game/Book/Maps/Step1 : 애셋에 대한 파일을 찾을 수 없습니다. /Script/TUTORIAL
[2020.03.18-00.31.49:623][  0]LogLinker: Warning: '/Script/TUTORIAL' 파일을 찾을 수 없습니다.
[2020.03.18-00.31.49:623][  0]LogLinker: Warning: ../../../../../../Users/HY_Raptop/OneDrive/Desktop/GitHub/UnrealTutorial/ArenaBattle/Content/Book/Maps/Step1.umap 로드중 '/Script/TUTORIAL' 애셋에 대한 파일을 찾을 수 없습니다.
[2020.03.18-00.31.49:623][  0]LoadErrors: Error: /Game/Book/Maps/Step1 : 애셋에 대한 파일을 찾을 수 없습니다. /Script/TUTORIAL
[2020.03.18-00.31.49:651][  0]LogLinker: Warning: '/Script/TUTORIAL' 파일을 찾을 수 없습니다.
[2020.03.18-00.31.49:651][  0]LogLinker: Warning: ../../../../../../Users/HY_Raptop/OneDrive/Desktop/GitHub/UnrealTutorial/ArenaBattle/Content/Book/Maps/Step1.umap 로드중 '/Script/TUTORIAL' 애셋에 대한 파일을 찾을 수 없습니다.
[2020.03.18-00.31.49:651][  0]LoadErrors: Error: /Game/Book/Maps/Step1 : 애셋에 대한 파일을 찾을 수 없습니다. /Script/TUTORIAL
[2020.03.18-00.31.49:651][  0]LogLinker: Warning: '/Script/TUTORIAL' 파일을 찾을 수 없습니다.
[2020.03.18-00.31.49:651][  0]LogLinker: Warning: ../../../../../../Users/HY_Raptop/OneDrive/Desktop/GitHub/UnrealTutorial/ArenaBattle/Content/Book/Maps/Step1.umap 로드중 '/Script/TUTORIAL' 애셋에 대한 파일을 찾을 수 없습니다.
[2020.03.18-00.31.49:651][  0]LoadErrors: Error: /Game/Book/Maps/Step1 : 애셋에 대한 파일을 찾을 수 없습니다. /Script/TUTORIAL
[2020.03.18-00.31.49:651][  0]LogLinker: Warning: '/Script/TUTORIAL' 파일을 찾을 수 없습니다.
[2020.03.18-00.31.49:651][  0]LogLinker: Warning: ../../../../../../Users/HY_Raptop/OneDrive/Desktop/GitHub/UnrealTutorial/ArenaBattle/Content/Book/Maps/Step1.umap 로드중 '/Script/TUTORIAL' 애셋에 대한 파일을 찾을 수 없습니다.
[2020.03.18-00.31.49:651][  0]LoadErrors: Error: /Game/Book/Maps/Step1 : 애셋에 대한 파일을 찾을 수 없습니다. /Script/TUTORIAL
[2020.03.18-00.31.49:652][  0]LogLinker: Warning: '/Script/TUTORIAL' 파일을 찾을 수 없습니다.
[2020.03.18-00.31.49:652][  0]LogLinker: Warning: ../../../../../../Users/HY_Raptop/OneDrive/Desktop/GitHub/UnrealTutorial/ArenaBattle/Content/Book/Maps/Step1.umap 로드중 '/Script/TUTORIAL' 애셋에 대한 파일을 찾을 수 없습니다.
[2020.03.18-00.31.49:652][  0]LoadErrors: Error: /Game/Book/Maps/Step1 : 애셋에 대한 파일을 찾을 수 없습니다. /Script/TUTORIAL
[2020.03.18-00.31.49:652][  0]LogLinker: Warning: '/Script/TUTORIAL' 파일을 찾을 수 없습니다.
[2020.03.18-00.31.49:652][  0]LogLinker: Warning: ../../../../../../Users/HY_Raptop/OneDrive/Desktop/GitHub/UnrealTutorial/ArenaBattle/Content/Book/Maps/Step1.umap 로드중 '/Script/TUTORIAL' 애셋에 대한 파일을 찾을 수 없습니다.
[2020.03.18-00.31.49:652][  0]LoadErrors: Error: /Game/Book/Maps/Step1 : 애셋에 대한 파일을 찾을 수 없습니다. /Script/TUTORIAL
[2020.03.18-00.31.49:656][  0]LogLinker: Warning: '/Script/TUTORIAL' 파일을 찾을 수 없습니다.
[2020.03.18-00.31.49:656][  0]LogLinker: Warning: NULL 로드중 '/Script/TUTORIAL' 애셋에 대한 파일을 찾을 수 없습니다.
[2020.03.18-00.31.49:656][  0]LogLinker: Warning: '/Script/TUTORIAL' 파일을 찾을 수 없습니다.
[2020.03.18-00.31.49:656][  0]LogLinker: Warning: NULL 로드중 '/Script/TUTORIAL' 애셋에 대한 파일을 찾을 수 없습니다.
[2020.03.18-00.31.49:809][  0]LogAIModule: Creating AISystem for world Step1
[2020.03.18-00.31.49:816][  0]LogEditorServer: Finished looking for orphan Actors (0.000 secs)
[2020.03.18-00.31.49:832][  0]Cmd: MAP CHECKDEP NOCLEARLOG
[2020.03.18-00.31.49:960][  0]MapCheck: 맵 체크 완료: 오류 0 회, 경고 0 회, 소요 시간 127.858ms.
[2020.03.18-00.31.49:960][  0]LogFileHelpers: Loading map 'Step1' took 0.461
[2020.03.18-00.31.50:127][  0]LogCollectionManager: Loaded 0 collections in 0.001967 seconds
[2020.03.18-00.31.50:173][  0]LogFileCache: Scanning file cache for directory 'C:/Users/HY_Raptop/OneDrive/Desktop/GitHub/UnrealTutorial/ArenaBattle/Saved/Collections/' took 0.01s
[2020.03.18-00.31.50:173][  0]LogFileCache: Scanning file cache for directory 'C:/Users/HY_Raptop/OneDrive/Desktop/GitHub/UnrealTutorial/ArenaBattle/Content/Developers/HYRaptop/Collections/' took 0.01s
[2020.03.18-00.31.50:173][  0]LogFileCache: Scanning file cache for directory 'C:/Users/HY_Raptop/OneDrive/Desktop/GitHub/UnrealTutorial/ArenaBattle/Content/Collections/' took 0.01s
[2020.03.18-00.31.50:173][  0]LogCollectionManager: Rebuilt the GUID cache for 0 collections in 0.000000 seconds
[2020.03.18-00.31.50:184][  0]LogContentBrowser: Native class hierarchy populated in 0.0113 seconds. Added 2455 classes and 562 folders.
[2020.03.18-00.31.50:193][  0]LogContentBrowser: Native class hierarchy updated for 'WidgetCarousel' in 0.0009 seconds. Added 0 classes and 0 folders.
[2020.03.18-00.31.50:310][  0]LogContentBrowser: Native class hierarchy updated for 'AddContentDialog' in 0.0009 seconds. Added 0 classes and 0 folders.
[2020.03.18-00.31.50:391][  0]LogSlate: Took 0.000555 seconds to synchronously load lazily loaded font '../../../Engine/Content/Slate/Fonts/Roboto-Regular.ttf' (155K)
[2020.03.18-00.31.50:396][  0]LogSlate: Took 0.003800 seconds to synchronously load lazily loaded font '../../../Engine/Content/Editor/Slate/Fonts/NanumGothic.ttf' (4243K)
[2020.03.18-00.31.50:406][  0]LogSlate: Took 0.006735 seconds to synchronously load lazily loaded font '../../../Engine/Content/Editor/Slate/Fonts/NanumGothicBold.ttf' (4188K)
[2020.03.18-00.31.50:407][  0]LogSlate: Took 0.000569 seconds to synchronously load lazily loaded font '../../../Engine/Content/Slate/Fonts/Roboto-Bold.ttf' (160K)
[2020.03.18-00.31.50:413][  0]LogSlate: Took 0.000328 seconds to synchronously load lazily loaded font '../../../Engine/Content/Editor/Slate/Fonts/FontAwesome.ttf' (139K)
[2020.03.18-00.31.50:586][  0]LogRenderer: Reallocating scene render targets to support 1208x624 Format 9 NumSamples 1 (Frame:1).
[2020.03.18-00.31.50:816][  0]LogContentBrowser: Native class hierarchy updated for 'HierarchicalLODOutliner' in 0.0010 seconds. Added 0 classes and 0 folders.
[2020.03.18-00.31.50:816][  0]LogLoad: (Engine Initialization) Total time: 21.88 seconds
[2020.03.18-00.31.50:816][  0]LogLoad: (Engine Initialization) Total Blueprint compile time: 0.00 seconds
[2020.03.18-00.31.51:158][  0]LoadErrors: Warning: CreateExport: 'SPLASH' 리소스에 대한 Fountain /Game/Book/Maps/Step1.Step1:PersistentLevel.Fountain_1 Outer 로드에 실패했습니다.
[2020.03.18-00.31.51:158][  0]LoadErrors: Warning: CreateExport: 'LIGHT' 리소스에 대한 Fountain /Game/Book/Maps/Step1.Step1:PersistentLevel.Fountain_1 Outer 로드에 실패했습니다.
[2020.03.18-00.31.51:158][  0]LoadErrors: Warning: CreateExport: 'BODY' 리소스에 대한 Fountain /Game/Book/Maps/Step1.Step1:PersistentLevel.Fountain_1 Outer 로드에 실패했습니다.
[2020.03.18-00.31.51:158][  0]LoadErrors: Warning: CreateExport: 'WATER' 리소스에 대한 Fountain /Game/Book/Maps/Step1.Step1:PersistentLevel.Fountain_1 Outer 로드에 실패했습니다.
[2020.03.18-00.31.51:178][  0]LogContentStreaming: Texture pool size now 600 MB
[2020.03.18-00.31.51:185][  0]LogSlate: FSceneViewport::OnFocusLost() reason 2
[2020.03.18-00.31.51:233][  0]LogSlate: Took 0.000443 seconds to synchronously load lazily loaded font '../../../Engine/Content/Slate/Fonts/Roboto-Light.ttf' (167K)
[2020.03.18-00.31.51:513][  1]LogAssetRegistry: Asset discovery search completed in 11.1250 seconds
[2020.03.18-00.31.51:518][  1]LogCollectionManager: Rebuilt the object cache for 0 collections in 0.000001 seconds (found 0 objects)
[2020.03.18-00.31.51:518][  1]LogCollectionManager: Fixed up redirectors for 0 collections in 0.000135 seconds (updated 0 objects)
[2020.03.18-00.31.56:163][ 16]LogSlate: Window '메시지 로그' being destroyed
[2020.03.18-00.31.56:172][ 16]LogSlate: Window '메시지 로그' being destroyed
[2020.03.18-00.31.56:973][ 66]LogSlate: FSceneViewport::OnFocusLost() reason 0
[2020.03.18-00.34.01:831][765]LogHotReload: New module detected: UE4Editor-ArenaBattle-53.dll
[2020.03.18-00.34.02:849][769]LogHotReload: Starting Hot-Reload from IDE
[2020.03.18-00.34.02:861][769]LogSlate: Took 0.001734 seconds to synchronously load lazily loaded font '../../../Engine/Content/Slate/Fonts/Roboto-Light.ttf' (167K)
[2020.03.18-00.34.03:010][769]LogContentBrowser: Native class hierarchy updated for 'ArenaBattle' in 0.0029 seconds. Added 2 classes and 2 folders.
[2020.03.18-00.34.03:013][769]Display: HotReload successful (0 functions remapped  0 scriptstructs remapped)
[2020.03.18-00.34.03:196][769]LogContentBrowser: Native class hierarchy populated in 0.0290 seconds. Added 2455 classes and 562 folders.
[2020.03.18-00.34.03:207][769]Display: HotReload took  0.4s.
[2020.03.18-00.34.13:553][279]LogEditor: Attempting to add actor of class 'Fountain' to level at -100.00,-60.00,0.00
[2020.03.18-00.34.15:012][372]LogEditor: Attempting to add actor of class 'Fountain' to level at 360.00,-190.00,0.00
[2020.03.18-00.34.23:145][872]Cmd: SELECT NONE
[2020.03.18-00.34.23:969][926]LogSlate: FSceneViewport::OnFocusLost() reason 0
[2020.03.18-00.34.24:066][936]LogTemp: Repeating last play command: 선택된 뷰포트
[2020.03.18-00.34.24:089][936]LogPlayLevel: PlayLevel: No blueprints needed recompiling
[2020.03.18-00.34.24:093][936]PIE: New page: PIE 세션: Step1 (2020. 3. 18. 오후 6:34:24)
[2020.03.18-00.34.24:093][936]LogPlayLevel: Creating play world package: /Game/Book/Maps/UEDPIE_0_Step1
[2020.03.18-00.34.24:100][936]LogPlayLevel: PIE: StaticDuplicateObject took: (0.006380s)
[2020.03.18-00.34.24:100][936]LogAIModule: Creating AISystem for world Step1
[2020.03.18-00.34.24:101][936]LogPlayLevel: PIE: World Init took: (0.000987s)
[2020.03.18-00.34.24:101][936]LogPlayLevel: PIE: Created PIE world by copying editor world from /Game/Book/Maps/Step1.Step1 to /Game/Book/Maps/UEDPIE_0_Step1.Step1 (0.007741s)
[2020.03.18-00.34.24:144][936]LogInit: XAudio2 using '스피커(2- Realtek(R) Audio)' : 2 channels at 48 kHz using 32 bits per sample (channel mask 0x3)
[2020.03.18-00.34.24:185][936]LogInit: FAudioDevice initialized.
[2020.03.18-00.34.24:262][936]LogUObjectGlobals: Warning: 'Class /Script/ArenaBattle.ArenaBattleGameMode' 오브젝트를 찾는 데 실패했습니다.
[2020.03.18-00.34.24:262][936]LogLoad: Game class is 'GameModeBase'
[2020.03.18-00.34.24:273][936]LogWorld: Bringing World /Game/Book/Maps/UEDPIE_0_Step1.Step1 up for play (max tick rate 0) at 2020.03.18-09.34.24
[2020.03.18-00.34.24:275][936]LogWorld: Bringing up level for play took: 0.003688
[2020.03.18-00.34.24:315][936]LogContentBrowser: Native class hierarchy updated for 'MovieSceneCapture' in 0.0009 seconds. Added 11 classes and 0 folders.
[2020.03.18-00.34.24:348][936]ArenaBattle: Warning: Actor Name : Fountain_1, ID : 0, Location X : 510.000
[2020.03.18-00.34.24:349][936]PIE: /Game/Book/Maps/UEDPIE_0_Step1 에 대한 에디터에서 플레이 시작 시간: -0.223
[2020.03.18-00.34.33:040][734]LogSlate: FSceneViewport::OnFocusLost() reason 2
[2020.03.18-00.34.33:912][815]LogSlate: Took 0.002351 seconds to synchronously load lazily loaded font '../../../Engine/Content/Slate/Fonts/DroidSansMono.ttf' (77K)
[2020.03.18-00.34.33:985][815]LogSlate: Took 0.027087 seconds to synchronously load lazily loaded font '../../../Engine/Content/Editor/Slate/Fonts/NanumGothicExtraBold.ttf' (4074K)
[2020.03.18-00.40.17:918][271]LogHotReload: New module detected: UE4Editor-ArenaBattle-2472.dll
[2020.03.18-00.40.18:939][275]LogHotReload: Starting Hot-Reload from IDE
[2020.03.18-00.40.19:027][275]LogContentBrowser: Native class hierarchy updated for 'ArenaBattle' in 0.0010 seconds. Added 2 classes and 2 folders.
[2020.03.18-00.40.19:030][275]Display: HotReload successful (0 functions remapped  0 scriptstructs remapped)
[2020.03.18-00.40.19:088][275]LogContentBrowser: Native class hierarchy populated in 0.0133 seconds. Added 2455 classes and 562 folders.
[2020.03.18-00.40.19:095][275]Display: HotReload took  0.2s.
[2020.03.18-00.42.04:031][589]LogSavePackage: Save=36.65ms
[2020.03.18-00.42.04:031][589]LogSavePackage: Moving '../../../../../../Users/HY_Raptop/OneDrive/Desktop/GitHub/UnrealTutorial/ArenaBattle/Saved/Step1_Auto1A4CF3FE2469A651C5021D382FC499378.tmp' to '../../../../../../Users/HY_Raptop/OneDrive/Desktop/GitHub/UnrealTutorial/ArenaBattle/Saved/Autosaves/Game/Book/Maps/Step1_Auto1.umap'
[2020.03.18-00.42.04:035][589]LogSavePackage: Display: Finished SavePackage ../../../../../../Users/HY_Raptop/OneDrive/Desktop/GitHub/UnrealTutorial/ArenaBattle/Saved/Autosaves/Game/Book/Maps/Step1_Auto1.umap
[2020.03.18-00.42.04:040][589]LogFileHelpers: Editor autosave (incl. sublevels) for '/Game/Book/Maps/Step1' took 0.076
[2020.03.18-00.42.04:040][589]LogFileHelpers: Editor autosave (incl. sublevels) for all levels took 0.076
[2020.03.18-00.45.00:594][119]LogHotReload: New module detected: UE4Editor-ArenaBattle-2222.dll
[2020.03.18-00.45.01:619][123]LogHotReload: Starting Hot-Reload from IDE
[2020.03.18-00.45.01:738][123]LogContentBrowser: Native class hierarchy updated for 'ArenaBattle' in 0.0031 seconds. Added 2 classes and 2 folders.
[2020.03.18-00.45.01:743][123]Display: HotReload successful (0 functions remapped  0 scriptstructs remapped)
[2020.03.18-00.45.01:824][123]LogContentBrowser: Native class hierarchy populated in 0.0174 seconds. Added 2455 classes and 562 folders.
[2020.03.18-00.45.01:833][123]Display: HotReload took  0.2s.
[2020.03.18-00.45.15:241][204]LogSlate: FSceneViewport::OnFocusLost() reason 0
[2020.03.18-00.45.15:341][210]LogTemp: Repeating last play command: 선택된 뷰포트
[2020.03.18-00.45.15:358][210]LogPlayLevel: PlayLevel: No blueprints needed recompiling
[2020.03.18-00.45.15:358][210]PIE: New page: PIE 세션: Step1 (2020. 3. 18. 오후 6:45:15)
[2020.03.18-00.45.15:359][210]LogPlayLevel: Creating play world package: /Game/Book/Maps/UEDPIE_0_Step1
[2020.03.18-00.45.15:361][210]LogPlayLevel: PIE: StaticDuplicateObject took: (0.002699s)
[2020.03.18-00.45.15:363][210]LogAIModule: Creating AISystem for world Step1
[2020.03.18-00.45.15:363][210]LogPlayLevel: PIE: World Init took: (0.001353s)
[2020.03.18-00.45.15:363][210]LogPlayLevel: PIE: Created PIE world by copying editor world from /Game/Book/Maps/Step1.Step1 to /Game/Book/Maps/UEDPIE_0_Step1.Step1 (0.004731s)
[2020.03.18-00.45.15:398][210]LogInit: XAudio2 using '스피커(2- Realtek(R) Audio)' : 2 channels at 48 kHz using 32 bits per sample (channel mask 0x3)
[2020.03.18-00.45.15:439][210]LogInit: FAudioDevice initialized.
[2020.03.18-00.45.15:473][210]LogLoad: Game class is 'GameModeBase'
[2020.03.18-00.45.15:475][210]LogWorld: Bringing World /Game/Book/Maps/UEDPIE_0_Step1.Step1 up for play (max tick rate 60) at 2020.03.18-09.45.15
[2020.03.18-00.45.15:476][210]ArenaBattle: Warning: AFountain::PostInitializeComponents(63)
[2020.03.18-00.45.15:476][210]LogWorld: Bringing up level for play took: 0.001734
[2020.03.18-00.45.15:477][210]ArenaBattle: Warning: Actor Name : Fountain_1, ID : 0, Location X : 510.000
[2020.03.18-00.45.15:478][210]PIE: /Game/Book/Maps/UEDPIE_0_Step1 에 대한 에디터에서 플레이 시작 시간: 0.907
[2020.03.18-00.45.27:140][850]LogSlate: FSceneViewport::OnFocusLost() reason 0
[2020.03.18-00.45.40:026][616]ArenaBattle: Warning: AFountain::EndPlay(57)
[2020.03.18-00.48.05:389][638]LogHotReload: New module detected: UE4Editor-ArenaBattle-3336.dll
[2020.03.18-00.48.06:412][642]LogHotReload: Starting Hot-Reload from IDE
[2020.03.18-00.48.06:497][642]LogClass: Could not find existing class Fountain in package /Script/ArenaBattle for HotReload, assuming new class
[2020.03.18-00.48.06:503][642]LogHotReload: Re-instancing Fountain after hot-reload.
[2020.03.18-00.48.06:664][642]LogContentBrowser: Native class hierarchy updated for 'ArenaBattle' in 0.0008 seconds. Added 2 classes and 2 folders.
[2020.03.18-00.48.06:666][642]Display: HotReload successful (0 functions remapped  0 scriptstructs remapped)
[2020.03.18-00.48.06:721][642]LogContentBrowser: Native class hierarchy populated in 0.0143 seconds. Added 2455 classes and 562 folders.
[2020.03.18-00.48.06:728][642]Display: HotReload took  0.3s.
[2020.03.18-01.05.17:492][734]LogInit: XAudio2 using '스피커(2- Realtek(R) Audio)' : 2 channels at 48 kHz using 32 bits per sample (channel mask 0x3)
[2020.03.18-01.11.32:989][859]LogInit: XAudio2 using '스피커(2- Realtek(R) Audio)' : 2 channels at 48 kHz using 32 bits per sample (channel mask 0x3)
[2020.03.18-01.11.36:289][870]LogEditorViewport: Clicking on Actor (LMB): PlayerStart (Player Start)
[2020.03.18-01.11.40:353][ 91]Cmd: SELECT NONE
[2020.03.18-01.17.41:876][422]LogHotReload: New module detected: UE4Editor-ArenaBattle-5128.dll
[2020.03.18-01.17.42:568][425]LogHotReload: Starting Hot-Reload from IDE
[2020.03.18-01.17.43:054][425]LogClass: Could not find existing class Fountain in package /Script/ArenaBattle for HotReload, assuming new class
[2020.03.18-01.17.43:057][425]LogHotReload: Re-instancing Fountain after hot-reload.
[2020.03.18-01.17.43:222][425]LogContentBrowser: Native class hierarchy updated for 'ArenaBattle' in 0.0009 seconds. Added 2 classes and 2 folders.
[2020.03.18-01.17.43:224][425]Display: HotReload successful (0 functions remapped  0 scriptstructs remapped)
[2020.03.18-01.17.43:272][425]LogContentBrowser: Native class hierarchy populated in 0.0102 seconds. Added 2455 classes and 562 folders.
[2020.03.18-01.17.43:278][425]Display: HotReload took  0.7s.
[2020.03.18-01.17.49:283][443]LogEditorViewport: Clicking on Actor (LMB): StaticMeshActor (SM_SQUARE)
[2020.03.18-01.17.50:346][493]LogSlate: FSceneViewport::OnFocusLost() reason 0
[2020.03.18-01.17.50:480][501]LogTemp: Repeating last play command: 선택된 뷰포트
[2020.03.18-01.17.50:499][501]LogPlayLevel: PlayLevel: No blueprints needed recompiling
[2020.03.18-01.17.50:500][501]PIE: New page: PIE 세션: Step1 (2020. 3. 18. 오후 7:17:50)
[2020.03.18-01.17.50:500][501]LogPlayLevel: Creating play world package: /Game/Book/Maps/UEDPIE_0_Step1
[2020.03.18-01.17.50:503][501]LogPlayLevel: PIE: StaticDuplicateObject took: (0.002892s)
[2020.03.18-01.17.50:505][501]LogAIModule: Creating AISystem for world Step1
[2020.03.18-01.17.50:505][501]LogPlayLevel: PIE: World Init took: (0.001797s)
[2020.03.18-01.17.50:505][501]LogPlayLevel: PIE: Created PIE world by copying editor world from /Game/Book/Maps/Step1.Step1 to /Game/Book/Maps/UEDPIE_0_Step1.Step1 (0.005367s)
[2020.03.18-01.17.50:541][501]LogInit: XAudio2 using '스피커(2- Realtek(R) Audio)' : 2 channels at 48 kHz using 32 bits per sample (channel mask 0x3)
[2020.03.18-01.17.50:579][501]LogInit: FAudioDevice initialized.
[2020.03.18-01.17.50:615][501]LogLoad: Game class is 'GameModeBase'
[2020.03.18-01.17.50:617][501]LogWorld: Bringing World /Game/Book/Maps/UEDPIE_0_Step1.Step1 up for play (max tick rate 60) at 2020.03.18-10.17.50
[2020.03.18-01.17.50:618][501]ArenaBattle: Warning: AFountain::PostInitializeComponents(67)
[2020.03.18-01.17.50:619][501]LogWorld: Bringing up level for play took: 0.002199
[2020.03.18-01.17.50:620][501]ArenaBattle: Warning: Actor Name : Fountain_1, ID : 0, Location X : 510.000
[2020.03.18-01.17.50:621][501]PIE: /Game/Book/Maps/UEDPIE_0_Step1 에 대한 에디터에서 플레이 시작 시간: 0.049
[2020.03.18-01.17.57:404][900]ArenaBattle: Warning: AFountain::EndPlay(61)
[2020.03.18-01.18.21:431][336]LogSlate: FSceneViewport::OnFocusLost() reason 0
[2020.03.18-01.18.23:299][344]LogSlate: Window '콘텐츠 저장' being destroyed
[2020.03.18-01.18.23:544][344]LogSavePackage: Save=35.61ms
[2020.03.18-01.18.23:544][344]LogSavePackage: Moving '../../../../../../Users/HY_Raptop/OneDrive/Desktop/GitHub/UnrealTutorial/ArenaBattle/Saved/Step128B5D7B541555CC552DAF3ACC10D9390.tmp' to '../../../../../../Users/HY_Raptop/OneDrive/Desktop/GitHub/UnrealTutorial/ArenaBattle/Content/Book/Maps/Step1.umap'
[2020.03.18-01.18.23:553][344]LogSavePackage: Display: Finished SavePackage ../../../../../../Users/HY_Raptop/OneDrive/Desktop/GitHub/UnrealTutorial/ArenaBattle/Content/Book/Maps/Step1.umap
[2020.03.18-01.18.23:579][344]LogFileHelpers: Saving map 'Step1' took 0.227
[2020.03.18-01.18.23:658][344]LogSlate: Window 'ArenaBattle - 언리얼 에디터' being destroyed
[2020.03.18-01.18.23:932][345]Cmd: QUIT_EDITOR
[2020.03.18-01.18.24:562][345]LogWindowsTextInputMethodSystem: Display: IME system now activated using TSF (Microsoft 입력기).
[2020.03.18-01.18.24:581][345]LogSlate: Slate User Destroyed.  User Index 0, Is Virtual User: 0
[2020.03.18-01.18.24:581][345]LogExit: Preparing to exit.
[2020.03.18-01.18.25:420][345]LogDirectoryWatcher: A directory notification for 'C:/Users/HY_Raptop/OneDrive/Desktop/GitHub/UnrealTutorial/ArenaBattle/Content/' was aborted.
[2020.03.18-01.18.25:438][345]LogExit: Editor shut down
[2020.03.18-01.18.25:450][345]LogExit: Transaction tracking system shut down
[2020.03.18-01.18.25:681][345]LogDirectoryWatcher: A directory notification for '../../../Engine/Content/' was aborted.
[2020.03.18-01.18.25:681][345]LogDirectoryWatcher: A directory notification for '../../../../../../Users/HY_Raptop/OneDrive/Desktop/GitHub/UnrealTutorial/ArenaBattle/Content/' was aborted.
[2020.03.18-01.18.25:681][345]LogDirectoryWatcher: A directory notification for '../../Plugins/2D/Paper2D/Content/' was aborted.
[2020.03.18-01.18.25:681][345]LogDirectoryWatcher: A directory notification for '../../Plugins/Enterprise/DatasmithContent/Content/' was aborted.
[2020.03.18-01.18.25:681][345]LogDirectoryWatcher: A directory notification for '../../Plugins/Media/MediaCompositing/Content/' was aborted.
[2020.03.18-01.18.25:681][345]LogDirectoryWatcher: A directory notification for '../../Plugins/Runtime/AppleARKit/Content/' was aborted.
[2020.03.18-01.18.25:681][345]LogDirectoryWatcher: A directory notification for '../../Plugins/Runtime/Oculus/OculusVR/Content/' was aborted.
[2020.03.18-01.18.25:682][345]LogDirectoryWatcher: A directory notification for '../../Plugins/Runtime/Steam/SteamVR/Content/' was aborted.
[2020.03.18-01.18.25:743][345]LogExit: Object subsystem successfully closed.
[2020.03.18-01.18.25:763][345]LogShaderCompilers: Display: Shaders left to compile 0
[2020.03.18-01.18.25:767][345]LogD3D11RHI: Shutdown
[2020.03.18-01.18.25:767][345]LogD3D11RHI: CleanupD3DDevice
[2020.03.18-01.18.25:771][345]LogD3D11RHI: ~FD3D11DynamicRHI
[2020.03.18-01.18.25:814][345]LogModuleManager: Shutting down and abandoning module ArenaBattle (583)
[2020.03.18-01.18.25:814][345]LogModuleManager: Shutting down and abandoning module MovieSceneCapture (579)
[2020.03.18-01.18.25:814][345]LogModuleManager: Shutting down and abandoning module HierarchicalLODOutliner (576)
[2020.03.18-01.18.25:814][345]LogModuleManager: Shutting down and abandoning module DesktopPlatform (574)
[2020.03.18-01.18.25:814][345]LogModuleManager: Shutting down and abandoning module AddContentDialog (572)
[2020.03.18-01.18.25:814][345]LogDirectoryWatcher: A directory notification for 'C:/Program Files/Epic Games/UE_4.19/FeaturePacks/' was aborted.
[2020.03.18-01.18.25:815][345]LogModuleManager: Shutting down and abandoning module WidgetCarousel (571)
[2020.03.18-01.18.25:816][345]LogModuleManager: Shutting down and abandoning module EditorWidgets (568)
[2020.03.18-01.18.25:816][345]LogModuleManager: Shutting down and abandoning module CollectionManager (566)
[2020.03.18-01.18.25:816][345]LogDirectoryWatcher: A directory notification for 'C:/Users/HY_Raptop/OneDrive/Desktop/GitHub/UnrealTutorial/ArenaBattle/Content/Collections/' was aborted.
[2020.03.18-01.18.25:816][345]LogDirectoryWatcher: A directory notification for 'C:/Users/HY_Raptop/OneDrive/Desktop/GitHub/UnrealTutorial/ArenaBattle/Content/Developers/HYRaptop/Collections/' was aborted.
[2020.03.18-01.18.25:816][345]LogDirectoryWatcher: A directory notification for 'C:/Users/HY_Raptop/OneDrive/Desktop/GitHub/UnrealTutorial/ArenaBattle/Saved/Collections/' was aborted.
[2020.03.18-01.18.25:816][345]LogModuleManager: Shutting down and abandoning module SceneOutliner (564)
[2020.03.18-01.18.25:816][345]LogModuleManager: Shutting down and abandoning module StatsViewer (562)
[2020.03.18-01.18.25:816][345]LogModuleManager: Shutting down and abandoning module FoliageEdit (560)
[2020.03.18-01.18.25:816][345]LogModuleManager: Shutting down and abandoning module LandscapeEditor (558)
[2020.03.18-01.18.25:816][345]LogModuleManager: Shutting down and abandoning module MeshPaintMode (556)
[2020.03.18-01.18.25:816][345]LogModuleManager: Shutting down and abandoning module SceneDepthPickerMode (554)
[2020.03.18-01.18.25:816][345]LogModuleManager: Shutting down and abandoning module ActorPickerMode (552)
[2020.03.18-01.18.25:816][345]LogModuleManager: Shutting down and abandoning module GeometryMode (550)
[2020.03.18-01.18.25:816][345]LogModuleManager: Shutting down and abandoning module TextureAlignMode (548)
[2020.03.18-01.18.25:816][345]LogModuleManager: Shutting down and abandoning module BspMode (546)
[2020.03.18-01.18.25:816][345]LogModuleManager: Shutting down and abandoning module PIEPreviewDeviceProfileSelector (544)
[2020.03.18-01.18.25:816][345]LogModuleManager: Shutting down and abandoning module HardwareSurvey (542)
[2020.03.18-01.18.25:816][345]LogModuleManager: Shutting down and abandoning module SequenceRecorderSections (540)
[2020.03.18-01.18.25:816][345]LogModuleManager: Shutting down and abandoning module AutomationWorker (538)
[2020.03.18-01.18.25:816][345]LogModuleManager: Shutting down and abandoning module AudioCaptureEditor (536)
[2020.03.18-01.18.25:816][345]LogModuleManager: Shutting down and abandoning module SequenceRecorder (535)
[2020.03.18-01.18.25:816][345]LogModuleManager: Shutting down and abandoning module MatineeToLevelSequence (532)
[2020.03.18-01.18.25:816][345]LogModuleManager: Shutting down and abandoning module LevelSequenceEditor (530)
[2020.03.18-01.18.25:817][345]LogModuleManager: Shutting down and abandoning module PlacementMode (529)
[2020.03.18-01.18.25:817][345]LogModuleManager: Shutting down and abandoning module MaterialEditor (528)
[2020.03.18-01.18.25:817][345]LogModuleManager: Shutting down and abandoning module WmfMediaFactory (524)
[2020.03.18-01.18.25:817][345]LogModuleManager: Shutting down and abandoning module WmfMediaEditor (522)
[2020.03.18-01.18.25:817][345]LogModuleManager: Shutting down and abandoning module MediaPlayerEditor (520)
[2020.03.18-01.18.25:817][345]LogModuleManager: Shutting down and abandoning module OpenExrWrapper (518)
[2020.03.18-01.18.25:817][345]LogModuleManager: Shutting down and abandoning module ImgMediaFactory (516)
[2020.03.18-01.18.25:817][345]LogModuleManager: Shutting down and abandoning module ImgMediaEditor (514)
[2020.03.18-01.18.25:817][345]LogModuleManager: Shutting down and abandoning module AvfMediaFactory (512)
[2020.03.18-01.18.25:817][345]LogModuleManager: Shutting down and abandoning module AvfMediaEditor (510)
[2020.03.18-01.18.25:817][345]LogModuleManager: Shutting down and abandoning module AndroidMediaFactory (508)
[2020.03.18-01.18.25:817][345]LogModuleManager: Shutting down and abandoning module AndroidMediaEditor (506)
[2020.03.18-01.18.25:817][345]LogModuleManager: Shutting down and abandoning module CharacterAI (504)
[2020.03.18-01.18.25:817][345]LogModuleManager: Shutting down and abandoning module SmartSnapping (502)
[2020.03.18-01.18.25:817][345]LogModuleManager: Shutting down and abandoning module SessionServices (500)
[2020.03.18-01.18.25:817][345]LogModuleManager: Shutting down and abandoning module ViewportSnapping (498)
[2020.03.18-01.18.25:817][345]LogModuleManager: Shutting down and abandoning module ViewportInteraction (496)
[2020.03.18-01.18.25:817][345]LogModuleManager: Shutting down and abandoning module ClothPainter (494)
[2020.03.18-01.18.25:817][345]LogModuleManager: Shutting down and abandoning module SkeletalMeshEditor (493)
[2020.03.18-01.18.25:817][345]LogModuleManager: Shutting down and abandoning module LogVisualizer (490)
[2020.03.18-01.18.25:817][345]LogModuleManager: Shutting down and abandoning module IntroTutorials (488)
[2020.03.18-01.18.25:817][345]LogModuleManager: Shutting down and abandoning module GameProjectGeneration (487)
[2020.03.18-01.18.25:817][345]LogModuleManager: Shutting down and abandoning module IOSPlatformEditor (484)
[2020.03.18-01.18.25:817][345]LogModuleManager: Shutting down and abandoning module HTML5PlatformEditor (482)
[2020.03.18-01.18.25:817][345]LogModuleManager: Shutting down and abandoning module AndroidPlatformEditor (480)
[2020.03.18-01.18.25:817][345]LogModuleManager: Shutting down and abandoning module AndroidDeviceDetection (479)
[2020.03.18-01.18.25:836][345]LogModuleManager: Shutting down and abandoning module WindowsPlatformEditor (476)
[2020.03.18-01.18.25:836][345]LogModuleManager: Shutting down and abandoning module IOSRuntimeSettings (474)
[2020.03.18-01.18.25:836][345]LogModuleManager: Shutting down and abandoning module AndroidRuntimeSettings (472)
[2020.03.18-01.18.25:836][345]LogModuleManager: Shutting down and abandoning module InputBindingEditor (470)
[2020.03.18-01.18.25:836][345]LogModuleManager: Shutting down and abandoning module MergeActors (468)
[2020.03.18-01.18.25:836][345]LogModuleManager: Shutting down and abandoning module LocalizationDashboard (466)
[2020.03.18-01.18.25:837][345]LogModuleManager: Shutting down and abandoning module LocalizationService (465)
[2020.03.18-01.18.25:837][345]LogModuleManager: Shutting down and abandoning module HardwareTargeting (462)
[2020.03.18-01.18.25:837][345]LogModuleManager: Shutting down and abandoning module DeviceProfileEditor (460)
[2020.03.18-01.18.25:837][345]LogModuleManager: Shutting down and abandoning module UndoHistory (458)
[2020.03.18-01.18.25:837][345]LogModuleManager: Shutting down and abandoning module XmlParser (456)
[2020.03.18-01.18.25:837][345]LogModuleManager: Shutting down and abandoning module Blutility (454)
[2020.03.18-01.18.25:837][345]LogModuleManager: Shutting down and abandoning module ProjectSettingsViewer (452)
[2020.03.18-01.18.25:837][345]LogModuleManager: Shutting down and abandoning module ProjectTargetPlatformEditor (451)
[2020.03.18-01.18.25:837][345]LogModuleManager: Shutting down and abandoning module EditorSettingsViewer (448)
[2020.03.18-01.18.25:837][345]LogModuleManager: Shutting down and abandoning module SettingsEditor (446)
[2020.03.18-01.18.25:837][345]LogModuleManager: Shutting down and abandoning module ProjectLauncher (444)
[2020.03.18-01.18.25:837][345]LogModuleManager: Shutting down and abandoning module SessionFrontend (442)
[2020.03.18-01.18.25:837][345]LogModuleManager: Shutting down and abandoning module ProfilerClient (440)
[2020.03.18-01.18.25:837][345]LogModuleManager: Shutting down and abandoning module DeviceManager (438)
[2020.03.18-01.18.25:837][345]LogModuleManager: Shutting down and abandoning module TargetDeviceServices (437)
[2020.03.18-01.18.25:892][345]LogModuleManager: Shutting down and abandoning module AutomationController (434)
[2020.03.18-01.18.25:892][345]LogModuleManager: Shutting down and abandoning module AutomationWindow (432)
[2020.03.18-01.18.25:892][345]LogModuleManager: Shutting down and abandoning module Layers (430)
[2020.03.18-01.18.25:892][345]LogModuleManager: Shutting down and abandoning module ComponentVisualizers (428)
[2020.03.18-01.18.25:892][345]LogModuleManager: Shutting down and abandoning module DetailCustomizations (426)
[2020.03.18-01.18.25:892][345]LogModuleManager: Shutting down and abandoning module PackagesDialog (424)
[2020.03.18-01.18.25:892][345]LogModuleManager: Shutting down and abandoning module Persona (422)
[2020.03.18-01.18.25:892][345]LogModuleManager: Shutting down and abandoning module AdvancedPreviewScene (421)
[2020.03.18-01.18.25:892][345]LogModuleManager: Shutting down and abandoning module AnimGraph (419)
[2020.03.18-01.18.25:892][345]LogModuleManager: Shutting down and abandoning module Kismet (416)
[2020.03.18-01.18.25:892][345]LogModuleManager: Shutting down and abandoning module GraphEditor (414)
[2020.03.18-01.18.25:892][345]LogModuleManager: Shutting down and abandoning module ClassViewer (412)
[2020.03.18-01.18.25:893][345]LogModuleManager: Shutting down and abandoning module Toolbox (410)
[2020.03.18-01.18.25:893][345]LogModuleManager: Shutting down and abandoning module ModuleUI (408)
[2020.03.18-01.18.25:893][345]LogModuleManager: Shutting down and abandoning module MovieSceneTools (406)
[2020.03.18-01.18.25:893][345]LogModuleManager: Shutting down and abandoning module OutputLog (404)
[2020.03.18-01.18.25:893][345]LogModuleManager: Shutting down and abandoning module GammaUI (402)
[2020.03.18-01.18.25:893][345]LogModuleManager: Shutting down and abandoning module Documentation (400)
[2020.03.18-01.18.25:893][345]LogModuleManager: Shutting down and abandoning module MovieSceneTracks (398)
[2020.03.18-01.18.25:893][345]LogModuleManager: Shutting down and abandoning module MovieScene (396)
[2020.03.18-01.18.25:893][345]LogModuleManager: Shutting down and abandoning module StreamingPauseRendering (394)
[2020.03.18-01.18.25:893][345]LogModuleManager: Shutting down and abandoning module LauncherPlatform (392)
[2020.03.18-01.18.25:893][345]LogModuleManager: Shutting down and abandoning module AnalyticsET (390)
[2020.03.18-01.18.25:893][345]LogModuleManager: Shutting down and abandoning module PortalServices (388)
[2020.03.18-01.18.25:893][345]LogModuleManager: Shutting down and abandoning module PortalRpc (386)
[2020.03.18-01.18.25:893][345]LogModuleManager: Shutting down and abandoning module MessagingRpc (384)
[2020.03.18-01.18.25:893][345]LogModuleManager: Shutting down and abandoning module AIModule (382)
[2020.03.18-01.18.25:893][345]LogModuleManager: Shutting down and abandoning module GameplayDebugger (381)
[2020.03.18-01.18.25:893][345]LogModuleManager: Shutting down and abandoning module AITestSuite (379)
[2020.03.18-01.18.25:893][345]LogModuleManager: Shutting down and abandoning module ProfilerService (376)
[2020.03.18-01.18.26:072][345]LogModuleManager: Shutting down and abandoning module TaskGraph (374)
[2020.03.18-01.18.26:072][345]LogModuleManager: Shutting down and abandoning module SteamVRController (372)
[2020.03.18-01.18.26:072][345]LogModuleManager: Shutting down and abandoning module ProceduralMeshComponentEditor (370)
[2020.03.18-01.18.26:072][345]LogModuleManager: Shutting down and abandoning module ProceduralMeshComponent (368)
[2020.03.18-01.18.26:072][345]LogModuleManager: Shutting down and abandoning module OculusInput (366)
[2020.03.18-01.18.26:072][345]LogModuleManager: Shutting down and abandoning module MobilePatchingUtils (364)
[2020.03.18-01.18.26:072][345]LogModuleManager: Shutting down and abandoning module CustomMeshComponent (362)
[2020.03.18-01.18.26:072][345]LogModuleManager: Shutting down and abandoning module CableComponent (360)
[2020.03.18-01.18.26:072][345]LogModuleManager: Shutting down and abandoning module AudioCapture (358)
[2020.03.18-01.18.26:072][345]LogModuleManager: Shutting down and abandoning module ArchVisCharacter (356)
[2020.03.18-01.18.26:072][345]LogModuleManager: Shutting down and abandoning module AndroidPermission (354)
[2020.03.18-01.18.26:072][345]LogModuleManager: Shutting down and abandoning module NUTUnrealEngine4 (350)
[2020.03.18-01.18.26:072][345]LogModuleManager: Shutting down and abandoning module NetcodeUnitTest (348)
[2020.03.18-01.18.26:073][345]LogModuleManager: Shutting down and abandoning module MediaCompositingEditor (346)
[2020.03.18-01.18.26:073][345]LogModuleManager: Shutting down and abandoning module MediaCompositing (344)
[2020.03.18-01.18.26:073][345]LogModuleManager: Shutting down and abandoning module LinearTimecode (342)
[2020.03.18-01.18.26:073][345]LogModuleManager: Shutting down and abandoning module ImgMedia (340)
[2020.03.18-01.18.26:076][345]LogModuleManager: Shutting down and abandoning module HTML5Networking (338)
[2020.03.18-01.18.26:076][345]LogModuleManager: Shutting down and abandoning module AlembicImporter (336)
[2020.03.18-01.18.26:076][345]LogModuleManager: Shutting down and abandoning module AlembicLibrary (335)
[2020.03.18-01.18.26:076][345]LogModuleManager: Shutting down and abandoning module GeometryCache (334)
[2020.03.18-01.18.26:076][345]LogModuleManager: Shutting down and abandoning module GeometryCacheEd (333)
[2020.03.18-01.18.26:076][345]LogModuleManager: Shutting down and abandoning module DatasmithContent (328)
[2020.03.18-01.18.26:076][345]LogModuleManager: Shutting down and abandoning module SpeedTreeImporter (326)
[2020.03.18-01.18.26:076][345]LogModuleManager: Shutting down and abandoning module PluginBrowser (324)
[2020.03.18-01.18.26:076][345]LogModuleManager: Shutting down and abandoning module MobileLauncherProfileWizard (322)
[2020.03.18-01.18.26:076][345]LogModuleManager: Shutting down and abandoning module CryptoKeysOpenSSL (320)
[2020.03.18-01.18.26:076][345]LogModuleManager: Shutting down and abandoning module CryptoKeys (318)
[2020.03.18-01.18.26:076][345]LogModuleManager: Shutting down and abandoning module VisualStudioSourceCodeAccess (316)
[2020.03.18-01.18.26:076][345]LogModuleManager: Shutting down and abandoning module VisualStudioCodeSourceCodeAccess (314)
[2020.03.18-01.18.26:076][345]LogModuleManager: Shutting down and abandoning module UObjectPlugin (312)
[2020.03.18-01.18.26:076][345]LogModuleManager: Shutting down and abandoning module SubversionSourceControl (310)
[2020.03.18-01.18.26:076][345]LogModuleManager: Shutting down and abandoning module PerforceSourceControl (308)
[2020.03.18-01.18.26:076][345]LogModuleManager: Shutting down and abandoning module GitSourceControl (306)
[2020.03.18-01.18.26:077][345]LogModuleManager: Shutting down and abandoning module SourceControl (305)
[2020.03.18-01.18.26:077][345]LogModuleManager: Shutting down and abandoning module CLionSourceCodeAccess (302)
[2020.03.18-01.18.26:077][345]LogModuleManager: Shutting down and abandoning module LightPropagationVolumeEditor (300)
[2020.03.18-01.18.26:077][345]LogModuleManager: Shutting down and abandoning module PaperTiledImporter (298)
[2020.03.18-01.18.26:077][345]LogModuleManager: Shutting down and abandoning module PaperSpriteSheetImporter (296)
[2020.03.18-01.18.26:077][345]LogModuleManager: Shutting down and abandoning module Paper2DEditor (294)
[2020.03.18-01.18.26:077][345]LogModuleManager: Shutting down and abandoning module MeshPaint (293)
[2020.03.18-01.18.26:077][345]LogModuleManager: Shutting down and abandoning module RuntimePhysXCooking (288)
[2020.03.18-01.18.26:077][345]LogModuleManager: Shutting down and abandoning module PhysXVehiclesEditor (286)
[2020.03.18-01.18.26:077][345]LogModuleManager: Shutting down and abandoning module PhysXVehicles (284)
[2020.03.18-01.18.26:077][345]LogModuleManager: Shutting down and abandoning module OculusEditor (282)
[2020.03.18-01.18.26:077][345]LogModuleManager: Shutting down and abandoning module LocationServicesBPLibrary (280)
[2020.03.18-01.18.26:077][345]LogModuleManager: Shutting down and abandoning module ImmediatePhysicsEditor (278)
[2020.03.18-01.18.26:077][345]LogModuleManager: Shutting down and abandoning module ImmediatePhysics (276)
[2020.03.18-01.18.26:077][345]LogModuleManager: Shutting down and abandoning module ActorSequence (274)
[2020.03.18-01.18.26:077][345]LogModuleManager: Shutting down and abandoning module UdpMessaging (272)
[2020.03.18-01.18.26:178][345]LogModuleManager: Shutting down and abandoning module TcpMessaging (270)
[2020.03.18-01.18.26:279][345]LogModuleManager: Shutting down and abandoning module GameplayTagsEditor (268)
[2020.03.18-01.18.26:279][345]LogModuleManager: Shutting down and abandoning module FacialAnimationEditor (266)
[2020.03.18-01.18.26:279][345]LogModuleManager: Shutting down and abandoning module FacialAnimation (264)
[2020.03.18-01.18.26:279][345]LogModuleManager: Shutting down and abandoning module DataValidation (262)
[2020.03.18-01.18.26:279][345]LogModuleManager: Shutting down and abandoning module AssetManagerEditor (260)
[2020.03.18-01.18.26:279][345]LogModuleManager: Shutting down and abandoning module LevelEditor (259)
[2020.03.18-01.18.26:280][345]LogModuleManager: Shutting down and abandoning module PixelInspectorModule (258)
[2020.03.18-01.18.26:280][345]LogModuleManager: Shutting down and abandoning module CommonMenuExtensions (256)
[2020.03.18-01.18.26:280][345]LogModuleManager: Shutting down and abandoning module MainFrame (254)
[2020.03.18-01.18.26:280][345]LogModuleManager: Shutting down and abandoning module HotReload (253)
[2020.03.18-01.18.26:280][345]LogDirectoryWatcher: A directory notification for 'C:/Users/HY_Raptop/OneDrive/Desktop/GitHub/UnrealTutorial/ArenaBattle/Binaries/Win64' was aborted.
[2020.03.18-01.18.26:280][345]LogModuleManager: Shutting down and abandoning module ContentBrowser (249)
[2020.03.18-01.18.26:281][345]LogModuleManager: Shutting down and abandoning module TreeMap (247)
[2020.03.18-01.18.26:281][345]LogModuleManager: Shutting down and abandoning module LightPropagationVolumeRuntime (244)
[2020.03.18-01.18.26:282][345]LogModuleManager: Shutting down and abandoning module LiveLinkEditor (242)
[2020.03.18-01.18.26:282][345]LogModuleManager: Shutting down and abandoning module LiveLink (240)
[2020.03.18-01.18.26:910][345]LogModuleManager: Shutting down and abandoning module Paper2D (238)
[2020.03.18-01.18.26:910][345]LogModuleManager: Shutting down and abandoning module WindowsMoviePlayer (236)
[2020.03.18-01.18.26:910][345]LogModuleManager: Shutting down and abandoning module WmfMedia (234)
[2020.03.18-01.18.26:912][345]LogModuleManager: Shutting down and abandoning module Media (233)
[2020.03.18-01.18.26:918][345]LogModuleManager: Shutting down and abandoning module PacketHandler (230)
[2020.03.18-01.18.26:918][345]LogModuleManager: Shutting down and abandoning module ClothingSystemEditor (228)
[2020.03.18-01.18.26:919][345]LogModuleManager: Shutting down and abandoning module ClothingSystemRuntime (226)
[2020.03.18-01.18.26:919][345]LogModuleManager: Shutting down and abandoning module MediaAssets (224)
[2020.03.18-01.18.26:919][345]LogModuleManager: Shutting down and abandoning module Overlay (222)
[2020.03.18-01.18.26:919][345]LogModuleManager: Shutting down and abandoning module OverlayEditor (221)
[2020.03.18-01.18.26:919][345]LogModuleManager: Shutting down and abandoning module VREditor (218)
[2020.03.18-01.18.26:919][345]LogModuleManager: Shutting down and abandoning module StringTableEditor (216)
[2020.03.18-01.18.26:919][345]LogModuleManager: Shutting down and abandoning module GameplayTasksEditor (214)
[2020.03.18-01.18.26:919][345]LogModuleManager: Shutting down and abandoning module BehaviorTreeEditor (212)
[2020.03.18-01.18.26:919][345]LogModuleManager: Shutting down and abandoning module FunctionalTesting (210)
[2020.03.18-01.18.26:919][345]LogModuleManager: Shutting down and abandoning module CollisionAnalyzer (208)
[2020.03.18-01.18.26:919][345]LogModuleManager: Shutting down and abandoning module WorkspaceMenuStructure (207)
[2020.03.18-01.18.26:919][345]LogModuleManager: Shutting down and abandoning module UMG (204)
[2020.03.18-01.18.26:919][345]LogModuleManager: Shutting down and abandoning module UMGEditor (203)
[2020.03.18-01.18.26:919][345]LogModuleManager: Shutting down and abandoning module Sequencer (202)
[2020.03.18-01.18.26:919][345]LogModuleManager: Shutting down and abandoning module MessageLog (199)
[2020.03.18-01.18.26:919][345]LogModuleManager: Shutting down and abandoning module SlateReflector (194)
[2020.03.18-01.18.26:919][345]LogModuleManager: Shutting down and abandoning module Slate (192)
[2020.03.18-01.18.26:919][345]LogModuleManager: Shutting down and abandoning module EditorStyle (190)
[2020.03.18-01.18.26:922][345]LogModuleManager: Shutting down and abandoning module MRMesh (188)
[2020.03.18-01.18.26:922][345]LogModuleManager: Shutting down and abandoning module SourceCodeAccess (186)
[2020.03.18-01.18.26:922][345]LogModuleManager: Shutting down and abandoning module HeadMountedDisplay (184)
[2020.03.18-01.18.26:922][345]LogModuleManager: Shutting down and abandoning module XAudio2 (182)
[2020.03.18-01.18.26:922][345]LogModuleManager: Shutting down and abandoning module Networking (180)
[2020.03.18-01.18.26:922][345]LogModuleManager: Shutting down and abandoning module Core (178)
[2020.03.18-01.18.26:923][345]LogModuleManager: Shutting down and abandoning module LevelSequence (176)
[2020.03.18-01.18.26:923][345]LogModuleManager: Shutting down and abandoning module KismetCompiler (174)
[2020.03.18-01.18.26:923][345]LogModuleManager: Shutting down and abandoning module MeshUtilities (172)
[2020.03.18-01.18.26:923][345]LogModuleManager: Shutting down and abandoning module MeshMergeUtilities (171)
[2020.03.18-01.18.26:923][345]LogModuleManager: Shutting down and abandoning module MeshReductionInterface (170)
[2020.03.18-01.18.26:923][345]LogModuleManager: Shutting down and abandoning module SimplygonSwarm (169)
[2020.03.18-01.18.26:923][345]LogModuleManager: Shutting down and abandoning module SimplygonMeshReduction (167)
[2020.03.18-01.18.26:923][345]LogModuleManager: Shutting down and abandoning module QuadricMeshReduction (165)
[2020.03.18-01.18.26:923][345]LogModuleManager: Shutting down and abandoning module MaterialBaking (161)
[2020.03.18-01.18.26:923][345]LogModuleManager: Shutting down and abandoning module DirectoryWatcher (157)
[2020.03.18-01.18.26:928][345]LogModuleManager: Shutting down and abandoning module DerivedDataCache (154)
[2020.03.18-01.18.26:975][345]LogDerivedDataCache: Shutdown
[2020.03.18-01.18.26:975][345]LogModuleManager: Shutting down and abandoning module XGEController (152)
[2020.03.18-01.18.26:975][345]LogXGEController: Cleaning working directory: C:/Users/HY_Raptop/AppData/Local/Temp/UnrealXGEWorkingDir/
[2020.03.18-01.18.26:975][345]LogModuleManager: Shutting down and abandoning module TargetPlatform (150)
[2020.03.18-01.18.26:976][345]LogModuleManager: Shutting down and abandoning module VulkanShaderFormat (149)
[2020.03.18-01.18.26:976][345]LogModuleManager: Shutting down and abandoning module ShaderFormatVectorVM (147)
[2020.03.18-01.18.26:976][345]LogModuleManager: Shutting down and abandoning module ShaderFormatOpenGL (145)
[2020.03.18-01.18.26:976][345]LogModuleManager: Shutting down and abandoning module ShaderFormatD3D (143)
[2020.03.18-01.18.26:976][345]LogModuleManager: Shutting down and abandoning module MetalShaderFormat (141)
[2020.03.18-01.18.26:976][345]LogModuleManager: Shutting down and abandoning module TextureFormatUncompressed (139)
[2020.03.18-01.18.26:976][345]LogModuleManager: Shutting down and abandoning module TextureFormatPVR (137)
[2020.03.18-01.18.26:976][345]LogModuleManager: Shutting down and abandoning module TextureFormatDXT (135)
[2020.03.18-01.18.26:976][345]LogModuleManager: Shutting down and abandoning module TextureFormatIntelISPCTexComp (133)
[2020.03.18-01.18.26:976][345]LogModuleManager: Shutting down and abandoning module TextureFormatASTC (131)
[2020.03.18-01.18.26:976][345]LogModuleManager: Shutting down and abandoning module ImageWrapper (130)
[2020.03.18-01.18.26:976][345]LogModuleManager: Shutting down and abandoning module TextureFormatAndroid (127)
[2020.03.18-01.18.26:976][345]LogModuleManager: Shutting down and abandoning module AudioFormatOpus (125)
[2020.03.18-01.18.26:976][345]LogModuleManager: Shutting down and abandoning module AudioFormatOgg (123)
[2020.03.18-01.18.26:976][345]LogModuleManager: Shutting down and abandoning module AudioFormatADPCM (121)
[2020.03.18-01.18.26:976][345]LogModuleManager: Shutting down and abandoning module LinuxTargetPlatform (119)
[2020.03.18-01.18.26:976][345]LogModuleManager: Shutting down and abandoning module LinuxServerTargetPlatform (117)
[2020.03.18-01.18.26:976][345]LogModuleManager: Shutting down and abandoning module LinuxNoEditorTargetPlatform (115)
[2020.03.18-01.18.26:976][345]LogModuleManager: Shutting down and abandoning module LinuxClientTargetPlatform (113)
[2020.03.18-01.18.26:977][345]LogModuleManager: Shutting down and abandoning module TVOSTargetPlatform (111)
[2020.03.18-01.18.26:977][345]LogModuleManager: Shutting down and abandoning module Messaging (109)
[2020.03.18-01.18.26:977][345]LogModuleManager: Shutting down and abandoning module IOSTargetPlatform (107)
[2020.03.18-01.18.26:977][345]LogModuleManager: Shutting down and abandoning module HTML5TargetPlatform (105)
[2020.03.18-01.18.26:977][345]LogModuleManager: Shutting down and abandoning module AndroidTargetPlatform (103)
[2020.03.18-01.18.26:977][345]LogModuleManager: Shutting down and abandoning module Android_PVRTCTargetPlatform (101)
[2020.03.18-01.18.26:977][345]LogModuleManager: Shutting down and abandoning module Android_MultiTargetPlatform (99)
[2020.03.18-01.18.26:977][345]LogModuleManager: Shutting down and abandoning module Android_ETC2TargetPlatform (97)
[2020.03.18-01.18.26:977][345]LogModuleManager: Shutting down and abandoning module Android_ETC1TargetPlatform (95)
[2020.03.18-01.18.26:977][345]LogModuleManager: Shutting down and abandoning module Android_ETC1aTargetPlatform (93)
[2020.03.18-01.18.26:977][345]LogModuleManager: Shutting down and abandoning module Android_DXTTargetPlatform (91)
[2020.03.18-01.18.26:977][345]LogModuleManager: Shutting down and abandoning module Android_ATCTargetPlatform (89)
[2020.03.18-01.18.26:977][345]LogModuleManager: Shutting down and abandoning module Android_ASTCTargetPlatform (87)
[2020.03.18-01.18.26:977][345]LogModuleManager: Shutting down and abandoning module WindowsTargetPlatform (85)
[2020.03.18-01.18.26:977][345]LogModuleManager: Shutting down and abandoning module WindowsServerTargetPlatform (83)
[2020.03.18-01.18.26:977][345]LogModuleManager: Shutting down and abandoning module WindowsNoEditorTargetPlatform (81)
[2020.03.18-01.18.26:977][345]LogModuleManager: Shutting down and abandoning module WindowsClientTargetPlatform (79)
[2020.03.18-01.18.26:977][345]LogModuleManager: Shutting down and abandoning module MacTargetPlatform (77)
[2020.03.18-01.18.26:977][345]LogModuleManager: Shutting down and abandoning module MacServerTargetPlatform (75)
[2020.03.18-01.18.26:977][345]LogModuleManager: Shutting down and abandoning module MacNoEditorTargetPlatform (73)
[2020.03.18-01.18.26:977][345]LogModuleManager: Shutting down and abandoning module MacClientTargetPlatform (71)
[2020.03.18-01.18.26:977][345]LogModuleManager: Shutting down and abandoning module AllDesktopTargetPlatform (69)
[2020.03.18-01.18.26:978][345]LogModuleManager: Shutting down and abandoning module InputCore (66)
[2020.03.18-01.18.26:978][345]LogModuleManager: Shutting down and abandoning module Settings (64)
[2020.03.18-01.18.26:978][345]LogModuleManager: Shutting down and abandoning module PhysXCooking (62)
[2020.03.18-01.18.26:978][345]LogModuleManager: Shutting down and abandoning module SteamVR (60)
[2020.03.18-01.18.26:978][345]LogModuleManager: Shutting down and abandoning module OculusHMD (58)
[2020.03.18-01.18.26:978][345]LogModuleManager: Shutting down and abandoning module ExampleDeviceProfileSelector (56)
[2020.03.18-01.18.26:978][345]LogModuleManager: Shutting down and abandoning module AppleARKit (54)
[2020.03.18-01.18.26:978][345]LogModuleManager: Shutting down and abandoning module AugmentedReality (51)
[2020.03.18-01.18.26:978][345]LogModuleManager: Shutting down and abandoning module OnlineBlueprintSupport (48)
[2020.03.18-01.18.26:978][345]LogModuleManager: Shutting down and abandoning module OnlineSubsystem (44)
[2020.03.18-01.18.26:978][345]LogModuleManager: Shutting down and abandoning module XMPP (43)
[2020.03.18-01.18.26:978][345]LogModuleManager: Shutting down and abandoning module HTTP (41)
[2020.03.18-01.18.26:978][345]LogHttp: Display: Http module shutting down, but needs to wait on 1 outstanding Http requests:
[2020.03.18-01.18.26:978][345]LogHttp: Display: 	verb=[POST] url=[https://datarouter.ol.epicgames.com/datarouter/api/v1/public/data?SessionID=%7BAF36D5E1-451C-8657-45C6-8D8171C8850E%7D&AppID=UEEditor.Rocket.Release&AppVersion=4.19.2-4033788%2B%2B%2BUE4%2BRelease-4.19&UserID=c8fb612540f59b3f3e94f88bb5afe880%7Ce4f96d32438840c286642a886185b54b%7C36978b30-6d45-42bd-a30d-63dbb759e69b&AppEnvironment=datacollector-binary&UploadType=eteventstream] status=Processing
[2020.03.18-01.18.26:982][345]LogModuleManager: Shutting down and abandoning module SSL (40)
[2020.03.18-01.18.26:984][345]LogModuleManager: Shutting down and abandoning module AnimationModifiers (36)
[2020.03.18-01.18.26:984][345]LogModuleManager: Shutting down and abandoning module PropertyEditor (35)
[2020.03.18-01.18.26:984][345]LogModuleManager: Shutting down and abandoning module AudioEditor (32)
[2020.03.18-01.18.26:984][345]LogModuleManager: Shutting down and abandoning module TextureCompressor (30)
[2020.03.18-01.18.26:985][345]LogModuleManager: Shutting down and abandoning module ShaderCore (28)
[2020.03.18-01.18.26:985][345]LogModuleManager: Shutting down and abandoning module Landscape (26)
[2020.03.18-01.18.26:985][345]LogModuleManager: Shutting down and abandoning module SlateRHIRenderer (24)
[2020.03.18-01.18.26:990][345]LogModuleManager: Shutting down and abandoning module OpenGLDrv (22)
[2020.03.18-01.18.26:990][345]LogModuleManager: Shutting down and abandoning module D3D11RHI (20)
[2020.03.18-01.18.26:990][345]LogModuleManager: Shutting down and abandoning module AnimGraphRuntime (18)
[2020.03.18-01.18.26:990][345]LogModuleManager: Shutting down and abandoning module Renderer (16)
[2020.03.18-01.18.26:990][345]LogModuleManager: Shutting down and abandoning module Engine (14)
[2020.03.18-01.18.26:990][345]LogModuleManager: Shutting down and abandoning module CoreUObject (12)
[2020.03.18-01.18.26:990][345]LogModuleManager: Shutting down and abandoning module NetworkFile (10)
[2020.03.18-01.18.26:990][345]LogModuleManager: Shutting down and abandoning module CookedIterativeFile (8)
[2020.03.18-01.18.26:990][345]LogModuleManager: Shutting down and abandoning module StreamingFile (6)
[2020.03.18-01.18.26:990][345]LogModuleManager: Shutting down and abandoning module SandboxFile (4)
[2020.03.18-01.18.26:990][345]LogModuleManager: Shutting down and abandoning module PakFile (2)
[2020.03.18-01.18.27:004][345]LogExit: Exiting.
[2020.03.18-01.18.27:018][345]Log file closed, 03/18/20 10:18:27
