Log file open, 03/18/20 09:05:23
LogWindows: Failed to load 'aqProf.dll' (GetLastError=126)
LogWindows: File 'aqProf.dll' does not exist
LogWindows: Failed to load 'VtuneApi.dll' (GetLastError=126)
LogWindows: File 'VtuneApi.dll' does not exist
LogWindows: Failed to load 'VtuneApi32e.dll' (GetLastError=126)
LogWindows: File 'VtuneApi32e.dll' does not exist
LogInit: Display: Running engine for game: ArenaBattle
LogPlatformFile: Not using cached read wrapper
LogInit: Display: RandInit(1626628490) SRandInit(1626628491).
LogInit: Read version file with build ID '3944462'
LogInit: Overriding engine version to CL 4033788, compatible CL 3944462
LogInit: Registered custom module enumerator with build ID '3944462'
LogTaskGraph: Started task graph with 5 named threads and 23 total threads with 3 sets of task threads.
LogStats: Stats thread started at 0.570053
LogD3D11RHI: Aftermath initialized
LogICUInternationalization: Display: ICU TimeZone Detection - Raw Offset: +9:00, Platform Override: ''
LogPluginManager: Mounting plugin Paper2D
LogPluginManager: Mounting plugin LiveLink
LogPluginManager: Mounting plugin LightPropagationVolume
LogPluginManager: Mounting plugin CLionSourceCodeAccess
LogPluginManager: Mounting plugin CodeLiteSourceCodeAccess
LogPluginManager: Mounting plugin GitSourceControl
LogPluginManager: Mounting plugin KDevelopSourceCodeAccess
LogPluginManager: Mounting plugin NullSourceCodeAccess
LogPluginManager: Mounting plugin PerforceSourceControl
LogPluginManager: Mounting plugin SubversionSourceControl
LogPluginManager: Mounting plugin UObjectPlugin
LogPluginManager: Mounting plugin VisualStudioCodeSourceCodeAccess
LogPluginManager: Mounting plugin VisualStudioSourceCodeAccess
LogPluginManager: Mounting plugin XCodeSourceCodeAccess
LogPluginManager: Mounting plugin AssetManagerEditor
LogPluginManager: Mounting plugin CryptoKeys
LogPluginManager: Mounting plugin DataValidation
LogPluginManager: Mounting plugin FacialAnimation
LogPluginManager: Mounting plugin GameplayTagsEditor
LogPluginManager: Mounting plugin MobileLauncherProfileWizard
LogPluginManager: Mounting plugin PluginBrowser
LogPluginManager: Mounting plugin SpeedTreeImporter
LogPluginManager: Mounting plugin DatasmithContent
LogPluginManager: Mounting plugin AlembicImporter
LogPluginManager: Mounting plugin CharacterAI
LogPluginManager: Mounting plugin HTML5Networking
LogPluginManager: Mounting plugin AndroidMedia
LogPluginManager: Mounting plugin AvfMedia
LogPluginManager: Mounting plugin ImgMedia
LogPluginManager: Mounting plugin LinearTimecode
LogPluginManager: Mounting plugin MediaCompositing
LogPluginManager: Mounting plugin MediaPlayerEditor
LogPluginManager: Mounting plugin WmfMedia
LogPluginManager: Mounting plugin TcpMessaging
LogPluginManager: Mounting plugin UdpMessaging
LogPluginManager: Mounting plugin ActorSequence
LogPluginManager: Mounting plugin LevelSequenceEditor
LogPluginManager: Mounting plugin MatineeToLevelSequence
LogPluginManager: Mounting plugin NetcodeUnitTest
LogPluginManager: Mounting plugin NUTUnrealEngine4
LogPluginManager: Mounting plugin OnlineSubsystemGooglePlay
LogPluginManager: Mounting plugin OnlineSubsystemIOS
LogPluginManager: Mounting plugin OnlineSubsystem
LogPluginManager: Mounting plugin OnlineSubsystemNull
LogPluginManager: Mounting plugin OnlineSubsystemUtils
LogPluginManager: Mounting plugin AndroidDeviceProfileSelector
LogPluginManager: Mounting plugin AndroidMoviePlayer
LogPluginManager: Mounting plugin AndroidPermission
LogPluginManager: Mounting plugin AppleARKit
LogPluginManager: Mounting plugin AppleMoviePlayer
LogPluginManager: Mounting plugin ArchVisCharacter
LogPluginManager: Mounting plugin AudioCapture
LogPluginManager: Mounting plugin CableComponent
LogPluginManager: Mounting plugin CustomMeshComponent
LogPluginManager: Mounting plugin ExampleDeviceProfileSelector
LogPluginManager: Mounting plugin GoogleCloudMessaging
LogPluginManager: Mounting plugin ImmediatePhysics
LogPluginManager: Mounting plugin IOSDeviceProfileSelector
LogPluginManager: Mounting plugin LinuxDeviceProfileSelector
LogPluginManager: Mounting plugin LocationServicesBPLibrary
LogPluginManager: Mounting plugin MobilePatchingUtils
LogPluginManager: Mounting plugin OculusVR
LogPluginManager: Plugin shader directory ../../../Engine/Plugins/Runtime/Oculus/OculusVR/Shaders found
LogPluginManager: Mapping shader source directory ../../../Engine/Plugins/Runtime/Oculus/OculusVR/Shaders to virtual directory /Plugin/OculusVR
LogPluginManager: Mounting plugin PhysXVehicles
LogPluginManager: Mounting plugin ProceduralMeshComponent
LogPluginManager: Mounting plugin RuntimePhysXCooking
LogPluginManager: Mounting plugin SteamVR
LogPluginManager: Mounting plugin WindowsMoviePlayer
LogStreaming: Display: Took  0.491s to configure plugins.
LogModuleManager: Display: Found up-to-date module file ../../../../../../Users/HY_Raptop/OneDrive/Desktop/GitHub/UnrealTutorial/ArenaBattle/Binaries/Win64/UE4Editor-ArenaBattle.dll (API version 3944462).
LogModuleManager: Display: Found up-to-date module file ../../../Engine/Plugins/2D/Paper2D/Binaries/Win64/UE4Editor-Paper2D.dll (API version 3944462).
LogModuleManager: Display: Found up-to-date module file ../../../Engine/Plugins/2D/Paper2D/Binaries/Win64/UE4Editor-Paper2DEditor.dll (API version 3944462).
LogModuleManager: Display: Found up-to-date module file ../../../Engine/Plugins/2D/Paper2D/Binaries/Win64/UE4Editor-PaperSpriteSheetImporter.dll (API version 3944462).
LogModuleManager: Display: Found up-to-date module file ../../../Engine/Plugins/2D/Paper2D/Binaries/Win64/UE4Editor-PaperTiledImporter.dll (API version 3944462).
LogModuleManager: Display: Found up-to-date module file ../../../Engine/Plugins/2D/Paper2D/Binaries/Win64/UE4Editor-SmartSnapping.dll (API version 3944462).
LogModuleManager: Display: Found up-to-date module file ../../../Engine/Plugins/Animation/LiveLink/Binaries/Win64/UE4Editor-LiveLink.dll (API version 3944462).
LogModuleManager: Display: Found up-to-date module file ../../../Engine/Plugins/Animation/LiveLink/Binaries/Win64/UE4Editor-LiveLinkEditor.dll (API version 3944462).
LogModuleManager: Display: Found up-to-date module file ../../../Engine/Plugins/Blendables/LightPropagationVolume/Binaries/Win64/UE4Editor-LightPropagationVolumeRuntime.dll (API version 3944462).
LogModuleManager: Display: Found up-to-date module file ../../../Engine/Plugins/Blendables/LightPropagationVolume/Binaries/Win64/UE4Editor-LightPropagationVolumeEditor.dll (API version 3944462).
LogModuleManager: Display: Found up-to-date module file ../../../Engine/Plugins/Developer/CLionSourceCodeAccess/Binaries/Win64/UE4Editor-CLionSourceCodeAccess.dll (API version 3944462).
LogModuleManager: Display: Found up-to-date module file ../../../Engine/Plugins/Developer/GitSourceControl/Binaries/Win64/UE4Editor-GitSourceControl.dll (API version 3944462).
LogModuleManager: Display: Found up-to-date module file ../../../Engine/Plugins/Developer/PerforceSourceControl/Binaries/Win64/UE4Editor-PerforceSourceControl.dll (API version 3944462).
LogModuleManager: Display: Found up-to-date module file ../../../Engine/Plugins/Developer/SubversionSourceControl/Binaries/Win64/UE4Editor-SubversionSourceControl.dll (API version 3944462).
LogModuleManager: Display: Found up-to-date module file ../../../Engine/Plugins/Developer/UObjectPlugin/Binaries/Win64/UE4Editor-UObjectPlugin.dll (API version 3944462).
LogModuleManager: Display: Found up-to-date module file ../../../Engine/Plugins/Developer/VisualStudioCodeSourceCodeAccess/Binaries/Win64/UE4Editor-VisualStudioCodeSourceCodeAccess.dll (API version 3944462).
LogModuleManager: Display: Found up-to-date module file ../../../Engine/Plugins/Developer/VisualStudioSourceCodeAccess/Binaries/Win64/UE4Editor-VisualStudioSourceCodeAccess.dll (API version 3944462).
LogModuleManager: Display: Found up-to-date module file ../../../Engine/Plugins/Editor/AssetManagerEditor/Binaries/Win64/UE4Editor-AssetManagerEditor.dll (API version 3944462).
LogModuleManager: Display: Found up-to-date module file ../../../Engine/Plugins/Editor/CryptoKeys/Binaries/Win64/UE4Editor-CryptoKeys.dll (API version 3944462).
LogModuleManager: Display: Found up-to-date module file ../../../Engine/Plugins/Editor/CryptoKeys/Binaries/Win64/UE4Editor-CryptoKeysOpenSSL.dll (API version 3944462).
LogModuleManager: Display: Found up-to-date module file ../../../Engine/Plugins/Editor/DataValidation/Binaries/Win64/UE4Editor-DataValidation.dll (API version 3944462).
LogModuleManager: Display: Found up-to-date module file ../../../Engine/Plugins/Editor/FacialAnimation/Binaries/Win64/UE4Editor-FacialAnimation.dll (API version 3944462).
LogModuleManager: Display: Found up-to-date module file ../../../Engine/Plugins/Editor/FacialAnimation/Binaries/Win64/UE4Editor-FacialAnimationEditor.dll (API version 3944462).
LogModuleManager: Display: Found up-to-date module file ../../../Engine/Plugins/Editor/GameplayTagsEditor/Binaries/Win64/UE4Editor-GameplayTagsEditor.dll (API version 3944462).
LogModuleManager: Display: Found up-to-date module file ../../../Engine/Plugins/Editor/MobileLauncherProfileWizard/Binaries/Win64/UE4Editor-MobileLauncherProfileWizard.dll (API version 3944462).
LogModuleManager: Display: Found up-to-date module file ../../../Engine/Plugins/Editor/PluginBrowser/Binaries/Win64/UE4Editor-PluginBrowser.dll (API version 3944462).
LogModuleManager: Display: Found up-to-date module file ../../../Engine/Plugins/Editor/SpeedTreeImporter/Binaries/Win64/UE4Editor-SpeedTreeImporter.dll (API version 3944462).
LogModuleManager: Display: Found up-to-date module file ../../../Engine/Plugins/Enterprise/DatasmithContent/Binaries/Win64/UE4Editor-DatasmithContent.dll (API version 3944462).
LogModuleManager: Display: Found up-to-date module file ../../../Engine/Plugins/Experimental/AlembicImporter/Binaries/Win64/UE4Editor-AlembicImporter.dll (API version 3944462).
LogModuleManager: Display: Found up-to-date module file ../../../Engine/Plugins/Experimental/AlembicImporter/Binaries/Win64/UE4Editor-AlembicLibrary.dll (API version 3944462).
LogModuleManager: Display: Found up-to-date module file ../../../Engine/Plugins/Experimental/CharacterAI/Binaries/Win64/UE4Editor-CharacterAI.dll (API version 3944462).
LogModuleManager: Display: Found up-to-date module file ../../../Engine/Plugins/Experimental/HTML5Networking/Binaries/Win64/UE4Editor-HTML5Networking.dll (API version 3944462).
LogModuleManager: Display: Found up-to-date module file ../../../Engine/Plugins/Media/AndroidMedia/Binaries/Win64/UE4Editor-AndroidMediaEditor.dll (API version 3944462).
LogModuleManager: Display: Found up-to-date module file ../../../Engine/Plugins/Media/AndroidMedia/Binaries/Win64/UE4Editor-AndroidMediaFactory.dll (API version 3944462).
LogModuleManager: Display: Found up-to-date module file ../../../Engine/Plugins/Media/AvfMedia/Binaries/Win64/UE4Editor-AvfMediaEditor.dll (API version 3944462).
LogModuleManager: Display: Found up-to-date module file ../../../Engine/Plugins/Media/AvfMedia/Binaries/Win64/UE4Editor-AvfMediaFactory.dll (API version 3944462).
LogModuleManager: Display: Found up-to-date module file ../../../Engine/Plugins/Media/AvfMedia/Binaries/Win64/UE4Editor-AvfMediaFactory.dll (API version 3944462).
LogModuleManager: Display: Found up-to-date module file ../../../Engine/Plugins/Media/ImgMedia/Binaries/Win64/UE4Editor-ImgMedia.dll (API version 3944462).
LogModuleManager: Display: Found up-to-date module file ../../../Engine/Plugins/Media/ImgMedia/Binaries/Win64/UE4Editor-ImgMediaEditor.dll (API version 3944462).
LogModuleManager: Display: Found up-to-date module file ../../../Engine/Plugins/Media/ImgMedia/Binaries/Win64/UE4Editor-ImgMediaFactory.dll (API version 3944462).
LogModuleManager: Display: Found up-to-date module file ../../../Engine/Plugins/Media/ImgMedia/Binaries/Win64/UE4Editor-ImgMediaFactory.dll (API version 3944462).
LogModuleManager: Display: Found up-to-date module file ../../../Engine/Plugins/Media/ImgMedia/Binaries/Win64/UE4Editor-OpenExrWrapper.dll (API version 3944462).
LogModuleManager: Display: Found up-to-date module file ../../../Engine/Plugins/Media/LinearTimecode/Binaries/Win64/UE4Editor-LinearTimecode.dll (API version 3944462).
LogModuleManager: Display: Found up-to-date module file ../../../Engine/Plugins/Media/MediaCompositing/Binaries/Win64/UE4Editor-MediaCompositing.dll (API version 3944462).
LogModuleManager: Display: Found up-to-date module file ../../../Engine/Plugins/Media/MediaCompositing/Binaries/Win64/UE4Editor-MediaCompositingEditor.dll (API version 3944462).
LogModuleManager: Display: Found up-to-date module file ../../../Engine/Plugins/Media/MediaPlayerEditor/Binaries/Win64/UE4Editor-MediaPlayerEditor.dll (API version 3944462).
LogModuleManager: Display: Found up-to-date module file ../../../Engine/Plugins/Media/WmfMedia/Binaries/Win64/UE4Editor-WmfMedia.dll (API version 3944462).
LogModuleManager: Display: Found up-to-date module file ../../../Engine/Plugins/Media/WmfMedia/Binaries/Win64/UE4Editor-WmfMediaEditor.dll (API version 3944462).
LogModuleManager: Display: Found up-to-date module file ../../../Engine/Plugins/Media/WmfMedia/Binaries/Win64/UE4Editor-WmfMediaFactory.dll (API version 3944462).
LogModuleManager: Display: Found up-to-date module file ../../../Engine/Plugins/Media/WmfMedia/Binaries/Win64/UE4Editor-WmfMediaFactory.dll (API version 3944462).
LogModuleManager: Display: Found up-to-date module file ../../../Engine/Plugins/Messaging/TcpMessaging/Binaries/Win64/UE4Editor-TcpMessaging.dll (API version 3944462).
LogModuleManager: Display: Found up-to-date module file ../../../Engine/Plugins/Messaging/UdpMessaging/Binaries/Win64/UE4Editor-UdpMessaging.dll (API version 3944462).
LogModuleManager: Display: Found up-to-date module file ../../../Engine/Plugins/MovieScene/ActorSequence/Binaries/Win64/UE4Editor-ActorSequence.dll (API version 3944462).
LogModuleManager: Display: Found up-to-date module file ../../../Engine/Plugins/MovieScene/LevelSequenceEditor/Binaries/Win64/UE4Editor-LevelSequenceEditor.dll (API version 3944462).
LogModuleManager: Display: Found up-to-date module file ../../../Engine/Plugins/MovieScene/MatineeToLevelSequence/Binaries/Win64/UE4Editor-MatineeToLevelSequence.dll (API version 3944462).
LogModuleManager: Display: Found up-to-date module file ../../../Engine/Plugins/NetcodeUnitTest/NetcodeUnitTest/Binaries/Win64/UE4Editor-NetcodeUnitTest.dll (API version 3944462).
LogModuleManager: Display: Found up-to-date module file ../../../Engine/Plugins/NetcodeUnitTest/NUTUnrealEngine4/Binaries/Win64/UE4Editor-NUTUnrealEngine4.dll (API version 3944462).
LogModuleManager: Display: Found up-to-date module file ../../../Engine/Plugins/Online/OnlineSubsystem/Binaries/Win64/UE4Editor-OnlineSubsystem.dll (API version 3944462).
LogModuleManager: Display: Found up-to-date module file ../../../Engine/Plugins/Online/OnlineSubsystemNull/Binaries/Win64/UE4Editor-OnlineSubsystemNull.dll (API version 3944462).
LogModuleManager: Display: Found up-to-date module file ../../../Engine/Plugins/Online/OnlineSubsystemUtils/Binaries/Win64/UE4Editor-OnlineSubsystemUtils.dll (API version 3944462).
LogModuleManager: Display: Found up-to-date module file ../../../Engine/Plugins/Online/OnlineSubsystemUtils/Binaries/Win64/UE4Editor-OnlineBlueprintSupport.dll (API version 3944462).
LogModuleManager: Display: Found up-to-date module file ../../../Engine/Plugins/Runtime/AndroidDeviceProfileSelector/Binaries/Win64/UE4Editor-AndroidDeviceProfileSelector.dll (API version 3944462).
LogModuleManager: Display: Found up-to-date module file ../../../Engine/Plugins/Runtime/AndroidPermission/Binaries/Win64/UE4Editor-AndroidPermission.dll (API version 3944462).
LogModuleManager: Display: Found up-to-date module file ../../../Engine/Plugins/Runtime/AppleARKit/Binaries/Win64/UE4Editor-AppleARKit.dll (API version 3944462).
LogModuleManager: Display: Found up-to-date module file ../../../Engine/Plugins/Runtime/ArchVisCharacter/Binaries/Win64/UE4Editor-ArchVisCharacter.dll (API version 3944462).
LogModuleManager: Display: Found up-to-date module file ../../../Engine/Plugins/Runtime/AudioCapture/Binaries/Win64/UE4Editor-AudioCapture.dll (API version 3944462).
LogModuleManager: Display: Found up-to-date module file ../../../Engine/Plugins/Runtime/AudioCapture/Binaries/Win64/UE4Editor-AudioCaptureEditor.dll (API version 3944462).
LogModuleManager: Display: Found up-to-date module file ../../../Engine/Plugins/Runtime/CableComponent/Binaries/Win64/UE4Editor-CableComponent.dll (API version 3944462).
LogModuleManager: Display: Found up-to-date module file ../../../Engine/Plugins/Runtime/CustomMeshComponent/Binaries/Win64/UE4Editor-CustomMeshComponent.dll (API version 3944462).
LogModuleManager: Display: Found up-to-date module file ../../../Engine/Plugins/Runtime/ExampleDeviceProfileSelector/Binaries/Win64/UE4Editor-ExampleDeviceProfileSelector.dll (API version 3944462).
LogModuleManager: Display: Found up-to-date module file ../../../Engine/Plugins/Runtime/ImmediatePhysics/Binaries/Win64/UE4Editor-ImmediatePhysics.dll (API version 3944462).
LogModuleManager: Display: Found up-to-date module file ../../../Engine/Plugins/Runtime/ImmediatePhysics/Binaries/Win64/UE4Editor-ImmediatePhysicsEditor.dll (API version 3944462).
LogModuleManager: Display: Found up-to-date module file ../../../Engine/Plugins/Runtime/LocationServicesBPLibrary/Binaries/Win64/UE4Editor-LocationServicesBPLibrary.dll (API version 3944462).
LogModuleManager: Display: Found up-to-date module file ../../../Engine/Plugins/Runtime/MobilePatchingUtils/Binaries/Win64/UE4Editor-MobilePatchingUtils.dll (API version 3944462).
LogModuleManager: Display: Found up-to-date module file ../../../Engine/Plugins/Runtime/Oculus/OculusVR/Binaries/Win64/UE4Editor-OculusHMD.dll (API version 3944462).
LogModuleManager: Display: Found up-to-date module file ../../../Engine/Plugins/Runtime/Oculus/OculusVR/Binaries/Win64/UE4Editor-OculusInput.dll (API version 3944462).
LogModuleManager: Display: Found up-to-date module file ../../../Engine/Plugins/Runtime/Oculus/OculusVR/Binaries/Win64/UE4Editor-OculusEditor.dll (API version 3944462).
LogModuleManager: Display: Found up-to-date module file ../../../Engine/Plugins/Runtime/PhysXVehicles/Binaries/Win64/UE4Editor-PhysXVehicles.dll (API version 3944462).
LogModuleManager: Display: Found up-to-date module file ../../../Engine/Plugins/Runtime/PhysXVehicles/Binaries/Win64/UE4Editor-PhysXVehiclesEditor.dll (API version 3944462).
LogModuleManager: Display: Found up-to-date module file ../../../Engine/Plugins/Runtime/ProceduralMeshComponent/Binaries/Win64/UE4Editor-ProceduralMeshComponent.dll (API version 3944462).
LogModuleManager: Display: Found up-to-date module file ../../../Engine/Plugins/Runtime/ProceduralMeshComponent/Binaries/Win64/UE4Editor-ProceduralMeshComponentEditor.dll (API version 3944462).
LogModuleManager: Display: Found up-to-date module file ../../../Engine/Plugins/Runtime/RuntimePhysXCooking/Binaries/Win64/UE4Editor-RuntimePhysXCooking.dll (API version 3944462).
LogModuleManager: Display: Found up-to-date module file ../../../Engine/Plugins/Runtime/Steam/SteamVR/Binaries/Win64/UE4Editor-SteamVR.dll (API version 3944462).
LogModuleManager: Display: Found up-to-date module file ../../../Engine/Plugins/Runtime/Steam/SteamVR/Binaries/Win64/UE4Editor-SteamVRController.dll (API version 3944462).
LogModuleManager: Display: Found up-to-date module file ../../../Engine/Plugins/Runtime/WindowsMoviePlayer/Binaries/Win64/UE4Editor-WindowsMoviePlayer.dll (API version 3944462).
LogInit: Using libcurl 7.47.1
LogInit:  - built for x86_64-pc-win32
LogInit:  - supports SSL with OpenSSL/1.0.2g
LogInit:  - supports HTTP deflate (compression) using libz 1.2.8
LogInit:  - other features:
LogInit:      CURL_VERSION_SSL
LogInit:      CURL_VERSION_LIBZ
LogInit:      CURL_VERSION_IPV6
LogInit:      CURL_VERSION_ASYNCHDNS
LogInit:      CURL_VERSION_LARGEFILE
LogInit:      CURL_VERSION_IDN
LogInit:  CurlRequestOptions (configurable via config and command line):
LogInit:  - bVerifyPeer = false  - Libcurl will NOT verify peer certificate
LogInit:  - bUseHttpProxy = false  - Libcurl will NOT use HTTP proxy
LogInit:  - bDontReuseConnections = false  - Libcurl will reuse connections
LogInit:  - CertBundlePath = nullptr  - Libcurl will use whatever was configured at build time.
LogInit:  - MaxHostConnections = 16  - Libcurl will limit the number of connections to a host
LogInit:  - LocalHostAddr = Default
LogInit: WinSock: version 1.1 (2.2), MaxSocks=32767, MaxUdp=65467
LogInit: WinSock: I am HY_LAPTOP (172.30.1.40:0)
LogInit: Build: ++UE4+Release-4.19-CL-4033788
LogInit: Engine Version: 4.19.2-4033788+++UE4+Release-4.19
LogInit: Compatible Engine Version: 4.19.0-3944462+++UE4+Release-4.19
LogInit: Net CL: 3944462
LogDevObjectVersion: Number of dev versions registered: 18
LogDevObjectVersion:   Dev-Blueprints (B0D832E4-1F89-4F0D-ACCF-7EB736FD4AA2): 10
LogDevObjectVersion:   Dev-Build (E1C64328-A22C-4D53-A36C-8E866417BD8C): 0
LogDevObjectVersion:   Dev-Core (375EC13C-06E4-48FB-B500-84F0262A717E): 2
LogDevObjectVersion:   Dev-Editor (E4B068ED-F494-42E9-A231-DA0B2E46BB41): 23
LogDevObjectVersion:   Dev-Framework (CFFC743F-43B0-4480-9391-14DF171D2073): 33
LogDevObjectVersion:   Dev-Mobile (B02B49B5-BB20-44E9-A304-32B752E40360): 2
LogDevObjectVersion:   Dev-Networking (A4E4105C-59A1-49B5-A7C5-40C4547EDFEE): 0
LogDevObjectVersion:   Dev-Online (39C831C9-5AE6-47DC-9A44-9C173E1C8E7C): 0
LogDevObjectVersion:   Dev-Physics (78F01B33-EBEA-4F98-B9B4-84EACCB95AA2): 0
LogDevObjectVersion:   Dev-Platform (6631380F-2D4D-43E0-8009-CF276956A95A): 0
LogDevObjectVersion:   Dev-Rendering (12F88B9F-8875-4AFC-A67C-D90C383ABD29): 25
LogDevObjectVersion:   Dev-Sequencer (7B5AE74C-D270-4C10-A958-57980B212A5A): 6
LogDevObjectVersion:   Dev-VR (D7296918-1DD6-4BDD-9DE2-64A83CC13884): 1
LogDevObjectVersion:   Dev-LoadTimes (C2A15278-BFE7-4AFE-6C17-90FF531DF755): 1
LogDevObjectVersion:   Private-Geometry (6EACA3D4-40EC-4CC1-B786-8BED09428FC5): 2
LogDevObjectVersion:   Dev-AnimPhys (29E575DD-E0A3-4627-9D10-D276232CDCEA): 16
LogDevObjectVersion:   Dev-ReflectionCapture (6B266CEC-1EC7-4B8F-A30B-E4D90942FC07): 1
LogDevObjectVersion:   Dev-Automation (0DF73D61-A23F-47EA-B727-89E90C41499A): 1
LogInit: Compiled (64-bit): Apr 27 2018 02:06:57
LogInit: Compiled with Visual C++: 19.00.24215.01
LogInit: Build Configuration: Development
LogInit: Branch Name: ++UE4+Release-4.19
LogInit: Command Line:  
LogInit: Base Directory: C:/Program Files/Epic Games/UE_4.19/Engine/Binaries/Win64/
LogInit: Installed Engine Build: 1
LogStreaming: Display: Took  0.001s to delete old logs.
LogInit: Presizing for max 8388607 objects, including 0 objects not considered by GC, pre-allocating 0 bytes for permanent pool.
LogInit: Object subsystem initialized
[2020.03.18-00.05.30:655][  0]LogInit: Selected Device Profile: [Windows]
[2020.03.18-00.05.30:655][  0]LogInit: Applying CVar settings loaded from the selected device profile: [Windows]
[2020.03.18-00.05.30:682][  0]LogInit: Computer: HY_LAPTOP
[2020.03.18-00.05.30:682][  0]LogInit: User: HYRaptop
[2020.03.18-00.05.30:682][  0]LogInit: CPU Page size=4096, Cores=4
[2020.03.18-00.05.30:682][  0]LogInit: High frequency timer resolution =10.000000 MHz
[2020.03.18-00.05.30:682][  0]LogMemory: Memory total: Physical=15.9GB (16GB approx)
[2020.03.18-00.05.30:683][  0]LogMemory: Platform Memory Stats for Windows
[2020.03.18-00.05.30:683][  0]LogMemory: Process Physical Memory: 276.35 MB used, 276.35 MB peak
[2020.03.18-00.05.30:683][  0]LogMemory: Process Virtual Memory: 264.57 MB used, 264.57 MB peak
[2020.03.18-00.05.30:683][  0]LogMemory: Physical Memory: 6731.41 MB used,  9510.77 MB free, 16242.18 MB total
[2020.03.18-00.05.30:683][  0]LogMemory: Virtual Memory: 4778.88 MB used,  9510.77 MB free, 134217728.00 MB total
[2020.03.18-00.05.30:748][  0]LogInit: Using OS detected language (ko-KR).
[2020.03.18-00.05.30:748][  0]LogInit: Using OS detected locale (ko-KR).
[2020.03.18-00.05.30:764][  0]LogTextLocalizationManager: No specific localization for 'ko-KR' exists, so the 'ko' localization will be used.
[2020.03.18-00.05.31:625][  0]LogStreaming: Display: Took  0.877s to EndInitTextLocalization.
[2020.03.18-00.05.31:625][  0]LogInit: Setting process to per monitor DPI aware
[2020.03.18-00.05.31:731][  0]LogSlate: New Slate User Created.  User Index 0, Is Virtual User: 0
[2020.03.18-00.05.31:731][  0]LogSlate: Slate User Registered.  User Index 0, Is Virtual User: 0
[2020.03.18-00.05.32:632][  0]LogD3D11RHI: D3D11 adapters:
[2020.03.18-00.05.32:805][  0]LogD3D11RHI:    0. 'NVIDIA GeForce MX250' (Feature Level 11_0)
[2020.03.18-00.05.32:805][  0]LogD3D11RHI:       1983/0/8121 MB DedicatedVideo/DedicatedSystem/SharedSystem, Outputs:2, VendorId:0x10de
[2020.03.18-00.05.32:937][  0]LogD3D11RHI:    1. 'Intel(R) UHD Graphics 620' (Feature Level 11_0)
[2020.03.18-00.05.32:937][  0]LogD3D11RHI:       128/0/8121 MB DedicatedVideo/DedicatedSystem/SharedSystem, Outputs:0, VendorId:0x8086
[2020.03.18-00.05.32:946][  0]LogD3D11RHI:    2. 'Microsoft Basic Render Driver' (Feature Level 11_0)
[2020.03.18-00.05.32:946][  0]LogD3D11RHI:       0/0/8121 MB DedicatedVideo/DedicatedSystem/SharedSystem, Outputs:0, VendorId:0x1414
[2020.03.18-00.05.32:946][  0]LogD3D11RHI: Chosen D3D11 Adapter: 0
[2020.03.18-00.05.32:990][  0]LogD3D11RHI: Creating new Direct3DDevice
[2020.03.18-00.05.32:991][  0]LogD3D11RHI:     GPU DeviceId: 0x1d13 (for the marketing name, search the web for "GPU Device Id")
[2020.03.18-00.05.32:991][  0]LogWindows: EnumDisplayDevices:
[2020.03.18-00.05.32:992][  0]LogWindows:    0. 'Intel(R) UHD Graphics 620' (P:1 D:1)
[2020.03.18-00.05.32:993][  0]LogWindows:    1. 'Intel(R) UHD Graphics 620' (P:0 D:1)
[2020.03.18-00.05.32:993][  0]LogWindows:    2. 'Intel(R) UHD Graphics 620' (P:0 D:0)
[2020.03.18-00.05.32:994][  0]LogWindows: DebugString: GetVideoDriverDetailsInvalid PrimaryIsNotTheChoosenAdapter GetVideoDriverDetailsInvalid PrimaryIsNotTheChoosenAdapter GetVideoDriverDetailsInvalid PrimaryIsNotTheChoosenAdapter FoundDriverCount:0 
[2020.03.18-00.05.32:994][  0]LogD3D11RHI:     Adapter Name: NVIDIA GeForce MX250
[2020.03.18-00.05.32:994][  0]LogD3D11RHI:   Driver Version: Unknown (internal:Unknown, unified:Unknown)
[2020.03.18-00.05.32:994][  0]LogD3D11RHI:      Driver Date: Unknown
[2020.03.18-00.05.32:994][  0]LogRHI: Texture pool is 1388 MB (70% of 1983 MB)
[2020.03.18-00.05.33:140][  0]LogD3D11RHI: [Aftermath] Aftermath enabled and primed
[2020.03.18-00.05.33:140][  0]LogD3D11RHI: [Aftermath] Aftermath enabled and primed
[2020.03.18-00.05.33:140][  0]LogD3D11RHI: Async texture creation enabled
[2020.03.18-00.05.33:167][  0]LogD3D11RHI: GPU Timing Frequency: 1000.000000 (Debug: 2 1)
[2020.03.18-00.05.33:174][  0]LogShaderCompilers: Guid format shader working directory is -35 characters bigger than the processId version (../../../../../../Users/HY_Raptop/OneDrive/Desktop/GitHub/UnrealTutorial/ArenaBattle/Intermediate/Shaders/WorkingDirectory/11184/).
[2020.03.18-00.05.33:175][  0]LogShaderCompilers: Cleaned the shader compiler working directory 'C:/Users/HY_Raptop/AppData/Local/Temp/UnrealShaderWorkingDir/14AC5C884065861694584A92463FF8DB/'.
[2020.03.18-00.05.33:904][  0]LogTemp: Display: Loaded TP AllDesktopTargetPlatform
[2020.03.18-00.05.33:941][  0]LogTemp: Display: Loaded TP MacClientTargetPlatform
[2020.03.18-00.05.33:978][  0]LogTemp: Display: Loaded TP MacNoEditorTargetPlatform
[2020.03.18-00.05.34:017][  0]LogTemp: Display: Loaded TP MacServerTargetPlatform
[2020.03.18-00.05.34:057][  0]LogTemp: Display: Loaded TP MacTargetPlatform
[2020.03.18-00.05.34:099][  0]LogTemp: Display: Loaded TP WindowsClientTargetPlatform
[2020.03.18-00.05.34:138][  0]LogTemp: Display: Loaded TP WindowsNoEditorTargetPlatform
[2020.03.18-00.05.34:177][  0]LogTemp: Display: Loaded TP WindowsServerTargetPlatform
[2020.03.18-00.05.34:196][  0]LogTemp: Display: Loaded TP WindowsTargetPlatform
[2020.03.18-00.05.34:235][  0]LogTemp: Display: Loaded TP Android_ASTCTargetPlatform
[2020.03.18-00.05.34:268][  0]LogTemp: Display: Loaded TP Android_ATCTargetPlatform
[2020.03.18-00.05.34:300][  0]LogTemp: Display: Loaded TP Android_DXTTargetPlatform
[2020.03.18-00.05.34:341][  0]LogTemp: Display: Loaded TP Android_ETC1aTargetPlatform
[2020.03.18-00.05.34:378][  0]LogTemp: Display: Loaded TP Android_ETC1TargetPlatform
[2020.03.18-00.05.34:412][  0]LogTemp: Display: Loaded TP Android_ETC2TargetPlatform
[2020.03.18-00.05.34:474][  0]LogTemp: Display: Loaded TP Android_MultiTargetPlatform
[2020.03.18-00.05.34:474][  0]LogTemp: Display: Loaded TP Android_PVRTCTargetPlatform
[2020.03.18-00.05.34:504][  0]LogTemp: Display: Loaded TP AndroidTargetPlatform
[2020.03.18-00.05.34:507][  0]LogTemp: Display: Loaded TP HTML5TargetPlatform
[2020.03.18-00.05.34:569][  0]LogTemp: Display: Loaded TP IOSTargetPlatform
[2020.03.18-00.05.34:608][  0]LogTemp: Display: Loaded TP TVOSTargetPlatform
[2020.03.18-00.05.34:655][  0]LogTemp: Display: Loaded TP LinuxClientTargetPlatform
[2020.03.18-00.05.34:692][  0]LogTemp: Display: Loaded TP LinuxNoEditorTargetPlatform
[2020.03.18-00.05.34:730][  0]LogTemp: Display: Loaded TP LinuxServerTargetPlatform
[2020.03.18-00.05.34:766][  0]LogTemp: Display: Loaded TP LinuxTargetPlatform
[2020.03.18-00.05.34:766][  0]LogTargetPlatformManager: Display: Building Assets For Windows
[2020.03.18-00.05.35:145][  0]LogXGEController: Cannot use XGE Controller as Incredibuild is not installed on this machine.
[2020.03.18-00.05.35:145][  0]LogShaderCompilers: Cannot use XGE Shader Compiler as Incredibuild is not installed on this machine.
[2020.03.18-00.05.35:145][  0]LogShaderCompilers: Display: Using Local Shader Compiler.
[2020.03.18-00.05.37:751][  0]LogDerivedDataCache: Display: Max Cache Size: 512 MB
[2020.03.18-00.05.37:909][  0]LogDerivedDataCache: Loaded boot cache 0.16s 77MB C:/Users/HY_Raptop/AppData/Local/UnrealEngine/4.19/DerivedDataCache/Boot.ddc.
[2020.03.18-00.05.37:910][  0]LogDerivedDataCache: Display: Loaded Boot cache: C:/Users/HY_Raptop/AppData/Local/UnrealEngine/4.19/DerivedDataCache/Boot.ddc
[2020.03.18-00.05.37:910][  0]LogDerivedDataCache: FDerivedDataBackendGraph:  Pak pak cache file ../../../../../../Users/HY_Raptop/OneDrive/Desktop/GitHub/UnrealTutorial/ArenaBattle/DerivedDataCache/DDC.ddp not found, will not use a pak cache.
[2020.03.18-00.05.37:910][  0]LogDerivedDataCache: Unable to find inner node Pak for hierarchical cache Hierarchy.
[2020.03.18-00.05.37:910][  0]LogDerivedDataCache: FDerivedDataBackendGraph:  CompressedPak pak cache file ../../../../../../Users/HY_Raptop/OneDrive/Desktop/GitHub/UnrealTutorial/ArenaBattle/DerivedDataCache/Compressed.ddp not found, will not use a pak cache.
[2020.03.18-00.05.37:910][  0]LogDerivedDataCache: Unable to find inner node CompressedPak for hierarchical cache Hierarchy.
[2020.03.18-00.05.37:958][  0]LogDerivedDataCache: Display: Pak cache opened for reading ../../../Engine/DerivedDataCache/Compressed.ddp.
[2020.03.18-00.05.37:974][  0]LogDerivedDataCache: Using Local data cache path C:/Users/HY_Raptop/AppData/Local/UnrealEngine/Common/DerivedDataCache: Writable
[2020.03.18-00.05.37:974][  0]LogDerivedDataCache: Shared data cache path not found in *engine.ini, will not use an Shared cache.
[2020.03.18-00.05.37:974][  0]LogDerivedDataCache: Unable to find inner node Shared for hierarchical cache Hierarchy.
[2020.03.18-00.05.38:004][  0]LogMaterial: Verifying Global Shaders for PCD3D_SM5
[2020.03.18-00.05.38:005][  0]LogSlate: Using Freetype 2.6.0
[2020.03.18-00.05.38:008][  0]LogSlate: SlateFontCache - WITH_FREETYPE: 1, WITH_HARFBUZZ: 1
[2020.03.18-00.05.38:008][  0]LogSlate: SlateFontCache - WITH_FREETYPE: 1, WITH_HARFBUZZ: 1
[2020.03.18-00.05.38:447][  0]LogAssetRegistry: FAssetRegistry took 0.0347 seconds to start up
[2020.03.18-00.05.39:403][  0]LogPackageName: Warning: String asset reference "S_ClothTarps_03.SM.Mesh.S_ClothTarps_03" is in short form, which is unsupported and -- even if valid -- resolving it will be really slow.
[2020.03.18-00.05.39:404][  0]LogPackageName: Warning: Please consider resaving package in order to speed-up loading.
[2020.03.18-00.05.39:404][  0]LogPackageName: SearchForPackageOnDisk took   0.322s, but failed to resolve S_ClothTarps_03.
[2020.03.18-00.05.39:404][  0]LogPackageName: Warning: String asset reference "S_ClothTarps_03.SM.Mesh.S_ClothTarps_03" could not be resolved.
[2020.03.18-00.05.39:404][  0]LogInit: Selected Device Profile: [Windows]
[2020.03.18-00.05.39:889][  0]LogSimplygon: Simplygon DLL not present - disabling.
[2020.03.18-00.05.39:895][  0]LogMeshReduction: Using SimplygonSwarm for distributed automatic mesh merging
[2020.03.18-00.05.39:895][  0]LogMeshReduction: Using QuadricMeshReduction for automatic static mesh reduction
[2020.03.18-00.05.39:895][  0]LogMeshReduction: No automatic skeletal mesh reduction module available
[2020.03.18-00.05.39:895][  0]LogMeshReduction: No automatic mesh merging module available
[2020.03.18-00.05.39:895][  0]LogMeshMerging: No automatic mesh merging module available
[2020.03.18-00.05.39:997][  0]LogNetVersion: ArenaBattle , NetCL: 3944462, EngineNetVer: 2, GameNetVer: 0 (Checksum: 3555152549)
[2020.03.18-00.05.41:209][  0]LogPackageLocalizationCache: Processed 9 localized package path(s) for 2 prioritized culture(s) in 0.221771 seconds
[2020.03.18-00.05.41:222][  0]LogUObjectArray: 36728 objects as part of root set at end of initial load.
[2020.03.18-00.05.41:222][  0]LogUObjectAllocator: 7314304 out of 0 bytes used by permanent object pool.
[2020.03.18-00.05.41:222][  0]LogUObjectArray: CloseDisregardForGC: 0/0 objects in disregard for GC pool
[2020.03.18-00.05.45:534][  0]LogTcpMessaging: Initializing TcpMessaging bridge
[2020.03.18-00.05.45:607][  0]LogUdpMessaging: Initializing bridge on interface 0.0.0.0:0 to multicast group 230.0.0.1:6666.
[2020.03.18-00.05.46:669][  0]SourceControl: 소스 콘트롤이 꺼졌습니다.
[2020.03.18-00.05.46:670][  0]SourceControl: 소스 콘트롤이 꺼졌습니다.
[2020.03.18-00.05.46:730][  0]SourceControl: 소스 콘트롤이 꺼졌습니다.
[2020.03.18-00.05.46:787][  0]SourceControl: 소스 콘트롤이 꺼졌습니다.
[2020.03.18-00.05.48:190][  0]LogAndroidPermission: UAndroidPermissionCallbackProxy::GetInstance
[2020.03.18-00.05.48:748][  0]LogOcInput: OculusInput pre-init called
[2020.03.18-00.05.49:032][  0]LogEngine: Initializing Engine...
[2020.03.18-00.05.49:035][  0]LogHMD: Failed to initialize OpenVR with code 110
[2020.03.18-00.05.49:037][  0]LogStats: UGameplayTagsManager::ConstructGameplayTagTree: Construct from data asset -  0.000 s
[2020.03.18-00.05.49:037][  0]LogStats: UGameplayTagsManager::ConstructGameplayTagTree: GameplayTagTreeChangedEvent.Broadcast -  0.000 s
[2020.03.18-00.05.49:507][  0]LogAIModule: Creating AISystem for world Untitled
[2020.03.18-00.05.49:618][  0]LogInit: XAudio2 using '스피커(2- Realtek(R) Audio)' : 2 channels at 48 kHz using 32 bits per sample (channel mask 0x3)
[2020.03.18-00.05.49:973][  0]LogInit: FAudioDevice initialized.
[2020.03.18-00.05.50:067][  0]LogDerivedDataCache: Saved boot cache 0.09s 77MB C:/Users/HY_Raptop/AppData/Local/UnrealEngine/4.19/DerivedDataCache/Boot.ddc.
[2020.03.18-00.05.50:088][  0]LogInit: Texture streaming: Enabled
[2020.03.18-00.05.50:128][  0]LogEngineSessionManager: EngineSessionManager initialized
[2020.03.18-00.05.50:154][  0]LogInit: Transaction tracking system initialized
[2020.03.18-00.05.50:212][  0]BlueprintLog: New page: 에디터 로드
[2020.03.18-00.05.50:391][  0]LocalizationService: 현지화 서비스가 비활성화되었습니다.
[2020.03.18-00.05.51:210][  0]LogConsoleResponse: Display: 
[2020.03.18-00.05.51:575][  0]LogCook: Display: Max memory allowance for cook 16384mb min free memory 0mb
[2020.03.18-00.05.51:576][  0]LogCook: Display: Mobile HDR setting 1
[2020.03.18-00.05.51:576][  0]LogGameplayTags: Display: UGameplayTagsManager::DoneAddingNativeTags. DelegateIsBound: 0
[2020.03.18-00.05.51:576][  0]LogStats: UGameplayTagsManager::ConstructGameplayTagTree: Construct from data asset -  0.000 s
[2020.03.18-00.05.51:576][  0]LogStats: UGameplayTagsManager::ConstructGameplayTagTree: GameplayTagTreeChangedEvent.Broadcast -  0.000 s
[2020.03.18-00.05.52:306][  0]LogFileCache: Scanning file cache for directory 'C:/Users/HY_Raptop/OneDrive/Desktop/GitHub/UnrealTutorial/ArenaBattle/Content/' took 0.05s
[2020.03.18-00.05.52:784][  0]SourceControl: 소스 콘트롤이 꺼졌습니다.
[2020.03.18-00.05.52:784][  0]Cmd: MAP LOAD FILE="../../../../../../Users/HY_Raptop/OneDrive/Desktop/GitHub/UnrealTutorial/ArenaBattle/Content/StarterContent/Maps/Minimal_Default.umap" TEMPLATE=0 SHOWPROGRESS=1 FEATURELEVEL=3
[2020.03.18-00.05.52:786][  0]LightingResults: New page: 라이팅 빌드
[2020.03.18-00.05.52:793][  0]MapCheck: New page: 맵 체크
[2020.03.18-00.05.52:793][  0]LightingResults: New page: 라이팅 빌드
[2020.03.18-00.05.53:527][  0]LogAIModule: Creating AISystem for world Minimal_Default
[2020.03.18-00.05.53:544][  0]LogEditorServer: Finished looking for orphan Actors (0.000 secs)
[2020.03.18-00.05.53:566][  0]Cmd: MAP CHECKDEP NOCLEARLOG
[2020.03.18-00.05.53:821][  0]MapCheck: 맵 체크 완료: 오류 0 회, 경고 0 회, 소요 시간 254.616ms.
[2020.03.18-00.05.53:822][  0]LogFileHelpers: Loading map 'Minimal_Default' took 1.037
[2020.03.18-00.05.54:069][  0]LogCollectionManager: Loaded 0 collections in 0.004035 seconds
[2020.03.18-00.05.54:126][  0]LogFileCache: Scanning file cache for directory 'C:/Users/HY_Raptop/OneDrive/Desktop/GitHub/UnrealTutorial/ArenaBattle/Saved/Collections/' took 0.01s
[2020.03.18-00.05.54:126][  0]LogFileCache: Scanning file cache for directory 'C:/Users/HY_Raptop/OneDrive/Desktop/GitHub/UnrealTutorial/ArenaBattle/Content/Developers/HYRaptop/Collections/' took 0.01s
[2020.03.18-00.05.54:126][  0]LogFileCache: Scanning file cache for directory 'C:/Users/HY_Raptop/OneDrive/Desktop/GitHub/UnrealTutorial/ArenaBattle/Content/Collections/' took 0.01s
[2020.03.18-00.05.54:126][  0]LogCollectionManager: Rebuilt the GUID cache for 0 collections in 0.000000 seconds
[2020.03.18-00.05.54:146][  0]LogContentBrowser: Native class hierarchy populated in 0.0201 seconds. Added 2454 classes and 562 folders.
[2020.03.18-00.05.54:164][  0]LogContentBrowser: Native class hierarchy updated for 'WidgetCarousel' in 0.0017 seconds. Added 0 classes and 0 folders.
[2020.03.18-00.05.54:309][  0]LogContentBrowser: Native class hierarchy updated for 'AddContentDialog' in 0.0017 seconds. Added 0 classes and 0 folders.
[2020.03.18-00.05.54:452][  0]LogSlate: Took 0.000827 seconds to synchronously load lazily loaded font '../../../Engine/Content/Slate/Fonts/Roboto-Regular.ttf' (155K)
[2020.03.18-00.05.54:461][  0]LogSlate: Took 0.005309 seconds to synchronously load lazily loaded font '../../../Engine/Content/Editor/Slate/Fonts/NanumGothic.ttf' (4243K)
[2020.03.18-00.05.54:475][  0]LogSlate: Took 0.010876 seconds to synchronously load lazily loaded font '../../../Engine/Content/Editor/Slate/Fonts/NanumGothicBold.ttf' (4188K)
[2020.03.18-00.05.54:476][  0]LogSlate: Took 0.000643 seconds to synchronously load lazily loaded font '../../../Engine/Content/Slate/Fonts/Roboto-Bold.ttf' (160K)
[2020.03.18-00.05.54:486][  0]LogSlate: Took 0.000615 seconds to synchronously load lazily loaded font '../../../Engine/Content/Editor/Slate/Fonts/FontAwesome.ttf' (139K)
[2020.03.18-00.05.54:792][  0]LogRenderer: Reallocating scene render targets to support 1208x624 Format 9 NumSamples 1 (Frame:1).
[2020.03.18-00.05.55:085][  0]LogContentBrowser: Native class hierarchy updated for 'HierarchicalLODOutliner' in 0.0021 seconds. Added 0 classes and 0 folders.
[2020.03.18-00.05.55:085][  0]LogLoad: (Engine Initialization) Total time: 35.14 seconds
[2020.03.18-00.05.55:085][  0]LogLoad: (Engine Initialization) Total Blueprint compile time: 0.00 seconds
[2020.03.18-00.05.55:454][  0]LogContentStreaming: Texture pool size now 600 MB
[2020.03.18-00.05.55:510][  0]LogSlate: Took 0.000606 seconds to synchronously load lazily loaded font '../../../Engine/Content/Slate/Fonts/Roboto-Light.ttf' (167K)
[2020.03.18-00.05.56:441][  3]LogAssetRegistry: Asset discovery search completed in 18.0176 seconds
[2020.03.18-00.05.56:446][  3]LogCollectionManager: Rebuilt the object cache for 0 collections in 0.000000 seconds (found 0 objects)
[2020.03.18-00.05.56:446][  3]LogCollectionManager: Fixed up redirectors for 0 collections in 0.000153 seconds (updated 0 objects)
[2020.03.18-00.06.00:090][ 14]LogSlate: FSceneViewport::OnFocusLost() reason 0
[2020.03.18-00.06.06:823][344]LogSlate: Only BGRA pngs, bmps or icos are supported in by External Image Picker
[2020.03.18-00.06.08:491][345]LogTemp: Executing iPhonePackager certificates Engine -bundlename com.YourCompany.ArenaBattle
[2020.03.18-00.06.08:491][345]LogTemp: CWD: C:\Program Files\Epic Games\UE_4.19\Engine\Binaries\DotNET\IOS
[2020.03.18-00.06.08:491][345]LogTemp: Initial Dir: C:\Program Files\Epic Games\UE_4.19
[2020.03.18-00.06.08:491][345]LogTemp: Env CWD: C:\Program Files\Epic Games\UE_4.19\Engine\Binaries\DotNET\IOS
[2020.03.18-00.06.08:491][345]LogTemp: BranchPath = HY_LAPTOP/C/Program Files/Epic Games/UE_4.19/Engine/Binaries --- GameBranchPath = HY_LAPTOP/C/Program Files/Epic Games/UE_4.19/Engine/Binaries
[2020.03.18-00.06.08:491][345]LogTemp: IPP ERROR: Could not find provision directory 'C:\Users\HY_Raptop\AppData\Local/Apple Computer/MobileDevice/Provisioning Profiles/'.
[2020.03.18-00.06.12:018][488]LogUObjectGlobals: Warning: 'Class /Script/ArenaBattle.ArenaBattleGameMode' 오브젝트를 찾는 데 실패했습니다.
[2020.03.18-00.06.13:061][533]LogSlate: Took 0.000508 seconds to synchronously load lazily loaded font '../../../Engine/Content/Slate/Fonts/Roboto-Light.ttf' (167K)
[2020.03.18-00.06.20:337][853]LogSlate: Window '프로젝트 세팅' being destroyed
[2020.03.18-00.06.20:349][853]LogSlate: Window '프로젝트 세팅' being destroyed
[2020.03.18-00.06.21:803][933]LogLinker: Warning: '/Script/TUTORIAL' 파일을 찾을 수 없습니다.
[2020.03.18-00.06.21:803][933]LogLinker: Warning: ../../../../../../Users/HY_Raptop/OneDrive/Desktop/GitHub/UnrealTutorial/ArenaBattle/Content/Book/Maps/Step1.umap 로드중 '/Script/TUTORIAL' 애셋에 대한 파일을 찾을 수 없습니다.
[2020.03.18-00.06.21:804][933]LoadErrors: Error: /Game/Book/Maps/Step1 : 애셋에 대한 파일을 찾을 수 없습니다. /Script/TUTORIAL
[2020.03.18-00.06.21:804][933]LogLinker: Warning: '/Script/TUTORIAL' 파일을 찾을 수 없습니다.
[2020.03.18-00.06.21:804][933]LogLinker: Warning: ../../../../../../Users/HY_Raptop/OneDrive/Desktop/GitHub/UnrealTutorial/ArenaBattle/Content/Book/Maps/Step1.umap 로드중 '/Script/TUTORIAL' 애셋에 대한 파일을 찾을 수 없습니다.
[2020.03.18-00.06.21:850][933]LogLinker: Warning: '/Script/TUTORIAL' 파일을 찾을 수 없습니다.
[2020.03.18-00.06.21:850][933]LogLinker: Warning: ../../../../../../Users/HY_Raptop/OneDrive/Desktop/GitHub/UnrealTutorial/ArenaBattle/Content/Book/Maps/Step1.umap 로드중 '/Script/TUTORIAL' 애셋에 대한 파일을 찾을 수 없습니다.
[2020.03.18-00.06.21:851][933]LogLinker: Warning: '/Script/TUTORIAL' 파일을 찾을 수 없습니다.
[2020.03.18-00.06.21:851][933]LogLinker: Warning: ../../../../../../Users/HY_Raptop/OneDrive/Desktop/GitHub/UnrealTutorial/ArenaBattle/Content/Book/Maps/Step1.umap 로드중 '/Script/TUTORIAL' 애셋에 대한 파일을 찾을 수 없습니다.
[2020.03.18-00.06.21:851][933]LogLinker: Warning: '/Script/TUTORIAL' 파일을 찾을 수 없습니다.
[2020.03.18-00.06.21:851][933]LogLinker: Warning: ../../../../../../Users/HY_Raptop/OneDrive/Desktop/GitHub/UnrealTutorial/ArenaBattle/Content/Book/Maps/Step1.umap 로드중 '/Script/TUTORIAL' 애셋에 대한 파일을 찾을 수 없습니다.
[2020.03.18-00.06.21:852][933]LogLinker: Warning: '/Script/TUTORIAL' 파일을 찾을 수 없습니다.
[2020.03.18-00.06.21:853][933]LogLinker: Warning: ../../../../../../Users/HY_Raptop/OneDrive/Desktop/GitHub/UnrealTutorial/ArenaBattle/Content/Book/Maps/Step1.umap 로드중 '/Script/TUTORIAL' 애셋에 대한 파일을 찾을 수 없습니다.
[2020.03.18-00.06.21:853][933]LogLinker: Warning: '/Script/TUTORIAL' 파일을 찾을 수 없습니다.
[2020.03.18-00.06.21:853][933]LogLinker: Warning: ../../../../../../Users/HY_Raptop/OneDrive/Desktop/GitHub/UnrealTutorial/ArenaBattle/Content/Book/Maps/Step1.umap 로드중 '/Script/TUTORIAL' 애셋에 대한 파일을 찾을 수 없습니다.
[2020.03.18-00.06.21:860][933]LogLinker: Warning: '/Script/TUTORIAL' 파일을 찾을 수 없습니다.
[2020.03.18-00.06.21:860][933]LogLinker: Warning: NULL 로드중 '/Script/TUTORIAL' 애셋에 대한 파일을 찾을 수 없습니다.
[2020.03.18-00.06.21:860][933]LogLinker: Warning: '/Script/TUTORIAL' 파일을 찾을 수 없습니다.
[2020.03.18-00.06.21:860][933]LogLinker: Warning: NULL 로드중 '/Script/TUTORIAL' 애셋에 대한 파일을 찾을 수 없습니다.
[2020.03.18-00.06.21:946][933]LogAIModule: Creating AISystem for world Step1
[2020.03.18-00.06.21:980][933]Cmd: MAP LOAD FILE="../../../../../../Users/HY_Raptop/OneDrive/Desktop/GitHub/UnrealTutorial/ArenaBattle/Content/Book/Maps/Step1.umap" TEMPLATE=0 SHOWPROGRESS=1 FEATURELEVEL=3
[2020.03.18-00.06.21:980][933]LightingResults: New page: 라이팅 빌드
[2020.03.18-00.06.21:982][933]LoadErrors: New page: 맵 로드중: Step1.umap
[2020.03.18-00.06.21:983][933]MapCheck: New page: 맵 체크
[2020.03.18-00.06.21:983][933]LightingResults: New page: 라이팅 빌드
[2020.03.18-00.06.22:113][933]LogEditorServer: Finished looking for orphan Actors (0.000 secs)
[2020.03.18-00.06.22:162][933]Cmd: MAP CHECKDEP NOCLEARLOG
[2020.03.18-00.06.22:407][933]MapCheck: 맵 체크 완료: 오류 0 회, 경고 0 회, 소요 시간 244.787ms.
[2020.03.18-00.06.22:409][933]LogFileHelpers: Loading map 'Step1' took 0.430
[2020.03.18-00.06.22:416][933]LoadErrors: Warning: CreateExport: 'SPLASH' 리소스에 대한 Fountain /Game/Book/Maps/Step1.Step1:PersistentLevel.Fountain_1 Outer 로드에 실패했습니다.
[2020.03.18-00.06.22:416][933]LoadErrors: Warning: CreateExport: 'LIGHT' 리소스에 대한 Fountain /Game/Book/Maps/Step1.Step1:PersistentLevel.Fountain_1 Outer 로드에 실패했습니다.
[2020.03.18-00.06.22:416][933]LoadErrors: Warning: CreateExport: 'BODY' 리소스에 대한 Fountain /Game/Book/Maps/Step1.Step1:PersistentLevel.Fountain_1 Outer 로드에 실패했습니다.
[2020.03.18-00.06.22:416][933]LoadErrors: Warning: CreateExport: 'WATER' 리소스에 대한 Fountain /Game/Book/Maps/Step1.Step1:PersistentLevel.Fountain_1 Outer 로드에 실패했습니다.
[2020.03.18-00.06.26:397][188]LogSlate: FSceneViewport::OnFocusLost() reason 0
[2020.03.18-00.06.38:810][945]LogSlate: Took 0.002175 seconds to synchronously load lazily loaded font '../../../Engine/Content/Slate/Fonts/Roboto-BoldCondensed.ttf' (158K)
[2020.03.18-00.06.48:482][508]Running C:/Program Files/Epic Games/UE_4.19/Engine/Binaries/DotNET/UnrealBuildTool.exe  -projectfiles -project="C:/Users/HY_Raptop/OneDrive/Desktop/GitHub/UnrealTutorial/ArenaBattle/ArenaBattle.uproject" -game -rocket -progress
[2020.03.18-00.06.48:887][508]Discovering modules, targets and source code for project...
[2020.03.18-00.06.58:376][508]LogVSAccessor: Warning: Couldn't access Visual Studio
[2020.03.18-00.06.58:386][508]Candidate modules for hot reload:
[2020.03.18-00.06.58:386][508]  ArenaBattle
[2020.03.18-00.06.58:387][508]Launching UnrealBuildTool... [C:/Program Files/Epic Games/UE_4.19/Engine/Binaries/DotNET/UnrealBuildTool.exe ArenaBattle -ModuleWithSuffix=ArenaBattle,7912 Win64 Development -editorrecompile -canskiplink "C:/Users/HY_Raptop/OneDrive/Desktop/GitHub/UnrealTutorial/ArenaBattle/ArenaBattle.uproject" ]
[2020.03.18-00.11.42:558][508]CompilerResultsLog: New page: 컴파일 - 2020. 3. 18. 오후 6:11:42
[2020.03.18-00.11.42:559][508]CompilerResultsLog: Performing full C++ include scan (hot reloading a new target)
[2020.03.18-00.11.42:559][508]CompilerResultsLog: Using 'git status' to determine working set for adaptive non-unity build.
[2020.03.18-00.11.42:559][508]CompilerResultsLog: Creating makefile for hot reloading ArenaBattle (no existing makefile)
[2020.03.18-00.11.42:559][508]CompilerResultsLog: Compiling game modules for hot reload
[2020.03.18-00.11.42:560][508]CompilerResultsLog: Parsing headers for ArenaBattleEditor
[2020.03.18-00.11.42:560][508]CompilerResultsLog:   Running UnrealHeaderTool "C:\Users\HY_Raptop\OneDrive\Desktop\GitHub\UnrealTutorial\ArenaBattle\ArenaBattle.uproject" "C:\Users\HY_Raptop\OneDrive\Desktop\GitHub\UnrealTutorial\ArenaBattle\Intermediate\Build\Win64\ArenaBattleEditor\Development\ArenaBattleEditor.uhtmanifest" -LogCmds="loginit warning, logexit warning, logdatabase error" -Unattended -WarningsAsErrors -installed
[2020.03.18-00.11.42:560][508]CompilerResultsLog: Reflection code generated for ArenaBattleEditor in 67.90436 seconds
[2020.03.18-00.11.42:560][508]CompilerResultsLog: Performing 5 actions (4 in parallel)
[2020.03.18-00.11.42:560][508]CompilerResultsLog: Fountain.gen.cpp
[2020.03.18-00.11.42:560][508]CompilerResultsLog: Fountain.cpp
[2020.03.18-00.11.42:560][508]CompilerResultsLog: ArenaBattle.init.gen.cpp
[2020.03.18-00.11.42:560][508]CompilerResultsLog: [4/5] Link UE4Editor-ArenaBattle-7912.dll
[2020.03.18-00.11.42:560][508]CompilerResultsLog: [5/5] Link UE4Editor-ArenaBattle-7912.lib
[2020.03.18-00.11.42:560][508]CompilerResultsLog:    C:\Users\HY_Raptop\OneDrive\Desktop\GitHub\UnrealTutorial\ArenaBattle\Intermediate\Build\Win64\UE4Editor\Development\UE4Editor-ArenaBattle-7912.suppressed.lib ???̺귯?? ?? C:\Users\HY_Raptop\OneDrive\Desktop\GitHub\UnrealTutorial\ArenaBattle\Intermediate\Build\Win64\UE4Editor\Development\UE4Editor-ArenaBattle-7912.suppressed.exp ??ü?? ?????ϰ? ?ֽ??ϴ?.
[2020.03.18-00.11.42:560][508]CompilerResultsLog:    C:\Users\HY_Raptop\OneDrive\Desktop\GitHub\UnrealTutorial\ArenaBattle\Intermediate\Build\Win64\UE4Editor\Development\UE4Editor-ArenaBattle-7912.lib ???̺귯?? ?? C:\Users\HY_Raptop\OneDrive\Desktop\GitHub\UnrealTutorial\ArenaBattle\Intermediate\Build\Win64\UE4Editor\Development\UE4Editor-ArenaBattle-7912.exp ??ü?? ?????ϰ? ?ֽ??ϴ?.
[2020.03.18-00.11.42:561][508]CompilerResultsLog: Total build time: 283.79 seconds (Local executor: 36.15 seconds)
[2020.03.18-00.11.42:561][508]LogMainFrame: MainFrame: Module compiling took 284.184 seconds
[2020.03.18-00.11.42:825][508]LogClass: Could not find existing class Fountain in package /Script/ArenaBattle for HotReload, assuming new class
[2020.03.18-00.11.42:915][508]LogContentBrowser: Native class hierarchy updated for 'ArenaBattle' in 0.0762 seconds. Added 2 classes and 2 folders.
[2020.03.18-00.11.42:922][508]Display: HotReload successful (0 functions remapped  0 scriptstructs remapped)
[2020.03.18-00.11.43:610][508]LogContentBrowser: Native class hierarchy populated in 0.1679 seconds. Added 2455 classes and 562 folders.
[2020.03.18-00.11.43:621][508]Display: HotReload took 285.3s.
[2020.03.18-00.11.43:631][508]Warning: HotReload operation took 285.3s.
[2020.03.18-00.11.44:288][508]LogSlate: Window 'C++ 클래스 추가' being destroyed
[2020.03.18-00.11.44:756][508]LogHotReload: New module detected: UE4Editor-ArenaBattle-7912.dll
[2020.03.18-00.11.49:620][509]LogHotReload: Starting Hot-Reload from IDE
[2020.03.18-00.12.03:291][509]LogContentBrowser: Native class hierarchy updated for 'ArenaBattle' in 0.0221 seconds. Added 2 classes and 2 folders.
[2020.03.18-00.12.03:302][509]Display: HotReload successful (0 functions remapped  0 scriptstructs remapped)
[2020.03.18-00.12.03:901][509]LogContentBrowser: Native class hierarchy populated in 0.4214 seconds. Added 2455 classes and 562 folders.
[2020.03.18-00.12.03:925][509]Display: HotReload took 14.3s.
[2020.03.18-00.13.46:064][510]LogEditorViewport: Clicking on Actor (context menu): StaticMeshActor (SM_SQUARE)
[2020.03.18-00.13.46:879][510]LogSlate: FSceneViewport::OnFocusLost() reason 2
[2020.03.18-00.13.46:972][510]LogEditorViewport: Clicking on Actor (LMB): StaticMeshActor (SM_SQUARE)
[2020.03.18-00.13.47:181][510]LogSlate: FSceneViewport::OnFocusLost() reason 0
[2020.03.18-00.13.57:699][800]LogSlate: FSceneViewport::OnFocusLost() reason 0
[2020.03.18-00.21.35:083][977]LogHotReload: New module detected: UE4Editor-ArenaBattle-2032.dll
[2020.03.18-00.22.31:417][146]LogHotReload: New module detected: UE4Editor-ArenaBattle-2681.dll
[2020.03.18-00.26.58:940][948]LogHotReload: New module detected: UE4Editor-ArenaBattle-2235.dll
[2020.03.18-00.27.26:941][ 32]LogHotReload: New module detected: UE4Editor-ArenaBattle-7628.dll
[2020.03.18-00.28.09:941][161]LogHotReload: New module detected: UE4Editor-ArenaBattle-7873.dll
[2020.03.18-00.28.10:964][165]LogHotReload: Starting Hot-Reload from IDE
[2020.03.18-00.28.11:118][165]LogClass: Could not find existing class Fountain in package /Script/ArenaBattle for HotReload, assuming new class
[2020.03.18-00.28.11:282][165]LogHotReload: Re-instancing Fountain after hot-reload.
[2020.03.18-00.28.11:400][165]LogModuleManager: Warning: ModuleManager: Unable to load module 'C:/Users/HY_Raptop/OneDrive/Desktop/GitHub/UnrealTutorial/ArenaBattle/Binaries/Win64/UE4Editor-ArenaBattle-7873.dll' because InitializeModule function was not found.
[2020.03.18-00.28.11:401][165]Warning: HotReload failed, reload failed /Script/ArenaBattle.
[2020.03.18-00.28.11:421][165]LogContentBrowser: Native class hierarchy populated in 0.0151 seconds. Added 2455 classes and 562 folders.
[2020.03.18-00.28.11:431][165]Display: HotReload took  0.5s.
[2020.03.18-00.31.03:384][674]LogSlate: FSceneViewport::OnFocusLost() reason 0
[2020.03.18-00.31.05:565][807]LogSlate: FSceneViewport::OnFocusLost() reason 0
[2020.03.18-00.31.08:790][813]LogWindows: Error: === Critical error: ===
[2020.03.18-00.31.08:790][813]LogWindows: Error: 
[2020.03.18-00.31.08:790][813]LogWindows: Error: Fatal error!
[2020.03.18-00.31.08:790][813]LogWindows: Error: 
[2020.03.18-00.31.08:790][813]LogWindows: Error: Unhandled Exception: EXCEPTION_ACCESS_VIOLATION 0x33b23330
[2020.03.18-00.31.08:790][813]LogWindows: Error: 
[2020.03.18-00.31.08:790][813]LogWindows: Error: [Callstack] 0x0000000033B23330 UnknownFunction []
[2020.03.18-00.31.08:790][813]LogWindows: Error: [Callstack] 0x00000000D5E5EC93 UE4Editor-CoreUObject.dll!UnknownFunction []
[2020.03.18-00.31.08:790][813]LogWindows: Error: [Callstack] 0x00000000D2B20803 UE4Editor-Engine.dll!UnknownFunction []
[2020.03.18-00.31.08:790][813]LogWindows: Error: [Callstack] 0x00000000D3003098 UE4Editor-Engine.dll!UnknownFunction []
[2020.03.18-00.31.08:791][813]LogWindows: Error: [Callstack] 0x00000000D30037E7 UE4Editor-Engine.dll!UnknownFunction []
[2020.03.18-00.31.08:791][813]LogWindows: Error: [Callstack] 0x00000000D09ABFB5 UE4Editor-UnrealEd.dll!UnknownFunction []
[2020.03.18-00.31.08:791][813]LogWindows: Error: [Callstack] 0x00000000D11B607E UE4Editor-UnrealEd.dll!UnknownFunction []
[2020.03.18-00.31.08:791][813]LogWindows: Error: [Callstack] 0x00000000D114DF2D UE4Editor-UnrealEd.dll!UnknownFunction []
[2020.03.18-00.31.08:791][813]LogWindows: Error: [Callstack] 0x00000000D0E2A184 UE4Editor-UnrealEd.dll!UnknownFunction []
[2020.03.18-00.31.08:791][813]LogWindows: Error: [Callstack] 0x00000000D0637AE2 UE4Editor-UnrealEd.dll!UnknownFunction []
[2020.03.18-00.31.08:791][813]LogWindows: Error: [Callstack] 0x00000000D0869870 UE4Editor-UnrealEd.dll!UnknownFunction []
[2020.03.18-00.31.08:791][813]LogWindows: Error: [Callstack] 0x00000000D086E8A0 UE4Editor-UnrealEd.dll!UnknownFunction []
[2020.03.18-00.31.08:791][813]LogWindows: Error: [Callstack] 0x00000000C0919B12 UE4Editor-ContentBrowser.dll!UnknownFunction []
[2020.03.18-00.31.08:791][813]LogWindows: Error: [Callstack] 0x00000000C082B2E2 UE4Editor-ContentBrowser.dll!UnknownFunction []
[2020.03.18-00.31.08:791][813]LogWindows: Error: [Callstack] 0x00000000C082FF34 UE4Editor-ContentBrowser.dll!UnknownFunction []
[2020.03.18-00.31.08:791][813]LogWindows: Error: [Callstack] 0x00000000C08D6D4A UE4Editor-ContentBrowser.dll!UnknownFunction []
[2020.03.18-00.31.08:791][813]LogWindows: Error: [Callstack] 0x00000000C08D1E25 UE4Editor-ContentBrowser.dll!UnknownFunction []
[2020.03.18-00.31.08:791][813]LogWindows: Error: [Callstack] 0x00000000C0917E5D UE4Editor-ContentBrowser.dll!UnknownFunction []
[2020.03.18-00.31.08:791][813]LogWindows: Error: [Callstack] 0x00000000D1F950EE UE4Editor-Slate.dll!UnknownFunction []
[2020.03.18-00.31.08:791][813]LogWindows: Error: [Callstack] 0x00000000D1F67B9D UE4Editor-Slate.dll!UnknownFunction []
[2020.03.18-00.31.08:791][813]LogWindows: Error: [Callstack] 0x00000000D1FFE128 UE4Editor-Slate.dll!UnknownFunction []
[2020.03.18-00.31.08:791][813]LogWindows: Error: [Callstack] 0x00000000D1FE8757 UE4Editor-Slate.dll!UnknownFunction []
[2020.03.18-00.31.08:791][813]LogWindows: Error: [Callstack] 0x00000000D1FDB197 UE4Editor-Slate.dll!UnknownFunction []
[2020.03.18-00.31.08:791][813]LogWindows: Error: [Callstack] 0x000000001C73E4EE UE4Editor-ApplicationCore.dll!UnknownFunction []
[2020.03.18-00.31.08:791][813]LogWindows: Error: [Callstack] 0x000000001C731B78 UE4Editor-ApplicationCore.dll!UnknownFunction []
[2020.03.18-00.31.08:791][813]LogWindows: Error: [Callstack] 0x000000001C74052C UE4Editor-ApplicationCore.dll!UnknownFunction []
[2020.03.18-00.31.08:791][813]LogWindows: Error: [Callstack] 0x000000001C72D679 UE4Editor-ApplicationCore.dll!UnknownFunction []
[2020.03.18-00.31.08:791][813]LogWindows: Error: [Callstack] 0x0000000047C35C0D USER32.dll!UnknownFunction []
[2020.03.18-00.31.08:791][813]LogWindows: Error: [Callstack] 0x0000000047C35602 USER32.dll!UnknownFunction []
[2020.03.18-00.31.08:791][813]LogWindows: Error: [Callstack] 0x000000001C741666 UE4Editor-ApplicationCore.dll!UnknownFunction []
[2020.03.18-00.31.08:791][813]LogWindows: Error: [Callstack] 0x0000000013A75475 UE4Editor.exe!UnknownFunction []
[2020.03.18-00.31.08:791][813]LogWindows: Error: [Callstack] 0x0000000013A86BD0 UE4Editor.exe!UnknownFunction []
[2020.03.18-00.31.08:791][813]LogWindows: Error: [Callstack] 0x0000000013A86C4A UE4Editor.exe!UnknownFunction []
[2020.03.18-00.31.08:791][813]LogWindows: Error: [Callstack] 0x0000000013A94177 UE4Editor.exe!UnknownFunction []
[2020.03.18-00.31.08:791][813]LogWindows: Error: [Callstack] 0x0000000013A95B87 UE4Editor.exe!UnknownFunction []
[2020.03.18-00.31.08:791][813]LogWindows: Error: [Callstack] 0x0000000047907BD4 KERNEL32.DLL!UnknownFunction []
[2020.03.18-00.31.08:791][813]LogWindows: Error: [Callstack] 0x000000004816CED1 ntdll.dll!UnknownFunction []
[2020.03.18-00.31.08:791][813]LogWindows: Error: [Callstack] 0x000000004816CED1 ntdll.dll!UnknownFunction []
[2020.03.18-00.31.08:791][813]LogWindows: Error: 
[2020.03.18-00.31.08:813][813]LogExit: Executing StaticShutdownAfterError
