  Using 'git status' to determine working set for adaptive non-unity build.
  Creating makefile for ArenaBattleEditor (no existing makefile)
  Performing full C++ include scan (no include cache file)
  Parsing headers for ArenaBattleEditor
    Running UnrealHeaderTool "C:\Users\wingk\Desktop\GitHub\ArenaBattle\ArenaBattle\ArenaBattle.uproject" "C:\Users\wingk\Desktop\GitHub\ArenaBattle\ArenaBattle\Intermediate\Build\Win64\ArenaBattleEditor\Development\ArenaBattleEditor.uhtmanifest" -LogCmds="loginit warning, logexit warning, logdatabase error" -Unattended -WarningsAsErrors -installed
  Reflection code generated for ArenaBattleEditor in 8.4712823 seconds
  Performing 19 actions (4 in parallel)
  [2/19] Resource PCLaunch.rc
  [3/19] Resource ModuleVersionResource.rc.inl
  SharedPCH.Engine.cpp
  ABAnimInstance.cpp
  ABGameMode.cpp
  ABCharacter.cpp
  ABAnimInstance.gen.cpp
  ABPawn.cpp
  ABPlayerController.cpp
  ArenaBattle.cpp
  ArenaBattleGameModeBase.cpp
  ABCharacter.gen.cpp
  ABGameMode.gen.cpp
  ABPawn.gen.cpp
  ABPlayerController.gen.cpp
  ArenaBattle.init.gen.cpp
  ArenaBattleGameModeBase.gen.cpp
  [18/19] Link UE4Editor-ArenaBattle.dll
  [19/19] Link UE4Editor-ArenaBattle.lib
     C:\Users\wingk\Desktop\GitHub\ArenaBattle\ArenaBattle\Intermediate\Build\Win64\UE4Editor\Development\UE4Editor-ArenaBattle.lib 라이브러리 및 C:\Users\wingk\Desktop\GitHub\ArenaBattle\ArenaBattle\Intermediate\Build\Win64\UE4Editor\Development\UE4Editor-ArenaBattle.exp 개체를 생성하고 있습니다.
     C:\Users\wingk\Desktop\GitHub\ArenaBattle\ArenaBattle\Intermediate\Build\Win64\UE4Editor\Development\UE4Editor-ArenaBattle.suppressed.lib 라이브러리 및 C:\Users\wingk\Desktop\GitHub\ArenaBattle\ArenaBattle\Intermediate\Build\Win64\UE4Editor\Development\UE4Editor-ArenaBattle.suppressed.exp 개체를 생성하고 있습니다.
  Deploying ArenaBattleEditor Win64 Development...
  Total build time: 49.66 seconds (Local executor: 33.15 seconds)
